ARM GAS  C:\Users\bolob\AppData\Local\Temp\ccebrMF3.s 			page 1


   1              		.syntax unified
   2              		.cpu cortex-m3
   3              		.fpu softvfp
   4              		.eabi_attribute 20, 1
   5              		.eabi_attribute 21, 1
   6              		.eabi_attribute 23, 3
   7              		.eabi_attribute 24, 1
   8              		.eabi_attribute 25, 1
   9              		.eabi_attribute 26, 1
  10              		.eabi_attribute 30, 1
  11              		.eabi_attribute 34, 1
  12              		.eabi_attribute 18, 4
  13              		.thumb
  14              		.syntax unified
  15              		.file	"cymetadata.c"
  16              		.text
  17              	.Ltext0:
  18              		.cfi_sections	.debug_frame
  19              		.global	cy_metadata
  20              		.global	cy_meta_flashprotect
  21              		.global	cy_meta_wonvl
  22              		.global	cy_meta_custnvl
  23              		.global	cy_meta_configecc
  24              		.section	.cyconfigecc,"a",%progbits
  25              		.align	2
  26              		.type	cy_meta_configecc, %object
  27              		.size	cy_meta_configecc, 1708
  28              	cy_meta_configecc:
  29 0000 02       		.byte	2
  30 0001 64       		.byte	100
  31 0002 00       		.byte	0
  32 0003 40       		.byte	64
  33 0004 03       		.byte	3
  34 0005 65       		.byte	101
  35 0006 00       		.byte	0
  36 0007 40       		.byte	64
  37 0008 01       		.byte	1
  38 0009 07       		.byte	7
  39 000a 01       		.byte	1
  40 000b 40       		.byte	64
  41 000c 50       		.byte	80
  42 000d 08       		.byte	8
  43 000e 01       		.byte	1
  44 000f 40       		.byte	64
  45 0010 45       		.byte	69
  46 0011 09       		.byte	9
  47 0012 01       		.byte	1
  48 0013 40       		.byte	64
  49 0014 58       		.byte	88
  50 0015 0A       		.byte	10
  51 0016 01       		.byte	1
  52 0017 40       		.byte	64
  53 0018 3B       		.byte	59
  54 0019 0B       		.byte	11
  55 001a 01       		.byte	1
  56 001b 40       		.byte	64
  57 001c 56       		.byte	86
ARM GAS  C:\Users\bolob\AppData\Local\Temp\ccebrMF3.s 			page 2


  58 001d 0C       		.byte	12
  59 001e 01       		.byte	1
  60 001f 40       		.byte	64
  61 0020 3A       		.byte	58
  62 0021 0D       		.byte	13
  63 0022 01       		.byte	1
  64 0023 40       		.byte	64
  65 0024 5F       		.byte	95
  66 0025 18       		.byte	24
  67 0026 01       		.byte	1
  68 0027 40       		.byte	64
  69 0028 40       		.byte	64
  70 0029 19       		.byte	25
  71 002a 01       		.byte	1
  72 002b 40       		.byte	64
  73 002c 4A       		.byte	74
  74 002d 1A       		.byte	26
  75 002e 01       		.byte	1
  76 002f 40       		.byte	64
  77 0030 4D       		.byte	77
  78 0031 1B       		.byte	27
  79 0032 01       		.byte	1
  80 0033 40       		.byte	64
  81 0034 02       		.byte	2
  82 0035 42       		.byte	66
  83 0036 01       		.byte	1
  84 0037 40       		.byte	64
  85 0038 01       		.byte	1
  86 0039 43       		.byte	67
  87 003a 01       		.byte	1
  88 003b 40       		.byte	64
  89 003c 04       		.byte	4
  90 003d 44       		.byte	68
  91 003e 01       		.byte	1
  92 003f 40       		.byte	64
  93 0040 02       		.byte	2
  94 0041 45       		.byte	69
  95 0042 01       		.byte	1
  96 0043 40       		.byte	64
  97 0044 01       		.byte	1
  98 0045 46       		.byte	70
  99 0046 01       		.byte	1
 100 0047 40       		.byte	64
 101 0048 04       		.byte	4
 102 0049 47       		.byte	71
 103 004a 01       		.byte	1
 104 004b 40       		.byte	64
 105 004c 01       		.byte	1
 106 004d 4C       		.byte	76
 107 004e 01       		.byte	1
 108 004f 40       		.byte	64
 109 0050 07       		.byte	7
 110 0051 4D       		.byte	77
 111 0052 01       		.byte	1
 112 0053 40       		.byte	64
 113 0054 05       		.byte	5
 114 0055 50       		.byte	80
ARM GAS  C:\Users\bolob\AppData\Local\Temp\ccebrMF3.s 			page 3


 115 0056 01       		.byte	1
 116 0057 40       		.byte	64
 117 0058 89       		.byte	-119
 118 0059 0D       		.byte	13
 119 005a 8C       		.byte	-116
 120 005b 0F       		.byte	15
 121 005c 88       		.byte	-120
 122 005d 38       		.byte	56
 123 005e 89       		.byte	-119
 124 005f 0F       		.byte	15
 125 0060 8B       		.byte	-117
 126 0061 72       		.byte	114
 127 0062 EA       		.byte	-22
 128 0063 40       		.byte	64
 129 0064 01       		.byte	1
 130 0065 08       		.byte	8
 131 0066 02       		.byte	2
 132 0067 20       		.byte	32
 133 0068 05       		.byte	5
 134 0069 08       		.byte	8
 135 006a 06       		.byte	6
 136 006b 10       		.byte	16
 137 006c 08       		.byte	8
 138 006d 09       		.byte	9
 139 006e 0A       		.byte	10
 140 006f 06       		.byte	6
 141 0070 0B       		.byte	11
 142 0071 02       		.byte	2
 143 0072 0D       		.byte	13
 144 0073 01       		.byte	1
 145 0074 0E       		.byte	14
 146 0075 10       		.byte	16
 147 0076 10       		.byte	16
 148 0077 05       		.byte	5
 149 0078 11       		.byte	17
 150 0079 06       		.byte	6
 151 007a 12       		.byte	18
 152 007b 0A       		.byte	10
 153 007c 15       		.byte	21
 154 007d 04       		.byte	4
 155 007e 18       		.byte	24
 156 007f 03       		.byte	3
 157 0080 1A       		.byte	26
 158 0081 0C       		.byte	12
 159 0082 1B       		.byte	27
 160 0083 01       		.byte	1
 161 0084 1C       		.byte	28
 162 0085 02       		.byte	2
 163 0086 1E       		.byte	30
 164 0087 0D       		.byte	13
 165 0088 1F       		.byte	31
 166 0089 01       		.byte	1
 167 008a 25       		.byte	37
 168 008b 06       		.byte	6
 169 008c 26       		.byte	38
 170 008d 20       		.byte	32
 171 008e 29       		.byte	41
ARM GAS  C:\Users\bolob\AppData\Local\Temp\ccebrMF3.s 			page 4


 172 008f 08       		.byte	8
 173 0090 2D       		.byte	45
 174 0091 01       		.byte	1
 175 0092 30       		.byte	48
 176 0093 20       		.byte	32
 177 0094 32       		.byte	50
 178 0095 10       		.byte	16
 179 0096 33       		.byte	51
 180 0097 06       		.byte	6
 181 0098 35       		.byte	53
 182 0099 01       		.byte	1
 183 009a 36       		.byte	54
 184 009b 0F       		.byte	15
 185 009c 37       		.byte	55
 186 009d 08       		.byte	8
 187 009e 39       		.byte	57
 188 009f 28       		.byte	40
 189 00a0 3A       		.byte	58
 190 00a1 80       		.byte	-128
 191 00a2 3E       		.byte	62
 192 00a3 05       		.byte	5
 193 00a4 3F       		.byte	63
 194 00a5 44       		.byte	68
 195 00a6 40       		.byte	64
 196 00a7 02       		.byte	2
 197 00a8 45       		.byte	69
 198 00a9 04       		.byte	4
 199 00aa 49       		.byte	73
 200 00ab FF       		.byte	-1
 201 00ac 4A       		.byte	74
 202 00ad 07       		.byte	7
 203 00ae 4B       		.byte	75
 204 00af FF       		.byte	-1
 205 00b0 4C       		.byte	76
 206 00b1 40       		.byte	64
 207 00b2 4D       		.byte	77
 208 00b3 20       		.byte	32
 209 00b4 4E       		.byte	78
 210 00b5 F0       		.byte	-16
 211 00b6 4F       		.byte	79
 212 00b7 05       		.byte	5
 213 00b8 50       		.byte	80
 214 00b9 08       		.byte	8
 215 00ba 54       		.byte	84
 216 00bb 09       		.byte	9
 217 00bc 58       		.byte	88
 218 00bd 04       		.byte	4
 219 00be 59       		.byte	89
 220 00bf 04       		.byte	4
 221 00c0 5A       		.byte	90
 222 00c1 04       		.byte	4
 223 00c2 5B       		.byte	91
 224 00c3 04       		.byte	4
 225 00c4 5C       		.byte	92
 226 00c5 10       		.byte	16
 227 00c6 5D       		.byte	93
 228 00c7 01       		.byte	1
ARM GAS  C:\Users\bolob\AppData\Local\Temp\ccebrMF3.s 			page 5


 229 00c8 5F       		.byte	95
 230 00c9 01       		.byte	1
 231 00ca 60       		.byte	96
 232 00cb 40       		.byte	64
 233 00cc 61       		.byte	97
 234 00cd A8       		.byte	-88
 235 00ce 62       		.byte	98
 236 00cf 40       		.byte	64
 237 00d0 63       		.byte	99
 238 00d1 20       		.byte	32
 239 00d2 84       		.byte	-124
 240 00d3 24       		.byte	36
 241 00d4 86       		.byte	-122
 242 00d5 48       		.byte	72
 243 00d6 87       		.byte	-121
 244 00d7 02       		.byte	2
 245 00d8 8C       		.byte	-116
 246 00d9 04       		.byte	4
 247 00da 90       		.byte	-112
 248 00db 2E       		.byte	46
 249 00dc 91       		.byte	-111
 250 00dd 01       		.byte	1
 251 00de 92       		.byte	-110
 252 00df 51       		.byte	81
 253 00e0 94       		.byte	-108
 254 00e1 19       		.byte	25
 255 00e2 96       		.byte	-106
 256 00e3 22       		.byte	34
 257 00e4 9B       		.byte	-101
 258 00e5 02       		.byte	2
 259 00e6 9C       		.byte	-100
 260 00e7 70       		.byte	112
 261 00e8 B1       		.byte	-79
 262 00e9 01       		.byte	1
 263 00ea B3       		.byte	-77
 264 00eb 02       		.byte	2
 265 00ec B4       		.byte	-76
 266 00ed 07       		.byte	7
 267 00ee B6       		.byte	-74
 268 00ef 78       		.byte	120
 269 00f0 B8       		.byte	-72
 270 00f1 80       		.byte	-128
 271 00f2 BA       		.byte	-70
 272 00f3 20       		.byte	32
 273 00f4 BF       		.byte	-65
 274 00f5 05       		.byte	5
 275 00f6 D2       		.byte	-46
 276 00f7 80       		.byte	-128
 277 00f8 D4       		.byte	-44
 278 00f9 05       		.byte	5
 279 00fa D8       		.byte	-40
 280 00fb 04       		.byte	4
 281 00fc D9       		.byte	-39
 282 00fd 04       		.byte	4
 283 00fe DB       		.byte	-37
 284 00ff 04       		.byte	4
 285 0100 DD       		.byte	-35
ARM GAS  C:\Users\bolob\AppData\Local\Temp\ccebrMF3.s 			page 6


 286 0101 20       		.byte	32
 287 0102 DF       		.byte	-33
 288 0103 01       		.byte	1
 289 0104 00       		.byte	0
 290 0105 04       		.byte	4
 291 0106 01       		.byte	1
 292 0107 40       		.byte	64
 293 0108 02       		.byte	2
 294 0109 01       		.byte	1
 295 010a 04       		.byte	4
 296 010b 08       		.byte	8
 297 010c 05       		.byte	5
 298 010d 20       		.byte	32
 299 010e 06       		.byte	6
 300 010f 42       		.byte	66
 301 0110 09       		.byte	9
 302 0111 01       		.byte	1
 303 0112 0A       		.byte	10
 304 0113 01       		.byte	1
 305 0114 0B       		.byte	11
 306 0115 60       		.byte	96
 307 0116 0E       		.byte	14
 308 0117 0A       		.byte	10
 309 0118 0F       		.byte	15
 310 0119 44       		.byte	68
 311 011a 17       		.byte	23
 312 011b 04       		.byte	4
 313 011c 18       		.byte	24
 314 011d 04       		.byte	4
 315 011e 19       		.byte	25
 316 011f 20       		.byte	32
 317 0120 1A       		.byte	26
 318 0121 01       		.byte	1
 319 0122 1E       		.byte	30
 320 0123 02       		.byte	2
 321 0124 1F       		.byte	31
 322 0125 45       		.byte	69
 323 0126 21       		.byte	33
 324 0127 02       		.byte	2
 325 0128 22       		.byte	34
 326 0129 04       		.byte	4
 327 012a 24       		.byte	36
 328 012b 08       		.byte	8
 329 012c 26       		.byte	38
 330 012d 80       		.byte	-128
 331 012e 27       		.byte	39
 332 012f 20       		.byte	32
 333 0130 2D       		.byte	45
 334 0131 20       		.byte	32
 335 0132 2F       		.byte	47
 336 0133 22       		.byte	34
 337 0134 32       		.byte	50
 338 0135 21       		.byte	33
 339 0136 35       		.byte	53
 340 0137 40       		.byte	64
 341 0138 36       		.byte	54
 342 0139 02       		.byte	2
ARM GAS  C:\Users\bolob\AppData\Local\Temp\ccebrMF3.s 			page 7


 343 013a 37       		.byte	55
 344 013b 18       		.byte	24
 345 013c 3A       		.byte	58
 346 013d 04       		.byte	4
 347 013e 3C       		.byte	60
 348 013f 80       		.byte	-128
 349 0140 3D       		.byte	61
 350 0141 02       		.byte	2
 351 0142 3E       		.byte	62
 352 0143 20       		.byte	32
 353 0144 3F       		.byte	63
 354 0145 04       		.byte	4
 355 0146 47       		.byte	71
 356 0147 20       		.byte	32
 357 0148 4E       		.byte	78
 358 0149 10       		.byte	16
 359 014a 56       		.byte	86
 360 014b 20       		.byte	32
 361 014c 59       		.byte	89
 362 014d 01       		.byte	1
 363 014e 5A       		.byte	90
 364 014f 88       		.byte	-120
 365 0150 5C       		.byte	92
 366 0151 60       		.byte	96
 367 0152 5D       		.byte	93
 368 0153 04       		.byte	4
 369 0154 5F       		.byte	95
 370 0155 02       		.byte	2
 371 0156 64       		.byte	100
 372 0157 01       		.byte	1
 373 0158 70       		.byte	112
 374 0159 01       		.byte	1
 375 015a 78       		.byte	120
 376 015b 01       		.byte	1
 377 015c 7A       		.byte	122
 378 015d 80       		.byte	-128
 379 015e 8D       		.byte	-115
 380 015f 02       		.byte	2
 381 0160 90       		.byte	-112
 382 0161 40       		.byte	64
 383 0162 91       		.byte	-111
 384 0163 04       		.byte	4
 385 0164 92       		.byte	-110
 386 0165 80       		.byte	-128
 387 0166 93       		.byte	-109
 388 0167 60       		.byte	96
 389 0168 94       		.byte	-108
 390 0169 06       		.byte	6
 391 016a 97       		.byte	-105
 392 016b 80       		.byte	-128
 393 016c 99       		.byte	-103
 394 016d 01       		.byte	1
 395 016e 9A       		.byte	-102
 396 016f 05       		.byte	5
 397 0170 9B       		.byte	-101
 398 0171 02       		.byte	2
 399 0172 9D       		.byte	-99
ARM GAS  C:\Users\bolob\AppData\Local\Temp\ccebrMF3.s 			page 8


 400 0173 20       		.byte	32
 401 0174 A2       		.byte	-94
 402 0175 24       		.byte	36
 403 0176 B2       		.byte	-78
 404 0177 01       		.byte	1
 405 0178 B7       		.byte	-73
 406 0179 80       		.byte	-128
 407 017a C0       		.byte	-64
 408 017b F5       		.byte	-11
 409 017c C2       		.byte	-62
 410 017d DD       		.byte	-35
 411 017e C4       		.byte	-60
 412 017f 20       		.byte	32
 413 0180 CA       		.byte	-54
 414 0181 70       		.byte	112
 415 0182 CC       		.byte	-52
 416 0183 F5       		.byte	-11
 417 0184 CE       		.byte	-50
 418 0185 F2       		.byte	-14
 419 0186 D0       		.byte	-48
 420 0187 20       		.byte	32
 421 0188 D6       		.byte	-42
 422 0189 FB       		.byte	-5
 423 018a D8       		.byte	-40
 424 018b 10       		.byte	16
 425 018c EA       		.byte	-22
 426 018d 40       		.byte	64
 427 018e 03       		.byte	3
 428 018f 01       		.byte	1
 429 0190 04       		.byte	4
 430 0191 02       		.byte	2
 431 0192 06       		.byte	6
 432 0193 38       		.byte	56
 433 0194 0C       		.byte	12
 434 0195 0D       		.byte	13
 435 0196 10       		.byte	16
 436 0197 0D       		.byte	13
 437 0198 11       		.byte	17
 438 0199 02       		.byte	2
 439 019a 14       		.byte	20
 440 019b 11       		.byte	17
 441 019c 16       		.byte	22
 442 019d 02       		.byte	2
 443 019e 18       		.byte	24
 444 019f 02       		.byte	2
 445 01a0 1A       		.byte	26
 446 01a1 0D       		.byte	13
 447 01a2 1E       		.byte	30
 448 01a3 20       		.byte	32
 449 01a4 20       		.byte	32
 450 01a5 0D       		.byte	13
 451 01a6 24       		.byte	36
 452 01a7 0D       		.byte	13
 453 01a8 28       		.byte	40
 454 01a9 0D       		.byte	13
 455 01aa 2C       		.byte	44
 456 01ab 02       		.byte	2
ARM GAS  C:\Users\bolob\AppData\Local\Temp\ccebrMF3.s 			page 9


 457 01ac 2E       		.byte	46
 458 01ad 34       		.byte	52
 459 01ae 2F       		.byte	47
 460 01af 02       		.byte	2
 461 01b0 34       		.byte	52
 462 01b1 0F       		.byte	15
 463 01b2 35       		.byte	53
 464 01b3 01       		.byte	1
 465 01b4 36       		.byte	54
 466 01b5 30       		.byte	48
 467 01b6 37       		.byte	55
 468 01b7 02       		.byte	2
 469 01b8 3A       		.byte	58
 470 01b9 20       		.byte	32
 471 01ba 40       		.byte	64
 472 01bb 20       		.byte	32
 473 01bc 41       		.byte	65
 474 01bd 03       		.byte	3
 475 01be 45       		.byte	69
 476 01bf D0       		.byte	-48
 477 01c0 46       		.byte	70
 478 01c1 01       		.byte	1
 479 01c2 47       		.byte	71
 480 01c3 02       		.byte	2
 481 01c4 48       		.byte	72
 482 01c5 16       		.byte	22
 483 01c6 49       		.byte	73
 484 01c7 FF       		.byte	-1
 485 01c8 4A       		.byte	74
 486 01c9 FF       		.byte	-1
 487 01ca 4B       		.byte	75
 488 01cb FF       		.byte	-1
 489 01cc 4D       		.byte	77
 490 01cd A0       		.byte	-96
 491 01ce 4F       		.byte	79
 492 01cf 04       		.byte	4
 493 01d0 50       		.byte	80
 494 01d1 18       		.byte	24
 495 01d2 58       		.byte	88
 496 01d3 04       		.byte	4
 497 01d4 59       		.byte	89
 498 01d5 04       		.byte	4
 499 01d6 5A       		.byte	90
 500 01d7 04       		.byte	4
 501 01d8 5C       		.byte	92
 502 01d9 20       		.byte	32
 503 01da 5D       		.byte	93
 504 01db 02       		.byte	2
 505 01dc 5F       		.byte	95
 506 01dd 01       		.byte	1
 507 01de 60       		.byte	96
 508 01df 40       		.byte	64
 509 01e0 62       		.byte	98
 510 01e1 C0       		.byte	-64
 511 01e2 64       		.byte	100
 512 01e3 40       		.byte	64
 513 01e4 65       		.byte	101
ARM GAS  C:\Users\bolob\AppData\Local\Temp\ccebrMF3.s 			page 10


 514 01e5 40       		.byte	64
 515 01e6 66       		.byte	102
 516 01e7 C0       		.byte	-64
 517 01e8 68       		.byte	104
 518 01e9 C0       		.byte	-64
 519 01ea 6A       		.byte	106
 520 01eb C0       		.byte	-64
 521 01ec 6C       		.byte	108
 522 01ed C0       		.byte	-64
 523 01ee 6E       		.byte	110
 524 01ef C0       		.byte	-64
 525 01f0 82       		.byte	-126
 526 01f1 02       		.byte	2
 527 01f2 85       		.byte	-123
 528 01f3 84       		.byte	-124
 529 01f4 89       		.byte	-119
 530 01f5 01       		.byte	1
 531 01f6 8C       		.byte	-116
 532 01f7 01       		.byte	1
 533 01f8 8D       		.byte	-115
 534 01f9 0A       		.byte	10
 535 01fa 8F       		.byte	-113
 536 01fb 10       		.byte	16
 537 01fc 91       		.byte	-111
 538 01fd 04       		.byte	4
 539 01fe 92       		.byte	-110
 540 01ff 01       		.byte	1
 541 0200 95       		.byte	-107
 542 0201 80       		.byte	-128
 543 0202 97       		.byte	-105
 544 0203 04       		.byte	4
 545 0204 98       		.byte	-104
 546 0205 01       		.byte	1
 547 0206 99       		.byte	-103
 548 0207 56       		.byte	86
 549 0208 9B       		.byte	-101
 550 0209 09       		.byte	9
 551 020a 9D       		.byte	-99
 552 020b 84       		.byte	-124
 553 020c A1       		.byte	-95
 554 020d 84       		.byte	-124
 555 020e A2       		.byte	-94
 556 020f 01       		.byte	1
 557 0210 A4       		.byte	-92
 558 0211 01       		.byte	1
 559 0212 A5       		.byte	-91
 560 0213 07       		.byte	7
 561 0214 A7       		.byte	-89
 562 0215 38       		.byte	56
 563 0216 A9       		.byte	-87
 564 0217 60       		.byte	96
 565 0218 AA       		.byte	-86
 566 0219 02       		.byte	2
 567 021a AC       		.byte	-84
 568 021b 01       		.byte	1
 569 021c AD       		.byte	-83
 570 021d 04       		.byte	4
ARM GAS  C:\Users\bolob\AppData\Local\Temp\ccebrMF3.s 			page 11


 571 021e AF       		.byte	-81
 572 021f 80       		.byte	-128
 573 0220 B1       		.byte	-79
 574 0221 08       		.byte	8
 575 0222 B2       		.byte	-78
 576 0223 01       		.byte	1
 577 0224 B3       		.byte	-77
 578 0225 7F       		.byte	127
 579 0226 B5       		.byte	-75
 580 0227 80       		.byte	-128
 581 0228 B6       		.byte	-74
 582 0229 02       		.byte	2
 583 022a B7       		.byte	-73
 584 022b 80       		.byte	-128
 585 022c B9       		.byte	-71
 586 022d 08       		.byte	8
 587 022e BE       		.byte	-66
 588 022f 04       		.byte	4
 589 0230 BF       		.byte	-65
 590 0231 51       		.byte	81
 591 0232 D4       		.byte	-44
 592 0233 40       		.byte	64
 593 0234 D8       		.byte	-40
 594 0235 04       		.byte	4
 595 0236 D9       		.byte	-39
 596 0237 04       		.byte	4
 597 0238 DB       		.byte	-37
 598 0239 04       		.byte	4
 599 023a DC       		.byte	-36
 600 023b 02       		.byte	2
 601 023c DF       		.byte	-33
 602 023d 01       		.byte	1
 603 023e 00       		.byte	0
 604 023f 84       		.byte	-124
 605 0240 06       		.byte	6
 606 0241 42       		.byte	66
 607 0242 0A       		.byte	10
 608 0243 49       		.byte	73
 609 0244 0B       		.byte	11
 610 0245 20       		.byte	32
 611 0246 0C       		.byte	12
 612 0247 01       		.byte	1
 613 0248 0E       		.byte	14
 614 0249 04       		.byte	4
 615 024a 0F       		.byte	15
 616 024b 80       		.byte	-128
 617 024c 10       		.byte	16
 618 024d 28       		.byte	40
 619 024e 11       		.byte	17
 620 024f 02       		.byte	2
 621 0250 13       		.byte	19
 622 0251 40       		.byte	64
 623 0252 15       		.byte	21
 624 0253 20       		.byte	32
 625 0254 17       		.byte	23
 626 0255 45       		.byte	69
 627 0256 1A       		.byte	26
ARM GAS  C:\Users\bolob\AppData\Local\Temp\ccebrMF3.s 			page 12


 628 0257 09       		.byte	9
 629 0258 1D       		.byte	29
 630 0259 04       		.byte	4
 631 025a 1F       		.byte	31
 632 025b 80       		.byte	-128
 633 025c 21       		.byte	33
 634 025d 10       		.byte	16
 635 025e 22       		.byte	34
 636 025f 60       		.byte	96
 637 0260 24       		.byte	36
 638 0261 50       		.byte	80
 639 0262 27       		.byte	39
 640 0263 0A       		.byte	10
 641 0264 2A       		.byte	42
 642 0265 40       		.byte	64
 643 0266 2E       		.byte	46
 644 0267 42       		.byte	66
 645 0268 2F       		.byte	47
 646 0269 28       		.byte	40
 647 026a 33       		.byte	51
 648 026b 02       		.byte	2
 649 026c 35       		.byte	53
 650 026d 20       		.byte	32
 651 026e 36       		.byte	54
 652 026f 02       		.byte	2
 653 0270 37       		.byte	55
 654 0271 44       		.byte	68
 655 0272 38       		.byte	56
 656 0273 02       		.byte	2
 657 0274 3C       		.byte	60
 658 0275 10       		.byte	16
 659 0276 3E       		.byte	62
 660 0277 04       		.byte	4
 661 0278 3F       		.byte	63
 662 0279 40       		.byte	64
 663 027a 41       		.byte	65
 664 027b 14       		.byte	20
 665 027c 49       		.byte	73
 666 027d 01       		.byte	1
 667 027e 51       		.byte	81
 668 027f 04       		.byte	4
 669 0280 52       		.byte	82
 670 0281 44       		.byte	68
 671 0282 64       		.byte	100
 672 0283 01       		.byte	1
 673 0284 65       		.byte	101
 674 0285 04       		.byte	4
 675 0286 66       		.byte	102
 676 0287 20       		.byte	32
 677 0288 91       		.byte	-111
 678 0289 04       		.byte	4
 679 028a 92       		.byte	-110
 680 028b 44       		.byte	68
 681 028c 93       		.byte	-109
 682 028d 60       		.byte	96
 683 028e 94       		.byte	-108
 684 028f 10       		.byte	16
ARM GAS  C:\Users\bolob\AppData\Local\Temp\ccebrMF3.s 			page 13


 685 0290 97       		.byte	-105
 686 0291 80       		.byte	-128
 687 0292 9A       		.byte	-102
 688 0293 23       		.byte	35
 689 0294 9B       		.byte	-101
 690 0295 45       		.byte	69
 691 0296 9D       		.byte	-99
 692 0297 20       		.byte	32
 693 0298 9E       		.byte	-98
 694 0299 40       		.byte	64
 695 029a 9F       		.byte	-97
 696 029b 08       		.byte	8
 697 029c A0       		.byte	-96
 698 029d 68       		.byte	104
 699 029e A1       		.byte	-95
 700 029f 01       		.byte	1
 701 02a0 A2       		.byte	-94
 702 02a1 06       		.byte	6
 703 02a2 A3       		.byte	-93
 704 02a3 6A       		.byte	106
 705 02a4 C0       		.byte	-64
 706 02a5 95       		.byte	-107
 707 02a6 C2       		.byte	-62
 708 02a7 5F       		.byte	95
 709 02a8 C4       		.byte	-60
 710 02a9 FF       		.byte	-1
 711 02aa CA       		.byte	-54
 712 02ab F8       		.byte	-8
 713 02ac CC       		.byte	-52
 714 02ad F1       		.byte	-15
 715 02ae CE       		.byte	-50
 716 02af 71       		.byte	113
 717 02b0 D0       		.byte	-48
 718 02b1 06       		.byte	6
 719 02b2 D8       		.byte	-40
 720 02b3 70       		.byte	112
 721 02b4 00       		.byte	0
 722 02b5 06       		.byte	6
 723 02b6 01       		.byte	1
 724 02b7 04       		.byte	4
 725 02b8 04       		.byte	4
 726 02b9 02       		.byte	2
 727 02ba 05       		.byte	5
 728 02bb 04       		.byte	4
 729 02bc 06       		.byte	6
 730 02bd 04       		.byte	4
 731 02be 08       		.byte	8
 732 02bf 02       		.byte	2
 733 02c0 0A       		.byte	10
 734 02c1 05       		.byte	5
 735 02c2 0C       		.byte	12
 736 02c3 04       		.byte	4
 737 02c4 0D       		.byte	13
 738 02c5 01       		.byte	1
 739 02c6 0F       		.byte	15
 740 02c7 06       		.byte	6
 741 02c8 10       		.byte	16
ARM GAS  C:\Users\bolob\AppData\Local\Temp\ccebrMF3.s 			page 14


 742 02c9 02       		.byte	2
 743 02ca 11       		.byte	17
 744 02cb 01       		.byte	1
 745 02cc 13       		.byte	19
 746 02cd 06       		.byte	6
 747 02ce 17       		.byte	23
 748 02cf 04       		.byte	4
 749 02d0 18       		.byte	24
 750 02d1 07       		.byte	7
 751 02d2 1C       		.byte	28
 752 02d3 06       		.byte	6
 753 02d4 20       		.byte	32
 754 02d5 01       		.byte	1
 755 02d6 21       		.byte	33
 756 02d7 04       		.byte	4
 757 02d8 22       		.byte	34
 758 02d9 02       		.byte	2
 759 02da 24       		.byte	36
 760 02db 04       		.byte	4
 761 02dc 26       		.byte	38
 762 02dd 02       		.byte	2
 763 02de 27       		.byte	39
 764 02df 03       		.byte	3
 765 02e0 29       		.byte	41
 766 02e1 07       		.byte	7
 767 02e2 2C       		.byte	44
 768 02e3 02       		.byte	2
 769 02e4 2D       		.byte	45
 770 02e5 04       		.byte	4
 771 02e6 2E       		.byte	46
 772 02e7 04       		.byte	4
 773 02e8 31       		.byte	49
 774 02e9 07       		.byte	7
 775 02ea 34       		.byte	52
 776 02eb 07       		.byte	7
 777 02ec 3B       		.byte	59
 778 02ed 02       		.byte	2
 779 02ee 40       		.byte	64
 780 02ef 56       		.byte	86
 781 02f0 41       		.byte	65
 782 02f1 02       		.byte	2
 783 02f2 42       		.byte	66
 784 02f3 30       		.byte	48
 785 02f4 45       		.byte	69
 786 02f5 0E       		.byte	14
 787 02f6 46       		.byte	70
 788 02f7 FD       		.byte	-3
 789 02f8 47       		.byte	71
 790 02f9 CB       		.byte	-53
 791 02fa 48       		.byte	72
 792 02fb 3D       		.byte	61
 793 02fc 49       		.byte	73
 794 02fd FF       		.byte	-1
 795 02fe 4A       		.byte	74
 796 02ff FF       		.byte	-1
 797 0300 4B       		.byte	75
 798 0301 FF       		.byte	-1
ARM GAS  C:\Users\bolob\AppData\Local\Temp\ccebrMF3.s 			page 15


 799 0302 4C       		.byte	76
 800 0303 22       		.byte	34
 801 0304 4E       		.byte	78
 802 0305 F0       		.byte	-16
 803 0306 4F       		.byte	79
 804 0307 08       		.byte	8
 805 0308 50       		.byte	80
 806 0309 04       		.byte	4
 807 030a 56       		.byte	86
 808 030b 02       		.byte	2
 809 030c 57       		.byte	87
 810 030d 2C       		.byte	44
 811 030e 58       		.byte	88
 812 030f 04       		.byte	4
 813 0310 59       		.byte	89
 814 0311 04       		.byte	4
 815 0312 5A       		.byte	90
 816 0313 04       		.byte	4
 817 0314 5B       		.byte	91
 818 0315 04       		.byte	4
 819 0316 5F       		.byte	95
 820 0317 01       		.byte	1
 821 0318 62       		.byte	98
 822 0319 C0       		.byte	-64
 823 031a 64       		.byte	100
 824 031b 40       		.byte	64
 825 031c 65       		.byte	101
 826 031d 01       		.byte	1
 827 031e 66       		.byte	102
 828 031f 10       		.byte	16
 829 0320 67       		.byte	103
 830 0321 11       		.byte	17
 831 0322 68       		.byte	104
 832 0323 C0       		.byte	-64
 833 0324 69       		.byte	105
 834 0325 01       		.byte	1
 835 0326 6B       		.byte	107
 836 0327 11       		.byte	17
 837 0328 6C       		.byte	108
 838 0329 40       		.byte	64
 839 032a 6D       		.byte	109
 840 032b 01       		.byte	1
 841 032c 6E       		.byte	110
 842 032d 40       		.byte	64
 843 032e 6F       		.byte	111
 844 032f 01       		.byte	1
 845 0330 81       		.byte	-127
 846 0331 08       		.byte	8
 847 0332 82       		.byte	-126
 848 0333 01       		.byte	1
 849 0334 83       		.byte	-125
 850 0335 02       		.byte	2
 851 0336 8D       		.byte	-115
 852 0337 01       		.byte	1
 853 0338 8F       		.byte	-113
 854 0339 08       		.byte	8
 855 033a 91       		.byte	-111
ARM GAS  C:\Users\bolob\AppData\Local\Temp\ccebrMF3.s 			page 16


 856 033b 08       		.byte	8
 857 033c 95       		.byte	-107
 858 033d 02       		.byte	2
 859 033e 97       		.byte	-105
 860 033f 08       		.byte	8
 861 0340 99       		.byte	-103
 862 0341 08       		.byte	8
 863 0342 9B       		.byte	-101
 864 0343 02       		.byte	2
 865 0344 9D       		.byte	-99
 866 0345 0A       		.byte	10
 867 0346 A1       		.byte	-95
 868 0347 0A       		.byte	10
 869 0348 A5       		.byte	-91
 870 0349 03       		.byte	3
 871 034a A7       		.byte	-89
 872 034b 04       		.byte	4
 873 034c A9       		.byte	-87
 874 034d 0C       		.byte	12
 875 034e AB       		.byte	-85
 876 034f 03       		.byte	3
 877 0350 AD       		.byte	-83
 878 0351 02       		.byte	2
 879 0352 B0       		.byte	-80
 880 0353 01       		.byte	1
 881 0354 B1       		.byte	-79
 882 0355 0F       		.byte	15
 883 0356 BB       		.byte	-69
 884 0357 02       		.byte	2
 885 0358 D8       		.byte	-40
 886 0359 04       		.byte	4
 887 035a D9       		.byte	-39
 888 035b 04       		.byte	4
 889 035c DC       		.byte	-36
 890 035d 02       		.byte	2
 891 035e DF       		.byte	-33
 892 035f 01       		.byte	1
 893 0360 02       		.byte	2
 894 0361 40       		.byte	64
 895 0362 05       		.byte	5
 896 0363 20       		.byte	32
 897 0364 06       		.byte	6
 898 0365 01       		.byte	1
 899 0366 07       		.byte	7
 900 0367 50       		.byte	80
 901 0368 0C       		.byte	12
 902 0369 80       		.byte	-128
 903 036a 0D       		.byte	13
 904 036b 02       		.byte	2
 905 036c 0E       		.byte	14
 906 036d 08       		.byte	8
 907 036e 15       		.byte	21
 908 036f 42       		.byte	66
 909 0370 17       		.byte	23
 910 0371 04       		.byte	4
 911 0372 1B       		.byte	27
 912 0373 02       		.byte	2
ARM GAS  C:\Users\bolob\AppData\Local\Temp\ccebrMF3.s 			page 17


 913 0374 1D       		.byte	29
 914 0375 20       		.byte	32
 915 0376 1E       		.byte	30
 916 0377 08       		.byte	8
 917 0378 1F       		.byte	31
 918 0379 30       		.byte	48
 919 037a 21       		.byte	33
 920 037b 01       		.byte	1
 921 037c 23       		.byte	35
 922 037d 40       		.byte	64
 923 037e 25       		.byte	37
 924 037f 02       		.byte	2
 925 0380 26       		.byte	38
 926 0381 02       		.byte	2
 927 0382 29       		.byte	41
 928 0383 20       		.byte	32
 929 0384 2A       		.byte	42
 930 0385 02       		.byte	2
 931 0386 2B       		.byte	43
 932 0387 21       		.byte	33
 933 0388 2D       		.byte	45
 934 0389 20       		.byte	32
 935 038a 2E       		.byte	46
 936 038b 42       		.byte	66
 937 038c 2F       		.byte	47
 938 038d 20       		.byte	32
 939 038e 30       		.byte	48
 940 038f 28       		.byte	40
 941 0390 31       		.byte	49
 942 0391 02       		.byte	2
 943 0392 33       		.byte	51
 944 0393 40       		.byte	64
 945 0394 36       		.byte	54
 946 0395 02       		.byte	2
 947 0396 37       		.byte	55
 948 0397 04       		.byte	4
 949 0398 38       		.byte	56
 950 0399 02       		.byte	2
 951 039a 3B       		.byte	59
 952 039b 40       		.byte	64
 953 039c 3D       		.byte	61
 954 039d 02       		.byte	2
 955 039e 3E       		.byte	62
 956 039f 04       		.byte	4
 957 03a0 3F       		.byte	63
 958 03a1 40       		.byte	64
 959 03a2 45       		.byte	69
 960 03a3 20       		.byte	32
 961 03a4 47       		.byte	71
 962 03a5 08       		.byte	8
 963 03a6 4D       		.byte	77
 964 03a7 24       		.byte	36
 965 03a8 4F       		.byte	79
 966 03a9 40       		.byte	64
 967 03aa 56       		.byte	86
 968 03ab 21       		.byte	33
 969 03ac 57       		.byte	87
ARM GAS  C:\Users\bolob\AppData\Local\Temp\ccebrMF3.s 			page 18


 970 03ad 49       		.byte	73
 971 03ae 67       		.byte	103
 972 03af 80       		.byte	-128
 973 03b0 6C       		.byte	108
 974 03b1 29       		.byte	41
 975 03b2 6D       		.byte	109
 976 03b3 42       		.byte	66
 977 03b4 6E       		.byte	110
 978 03b5 44       		.byte	68
 979 03b6 6F       		.byte	111
 980 03b7 55       		.byte	85
 981 03b8 74       		.byte	116
 982 03b9 C0       		.byte	-64
 983 03ba 76       		.byte	118
 984 03bb 02       		.byte	2
 985 03bc 94       		.byte	-108
 986 03bd 10       		.byte	16
 987 03be A8       		.byte	-88
 988 03bf 10       		.byte	16
 989 03c0 C0       		.byte	-64
 990 03c1 F8       		.byte	-8
 991 03c2 C2       		.byte	-62
 992 03c3 D0       		.byte	-48
 993 03c4 C4       		.byte	-60
 994 03c5 B0       		.byte	-80
 995 03c6 CA       		.byte	-54
 996 03c7 FF       		.byte	-1
 997 03c8 CC       		.byte	-52
 998 03c9 CF       		.byte	-49
 999 03ca CE       		.byte	-50
 1000 03cb D9       		.byte	-39
 1001 03cc D0       		.byte	-48
 1002 03cd 60       		.byte	96
 1003 03ce D2       		.byte	-46
 1004 03cf 30       		.byte	48
 1005 03d0 D8       		.byte	-40
 1006 03d1 80       		.byte	-128
 1007 03d2 EC       		.byte	-20
 1008 03d3 01       		.byte	1
 1009 03d4 03       		.byte	3
 1010 03d5 0C       		.byte	12
 1011 03d6 04       		.byte	4
 1012 03d7 21       		.byte	33
 1013 03d8 06       		.byte	6
 1014 03d9 CA       		.byte	-54
 1015 03da 08       		.byte	8
 1016 03db 67       		.byte	103
 1017 03dc 09       		.byte	9
 1018 03dd 20       		.byte	32
 1019 03de 0B       		.byte	11
 1020 03df 03       		.byte	3
 1021 03e0 10       		.byte	16
 1022 03e1 02       		.byte	2
 1023 03e2 11       		.byte	17
 1024 03e3 11       		.byte	17
 1025 03e4 12       		.byte	18
 1026 03e5 15       		.byte	21
ARM GAS  C:\Users\bolob\AppData\Local\Temp\ccebrMF3.s 			page 19


 1027 03e6 13       		.byte	19
 1028 03e7 06       		.byte	6
 1029 03e8 15       		.byte	21
 1030 03e9 0C       		.byte	12
 1031 03ea 17       		.byte	23
 1032 03eb 13       		.byte	19
 1033 03ec 18       		.byte	24
 1034 03ed 44       		.byte	68
 1035 03ee 1A       		.byte	26
 1036 03ef 2A       		.byte	42
 1037 03f0 25       		.byte	37
 1038 03f1 11       		.byte	17
 1039 03f2 27       		.byte	39
 1040 03f3 0E       		.byte	14
 1041 03f4 28       		.byte	40
 1042 03f5 67       		.byte	103
 1043 03f6 2B       		.byte	43
 1044 03f7 08       		.byte	8
 1045 03f8 30       		.byte	48
 1046 03f9 07       		.byte	7
 1047 03fa 32       		.byte	50
 1048 03fb 80       		.byte	-128
 1049 03fc 34       		.byte	52
 1050 03fd 60       		.byte	96
 1051 03fe 35       		.byte	53
 1052 03ff 0F       		.byte	15
 1053 0400 36       		.byte	54
 1054 0401 18       		.byte	24
 1055 0402 37       		.byte	55
 1056 0403 30       		.byte	48
 1057 0404 39       		.byte	57
 1058 0405 80       		.byte	-128
 1059 0406 3B       		.byte	59
 1060 0407 20       		.byte	32
 1061 0408 3E       		.byte	62
 1062 0409 40       		.byte	64
 1063 040a 40       		.byte	64
 1064 040b 65       		.byte	101
 1065 040c 41       		.byte	65
 1066 040d 02       		.byte	2
 1067 040e 42       		.byte	66
 1068 040f 03       		.byte	3
 1069 0410 44       		.byte	68
 1070 0411 01       		.byte	1
 1071 0412 46       		.byte	70
 1072 0413 0C       		.byte	12
 1073 0414 47       		.byte	71
 1074 0415 E0       		.byte	-32
 1075 0416 48       		.byte	72
 1076 0417 24       		.byte	36
 1077 0418 49       		.byte	73
 1078 0419 FF       		.byte	-1
 1079 041a 4A       		.byte	74
 1080 041b FF       		.byte	-1
 1081 041c 4B       		.byte	75
 1082 041d FF       		.byte	-1
 1083 041e 4C       		.byte	76
ARM GAS  C:\Users\bolob\AppData\Local\Temp\ccebrMF3.s 			page 20


 1084 041f 62       		.byte	98
 1085 0420 4D       		.byte	77
 1086 0421 A0       		.byte	-96
 1087 0422 4E       		.byte	78
 1088 0423 F0       		.byte	-16
 1089 0424 4F       		.byte	79
 1090 0425 41       		.byte	65
 1091 0426 50       		.byte	80
 1092 0427 0C       		.byte	12
 1093 0428 54       		.byte	84
 1094 0429 18       		.byte	24
 1095 042a 58       		.byte	88
 1096 042b 04       		.byte	4
 1097 042c 59       		.byte	89
 1098 042d 04       		.byte	4
 1099 042e 5A       		.byte	90
 1100 042f 04       		.byte	4
 1101 0430 5B       		.byte	91
 1102 0431 04       		.byte	4
 1103 0432 5C       		.byte	92
 1104 0433 11       		.byte	17
 1105 0434 5D       		.byte	93
 1106 0435 11       		.byte	17
 1107 0436 5F       		.byte	95
 1108 0437 01       		.byte	1
 1109 0438 66       		.byte	102
 1110 0439 40       		.byte	64
 1111 043a 67       		.byte	103
 1112 043b 02       		.byte	2
 1113 043c 69       		.byte	105
 1114 043d 10       		.byte	16
 1115 043e 6A       		.byte	106
 1116 043f 30       		.byte	48
 1117 0440 6B       		.byte	107
 1118 0441 10       		.byte	16
 1119 0442 6D       		.byte	109
 1120 0443 10       		.byte	16
 1121 0444 6E       		.byte	110
 1122 0445 10       		.byte	16
 1123 0446 6F       		.byte	111
 1124 0447 12       		.byte	18
 1125 0448 80       		.byte	-128
 1126 0449 14       		.byte	20
 1127 044a 83       		.byte	-125
 1128 044b 08       		.byte	8
 1129 044c 84       		.byte	-124
 1130 044d 0C       		.byte	12
 1131 044e 85       		.byte	-123
 1132 044f 0A       		.byte	10
 1133 0450 86       		.byte	-122
 1134 0451 71       		.byte	113
 1135 0452 87       		.byte	-121
 1136 0453 14       		.byte	20
 1137 0454 8B       		.byte	-117
 1138 0455 15       		.byte	21
 1139 0456 8C       		.byte	-116
 1140 0457 10       		.byte	16
ARM GAS  C:\Users\bolob\AppData\Local\Temp\ccebrMF3.s 			page 21


 1141 0458 8D       		.byte	-115
 1142 0459 13       		.byte	19
 1143 045a 8E       		.byte	-114
 1144 045b AC       		.byte	-84
 1145 045c 8F       		.byte	-113
 1146 045d 0C       		.byte	12
 1147 045e 94       		.byte	-108
 1148 045f 10       		.byte	16
 1149 0460 95       		.byte	-107
 1150 0461 03       		.byte	3
 1151 0462 96       		.byte	-106
 1152 0463 40       		.byte	64
 1153 0464 97       		.byte	-105
 1154 0465 14       		.byte	20
 1155 0466 99       		.byte	-103
 1156 0467 13       		.byte	19
 1157 0468 9B       		.byte	-101
 1158 0469 04       		.byte	4
 1159 046a 9E       		.byte	-98
 1160 046b 03       		.byte	3
 1161 046c A6       		.byte	-90
 1162 046d 20       		.byte	32
 1163 046e A8       		.byte	-88
 1164 046f DC       		.byte	-36
 1165 0470 AA       		.byte	-86
 1166 0471 22       		.byte	34
 1167 0472 AC       		.byte	-84
 1168 0473 09       		.byte	9
 1169 0474 AE       		.byte	-82
 1170 0475 D0       		.byte	-48
 1171 0476 B1       		.byte	-79
 1172 0477 0F       		.byte	15
 1173 0478 B4       		.byte	-76
 1174 0479 E0       		.byte	-32
 1175 047a B6       		.byte	-74
 1176 047b 1F       		.byte	31
 1177 047c B7       		.byte	-73
 1178 047d 10       		.byte	16
 1179 047e BA       		.byte	-70
 1180 047f 20       		.byte	32
 1181 0480 BB       		.byte	-69
 1182 0481 02       		.byte	2
 1183 0482 BF       		.byte	-65
 1184 0483 40       		.byte	64
 1185 0484 D4       		.byte	-44
 1186 0485 01       		.byte	1
 1187 0486 D8       		.byte	-40
 1188 0487 04       		.byte	4
 1189 0488 D9       		.byte	-39
 1190 0489 04       		.byte	4
 1191 048a DB       		.byte	-37
 1192 048b 04       		.byte	4
 1193 048c DC       		.byte	-36
 1194 048d 11       		.byte	17
 1195 048e DD       		.byte	-35
 1196 048f 10       		.byte	16
 1197 0490 DF       		.byte	-33
ARM GAS  C:\Users\bolob\AppData\Local\Temp\ccebrMF3.s 			page 22


 1198 0491 01       		.byte	1
 1199 0492 00       		.byte	0
 1200 0493 40       		.byte	64
 1201 0494 02       		.byte	2
 1202 0495 80       		.byte	-128
 1203 0496 03       		.byte	3
 1204 0497 20       		.byte	32
 1205 0498 04       		.byte	4
 1206 0499 20       		.byte	32
 1207 049a 05       		.byte	5
 1208 049b 08       		.byte	8
 1209 049c 08       		.byte	8
 1210 049d 04       		.byte	4
 1211 049e 0A       		.byte	10
 1212 049f 21       		.byte	33
 1213 04a0 0E       		.byte	14
 1214 04a1 44       		.byte	68
 1215 04a2 11       		.byte	17
 1216 04a3 20       		.byte	32
 1217 04a4 12       		.byte	18
 1218 04a5 11       		.byte	17
 1219 04a6 15       		.byte	21
 1220 04a7 10       		.byte	16
 1221 04a8 1A       		.byte	26
 1222 04a9 03       		.byte	3
 1223 04aa 1B       		.byte	27
 1224 04ab 20       		.byte	32
 1225 04ac 1C       		.byte	28
 1226 04ad 20       		.byte	32
 1227 04ae 1D       		.byte	29
 1228 04af 80       		.byte	-128
 1229 04b0 1E       		.byte	30
 1230 04b1 44       		.byte	68
 1231 04b2 20       		.byte	32
 1232 04b3 40       		.byte	64
 1233 04b4 22       		.byte	34
 1234 04b5 42       		.byte	66
 1235 04b6 24       		.byte	36
 1236 04b7 09       		.byte	9
 1237 04b8 25       		.byte	37
 1238 04b9 10       		.byte	16
 1239 04ba 27       		.byte	39
 1240 04bb 08       		.byte	8
 1241 04bc 2C       		.byte	44
 1242 04bd 04       		.byte	4
 1243 04be 2F       		.byte	47
 1244 04bf 20       		.byte	32
 1245 04c0 30       		.byte	48
 1246 04c1 08       		.byte	8
 1247 04c2 33       		.byte	51
 1248 04c3 20       		.byte	32
 1249 04c4 36       		.byte	54
 1250 04c5 02       		.byte	2
 1251 04c6 37       		.byte	55
 1252 04c7 08       		.byte	8
 1253 04c8 38       		.byte	56
 1254 04c9 49       		.byte	73
ARM GAS  C:\Users\bolob\AppData\Local\Temp\ccebrMF3.s 			page 23


 1255 04ca 3A       		.byte	58
 1256 04cb 31       		.byte	49
 1257 04cc 3C       		.byte	60
 1258 04cd 01       		.byte	1
 1259 04ce 3E       		.byte	62
 1260 04cf 20       		.byte	32
 1261 04d0 45       		.byte	69
 1262 04d1 A0       		.byte	-96
 1263 04d2 47       		.byte	71
 1264 04d3 04       		.byte	4
 1265 04d4 4F       		.byte	79
 1266 04d5 50       		.byte	80
 1267 04d6 56       		.byte	86
 1268 04d7 42       		.byte	66
 1269 04d8 58       		.byte	88
 1270 04d9 01       		.byte	1
 1271 04da 59       		.byte	89
 1272 04db 04       		.byte	4
 1273 04dc 5A       		.byte	90
 1274 04dd 80       		.byte	-128
 1275 04de 5B       		.byte	91
 1276 04df 20       		.byte	32
 1277 04e0 5F       		.byte	95
 1278 04e1 02       		.byte	2
 1279 04e2 67       		.byte	103
 1280 04e3 0A       		.byte	10
 1281 04e4 8B       		.byte	-117
 1282 04e5 12       		.byte	18
 1283 04e6 92       		.byte	-110
 1284 04e7 20       		.byte	32
 1285 04e8 93       		.byte	-109
 1286 04e9 0A       		.byte	10
 1287 04ea 96       		.byte	-106
 1288 04eb 02       		.byte	2
 1289 04ec 9A       		.byte	-102
 1290 04ed 20       		.byte	32
 1291 04ee 9D       		.byte	-99
 1292 04ef 40       		.byte	64
 1293 04f0 9E       		.byte	-98
 1294 04f1 42       		.byte	66
 1295 04f2 9F       		.byte	-97
 1296 04f3 1C       		.byte	28
 1297 04f4 A4       		.byte	-92
 1298 04f5 40       		.byte	64
 1299 04f6 A6       		.byte	-90
 1300 04f7 02       		.byte	2
 1301 04f8 A7       		.byte	-89
 1302 04f9 22       		.byte	34
 1303 04fa A8       		.byte	-88
 1304 04fb 20       		.byte	32
 1305 04fc A9       		.byte	-87
 1306 04fd 40       		.byte	64
 1307 04fe C0       		.byte	-64
 1308 04ff 6D       		.byte	109
 1309 0500 C2       		.byte	-62
 1310 0501 55       		.byte	85
 1311 0502 C4       		.byte	-60
ARM GAS  C:\Users\bolob\AppData\Local\Temp\ccebrMF3.s 			page 24


 1312 0503 47       		.byte	71
 1313 0504 CA       		.byte	-54
 1314 0505 60       		.byte	96
 1315 0506 CC       		.byte	-52
 1316 0507 C6       		.byte	-58
 1317 0508 CE       		.byte	-50
 1318 0509 AF       		.byte	-81
 1319 050a D0       		.byte	-48
 1320 050b 70       		.byte	112
 1321 050c D2       		.byte	-46
 1322 050d 30       		.byte	48
 1323 050e D6       		.byte	-42
 1324 050f 8F       		.byte	-113
 1325 0510 D8       		.byte	-40
 1326 0511 30       		.byte	48
 1327 0512 01       		.byte	1
 1328 0513 01       		.byte	1
 1329 0514 09       		.byte	9
 1330 0515 01       		.byte	1
 1331 0516 15       		.byte	21
 1332 0517 01       		.byte	1
 1333 0518 18       		.byte	24
 1334 0519 01       		.byte	1
 1335 051a 31       		.byte	49
 1336 051b 01       		.byte	1
 1337 051c 32       		.byte	50
 1338 051d 01       		.byte	1
 1339 051e 3E       		.byte	62
 1340 051f 04       		.byte	4
 1341 0520 40       		.byte	64
 1342 0521 53       		.byte	83
 1343 0522 41       		.byte	65
 1344 0523 02       		.byte	2
 1345 0524 45       		.byte	69
 1346 0525 0E       		.byte	14
 1347 0526 46       		.byte	70
 1348 0527 0B       		.byte	11
 1349 0528 47       		.byte	71
 1350 0529 0C       		.byte	12
 1351 052a 48       		.byte	72
 1352 052b 15       		.byte	21
 1353 052c 49       		.byte	73
 1354 052d FF       		.byte	-1
 1355 052e 4A       		.byte	74
 1356 052f FF       		.byte	-1
 1357 0530 4B       		.byte	75
 1358 0531 FF       		.byte	-1
 1359 0532 4E       		.byte	78
 1360 0533 F0       		.byte	-16
 1361 0534 4F       		.byte	79
 1362 0535 44       		.byte	68
 1363 0536 50       		.byte	80
 1364 0537 0C       		.byte	12
 1365 0538 58       		.byte	88
 1366 0539 04       		.byte	4
 1367 053a 59       		.byte	89
 1368 053b 04       		.byte	4
ARM GAS  C:\Users\bolob\AppData\Local\Temp\ccebrMF3.s 			page 25


 1369 053c 5A       		.byte	90
 1370 053d 04       		.byte	4
 1371 053e 5C       		.byte	92
 1372 053f 10       		.byte	16
 1373 0540 5D       		.byte	93
 1374 0541 01       		.byte	1
 1375 0542 5F       		.byte	95
 1376 0543 01       		.byte	1
 1377 0544 66       		.byte	102
 1378 0545 C0       		.byte	-64
 1379 0546 6A       		.byte	106
 1380 0547 40       		.byte	64
 1381 0548 6B       		.byte	107
 1382 0549 02       		.byte	2
 1383 054a 80       		.byte	-128
 1384 054b 0C       		.byte	12
 1385 054c 81       		.byte	-127
 1386 054d 10       		.byte	16
 1387 054e 84       		.byte	-124
 1388 054f 01       		.byte	1
 1389 0550 85       		.byte	-123
 1390 0551 FF       		.byte	-1
 1391 0552 8B       		.byte	-117
 1392 0553 01       		.byte	1
 1393 0554 8C       		.byte	-116
 1394 0555 02       		.byte	2
 1395 0556 8F       		.byte	-113
 1396 0557 E6       		.byte	-26
 1397 0558 90       		.byte	-112
 1398 0559 03       		.byte	3
 1399 055a 91       		.byte	-111
 1400 055b 80       		.byte	-128
 1401 055c 94       		.byte	-108
 1402 055d 33       		.byte	51
 1403 055e 95       		.byte	-107
 1404 055f 08       		.byte	8
 1405 0560 96       		.byte	-106
 1406 0561 0C       		.byte	12
 1407 0562 98       		.byte	-104
 1408 0563 3F       		.byte	63
 1409 0564 99       		.byte	-103
 1410 0565 18       		.byte	24
 1411 0566 9C       		.byte	-100
 1412 0567 1F       		.byte	31
 1413 0568 9D       		.byte	-99
 1414 0569 19       		.byte	25
 1415 056a 9E       		.byte	-98
 1416 056b 20       		.byte	32
 1417 056c 9F       		.byte	-97
 1418 056d E2       		.byte	-30
 1419 056e A1       		.byte	-95
 1420 056f 39       		.byte	57
 1421 0570 A2       		.byte	-94
 1422 0571 23       		.byte	35
 1423 0572 A3       		.byte	-93
 1424 0573 C4       		.byte	-60
 1425 0574 A4       		.byte	-92
ARM GAS  C:\Users\bolob\AppData\Local\Temp\ccebrMF3.s 			page 26


 1426 0575 04       		.byte	4
 1427 0576 A5       		.byte	-91
 1428 0577 41       		.byte	65
 1429 0578 A8       		.byte	-88
 1430 0579 1C       		.byte	28
 1431 057a A9       		.byte	-87
 1432 057b E7       		.byte	-25
 1433 057c AA       		.byte	-86
 1434 057d 23       		.byte	35
 1435 057e AB       		.byte	-85
 1436 057f 18       		.byte	24
 1437 0580 AC       		.byte	-84
 1438 0581 08       		.byte	8
 1439 0582 AD       		.byte	-83
 1440 0583 C0       		.byte	-64
 1441 0584 B0       		.byte	-80
 1442 0585 10       		.byte	16
 1443 0586 B2       		.byte	-78
 1444 0587 0F       		.byte	15
 1445 0588 B3       		.byte	-77
 1446 0589 1F       		.byte	31
 1447 058a B5       		.byte	-75
 1448 058b 38       		.byte	56
 1449 058c B6       		.byte	-74
 1450 058d 2C       		.byte	44
 1451 058e B7       		.byte	-73
 1452 058f C0       		.byte	-64
 1453 0590 BA       		.byte	-70
 1454 0591 A8       		.byte	-88
 1455 0592 BB       		.byte	-69
 1456 0593 08       		.byte	8
 1457 0594 BE       		.byte	-66
 1458 0595 01       		.byte	1
 1459 0596 D6       		.byte	-42
 1460 0597 02       		.byte	2
 1461 0598 D7       		.byte	-41
 1462 0599 10       		.byte	16
 1463 059a D8       		.byte	-40
 1464 059b 04       		.byte	4
 1465 059c D9       		.byte	-39
 1466 059d 04       		.byte	4
 1467 059e DB       		.byte	-37
 1468 059f 04       		.byte	4
 1469 05a0 DC       		.byte	-36
 1470 05a1 11       		.byte	17
 1471 05a2 DD       		.byte	-35
 1472 05a3 10       		.byte	16
 1473 05a4 DF       		.byte	-33
 1474 05a5 01       		.byte	1
 1475 05a6 05       		.byte	5
 1476 05a7 08       		.byte	8
 1477 05a8 06       		.byte	6
 1478 05a9 80       		.byte	-128
 1479 05aa 07       		.byte	7
 1480 05ab 01       		.byte	1
 1481 05ac 0B       		.byte	11
 1482 05ad 04       		.byte	4
ARM GAS  C:\Users\bolob\AppData\Local\Temp\ccebrMF3.s 			page 27


 1483 05ae 0E       		.byte	14
 1484 05af 66       		.byte	102
 1485 05b0 0F       		.byte	15
 1486 05b1 10       		.byte	16
 1487 05b2 15       		.byte	21
 1488 05b3 02       		.byte	2
 1489 05b4 16       		.byte	22
 1490 05b5 01       		.byte	1
 1491 05b6 17       		.byte	23
 1492 05b7 18       		.byte	24
 1493 05b8 19       		.byte	25
 1494 05b9 04       		.byte	4
 1495 05ba 1C       		.byte	28
 1496 05bb 40       		.byte	64
 1497 05bc 1D       		.byte	29
 1498 05bd 60       		.byte	96
 1499 05be 1E       		.byte	30
 1500 05bf 26       		.byte	38
 1501 05c0 1F       		.byte	31
 1502 05c1 04       		.byte	4
 1503 05c2 21       		.byte	33
 1504 05c3 01       		.byte	1
 1505 05c4 23       		.byte	35
 1506 05c5 40       		.byte	64
 1507 05c6 27       		.byte	39
 1508 05c7 16       		.byte	22
 1509 05c8 2C       		.byte	44
 1510 05c9 80       		.byte	-128
 1511 05ca 2D       		.byte	45
 1512 05cb 08       		.byte	8
 1513 05cc 2E       		.byte	46
 1514 05cd 40       		.byte	64
 1515 05ce 2F       		.byte	47
 1516 05cf 04       		.byte	4
 1517 05d0 33       		.byte	51
 1518 05d1 08       		.byte	8
 1519 05d2 35       		.byte	53
 1520 05d3 40       		.byte	64
 1521 05d4 37       		.byte	55
 1522 05d5 29       		.byte	41
 1523 05d6 38       		.byte	56
 1524 05d7 22       		.byte	34
 1525 05d8 3C       		.byte	60
 1526 05d9 20       		.byte	32
 1527 05da 3E       		.byte	62
 1528 05db 06       		.byte	6
 1529 05dc 3F       		.byte	63
 1530 05dd 40       		.byte	64
 1531 05de 42       		.byte	66
 1532 05df 20       		.byte	32
 1533 05e0 43       		.byte	67
 1534 05e1 20       		.byte	32
 1535 05e2 4A       		.byte	74
 1536 05e3 02       		.byte	2
 1537 05e4 4B       		.byte	75
 1538 05e5 04       		.byte	4
 1539 05e6 50       		.byte	80
ARM GAS  C:\Users\bolob\AppData\Local\Temp\ccebrMF3.s 			page 28


 1540 05e7 08       		.byte	8
 1541 05e8 52       		.byte	82
 1542 05e9 80       		.byte	-128
 1543 05ea 5C       		.byte	92
 1544 05eb 40       		.byte	64
 1545 05ec 6C       		.byte	108
 1546 05ed 11       		.byte	17
 1547 05ee 6D       		.byte	109
 1548 05ef 10       		.byte	16
 1549 05f0 6F       		.byte	111
 1550 05f1 08       		.byte	8
 1551 05f2 76       		.byte	118
 1552 05f3 03       		.byte	3
 1553 05f4 77       		.byte	119
 1554 05f5 28       		.byte	40
 1555 05f6 80       		.byte	-128
 1556 05f7 80       		.byte	-128
 1557 05f8 83       		.byte	-125
 1558 05f9 10       		.byte	16
 1559 05fa 84       		.byte	-124
 1560 05fb 01       		.byte	1
 1561 05fc 87       		.byte	-121
 1562 05fd 04       		.byte	4
 1563 05fe 88       		.byte	-120
 1564 05ff 40       		.byte	64
 1565 0600 89       		.byte	-119
 1566 0601 08       		.byte	8
 1567 0602 8A       		.byte	-118
 1568 0603 04       		.byte	4
 1569 0604 8E       		.byte	-114
 1570 0605 80       		.byte	-128
 1571 0606 8F       		.byte	-113
 1572 0607 20       		.byte	32
 1573 0608 92       		.byte	-110
 1574 0609 40       		.byte	64
 1575 060a 94       		.byte	-108
 1576 060b 20       		.byte	32
 1577 060c 95       		.byte	-107
 1578 060d 10       		.byte	16
 1579 060e 97       		.byte	-105
 1580 060f 50       		.byte	80
 1581 0610 9A       		.byte	-102
 1582 0611 20       		.byte	32
 1583 0612 9B       		.byte	-101
 1584 0613 01       		.byte	1
 1585 0614 9C       		.byte	-100
 1586 0615 01       		.byte	1
 1587 0616 9D       		.byte	-99
 1588 0617 4C       		.byte	76
 1589 0618 9F       		.byte	-97
 1590 0619 16       		.byte	22
 1591 061a A0       		.byte	-96
 1592 061b 10       		.byte	16
 1593 061c A2       		.byte	-94
 1594 061d 02       		.byte	2
 1595 061e A3       		.byte	-93
 1596 061f 20       		.byte	32
ARM GAS  C:\Users\bolob\AppData\Local\Temp\ccebrMF3.s 			page 29


 1597 0620 A4       		.byte	-92
 1598 0621 48       		.byte	72
 1599 0622 A5       		.byte	-91
 1600 0623 20       		.byte	32
 1601 0624 A6       		.byte	-90
 1602 0625 80       		.byte	-128
 1603 0626 B2       		.byte	-78
 1604 0627 04       		.byte	4
 1605 0628 B3       		.byte	-77
 1606 0629 01       		.byte	1
 1607 062a B4       		.byte	-76
 1608 062b 08       		.byte	8
 1609 062c B7       		.byte	-73
 1610 062d 20       		.byte	32
 1611 062e C0       		.byte	-64
 1612 062f B0       		.byte	-80
 1613 0630 C2       		.byte	-62
 1614 0631 F2       		.byte	-14
 1615 0632 C4       		.byte	-60
 1616 0633 F0       		.byte	-16
 1617 0634 CA       		.byte	-54
 1618 0635 F0       		.byte	-16
 1619 0636 CC       		.byte	-52
 1620 0637 F2       		.byte	-14
 1621 0638 CE       		.byte	-50
 1622 0639 F5       		.byte	-11
 1623 063a D0       		.byte	-48
 1624 063b 06       		.byte	6
 1625 063c D2       		.byte	-46
 1626 063d 08       		.byte	8
 1627 063e D6       		.byte	-42
 1628 063f 10       		.byte	16
 1629 0640 57       		.byte	87
 1630 0641 04       		.byte	4
 1631 0642 D4       		.byte	-44
 1632 0643 40       		.byte	64
 1633 0644 B7       		.byte	-73
 1634 0645 04       		.byte	4
 1635 0646 78       		.byte	120
 1636 0647 80       		.byte	-128
 1637 0648 7F       		.byte	127
 1638 0649 02       		.byte	2
 1639 064a DC       		.byte	-36
 1640 064b 01       		.byte	1
 1641 064c DE       		.byte	-34
 1642 064d 04       		.byte	4
 1643 064e A7       		.byte	-89
 1644 064f 02       		.byte	2
 1645 0650 A8       		.byte	-88
 1646 0651 80       		.byte	-128
 1647 0652 A7       		.byte	-89
 1648 0653 02       		.byte	2
 1649 0654 8D       		.byte	-115
 1650 0655 40       		.byte	64
 1651 0656 B3       		.byte	-77
 1652 0657 02       		.byte	2
 1653 0658 E4       		.byte	-28
ARM GAS  C:\Users\bolob\AppData\Local\Temp\ccebrMF3.s 			page 30


 1654 0659 08       		.byte	8
 1655 065a EC       		.byte	-20
 1656 065b 01       		.byte	1
 1657 065c 91       		.byte	-111
 1658 065d 80       		.byte	-128
 1659 065e 10       		.byte	16
 1660 065f 40       		.byte	64
 1661 0660 79       		.byte	121
 1662 0661 80       		.byte	-128
 1663 0662 88       		.byte	-120
 1664 0663 40       		.byte	64
 1665 0664 91       		.byte	-111
 1666 0665 80       		.byte	-128
 1667 0666 C4       		.byte	-60
 1668 0667 08       		.byte	8
 1669 0668 DC       		.byte	-36
 1670 0669 01       		.byte	1
 1671 066a E2       		.byte	-30
 1672 066b 01       		.byte	1
 1673 066c 00       		.byte	0
 1674 066d 07       		.byte	7
 1675 066e 0C       		.byte	12
 1676 066f 07       		.byte	7
 1677 0670 0E       		.byte	14
 1678 0671 05       		.byte	5
 1679 0672 10       		.byte	16
 1680 0673 02       		.byte	2
 1681 0674 1C       		.byte	28
 1682 0675 02       		.byte	2
 1683 0676 00       		.byte	0
 1684 0677 00       		.byte	0
 1685 0678 14       		.byte	20
 1686 0679 84       		.byte	-124
 1687 067a 00       		.byte	0
 1688 067b 00       		.byte	0
 1689 067c 40       		.byte	64
 1690 067d 00       		.byte	0
 1691 067e 00       		.byte	0
 1692 067f 00       		.byte	0
 1693 0680 38       		.byte	56
 1694 0681 C0       		.byte	-64
 1695 0682 C0       		.byte	-64
 1696 0683 00       		.byte	0
 1697 0684 00       		.byte	0
 1698 0685 00       		.byte	0
 1699 0686 00       		.byte	0
 1700 0687 00       		.byte	0
 1701 0688 80       		.byte	-128
 1702 0689 00       		.byte	0
 1703 068a 40       		.byte	64
 1704 068b BC       		.byte	-68
 1705 068c BC       		.byte	-68
 1706 068d 00       		.byte	0
 1707 068e B4       		.byte	-76
 1708 068f 00       		.byte	0
 1709 0690 00       		.byte	0
 1710 0691 00       		.byte	0
ARM GAS  C:\Users\bolob\AppData\Local\Temp\ccebrMF3.s 			page 31


 1711 0692 00       		.byte	0
 1712 0693 00       		.byte	0
 1713 0694 00       		.byte	0
 1714 0695 0B       		.byte	11
 1715 0696 0B       		.byte	11
 1716 0697 00       		.byte	0
 1717 0698 00       		.byte	0
 1718 0699 00       		.byte	0
 1719 069a 00       		.byte	0
 1720 069b 00       		.byte	0
 1721 069c 00       		.byte	0
 1722 069d 01       		.byte	1
 1723 069e 01       		.byte	1
 1724 069f 00       		.byte	0
 1725 06a0 00       		.byte	0
 1726 06a1 00       		.byte	0
 1727 06a2 00       		.byte	0
 1728 06a3 00       		.byte	0
 1729 06a4 04       		.byte	4
 1730 06a5 18       		.byte	24
 1731 06a6 18       		.byte	24
 1732 06a7 00       		.byte	0
 1733 06a8 08       		.byte	8
 1734 06a9 00       		.byte	0
 1735 06aa 00       		.byte	0
 1736 06ab 00       		.byte	0
 1737              		.section	.cywolatch,"a",%progbits
 1738              		.align	2
 1739              		.type	cy_meta_wonvl, %object
 1740              		.size	cy_meta_wonvl, 4
 1741              	cy_meta_wonvl:
 1742 0000 BC       		.byte	-68
 1743 0001 90       		.byte	-112
 1744 0002 AC       		.byte	-84
 1745 0003 AF       		.byte	-81
 1746              		.section	.cycustnvl,"a",%progbits
 1747              		.align	2
 1748              		.type	cy_meta_custnvl, %object
 1749              		.size	cy_meta_custnvl, 4
 1750              	cy_meta_custnvl:
 1751 0000 00       		.byte	0
 1752 0001 00       		.byte	0
 1753 0002 40       		.byte	64
 1754 0003 05       		.byte	5
 1755              		.section	.cymeta,"a",%progbits
 1756              		.align	2
 1757              		.type	cy_metadata, %object
 1758              		.size	cy_metadata, 12
 1759              	cy_metadata:
 1760 0000 00       		.byte	0
 1761 0001 01       		.byte	1
 1762 0002 2E       		.byte	46
 1763 0003 16       		.byte	22
 1764 0004 10       		.byte	16
 1765 0005 69       		.byte	105
 1766 0006 00       		.byte	0
 1767 0007 01       		.byte	1
ARM GAS  C:\Users\bolob\AppData\Local\Temp\ccebrMF3.s 			page 32


 1768 0008 00       		.byte	0
 1769 0009 00       		.byte	0
 1770 000a 00       		.byte	0
 1771 000b 00       		.byte	0
 1772              		.section	.cyflashprotect,"a",%progbits
 1773              		.align	2
 1774              		.type	cy_meta_flashprotect, %object
 1775              		.size	cy_meta_flashprotect, 256
 1776              	cy_meta_flashprotect:
 1777 0000 00000000 		.space	256
 1777      00000000 
 1777      00000000 
 1777      00000000 
 1777      00000000 
 1778              		.text
 1779              	.Letext0:
 1780              		.file 1 "c:\\program files (x86)\\cypress\\psoc creator\\4.4\\psoc creator\\import\\gnu\\arm\\5.4.
 1781              		.file 2 "c:\\program files (x86)\\cypress\\psoc creator\\4.4\\psoc creator\\import\\gnu\\arm\\5.4.
 1782              		.file 3 "Generated_Source\\PSoC5\\cymetadata.c"
 1783              		.section	.debug_info,"",%progbits
 1784              	.Ldebug_info0:
 1785 0000 35010000 		.4byte	0x135
 1786 0004 0400     		.2byte	0x4
 1787 0006 00000000 		.4byte	.Ldebug_abbrev0
 1788 000a 04       		.byte	0x4
 1789 000b 01       		.uleb128 0x1
 1790 000c 24000000 		.4byte	.LASF17
 1791 0010 0C       		.byte	0xc
 1792 0011 C1010000 		.4byte	.LASF18
 1793 0015 7E010000 		.4byte	.LASF19
 1794 0019 00000000 		.4byte	.Ldebug_line0
 1795 001d 02       		.uleb128 0x2
 1796 001e 01       		.byte	0x1
 1797 001f 06       		.byte	0x6
 1798 0020 72010000 		.4byte	.LASF0
 1799 0024 03       		.uleb128 0x3
 1800 0025 00000000 		.4byte	.LASF9
 1801 0029 01       		.byte	0x1
 1802 002a 1D       		.byte	0x1d
 1803 002b 2F000000 		.4byte	0x2f
 1804 002f 02       		.uleb128 0x2
 1805 0030 01       		.byte	0x1
 1806 0031 08       		.byte	0x8
 1807 0032 16000000 		.4byte	.LASF1
 1808 0036 02       		.uleb128 0x2
 1809 0037 02       		.byte	0x2
 1810 0038 05       		.byte	0x5
 1811 0039 5F010000 		.4byte	.LASF2
 1812 003d 02       		.uleb128 0x2
 1813 003e 02       		.byte	0x2
 1814 003f 07       		.byte	0x7
 1815 0040 C4000000 		.4byte	.LASF3
 1816 0044 02       		.uleb128 0x2
 1817 0045 04       		.byte	0x4
 1818 0046 05       		.byte	0x5
 1819 0047 69010000 		.4byte	.LASF4
 1820 004b 02       		.uleb128 0x2
ARM GAS  C:\Users\bolob\AppData\Local\Temp\ccebrMF3.s 			page 33


 1821 004c 04       		.byte	0x4
 1822 004d 07       		.byte	0x7
 1823 004e B2000000 		.4byte	.LASF5
 1824 0052 02       		.uleb128 0x2
 1825 0053 08       		.byte	0x8
 1826 0054 05       		.byte	0x5
 1827 0055 51010000 		.4byte	.LASF6
 1828 0059 02       		.uleb128 0x2
 1829 005a 08       		.byte	0x8
 1830 005b 07       		.byte	0x7
 1831 005c 06010000 		.4byte	.LASF7
 1832 0060 04       		.uleb128 0x4
 1833 0061 04       		.byte	0x4
 1834 0062 05       		.byte	0x5
 1835 0063 696E7400 		.ascii	"int\000"
 1836 0067 02       		.uleb128 0x2
 1837 0068 04       		.byte	0x4
 1838 0069 07       		.byte	0x7
 1839 006a F9000000 		.4byte	.LASF8
 1840 006e 03       		.uleb128 0x3
 1841 006f 1D010000 		.4byte	.LASF10
 1842 0073 02       		.byte	0x2
 1843 0074 18       		.byte	0x18
 1844 0075 24000000 		.4byte	0x24
 1845 0079 05       		.uleb128 0x5
 1846 007a 91000000 		.4byte	0x91
 1847 007e 8A000000 		.4byte	0x8a
 1848 0082 06       		.uleb128 0x6
 1849 0083 8A000000 		.4byte	0x8a
 1850 0087 AB06     		.2byte	0x6ab
 1851 0089 00       		.byte	0
 1852 008a 02       		.uleb128 0x2
 1853 008b 04       		.byte	0x4
 1854 008c 07       		.byte	0x7
 1855 008d 48010000 		.4byte	.LASF11
 1856 0091 07       		.uleb128 0x7
 1857 0092 6E000000 		.4byte	0x6e
 1858 0096 08       		.uleb128 0x8
 1859 0097 E7000000 		.4byte	.LASF12
 1860 009b 03       		.byte	0x3
 1861 009c 1F       		.byte	0x1f
 1862 009d A7000000 		.4byte	0xa7
 1863 00a1 05       		.uleb128 0x5
 1864 00a2 03       		.byte	0x3
 1865 00a3 00000000 		.4byte	cy_meta_configecc
 1866 00a7 07       		.uleb128 0x7
 1867 00a8 79000000 		.4byte	0x79
 1868 00ac 05       		.uleb128 0x5
 1869 00ad 91000000 		.4byte	0x91
 1870 00b1 BC000000 		.4byte	0xbc
 1871 00b5 09       		.uleb128 0x9
 1872 00b6 8A000000 		.4byte	0x8a
 1873 00ba 03       		.byte	0x3
 1874 00bb 00       		.byte	0
 1875 00bc 0A       		.uleb128 0xa
 1876 00bd D7000000 		.4byte	.LASF13
 1877 00c1 03       		.byte	0x3
ARM GAS  C:\Users\bolob\AppData\Local\Temp\ccebrMF3.s 			page 34


 1878 00c2 0201     		.2byte	0x102
 1879 00c4 CE000000 		.4byte	0xce
 1880 00c8 05       		.uleb128 0x5
 1881 00c9 03       		.byte	0x3
 1882 00ca 00000000 		.4byte	cy_meta_custnvl
 1883 00ce 07       		.uleb128 0x7
 1884 00cf AC000000 		.4byte	0xac
 1885 00d3 0A       		.uleb128 0xa
 1886 00d4 3A010000 		.4byte	.LASF14
 1887 00d8 03       		.byte	0x3
 1888 00d9 1001     		.2byte	0x110
 1889 00db E5000000 		.4byte	0xe5
 1890 00df 05       		.uleb128 0x5
 1891 00e0 03       		.byte	0x3
 1892 00e1 00000000 		.4byte	cy_meta_wonvl
 1893 00e5 07       		.uleb128 0x7
 1894 00e6 AC000000 		.4byte	0xac
 1895 00ea 05       		.uleb128 0x5
 1896 00eb 91000000 		.4byte	0x91
 1897 00ef FA000000 		.4byte	0xfa
 1898 00f3 09       		.uleb128 0x9
 1899 00f4 8A000000 		.4byte	0x8a
 1900 00f8 FF       		.byte	0xff
 1901 00f9 00       		.byte	0
 1902 00fa 0A       		.uleb128 0xa
 1903 00fb 25010000 		.4byte	.LASF15
 1904 00ff 03       		.byte	0x3
 1905 0100 1E01     		.2byte	0x11e
 1906 0102 0C010000 		.4byte	0x10c
 1907 0106 05       		.uleb128 0x5
 1908 0107 03       		.byte	0x3
 1909 0108 00000000 		.4byte	cy_meta_flashprotect
 1910 010c 07       		.uleb128 0x7
 1911 010d EA000000 		.4byte	0xea
 1912 0111 05       		.uleb128 0x5
 1913 0112 91000000 		.4byte	0x91
 1914 0116 21010000 		.4byte	0x121
 1915 011a 09       		.uleb128 0x9
 1916 011b 8A000000 		.4byte	0x8a
 1917 011f 0B       		.byte	0xb
 1918 0120 00       		.byte	0
 1919 0121 0A       		.uleb128 0xa
 1920 0122 0A000000 		.4byte	.LASF16
 1921 0126 03       		.byte	0x3
 1922 0127 4B01     		.2byte	0x14b
 1923 0129 33010000 		.4byte	0x133
 1924 012d 05       		.uleb128 0x5
 1925 012e 03       		.byte	0x3
 1926 012f 00000000 		.4byte	cy_metadata
 1927 0133 07       		.uleb128 0x7
 1928 0134 11010000 		.4byte	0x111
 1929 0138 00       		.byte	0
 1930              		.section	.debug_abbrev,"",%progbits
 1931              	.Ldebug_abbrev0:
 1932 0000 01       		.uleb128 0x1
 1933 0001 11       		.uleb128 0x11
 1934 0002 01       		.byte	0x1
ARM GAS  C:\Users\bolob\AppData\Local\Temp\ccebrMF3.s 			page 35


 1935 0003 25       		.uleb128 0x25
 1936 0004 0E       		.uleb128 0xe
 1937 0005 13       		.uleb128 0x13
 1938 0006 0B       		.uleb128 0xb
 1939 0007 03       		.uleb128 0x3
 1940 0008 0E       		.uleb128 0xe
 1941 0009 1B       		.uleb128 0x1b
 1942 000a 0E       		.uleb128 0xe
 1943 000b 10       		.uleb128 0x10
 1944 000c 17       		.uleb128 0x17
 1945 000d 00       		.byte	0
 1946 000e 00       		.byte	0
 1947 000f 02       		.uleb128 0x2
 1948 0010 24       		.uleb128 0x24
 1949 0011 00       		.byte	0
 1950 0012 0B       		.uleb128 0xb
 1951 0013 0B       		.uleb128 0xb
 1952 0014 3E       		.uleb128 0x3e
 1953 0015 0B       		.uleb128 0xb
 1954 0016 03       		.uleb128 0x3
 1955 0017 0E       		.uleb128 0xe
 1956 0018 00       		.byte	0
 1957 0019 00       		.byte	0
 1958 001a 03       		.uleb128 0x3
 1959 001b 16       		.uleb128 0x16
 1960 001c 00       		.byte	0
 1961 001d 03       		.uleb128 0x3
 1962 001e 0E       		.uleb128 0xe
 1963 001f 3A       		.uleb128 0x3a
 1964 0020 0B       		.uleb128 0xb
 1965 0021 3B       		.uleb128 0x3b
 1966 0022 0B       		.uleb128 0xb
 1967 0023 49       		.uleb128 0x49
 1968 0024 13       		.uleb128 0x13
 1969 0025 00       		.byte	0
 1970 0026 00       		.byte	0
 1971 0027 04       		.uleb128 0x4
 1972 0028 24       		.uleb128 0x24
 1973 0029 00       		.byte	0
 1974 002a 0B       		.uleb128 0xb
 1975 002b 0B       		.uleb128 0xb
 1976 002c 3E       		.uleb128 0x3e
 1977 002d 0B       		.uleb128 0xb
 1978 002e 03       		.uleb128 0x3
 1979 002f 08       		.uleb128 0x8
 1980 0030 00       		.byte	0
 1981 0031 00       		.byte	0
 1982 0032 05       		.uleb128 0x5
 1983 0033 01       		.uleb128 0x1
 1984 0034 01       		.byte	0x1
 1985 0035 49       		.uleb128 0x49
 1986 0036 13       		.uleb128 0x13
 1987 0037 01       		.uleb128 0x1
 1988 0038 13       		.uleb128 0x13
 1989 0039 00       		.byte	0
 1990 003a 00       		.byte	0
 1991 003b 06       		.uleb128 0x6
ARM GAS  C:\Users\bolob\AppData\Local\Temp\ccebrMF3.s 			page 36


 1992 003c 21       		.uleb128 0x21
 1993 003d 00       		.byte	0
 1994 003e 49       		.uleb128 0x49
 1995 003f 13       		.uleb128 0x13
 1996 0040 2F       		.uleb128 0x2f
 1997 0041 05       		.uleb128 0x5
 1998 0042 00       		.byte	0
 1999 0043 00       		.byte	0
 2000 0044 07       		.uleb128 0x7
 2001 0045 26       		.uleb128 0x26
 2002 0046 00       		.byte	0
 2003 0047 49       		.uleb128 0x49
 2004 0048 13       		.uleb128 0x13
 2005 0049 00       		.byte	0
 2006 004a 00       		.byte	0
 2007 004b 08       		.uleb128 0x8
 2008 004c 34       		.uleb128 0x34
 2009 004d 00       		.byte	0
 2010 004e 03       		.uleb128 0x3
 2011 004f 0E       		.uleb128 0xe
 2012 0050 3A       		.uleb128 0x3a
 2013 0051 0B       		.uleb128 0xb
 2014 0052 3B       		.uleb128 0x3b
 2015 0053 0B       		.uleb128 0xb
 2016 0054 49       		.uleb128 0x49
 2017 0055 13       		.uleb128 0x13
 2018 0056 3F       		.uleb128 0x3f
 2019 0057 19       		.uleb128 0x19
 2020 0058 02       		.uleb128 0x2
 2021 0059 18       		.uleb128 0x18
 2022 005a 00       		.byte	0
 2023 005b 00       		.byte	0
 2024 005c 09       		.uleb128 0x9
 2025 005d 21       		.uleb128 0x21
 2026 005e 00       		.byte	0
 2027 005f 49       		.uleb128 0x49
 2028 0060 13       		.uleb128 0x13
 2029 0061 2F       		.uleb128 0x2f
 2030 0062 0B       		.uleb128 0xb
 2031 0063 00       		.byte	0
 2032 0064 00       		.byte	0
 2033 0065 0A       		.uleb128 0xa
 2034 0066 34       		.uleb128 0x34
 2035 0067 00       		.byte	0
 2036 0068 03       		.uleb128 0x3
 2037 0069 0E       		.uleb128 0xe
 2038 006a 3A       		.uleb128 0x3a
 2039 006b 0B       		.uleb128 0xb
 2040 006c 3B       		.uleb128 0x3b
 2041 006d 05       		.uleb128 0x5
 2042 006e 49       		.uleb128 0x49
 2043 006f 13       		.uleb128 0x13
 2044 0070 3F       		.uleb128 0x3f
 2045 0071 19       		.uleb128 0x19
 2046 0072 02       		.uleb128 0x2
 2047 0073 18       		.uleb128 0x18
 2048 0074 00       		.byte	0
ARM GAS  C:\Users\bolob\AppData\Local\Temp\ccebrMF3.s 			page 37


 2049 0075 00       		.byte	0
 2050 0076 00       		.byte	0
 2051              		.section	.debug_aranges,"",%progbits
 2052 0000 14000000 		.4byte	0x14
 2053 0004 0200     		.2byte	0x2
 2054 0006 00000000 		.4byte	.Ldebug_info0
 2055 000a 04       		.byte	0x4
 2056 000b 00       		.byte	0
 2057 000c 0000     		.2byte	0
 2058 000e 0000     		.2byte	0
 2059 0010 00000000 		.4byte	0
 2060 0014 00000000 		.4byte	0
 2061              		.section	.debug_line,"",%progbits
 2062              	.Ldebug_line0:
 2063 0000 3D010000 		.section	.debug_str,"MS",%progbits,1
 2063      02003701 
 2063      00000201 
 2063      FB0E0D00 
 2063      01010101 
 2064              	.LASF9:
 2065 0000 5F5F7569 		.ascii	"__uint8_t\000"
 2065      6E74385F 
 2065      7400
 2066              	.LASF16:
 2067 000a 63795F6D 		.ascii	"cy_metadata\000"
 2067      65746164 
 2067      61746100 
 2068              	.LASF1:
 2069 0016 756E7369 		.ascii	"unsigned char\000"
 2069      676E6564 
 2069      20636861 
 2069      7200
 2070              	.LASF17:
 2071 0024 474E5520 		.ascii	"GNU C11 5.4.1 20160609 (release) [ARM/embedded-5-br"
 2071      43313120 
 2071      352E342E 
 2071      31203230 
 2071      31363036 
 2072 0057 616E6368 		.ascii	"anch revision 237715] -mcpu=cortex-m3 -mthumb -g -O"
 2072      20726576 
 2072      6973696F 
 2072      6E203233 
 2072      37373135 
 2073 008a 67202D66 		.ascii	"g -ffunction-sections -ffat-lto-objects\000"
 2073      66756E63 
 2073      74696F6E 
 2073      2D736563 
 2073      74696F6E 
 2074              	.LASF5:
 2075 00b2 6C6F6E67 		.ascii	"long unsigned int\000"
 2075      20756E73 
 2075      69676E65 
 2075      6420696E 
 2075      7400
 2076              	.LASF3:
 2077 00c4 73686F72 		.ascii	"short unsigned int\000"
 2077      7420756E 
ARM GAS  C:\Users\bolob\AppData\Local\Temp\ccebrMF3.s 			page 38


 2077      7369676E 
 2077      65642069 
 2077      6E7400
 2078              	.LASF13:
 2079 00d7 63795F6D 		.ascii	"cy_meta_custnvl\000"
 2079      6574615F 
 2079      63757374 
 2079      6E766C00 
 2080              	.LASF12:
 2081 00e7 63795F6D 		.ascii	"cy_meta_configecc\000"
 2081      6574615F 
 2081      636F6E66 
 2081      69676563 
 2081      6300
 2082              	.LASF8:
 2083 00f9 756E7369 		.ascii	"unsigned int\000"
 2083      676E6564 
 2083      20696E74 
 2083      00
 2084              	.LASF7:
 2085 0106 6C6F6E67 		.ascii	"long long unsigned int\000"
 2085      206C6F6E 
 2085      6720756E 
 2085      7369676E 
 2085      65642069 
 2086              	.LASF10:
 2087 011d 75696E74 		.ascii	"uint8_t\000"
 2087      385F7400 
 2088              	.LASF15:
 2089 0125 63795F6D 		.ascii	"cy_meta_flashprotect\000"
 2089      6574615F 
 2089      666C6173 
 2089      6870726F 
 2089      74656374 
 2090              	.LASF14:
 2091 013a 63795F6D 		.ascii	"cy_meta_wonvl\000"
 2091      6574615F 
 2091      776F6E76 
 2091      6C00
 2092              	.LASF11:
 2093 0148 73697A65 		.ascii	"sizetype\000"
 2093      74797065 
 2093      00
 2094              	.LASF6:
 2095 0151 6C6F6E67 		.ascii	"long long int\000"
 2095      206C6F6E 
 2095      6720696E 
 2095      7400
 2096              	.LASF2:
 2097 015f 73686F72 		.ascii	"short int\000"
 2097      7420696E 
 2097      7400
 2098              	.LASF4:
 2099 0169 6C6F6E67 		.ascii	"long int\000"
 2099      20696E74 
 2099      00
 2100              	.LASF0:
ARM GAS  C:\Users\bolob\AppData\Local\Temp\ccebrMF3.s 			page 39


 2101 0172 7369676E 		.ascii	"signed char\000"
 2101      65642063 
 2101      68617200 
 2102              	.LASF19:
 2103 017e 433A5C55 		.ascii	"C:\\Users\\bolob\\Documents\\PSoC Creator\\Clock\\E"
 2103      73657273 
 2103      5C626F6C 
 2103      6F625C44 
 2103      6F63756D 
 2104 01ab 6C656374 		.ascii	"lectronic_Clock.cydsn\000"
 2104      726F6E69 
 2104      635F436C 
 2104      6F636B2E 
 2104      63796473 
 2105              	.LASF18:
 2106 01c1 47656E65 		.ascii	"Generated_Source\\PSoC5\\cymetadata.c\000"
 2106      72617465 
 2106      645F536F 
 2106      75726365 
 2106      5C50536F 
 2107              		.ident	"GCC: (GNU Tools for ARM Embedded Processors) 5.4.1 20160609 (release) [ARM/embedded-5-bran
