ARM GAS  C:\Users\bolob\AppData\Local\Temp\ccHtPW3R.s 			page 1


   1              		.syntax unified
   2              		.cpu cortex-m3
   3              		.fpu softvfp
   4              		.eabi_attribute 20, 1
   5              		.eabi_attribute 21, 1
   6              		.eabi_attribute 23, 3
   7              		.eabi_attribute 24, 1
   8              		.eabi_attribute 25, 1
   9              		.eabi_attribute 26, 1
  10              		.eabi_attribute 30, 1
  11              		.eabi_attribute 34, 1
  12              		.eabi_attribute 18, 4
  13              		.thumb
  14              		.syntax unified
  15              		.file	"ErikaOS_2_common_ee_hal_structs.c"
  16              		.text
  17              	.Ltext0:
  18              		.cfi_sections	.debug_frame
  19              		.comm	EE_std_endcycle_next_tid,4,4
  20              		.comm	EE_IRQ_nesting_level,4,4
  21              	.Letext0:
  22              		.file 1 "Generated_Source\\PSoC5\\ErikaOS_2_common_ee_types.inc"
  23              		.file 2 "Generated_Source\\PSoC5\\ErikaOS_2_cortex_mx_ee_cpu.inc"
  24              		.file 3 "Generated_Source\\PSoC5\\ErikaOS_2_ee_oo_common.inc"
  25              		.file 4 "Generated_Source\\PSoC5\\ErikaOS_2_common_ee_hal_structs.c"
  26              		.file 5 "Generated_Source\\PSoC5\\ErikaOS_2_ee_oo_intfunc.inc"
  27              		.file 6 "Generated_Source\\PSoC5\\ErikaOS_2_ee_oo_internal.inc"
  28              		.section	.debug_info,"",%progbits
  29              	.Ldebug_info0:
  30 0000 24020000 		.4byte	0x224
  31 0004 0400     		.2byte	0x4
  32 0006 00000000 		.4byte	.Ldebug_abbrev0
  33 000a 04       		.byte	0x4
  34 000b 01       		.uleb128 0x1
  35 000c 6A020000 		.4byte	.LASF36
  36 0010 0C       		.byte	0xc
  37 0011 16000000 		.4byte	.LASF37
  38 0015 94010000 		.4byte	.LASF38
  39 0019 00000000 		.4byte	.Ldebug_line0
  40 001d 02       		.uleb128 0x2
  41 001e 01       		.byte	0x1
  42 001f 06       		.byte	0x6
  43 0020 36010000 		.4byte	.LASF0
  44 0024 02       		.uleb128 0x2
  45 0025 01       		.byte	0x1
  46 0026 08       		.byte	0x8
  47 0027 28010000 		.4byte	.LASF1
  48 002b 02       		.uleb128 0x2
  49 002c 02       		.byte	0x2
  50 002d 05       		.byte	0x5
  51 002e 73000000 		.4byte	.LASF2
  52 0032 02       		.uleb128 0x2
  53 0033 02       		.byte	0x2
  54 0034 07       		.byte	0x7
  55 0035 D7010000 		.4byte	.LASF3
  56 0039 02       		.uleb128 0x2
  57 003a 04       		.byte	0x4
ARM GAS  C:\Users\bolob\AppData\Local\Temp\ccHtPW3R.s 			page 2


  58 003b 05       		.byte	0x5
  59 003c EB000000 		.4byte	.LASF4
  60 0040 02       		.uleb128 0x2
  61 0041 04       		.byte	0x4
  62 0042 07       		.byte	0x7
  63 0043 07020000 		.4byte	.LASF5
  64 0047 02       		.uleb128 0x2
  65 0048 08       		.byte	0x8
  66 0049 05       		.byte	0x5
  67 004a C5000000 		.4byte	.LASF6
  68 004e 02       		.uleb128 0x2
  69 004f 08       		.byte	0x8
  70 0050 07       		.byte	0x7
  71 0051 42010000 		.4byte	.LASF7
  72 0055 03       		.uleb128 0x3
  73 0056 04       		.byte	0x4
  74 0057 05       		.byte	0x5
  75 0058 696E7400 		.ascii	"int\000"
  76 005c 02       		.uleb128 0x2
  77 005d 04       		.byte	0x4
  78 005e 07       		.byte	0x7
  79 005f 59010000 		.4byte	.LASF8
  80 0063 02       		.uleb128 0x2
  81 0064 08       		.byte	0x8
  82 0065 04       		.byte	0x4
  83 0066 1C010000 		.4byte	.LASF9
  84 006a 04       		.uleb128 0x4
  85 006b D3000000 		.4byte	.LASF10
  86 006f 01       		.byte	0x1
  87 0070 3F       		.byte	0x3f
  88 0071 1D000000 		.4byte	0x1d
  89 0075 04       		.uleb128 0x4
  90 0076 EA010000 		.4byte	.LASF11
  91 007a 01       		.byte	0x1
  92 007b 52       		.byte	0x52
  93 007c 32000000 		.4byte	0x32
  94 0080 04       		.uleb128 0x4
  95 0081 8B010000 		.4byte	.LASF12
  96 0085 01       		.byte	0x1
  97 0086 53       		.byte	0x53
  98 0087 55000000 		.4byte	0x55
  99 008b 04       		.uleb128 0x4
 100 008c 8E000000 		.4byte	.LASF13
 101 0090 01       		.byte	0x1
 102 0091 54       		.byte	0x54
 103 0092 5C000000 		.4byte	0x5c
 104 0096 04       		.uleb128 0x4
 105 0097 0E000000 		.4byte	.LASF14
 106 009b 02       		.byte	0x2
 107 009c 4D       		.byte	0x4d
 108 009d 8B000000 		.4byte	0x8b
 109 00a1 04       		.uleb128 0x4
 110 00a2 86000000 		.4byte	.LASF15
 111 00a6 02       		.byte	0x2
 112 00a7 4F       		.byte	0x4f
 113 00a8 8B000000 		.4byte	0x8b
 114 00ac 04       		.uleb128 0x4
ARM GAS  C:\Users\bolob\AppData\Local\Temp\ccHtPW3R.s 			page 3


 115 00ad 19020000 		.4byte	.LASF16
 116 00b1 02       		.byte	0x2
 117 00b2 54       		.byte	0x54
 118 00b3 96000000 		.4byte	0x96
 119 00b7 04       		.uleb128 0x4
 120 00b8 A9000000 		.4byte	.LASF17
 121 00bc 02       		.byte	0x2
 122 00bd 78       		.byte	0x78
 123 00be 80000000 		.4byte	0x80
 124 00c2 05       		.uleb128 0x5
 125 00c3 DB000000 		.4byte	.LASF18
 126 00c7 03       		.byte	0x3
 127 00c8 1101     		.2byte	0x111
 128 00ca 75000000 		.4byte	0x75
 129 00ce 06       		.uleb128 0x6
 130 00cf B0000000 		.4byte	.LASF19
 131 00d3 04       		.byte	0x4
 132 00d4 3A       		.byte	0x3a
 133 00d5 96000000 		.4byte	0x96
 134 00d9 05       		.uleb128 0x5
 135 00da 03       		.byte	0x3
 136 00db 00000000 		.4byte	EE_IRQ_nesting_level
 137 00df 06       		.uleb128 0x6
 138 00e0 72010000 		.4byte	.LASF20
 139 00e4 04       		.byte	0x4
 140 00e5 3F       		.byte	0x3f
 141 00e6 B7000000 		.4byte	0xb7
 142 00ea 05       		.uleb128 0x5
 143 00eb 03       		.byte	0x3
 144 00ec 00000000 		.4byte	EE_std_endcycle_next_tid
 145 00f0 07       		.uleb128 0x7
 146 00f1 06010000 		.4byte	0x106
 147 00f5 FF000000 		.4byte	0xff
 148 00f9 08       		.uleb128 0x8
 149 00fa FF000000 		.4byte	0xff
 150 00fe 00       		.byte	0
 151 00ff 02       		.uleb128 0x2
 152 0100 04       		.byte	0x4
 153 0101 07       		.byte	0x7
 154 0102 7D000000 		.4byte	.LASF21
 155 0106 09       		.uleb128 0x9
 156 0107 96000000 		.4byte	0x96
 157 010b 0A       		.uleb128 0xa
 158 010c 98000000 		.4byte	.LASF22
 159 0110 03       		.byte	0x3
 160 0111 B2       		.byte	0xb2
 161 0112 16010000 		.4byte	0x116
 162 0116 09       		.uleb128 0x9
 163 0117 F0000000 		.4byte	0xf0
 164 011b 07       		.uleb128 0x7
 165 011c 06010000 		.4byte	0x106
 166 0120 2A010000 		.4byte	0x12a
 167 0124 08       		.uleb128 0x8
 168 0125 FF000000 		.4byte	0xff
 169 0129 00       		.byte	0
 170 012a 0A       		.uleb128 0xa
 171 012b 4B020000 		.4byte	.LASF23
ARM GAS  C:\Users\bolob\AppData\Local\Temp\ccHtPW3R.s 			page 4


 172 012f 03       		.byte	0x3
 173 0130 B3       		.byte	0xb3
 174 0131 35010000 		.4byte	0x135
 175 0135 09       		.uleb128 0x9
 176 0136 1B010000 		.4byte	0x11b
 177 013a 07       		.uleb128 0x7
 178 013b 96000000 		.4byte	0x96
 179 013f 49010000 		.4byte	0x149
 180 0143 08       		.uleb128 0x8
 181 0144 FF000000 		.4byte	0xff
 182 0148 00       		.byte	0
 183 0149 0A       		.uleb128 0xa
 184 014a 3E020000 		.4byte	.LASF24
 185 014e 03       		.byte	0x3
 186 014f CA       		.byte	0xca
 187 0150 3A010000 		.4byte	0x13a
 188 0154 07       		.uleb128 0x7
 189 0155 B7000000 		.4byte	0xb7
 190 0159 63010000 		.4byte	0x163
 191 015d 08       		.uleb128 0x8
 192 015e FF000000 		.4byte	0xff
 193 0162 00       		.byte	0
 194 0163 0A       		.uleb128 0xa
 195 0164 5F020000 		.4byte	.LASF25
 196 0168 03       		.byte	0x3
 197 0169 D2       		.byte	0xd2
 198 016a 54010000 		.4byte	0x154
 199 016e 07       		.uleb128 0x7
 200 016f 96000000 		.4byte	0x96
 201 0173 7D010000 		.4byte	0x17d
 202 0177 08       		.uleb128 0x8
 203 0178 FF000000 		.4byte	0xff
 204 017c 00       		.byte	0
 205 017d 0A       		.uleb128 0xa
 206 017e 66010000 		.4byte	.LASF26
 207 0182 03       		.byte	0x3
 208 0183 DA       		.byte	0xda
 209 0184 6E010000 		.4byte	0x16e
 210 0188 0A       		.uleb128 0xa
 211 0189 25020000 		.4byte	.LASF27
 212 018d 03       		.byte	0x3
 213 018e E2       		.byte	0xe2
 214 018f B7000000 		.4byte	0xb7
 215 0193 0A       		.uleb128 0xa
 216 0194 0D010000 		.4byte	.LASF28
 217 0198 03       		.byte	0x3
 218 0199 F7       		.byte	0xf7
 219 019a 96000000 		.4byte	0x96
 220 019e 0B       		.uleb128 0xb
 221 019f 00000000 		.4byte	.LASF29
 222 01a3 03       		.byte	0x3
 223 01a4 3F01     		.2byte	0x13f
 224 01a6 C2000000 		.4byte	0xc2
 225 01aa 07       		.uleb128 0x7
 226 01ab 96000000 		.4byte	0x96
 227 01af B9010000 		.4byte	0x1b9
 228 01b3 08       		.uleb128 0x8
ARM GAS  C:\Users\bolob\AppData\Local\Temp\ccHtPW3R.s 			page 5


 229 01b4 FF000000 		.4byte	0xff
 230 01b8 00       		.byte	0
 231 01b9 0B       		.uleb128 0xb
 232 01ba 4F000000 		.4byte	.LASF30
 233 01be 03       		.byte	0x3
 234 01bf 5C01     		.2byte	0x15c
 235 01c1 AA010000 		.4byte	0x1aa
 236 01c5 07       		.uleb128 0x7
 237 01c6 AC000000 		.4byte	0xac
 238 01ca D4010000 		.4byte	0x1d4
 239 01ce 08       		.uleb128 0x8
 240 01cf FF000000 		.4byte	0xff
 241 01d3 00       		.byte	0
 242 01d4 0B       		.uleb128 0xb
 243 01d5 62000000 		.4byte	.LASF31
 244 01d9 03       		.byte	0x3
 245 01da 6701     		.2byte	0x167
 246 01dc C5010000 		.4byte	0x1c5
 247 01e0 0A       		.uleb128 0xa
 248 01e1 F8020000 		.4byte	.LASF32
 249 01e5 05       		.byte	0x5
 250 01e6 40       		.byte	0x40
 251 01e7 96000000 		.4byte	0x96
 252 01eb 0A       		.uleb128 0xa
 253 01ec F4000000 		.4byte	.LASF33
 254 01f0 05       		.byte	0x5
 255 01f1 47       		.byte	0x47
 256 01f2 A1000000 		.4byte	0xa1
 257 01f6 0A       		.uleb128 0xa
 258 01f7 F4010000 		.4byte	.LASF34
 259 01fb 05       		.byte	0x5
 260 01fc 4A       		.byte	0x4a
 261 01fd 96000000 		.4byte	0x96
 262 0201 07       		.uleb128 0x7
 263 0202 11020000 		.4byte	0x211
 264 0206 11020000 		.4byte	0x211
 265 020a 0C       		.uleb128 0xc
 266 020b FF000000 		.4byte	0xff
 267 020f FF       		.byte	0xff
 268 0210 00       		.byte	0
 269 0211 09       		.uleb128 0x9
 270 0212 6A000000 		.4byte	0x6a
 271 0216 0B       		.uleb128 0xb
 272 0217 31020000 		.4byte	.LASF35
 273 021b 06       		.byte	0x6
 274 021c AB01     		.2byte	0x1ab
 275 021e 22020000 		.4byte	0x222
 276 0222 09       		.uleb128 0x9
 277 0223 01020000 		.4byte	0x201
 278 0227 00       		.byte	0
 279              		.section	.debug_abbrev,"",%progbits
 280              	.Ldebug_abbrev0:
 281 0000 01       		.uleb128 0x1
 282 0001 11       		.uleb128 0x11
 283 0002 01       		.byte	0x1
 284 0003 25       		.uleb128 0x25
 285 0004 0E       		.uleb128 0xe
ARM GAS  C:\Users\bolob\AppData\Local\Temp\ccHtPW3R.s 			page 6


 286 0005 13       		.uleb128 0x13
 287 0006 0B       		.uleb128 0xb
 288 0007 03       		.uleb128 0x3
 289 0008 0E       		.uleb128 0xe
 290 0009 1B       		.uleb128 0x1b
 291 000a 0E       		.uleb128 0xe
 292 000b 10       		.uleb128 0x10
 293 000c 17       		.uleb128 0x17
 294 000d 00       		.byte	0
 295 000e 00       		.byte	0
 296 000f 02       		.uleb128 0x2
 297 0010 24       		.uleb128 0x24
 298 0011 00       		.byte	0
 299 0012 0B       		.uleb128 0xb
 300 0013 0B       		.uleb128 0xb
 301 0014 3E       		.uleb128 0x3e
 302 0015 0B       		.uleb128 0xb
 303 0016 03       		.uleb128 0x3
 304 0017 0E       		.uleb128 0xe
 305 0018 00       		.byte	0
 306 0019 00       		.byte	0
 307 001a 03       		.uleb128 0x3
 308 001b 24       		.uleb128 0x24
 309 001c 00       		.byte	0
 310 001d 0B       		.uleb128 0xb
 311 001e 0B       		.uleb128 0xb
 312 001f 3E       		.uleb128 0x3e
 313 0020 0B       		.uleb128 0xb
 314 0021 03       		.uleb128 0x3
 315 0022 08       		.uleb128 0x8
 316 0023 00       		.byte	0
 317 0024 00       		.byte	0
 318 0025 04       		.uleb128 0x4
 319 0026 16       		.uleb128 0x16
 320 0027 00       		.byte	0
 321 0028 03       		.uleb128 0x3
 322 0029 0E       		.uleb128 0xe
 323 002a 3A       		.uleb128 0x3a
 324 002b 0B       		.uleb128 0xb
 325 002c 3B       		.uleb128 0x3b
 326 002d 0B       		.uleb128 0xb
 327 002e 49       		.uleb128 0x49
 328 002f 13       		.uleb128 0x13
 329 0030 00       		.byte	0
 330 0031 00       		.byte	0
 331 0032 05       		.uleb128 0x5
 332 0033 16       		.uleb128 0x16
 333 0034 00       		.byte	0
 334 0035 03       		.uleb128 0x3
 335 0036 0E       		.uleb128 0xe
 336 0037 3A       		.uleb128 0x3a
 337 0038 0B       		.uleb128 0xb
 338 0039 3B       		.uleb128 0x3b
 339 003a 05       		.uleb128 0x5
 340 003b 49       		.uleb128 0x49
 341 003c 13       		.uleb128 0x13
 342 003d 00       		.byte	0
ARM GAS  C:\Users\bolob\AppData\Local\Temp\ccHtPW3R.s 			page 7


 343 003e 00       		.byte	0
 344 003f 06       		.uleb128 0x6
 345 0040 34       		.uleb128 0x34
 346 0041 00       		.byte	0
 347 0042 03       		.uleb128 0x3
 348 0043 0E       		.uleb128 0xe
 349 0044 3A       		.uleb128 0x3a
 350 0045 0B       		.uleb128 0xb
 351 0046 3B       		.uleb128 0x3b
 352 0047 0B       		.uleb128 0xb
 353 0048 49       		.uleb128 0x49
 354 0049 13       		.uleb128 0x13
 355 004a 3F       		.uleb128 0x3f
 356 004b 19       		.uleb128 0x19
 357 004c 02       		.uleb128 0x2
 358 004d 18       		.uleb128 0x18
 359 004e 00       		.byte	0
 360 004f 00       		.byte	0
 361 0050 07       		.uleb128 0x7
 362 0051 01       		.uleb128 0x1
 363 0052 01       		.byte	0x1
 364 0053 49       		.uleb128 0x49
 365 0054 13       		.uleb128 0x13
 366 0055 01       		.uleb128 0x1
 367 0056 13       		.uleb128 0x13
 368 0057 00       		.byte	0
 369 0058 00       		.byte	0
 370 0059 08       		.uleb128 0x8
 371 005a 21       		.uleb128 0x21
 372 005b 00       		.byte	0
 373 005c 49       		.uleb128 0x49
 374 005d 13       		.uleb128 0x13
 375 005e 00       		.byte	0
 376 005f 00       		.byte	0
 377 0060 09       		.uleb128 0x9
 378 0061 26       		.uleb128 0x26
 379 0062 00       		.byte	0
 380 0063 49       		.uleb128 0x49
 381 0064 13       		.uleb128 0x13
 382 0065 00       		.byte	0
 383 0066 00       		.byte	0
 384 0067 0A       		.uleb128 0xa
 385 0068 34       		.uleb128 0x34
 386 0069 00       		.byte	0
 387 006a 03       		.uleb128 0x3
 388 006b 0E       		.uleb128 0xe
 389 006c 3A       		.uleb128 0x3a
 390 006d 0B       		.uleb128 0xb
 391 006e 3B       		.uleb128 0x3b
 392 006f 0B       		.uleb128 0xb
 393 0070 49       		.uleb128 0x49
 394 0071 13       		.uleb128 0x13
 395 0072 3F       		.uleb128 0x3f
 396 0073 19       		.uleb128 0x19
 397 0074 3C       		.uleb128 0x3c
 398 0075 19       		.uleb128 0x19
 399 0076 00       		.byte	0
ARM GAS  C:\Users\bolob\AppData\Local\Temp\ccHtPW3R.s 			page 8


 400 0077 00       		.byte	0
 401 0078 0B       		.uleb128 0xb
 402 0079 34       		.uleb128 0x34
 403 007a 00       		.byte	0
 404 007b 03       		.uleb128 0x3
 405 007c 0E       		.uleb128 0xe
 406 007d 3A       		.uleb128 0x3a
 407 007e 0B       		.uleb128 0xb
 408 007f 3B       		.uleb128 0x3b
 409 0080 05       		.uleb128 0x5
 410 0081 49       		.uleb128 0x49
 411 0082 13       		.uleb128 0x13
 412 0083 3F       		.uleb128 0x3f
 413 0084 19       		.uleb128 0x19
 414 0085 3C       		.uleb128 0x3c
 415 0086 19       		.uleb128 0x19
 416 0087 00       		.byte	0
 417 0088 00       		.byte	0
 418 0089 0C       		.uleb128 0xc
 419 008a 21       		.uleb128 0x21
 420 008b 00       		.byte	0
 421 008c 49       		.uleb128 0x49
 422 008d 13       		.uleb128 0x13
 423 008e 2F       		.uleb128 0x2f
 424 008f 0B       		.uleb128 0xb
 425 0090 00       		.byte	0
 426 0091 00       		.byte	0
 427 0092 00       		.byte	0
 428              		.section	.debug_aranges,"",%progbits
 429 0000 14000000 		.4byte	0x14
 430 0004 0200     		.2byte	0x2
 431 0006 00000000 		.4byte	.Ldebug_info0
 432 000a 04       		.byte	0x4
 433 000b 00       		.byte	0
 434 000c 0000     		.2byte	0
 435 000e 0000     		.2byte	0
 436 0010 00000000 		.4byte	0
 437 0014 00000000 		.4byte	0
 438              		.section	.debug_line,"",%progbits
 439              	.Ldebug_line0:
 440 0000 F5000000 		.section	.debug_str,"MS",%progbits,1
 440      0200EF00 
 440      00000201 
 440      FB0E0D00 
 440      01010101 
 441              	.LASF29:
 442 0000 45455F72 		.ascii	"EE_rq_bitmask\000"
 442      715F6269 
 442      746D6173 
 442      6B00
 443              	.LASF14:
 444 000e 45455F55 		.ascii	"EE_UREG\000"
 444      52454700 
 445              	.LASF37:
 446 0016 47656E65 		.ascii	"Generated_Source\\PSoC5\\ErikaOS_2_common_ee_hal_st"
 446      72617465 
 446      645F536F 
ARM GAS  C:\Users\bolob\AppData\Local\Temp\ccHtPW3R.s 			page 9


 446      75726365 
 446      5C50536F 
 447 0047 72756374 		.ascii	"ructs.c\000"
 447      732E6300 
 448              	.LASF30:
 449 004f 45455F74 		.ascii	"EE_th_event_active\000"
 449      685F6576 
 449      656E745F 
 449      61637469 
 449      766500
 450              	.LASF31:
 451 0062 45455F74 		.ascii	"EE_th_waswaiting\000"
 451      685F7761 
 451      73776169 
 451      74696E67 
 451      00
 452              	.LASF2:
 453 0073 73686F72 		.ascii	"short int\000"
 453      7420696E 
 453      7400
 454              	.LASF21:
 455 007d 73697A65 		.ascii	"sizetype\000"
 455      74797065 
 455      00
 456              	.LASF15:
 457 0086 45455F46 		.ascii	"EE_FREG\000"
 457      52454700 
 458              	.LASF13:
 459 008e 45455F55 		.ascii	"EE_UINT32\000"
 459      494E5433 
 459      3200
 460              	.LASF22:
 461 0098 45455F74 		.ascii	"EE_th_ready_prio\000"
 461      685F7265 
 461      6164795F 
 461      7072696F 
 461      00
 462              	.LASF17:
 463 00a9 45455F54 		.ascii	"EE_TID\000"
 463      494400
 464              	.LASF19:
 465 00b0 45455F49 		.ascii	"EE_IRQ_nesting_level\000"
 465      52515F6E 
 465      65737469 
 465      6E675F6C 
 465      6576656C 
 466              	.LASF6:
 467 00c5 6C6F6E67 		.ascii	"long long int\000"
 467      206C6F6E 
 467      6720696E 
 467      7400
 468              	.LASF10:
 469 00d3 45455F49 		.ascii	"EE_INT8\000"
 469      4E543800 
 470              	.LASF18:
 471 00db 45455F54 		.ascii	"EE_TYPE_RQ_MASK\000"
 471      5950455F 
ARM GAS  C:\Users\bolob\AppData\Local\Temp\ccHtPW3R.s 			page 10


 471      52515F4D 
 471      41534B00 
 472              	.LASF4:
 473 00eb 6C6F6E67 		.ascii	"long int\000"
 473      20696E74 
 473      00
 474              	.LASF33:
 475 00f4 45455F6F 		.ascii	"EE_oo_IRQ_suspend_status\000"
 475      6F5F4952 
 475      515F7375 
 475      7370656E 
 475      645F7374 
 476              	.LASF28:
 477 010d 45455F73 		.ascii	"EE_sys_ceiling\000"
 477      79735F63 
 477      65696C69 
 477      6E6700
 478              	.LASF9:
 479 011c 6C6F6E67 		.ascii	"long double\000"
 479      20646F75 
 479      626C6500 
 480              	.LASF1:
 481 0128 756E7369 		.ascii	"unsigned char\000"
 481      676E6564 
 481      20636861 
 481      7200
 482              	.LASF0:
 483 0136 7369676E 		.ascii	"signed char\000"
 483      65642063 
 483      68617200 
 484              	.LASF7:
 485 0142 6C6F6E67 		.ascii	"long long unsigned int\000"
 485      206C6F6E 
 485      6720756E 
 485      7369676E 
 485      65642069 
 486              	.LASF8:
 487 0159 756E7369 		.ascii	"unsigned int\000"
 487      676E6564 
 487      20696E74 
 487      00
 488              	.LASF26:
 489 0166 45455F74 		.ascii	"EE_th_rnact\000"
 489      685F726E 
 489      61637400 
 490              	.LASF20:
 491 0172 45455F73 		.ascii	"EE_std_endcycle_next_tid\000"
 491      74645F65 
 491      6E646379 
 491      636C655F 
 491      6E657874 
 492              	.LASF12:
 493 018b 45455F49 		.ascii	"EE_INT32\000"
 493      4E543332 
 493      00
 494              	.LASF38:
 495 0194 433A5C55 		.ascii	"C:\\Users\\bolob\\Documents\\PSoC Creator\\Clock\\E"
ARM GAS  C:\Users\bolob\AppData\Local\Temp\ccHtPW3R.s 			page 11


 495      73657273 
 495      5C626F6C 
 495      6F625C44 
 495      6F63756D 
 496 01c1 6C656374 		.ascii	"lectronic_Clock.cydsn\000"
 496      726F6E69 
 496      635F436C 
 496      6F636B2E 
 496      63796473 
 497              	.LASF3:
 498 01d7 73686F72 		.ascii	"short unsigned int\000"
 498      7420756E 
 498      7369676E 
 498      65642069 
 498      6E7400
 499              	.LASF11:
 500 01ea 45455F55 		.ascii	"EE_UINT16\000"
 500      494E5431 
 500      3600
 501              	.LASF34:
 502 01f4 45455F41 		.ascii	"EE_ApplicationMode\000"
 502      70706C69 
 502      63617469 
 502      6F6E4D6F 
 502      646500
 503              	.LASF5:
 504 0207 6C6F6E67 		.ascii	"long unsigned int\000"
 504      20756E73 
 504      69676E65 
 504      6420696E 
 504      7400
 505              	.LASF16:
 506 0219 45455F54 		.ascii	"EE_TYPEBOOL\000"
 506      59504542 
 506      4F4F4C00 
 507              	.LASF27:
 508 0225 45455F73 		.ascii	"EE_stkfirst\000"
 508      746B6669 
 508      72737400 
 509              	.LASF35:
 510 0231 45455F72 		.ascii	"EE_rq_lookup\000"
 510      715F6C6F 
 510      6F6B7570 
 510      00
 511              	.LASF24:
 512 023e 45455F74 		.ascii	"EE_th_status\000"
 512      685F7374 
 512      61747573 
 512      00
 513              	.LASF23:
 514 024b 45455F74 		.ascii	"EE_th_dispatch_prio\000"
 514      685F6469 
 514      73706174 
 514      63685F70 
 514      72696F00 
 515              	.LASF25:
 516 025f 45455F74 		.ascii	"EE_th_next\000"
ARM GAS  C:\Users\bolob\AppData\Local\Temp\ccHtPW3R.s 			page 12


 516      685F6E65 
 516      787400
 517              	.LASF36:
 518 026a 474E5520 		.ascii	"GNU C11 5.4.1 20160609 (release) [ARM/embedded-5-br"
 518      43313120 
 518      352E342E 
 518      31203230 
 518      31363036 
 519 029d 616E6368 		.ascii	"anch revision 237715] -mcpu=cortex-m3 -mthumb -g -O"
 519      20726576 
 519      6973696F 
 519      6E203233 
 519      37373135 
 520 02d0 67202D66 		.ascii	"g -ffunction-sections -ffat-lto-objects\000"
 520      66756E63 
 520      74696F6E 
 520      2D736563 
 520      74696F6E 
 521              	.LASF32:
 522 02f8 45455F6F 		.ascii	"EE_oo_IRQ_disable_count\000"
 522      6F5F4952 
 522      515F6469 
 522      7361626C 
 522      655F636F 
 523              		.ident	"GCC: (GNU Tools for ARM Embedded Processors) 5.4.1 20160609 (release) [ARM/embedded-5-bran
