ARM GAS  C:\Users\bolob\AppData\Local\Temp\cc0WKlHx.s 			page 1


   1              		.syntax unified
   2              		.cpu cortex-m3
   3              		.fpu softvfp
   4              		.eabi_attribute 20, 1
   5              		.eabi_attribute 21, 1
   6              		.eabi_attribute 23, 3
   7              		.eabi_attribute 24, 1
   8              		.eabi_attribute 25, 1
   9              		.eabi_attribute 26, 1
  10              		.eabi_attribute 30, 1
  11              		.eabi_attribute 34, 1
  12              		.eabi_attribute 18, 4
  13              		.thumb
  14              		.syntax unified
  15              		.file	"ErikaOS_2_ee_activate.c"
  16              		.text
  17              	.Ltext0:
  18              		.cfi_sections	.debug_frame
  19              		.section	.text.EE_oo_ActivateTask,"ax",%progbits
  20              		.align	2
  21              		.global	EE_oo_ActivateTask
  22              		.thumb
  23              		.thumb_func
  24              		.type	EE_oo_ActivateTask, %function
  25              	EE_oo_ActivateTask:
  26              	.LFB59:
  27              		.file 1 "Generated_Source\\PSoC5\\ErikaOS_2_ee_activate.c"
   1:Generated_Source\PSoC5/ErikaOS_2_ee_activate.c **** /* ###*B*###
   2:Generated_Source\PSoC5/ErikaOS_2_ee_activate.c ****  * ERIKA Enterprise - a tiny RTOS for small microcontrollers
   3:Generated_Source\PSoC5/ErikaOS_2_ee_activate.c ****  *
   4:Generated_Source\PSoC5/ErikaOS_2_ee_activate.c ****  * Copyright (C) 2002-2008  Evidence Srl
   5:Generated_Source\PSoC5/ErikaOS_2_ee_activate.c ****  *
   6:Generated_Source\PSoC5/ErikaOS_2_ee_activate.c ****  * This file is part of ERIKA Enterprise.
   7:Generated_Source\PSoC5/ErikaOS_2_ee_activate.c ****  *
   8:Generated_Source\PSoC5/ErikaOS_2_ee_activate.c ****  * ERIKA Enterprise is free software; you can redistribute it
   9:Generated_Source\PSoC5/ErikaOS_2_ee_activate.c ****  * and/or modify it under the terms of the GNU General Public License
  10:Generated_Source\PSoC5/ErikaOS_2_ee_activate.c ****  * version 2 as published by the Free Software Foundation, 
  11:Generated_Source\PSoC5/ErikaOS_2_ee_activate.c ****  * (with a special exception described below).
  12:Generated_Source\PSoC5/ErikaOS_2_ee_activate.c ****  *
  13:Generated_Source\PSoC5/ErikaOS_2_ee_activate.c ****  * Linking this code statically or dynamically with other modules is
  14:Generated_Source\PSoC5/ErikaOS_2_ee_activate.c ****  * making a combined work based on this code.  Thus, the terms and
  15:Generated_Source\PSoC5/ErikaOS_2_ee_activate.c ****  * conditions of the GNU General Public License cover the whole
  16:Generated_Source\PSoC5/ErikaOS_2_ee_activate.c ****  * combination.
  17:Generated_Source\PSoC5/ErikaOS_2_ee_activate.c ****  *
  18:Generated_Source\PSoC5/ErikaOS_2_ee_activate.c ****  * As a special exception, the copyright holders of this library give you
  19:Generated_Source\PSoC5/ErikaOS_2_ee_activate.c ****  * permission to link this code with independent modules to produce an
  20:Generated_Source\PSoC5/ErikaOS_2_ee_activate.c ****  * executable, regardless of the license terms of these independent
  21:Generated_Source\PSoC5/ErikaOS_2_ee_activate.c ****  * modules, and to copy and distribute the resulting executable under
  22:Generated_Source\PSoC5/ErikaOS_2_ee_activate.c ****  * terms of your choice, provided that you also meet, for each linked
  23:Generated_Source\PSoC5/ErikaOS_2_ee_activate.c ****  * independent module, the terms and conditions of the license of that
  24:Generated_Source\PSoC5/ErikaOS_2_ee_activate.c ****  * module.  An independent module is a module which is not derived from
  25:Generated_Source\PSoC5/ErikaOS_2_ee_activate.c ****  * or based on this library.  If you modify this code, you may extend
  26:Generated_Source\PSoC5/ErikaOS_2_ee_activate.c ****  * this exception to your version of the code, but you are not
  27:Generated_Source\PSoC5/ErikaOS_2_ee_activate.c ****  * obligated to do so.  If you do not wish to do so, delete this
  28:Generated_Source\PSoC5/ErikaOS_2_ee_activate.c ****  * exception statement from your version.
  29:Generated_Source\PSoC5/ErikaOS_2_ee_activate.c ****  *
  30:Generated_Source\PSoC5/ErikaOS_2_ee_activate.c ****  * ERIKA Enterprise is distributed in the hope that it will be
ARM GAS  C:\Users\bolob\AppData\Local\Temp\cc0WKlHx.s 			page 2


  31:Generated_Source\PSoC5/ErikaOS_2_ee_activate.c ****  * useful, but WITHOUT ANY WARRANTY; without even the implied warranty
  32:Generated_Source\PSoC5/ErikaOS_2_ee_activate.c ****  * of MERCHANTABILITY or FITNESS FOR A PARTICULAR PURPOSE.  See the
  33:Generated_Source\PSoC5/ErikaOS_2_ee_activate.c ****  * GNU General Public License version 2 for more details.
  34:Generated_Source\PSoC5/ErikaOS_2_ee_activate.c ****  *
  35:Generated_Source\PSoC5/ErikaOS_2_ee_activate.c ****  * You should have received a copy of the GNU General Public License
  36:Generated_Source\PSoC5/ErikaOS_2_ee_activate.c ****  * version 2 along with ERIKA Enterprise; if not, write to the
  37:Generated_Source\PSoC5/ErikaOS_2_ee_activate.c ****  * Free Software Foundation, Inc., 51 Franklin Street, Fifth Floor,
  38:Generated_Source\PSoC5/ErikaOS_2_ee_activate.c ****  * Boston, MA 02110-1301 USA.
  39:Generated_Source\PSoC5/ErikaOS_2_ee_activate.c ****  * ###*E*### */
  40:Generated_Source\PSoC5/ErikaOS_2_ee_activate.c **** 
  41:Generated_Source\PSoC5/ErikaOS_2_ee_activate.c **** /*
  42:Generated_Source\PSoC5/ErikaOS_2_ee_activate.c ****  * Author: 2002 Paolo Gai
  43:Generated_Source\PSoC5/ErikaOS_2_ee_activate.c ****  * CVS: $Id: ee_activate.c,v 1.5 2006/01/05 14:37:22 pj Exp $
  44:Generated_Source\PSoC5/ErikaOS_2_ee_activate.c ****  */
  45:Generated_Source\PSoC5/ErikaOS_2_ee_activate.c **** 
  46:Generated_Source\PSoC5/ErikaOS_2_ee_activate.c **** /*
  47:Generated_Source\PSoC5/ErikaOS_2_ee_activate.c ****  * PSoC Port and API Generation
  48:Generated_Source\PSoC5/ErikaOS_2_ee_activate.c ****  * Carlos Fernando Meier Martinez
  49:Generated_Source\PSoC5/ErikaOS_2_ee_activate.c ****  * Hochschule Darmstadt, Germany. 2017.
  50:Generated_Source\PSoC5/ErikaOS_2_ee_activate.c ****  */
  51:Generated_Source\PSoC5/ErikaOS_2_ee_activate.c **** 
  52:Generated_Source\PSoC5/ErikaOS_2_ee_activate.c **** #include "ErikaOS_2_ee_internal.inc"
  53:Generated_Source\PSoC5/ErikaOS_2_ee_activate.c **** 
  54:Generated_Source\PSoC5/ErikaOS_2_ee_activate.c **** /* ActivateTask:
  55:Generated_Source\PSoC5/ErikaOS_2_ee_activate.c ****    - The task is moved from the suspended state to the ready state
  56:Generated_Source\PSoC5/ErikaOS_2_ee_activate.c ****    - called from interrupts, from tasks, from StartupHook
  57:Generated_Source\PSoC5/ErikaOS_2_ee_activate.c ****    - returns E_OS_LIMIT if too many activations are issued
  58:Generated_Source\PSoC5/ErikaOS_2_ee_activate.c ****       E_OK otherwise
  59:Generated_Source\PSoC5/ErikaOS_2_ee_activate.c ****       E_OS_ID if the taskID is invalid (Extended status)
  60:Generated_Source\PSoC5/ErikaOS_2_ee_activate.c ****    - clears the events of a task (extended task)
  61:Generated_Source\PSoC5/ErikaOS_2_ee_activate.c **** 
  62:Generated_Source\PSoC5/ErikaOS_2_ee_activate.c ****    NOTE: part of this source code is copied into altick.c!
  63:Generated_Source\PSoC5/ErikaOS_2_ee_activate.c **** */
  64:Generated_Source\PSoC5/ErikaOS_2_ee_activate.c **** 
  65:Generated_Source\PSoC5/ErikaOS_2_ee_activate.c **** #ifndef __PRIVATE_ACTIVATETASK__
  66:Generated_Source\PSoC5/ErikaOS_2_ee_activate.c **** StatusType EE_oo_ActivateTask(TaskType TaskID)
  67:Generated_Source\PSoC5/ErikaOS_2_ee_activate.c **** {
  28              		.loc 1 67 0
  29              		.cfi_startproc
  30              		@ args = 0, pretend = 0, frame = 0
  31              		@ frame_needed = 0, uses_anonymous_args = 0
  32              		@ link register save eliminated.
  33              	.LVL0:
  34              	.LBB24:
  35              	.LBB25:
  36              	.LBB26:
  37              		.file 2 "Generated_Source\\PSoC5\\ErikaOS_2_cortex_mx_ee_cpu.inc"
   1:Generated_Source\PSoC5/ErikaOS_2_cortex_mx_ee_cpu.inc **** /* ###*B*###
   2:Generated_Source\PSoC5/ErikaOS_2_cortex_mx_ee_cpu.inc ****  * ERIKA Enterprise - a tiny RTOS for small microcontrollers
   3:Generated_Source\PSoC5/ErikaOS_2_cortex_mx_ee_cpu.inc ****  *
   4:Generated_Source\PSoC5/ErikaOS_2_cortex_mx_ee_cpu.inc ****  * Copyright (C) 2002-2011  Evidence Srl
   5:Generated_Source\PSoC5/ErikaOS_2_cortex_mx_ee_cpu.inc ****  *
   6:Generated_Source\PSoC5/ErikaOS_2_cortex_mx_ee_cpu.inc ****  * This file is part of ERIKA Enterprise.
   7:Generated_Source\PSoC5/ErikaOS_2_cortex_mx_ee_cpu.inc ****  *
   8:Generated_Source\PSoC5/ErikaOS_2_cortex_mx_ee_cpu.inc ****  * ERIKA Enterprise is free software; you can redistribute it
   9:Generated_Source\PSoC5/ErikaOS_2_cortex_mx_ee_cpu.inc ****  * and/or modify it under the terms of the GNU General Public License
  10:Generated_Source\PSoC5/ErikaOS_2_cortex_mx_ee_cpu.inc ****  * version 2 as published by the Free Software Foundation, 
ARM GAS  C:\Users\bolob\AppData\Local\Temp\cc0WKlHx.s 			page 3


  11:Generated_Source\PSoC5/ErikaOS_2_cortex_mx_ee_cpu.inc ****  * (with a special exception described below).
  12:Generated_Source\PSoC5/ErikaOS_2_cortex_mx_ee_cpu.inc ****  *
  13:Generated_Source\PSoC5/ErikaOS_2_cortex_mx_ee_cpu.inc ****  * Linking this code statically or dynamically with other modules is
  14:Generated_Source\PSoC5/ErikaOS_2_cortex_mx_ee_cpu.inc ****  * making a combined work based on this code.  Thus, the terms and
  15:Generated_Source\PSoC5/ErikaOS_2_cortex_mx_ee_cpu.inc ****  * conditions of the GNU General Public License cover the whole
  16:Generated_Source\PSoC5/ErikaOS_2_cortex_mx_ee_cpu.inc ****  * combination.
  17:Generated_Source\PSoC5/ErikaOS_2_cortex_mx_ee_cpu.inc ****  *
  18:Generated_Source\PSoC5/ErikaOS_2_cortex_mx_ee_cpu.inc ****  * As a special exception, the copyright holders of this library give you
  19:Generated_Source\PSoC5/ErikaOS_2_cortex_mx_ee_cpu.inc ****  * permission to link this code with independent modules to produce an
  20:Generated_Source\PSoC5/ErikaOS_2_cortex_mx_ee_cpu.inc ****  * executable, regardless of the license terms of these independent
  21:Generated_Source\PSoC5/ErikaOS_2_cortex_mx_ee_cpu.inc ****  * modules, and to copy and distribute the resulting executable under
  22:Generated_Source\PSoC5/ErikaOS_2_cortex_mx_ee_cpu.inc ****  * terms of your choice, provided that you also meet, for each linked
  23:Generated_Source\PSoC5/ErikaOS_2_cortex_mx_ee_cpu.inc ****  * independent module, the terms and conditions of the license of that
  24:Generated_Source\PSoC5/ErikaOS_2_cortex_mx_ee_cpu.inc ****  * module.  An independent module is a module which is not derived from
  25:Generated_Source\PSoC5/ErikaOS_2_cortex_mx_ee_cpu.inc ****  * or based on this library.  If you modify this code, you may extend
  26:Generated_Source\PSoC5/ErikaOS_2_cortex_mx_ee_cpu.inc ****  * this exception to your version of the code, but you are not
  27:Generated_Source\PSoC5/ErikaOS_2_cortex_mx_ee_cpu.inc ****  * obligated to do so.  If you do not wish to do so, delete this
  28:Generated_Source\PSoC5/ErikaOS_2_cortex_mx_ee_cpu.inc ****  * exception statement from your version.
  29:Generated_Source\PSoC5/ErikaOS_2_cortex_mx_ee_cpu.inc ****  *
  30:Generated_Source\PSoC5/ErikaOS_2_cortex_mx_ee_cpu.inc ****  * ERIKA Enterprise is distributed in the hope that it will be
  31:Generated_Source\PSoC5/ErikaOS_2_cortex_mx_ee_cpu.inc ****  * useful, but WITHOUT ANY WARRANTY; without even the implied warranty
  32:Generated_Source\PSoC5/ErikaOS_2_cortex_mx_ee_cpu.inc ****  * of MERCHANTABILITY or FITNESS FOR A PARTICULAR PURPOSE.  See the
  33:Generated_Source\PSoC5/ErikaOS_2_cortex_mx_ee_cpu.inc ****  * GNU General Public License version 2 for more details.
  34:Generated_Source\PSoC5/ErikaOS_2_cortex_mx_ee_cpu.inc ****  *
  35:Generated_Source\PSoC5/ErikaOS_2_cortex_mx_ee_cpu.inc ****  * You should have received a copy of the GNU General Public License
  36:Generated_Source\PSoC5/ErikaOS_2_cortex_mx_ee_cpu.inc ****  * version 2 along with ERIKA Enterprise; if not, write to the
  37:Generated_Source\PSoC5/ErikaOS_2_cortex_mx_ee_cpu.inc ****  * Free Software Foundation, Inc., 51 Franklin Street, Fifth Floor,
  38:Generated_Source\PSoC5/ErikaOS_2_cortex_mx_ee_cpu.inc ****  * Boston, MA 02110-1301 USA.
  39:Generated_Source\PSoC5/ErikaOS_2_cortex_mx_ee_cpu.inc ****  * ###*E*### */
  40:Generated_Source\PSoC5/ErikaOS_2_cortex_mx_ee_cpu.inc **** 
  41:Generated_Source\PSoC5/ErikaOS_2_cortex_mx_ee_cpu.inc **** /** 
  42:Generated_Source\PSoC5/ErikaOS_2_cortex_mx_ee_cpu.inc **** 	@file ee_cpu.h
  43:Generated_Source\PSoC5/ErikaOS_2_cortex_mx_ee_cpu.inc **** 	@brief CPU-dependent part of HAL. Derived from pkg/cpu/pic30/inc/ee_cpu.h
  44:Generated_Source\PSoC5/ErikaOS_2_cortex_mx_ee_cpu.inc **** 	@author Gianluca Franchino
  45:Generated_Source\PSoC5/ErikaOS_2_cortex_mx_ee_cpu.inc **** 	@author Giuseppe Serano
  46:Generated_Source\PSoC5/ErikaOS_2_cortex_mx_ee_cpu.inc **** 	@date 2011
  47:Generated_Source\PSoC5/ErikaOS_2_cortex_mx_ee_cpu.inc **** */ 
  48:Generated_Source\PSoC5/ErikaOS_2_cortex_mx_ee_cpu.inc ****     
  49:Generated_Source\PSoC5/ErikaOS_2_cortex_mx_ee_cpu.inc **** /*
  50:Generated_Source\PSoC5/ErikaOS_2_cortex_mx_ee_cpu.inc ****  * PSoC Port and API Generation
  51:Generated_Source\PSoC5/ErikaOS_2_cortex_mx_ee_cpu.inc ****  * Carlos Fernando Meier Martinez
  52:Generated_Source\PSoC5/ErikaOS_2_cortex_mx_ee_cpu.inc ****  * Hochschule Darmstadt, Germany. 2017.
  53:Generated_Source\PSoC5/ErikaOS_2_cortex_mx_ee_cpu.inc ****  */
  54:Generated_Source\PSoC5/ErikaOS_2_cortex_mx_ee_cpu.inc **** 
  55:Generated_Source\PSoC5/ErikaOS_2_cortex_mx_ee_cpu.inc **** #ifndef __INCLUDE_CORTEX_MX_EE_CPU_H__
  56:Generated_Source\PSoC5/ErikaOS_2_cortex_mx_ee_cpu.inc **** #define __INCLUDE_CORTEX_MX_EE_CPU_H__
  57:Generated_Source\PSoC5/ErikaOS_2_cortex_mx_ee_cpu.inc **** 
  58:Generated_Source\PSoC5/ErikaOS_2_cortex_mx_ee_cpu.inc **** #include "ErikaOS_2_eecfg.inc"
  59:Generated_Source\PSoC5/ErikaOS_2_cortex_mx_ee_cpu.inc **** 
  60:Generated_Source\PSoC5/ErikaOS_2_cortex_mx_ee_cpu.inc **** 
  61:Generated_Source\PSoC5/ErikaOS_2_cortex_mx_ee_cpu.inc **** #ifdef __GNU__
  62:Generated_Source\PSoC5/ErikaOS_2_cortex_mx_ee_cpu.inc **** #include "ErikaOS_2_common_ee_compiler_gcc.inc"
  63:Generated_Source\PSoC5/ErikaOS_2_cortex_mx_ee_cpu.inc **** #endif
  64:Generated_Source\PSoC5/ErikaOS_2_cortex_mx_ee_cpu.inc **** 
  65:Generated_Source\PSoC5/ErikaOS_2_cortex_mx_ee_cpu.inc **** /* Initial stack offset (in words): Used in multistack. */
  66:Generated_Source\PSoC5/ErikaOS_2_cortex_mx_ee_cpu.inc **** #ifndef CORTEX_MX_INIT_TOS_OFFSET
  67:Generated_Source\PSoC5/ErikaOS_2_cortex_mx_ee_cpu.inc **** #define CORTEX_MX_INIT_TOS_OFFSET 10
ARM GAS  C:\Users\bolob\AppData\Local\Temp\cc0WKlHx.s 			page 4


  68:Generated_Source\PSoC5/ErikaOS_2_cortex_mx_ee_cpu.inc **** #endif
  69:Generated_Source\PSoC5/ErikaOS_2_cortex_mx_ee_cpu.inc **** 
  70:Generated_Source\PSoC5/ErikaOS_2_cortex_mx_ee_cpu.inc **** /*************************************************************************
  71:Generated_Source\PSoC5/ErikaOS_2_cortex_mx_ee_cpu.inc ****  HAL Types and structures
  72:Generated_Source\PSoC5/ErikaOS_2_cortex_mx_ee_cpu.inc ****  *************************************************************************/
  73:Generated_Source\PSoC5/ErikaOS_2_cortex_mx_ee_cpu.inc **** 
  74:Generated_Source\PSoC5/ErikaOS_2_cortex_mx_ee_cpu.inc **** /* Primitive data types */
  75:Generated_Source\PSoC5/ErikaOS_2_cortex_mx_ee_cpu.inc **** #include "ErikaOS_2_common_ee_types.inc"
  76:Generated_Source\PSoC5/ErikaOS_2_cortex_mx_ee_cpu.inc **** 
  77:Generated_Source\PSoC5/ErikaOS_2_cortex_mx_ee_cpu.inc **** typedef EE_UINT32 EE_UREG;
  78:Generated_Source\PSoC5/ErikaOS_2_cortex_mx_ee_cpu.inc **** typedef EE_INT32  EE_SREG;
  79:Generated_Source\PSoC5/ErikaOS_2_cortex_mx_ee_cpu.inc **** typedef EE_UINT32 EE_FREG;
  80:Generated_Source\PSoC5/ErikaOS_2_cortex_mx_ee_cpu.inc **** #define EE_UREG_SIZE 4
  81:Generated_Source\PSoC5/ErikaOS_2_cortex_mx_ee_cpu.inc **** 
  82:Generated_Source\PSoC5/ErikaOS_2_cortex_mx_ee_cpu.inc **** /* boolean type */
  83:Generated_Source\PSoC5/ErikaOS_2_cortex_mx_ee_cpu.inc **** #ifndef EE_TYPEBOOL
  84:Generated_Source\PSoC5/ErikaOS_2_cortex_mx_ee_cpu.inc **** typedef EE_UREG EE_TYPEBOOL;
  85:Generated_Source\PSoC5/ErikaOS_2_cortex_mx_ee_cpu.inc **** #endif
  86:Generated_Source\PSoC5/ErikaOS_2_cortex_mx_ee_cpu.inc **** 
  87:Generated_Source\PSoC5/ErikaOS_2_cortex_mx_ee_cpu.inc **** /* boolean true define */
  88:Generated_Source\PSoC5/ErikaOS_2_cortex_mx_ee_cpu.inc **** #ifndef EE_TRUE
  89:Generated_Source\PSoC5/ErikaOS_2_cortex_mx_ee_cpu.inc **** #define EE_TRUE ((EE_TYPEBOOL)1U)
  90:Generated_Source\PSoC5/ErikaOS_2_cortex_mx_ee_cpu.inc **** #endif
  91:Generated_Source\PSoC5/ErikaOS_2_cortex_mx_ee_cpu.inc **** 
  92:Generated_Source\PSoC5/ErikaOS_2_cortex_mx_ee_cpu.inc **** /* boolean false define */
  93:Generated_Source\PSoC5/ErikaOS_2_cortex_mx_ee_cpu.inc **** #ifndef EE_FALSE
  94:Generated_Source\PSoC5/ErikaOS_2_cortex_mx_ee_cpu.inc **** #define EE_FALSE ((EE_TYPEBOOL)0U)
  95:Generated_Source\PSoC5/ErikaOS_2_cortex_mx_ee_cpu.inc **** #endif
  96:Generated_Source\PSoC5/ErikaOS_2_cortex_mx_ee_cpu.inc **** 
  97:Generated_Source\PSoC5/ErikaOS_2_cortex_mx_ee_cpu.inc **** #define	EE_HWREG_PTR		volatile EE_UREG *
  98:Generated_Source\PSoC5/ErikaOS_2_cortex_mx_ee_cpu.inc **** #define	EE_HWREG_ADDR(x)	((EE_HWREG_PTR)(x))
  99:Generated_Source\PSoC5/ErikaOS_2_cortex_mx_ee_cpu.inc **** #define	EE_HWREG(x)		(*EE_HWREG_ADDR(x))
 100:Generated_Source\PSoC5/ErikaOS_2_cortex_mx_ee_cpu.inc **** 
 101:Generated_Source\PSoC5/ErikaOS_2_cortex_mx_ee_cpu.inc **** #ifdef __GNU__
 102:Generated_Source\PSoC5/ErikaOS_2_cortex_mx_ee_cpu.inc **** 
 103:Generated_Source\PSoC5/ErikaOS_2_cortex_mx_ee_cpu.inc **** /* Get current SP */
 104:Generated_Source\PSoC5/ErikaOS_2_cortex_mx_ee_cpu.inc **** __INLINE__ EE_UINT32  __current_sp(void)
 105:Generated_Source\PSoC5/ErikaOS_2_cortex_mx_ee_cpu.inc **** {
 106:Generated_Source\PSoC5/ErikaOS_2_cortex_mx_ee_cpu.inc **** EE_UINT32 temp;
 107:Generated_Source\PSoC5/ErikaOS_2_cortex_mx_ee_cpu.inc **** __ASM ("mov %0, sp" : "=r" (temp) : );
 108:Generated_Source\PSoC5/ErikaOS_2_cortex_mx_ee_cpu.inc **** return temp;
 109:Generated_Source\PSoC5/ErikaOS_2_cortex_mx_ee_cpu.inc **** }
 110:Generated_Source\PSoC5/ErikaOS_2_cortex_mx_ee_cpu.inc **** 
 111:Generated_Source\PSoC5/ErikaOS_2_cortex_mx_ee_cpu.inc **** /* Set a breakpoint */
 112:Generated_Source\PSoC5/ErikaOS_2_cortex_mx_ee_cpu.inc **** #define __breakpoint(value)	__ASM ("bkpt "#value)
 113:Generated_Source\PSoC5/ErikaOS_2_cortex_mx_ee_cpu.inc **** 
 114:Generated_Source\PSoC5/ErikaOS_2_cortex_mx_ee_cpu.inc **** #endif
 115:Generated_Source\PSoC5/ErikaOS_2_cortex_mx_ee_cpu.inc **** 
 116:Generated_Source\PSoC5/ErikaOS_2_cortex_mx_ee_cpu.inc **** /* ISR Priority representation type */
 117:Generated_Source\PSoC5/ErikaOS_2_cortex_mx_ee_cpu.inc **** typedef EE_UREG EE_TYPEISR2PRIO;
 118:Generated_Source\PSoC5/ErikaOS_2_cortex_mx_ee_cpu.inc **** 
 119:Generated_Source\PSoC5/ErikaOS_2_cortex_mx_ee_cpu.inc **** /* Thread IDs */
 120:Generated_Source\PSoC5/ErikaOS_2_cortex_mx_ee_cpu.inc **** typedef EE_INT32 EE_TID;
 121:Generated_Source\PSoC5/ErikaOS_2_cortex_mx_ee_cpu.inc **** 
 122:Generated_Source\PSoC5/ErikaOS_2_cortex_mx_ee_cpu.inc **** /* Thread IDs - unsigned version*/
 123:Generated_Source\PSoC5/ErikaOS_2_cortex_mx_ee_cpu.inc **** typedef EE_UINT32 EE_UTID;
 124:Generated_Source\PSoC5/ErikaOS_2_cortex_mx_ee_cpu.inc **** 
ARM GAS  C:\Users\bolob\AppData\Local\Temp\cc0WKlHx.s 			page 5


 125:Generated_Source\PSoC5/ErikaOS_2_cortex_mx_ee_cpu.inc **** /* Used by the common layer to decide whether to start a new thread */
 126:Generated_Source\PSoC5/ErikaOS_2_cortex_mx_ee_cpu.inc **** #define TID_IS_STACKED_MARK 0x80000000
 127:Generated_Source\PSoC5/ErikaOS_2_cortex_mx_ee_cpu.inc **** 
 128:Generated_Source\PSoC5/ErikaOS_2_cortex_mx_ee_cpu.inc **** /* EE_TYPEIRQ is currently unused */
 129:Generated_Source\PSoC5/ErikaOS_2_cortex_mx_ee_cpu.inc **** 
 130:Generated_Source\PSoC5/ErikaOS_2_cortex_mx_ee_cpu.inc **** /* XXX: define EE_TIME? */
 131:Generated_Source\PSoC5/ErikaOS_2_cortex_mx_ee_cpu.inc **** 
 132:Generated_Source\PSoC5/ErikaOS_2_cortex_mx_ee_cpu.inc **** /* Use the "standard" implementation */
 133:Generated_Source\PSoC5/ErikaOS_2_cortex_mx_ee_cpu.inc **** #include "ErikaOS_2_common_ee_hal_structs.inc"
 134:Generated_Source\PSoC5/ErikaOS_2_cortex_mx_ee_cpu.inc **** 
 135:Generated_Source\PSoC5/ErikaOS_2_cortex_mx_ee_cpu.inc **** /******************************************************************************
 136:Generated_Source\PSoC5/ErikaOS_2_cortex_mx_ee_cpu.inc ****  Application dependent data types
 137:Generated_Source\PSoC5/ErikaOS_2_cortex_mx_ee_cpu.inc ****  ******************************************************************************/
 138:Generated_Source\PSoC5/ErikaOS_2_cortex_mx_ee_cpu.inc **** 
 139:Generated_Source\PSoC5/ErikaOS_2_cortex_mx_ee_cpu.inc **** #ifdef	__HAS_TYPES_H__
 140:Generated_Source\PSoC5/ErikaOS_2_cortex_mx_ee_cpu.inc **** #include	"types.h"
 141:Generated_Source\PSoC5/ErikaOS_2_cortex_mx_ee_cpu.inc **** #endif
 142:Generated_Source\PSoC5/ErikaOS_2_cortex_mx_ee_cpu.inc **** 
 143:Generated_Source\PSoC5/ErikaOS_2_cortex_mx_ee_cpu.inc **** /******************************************************************************
 144:Generated_Source\PSoC5/ErikaOS_2_cortex_mx_ee_cpu.inc ****  CPU Peripherals
 145:Generated_Source\PSoC5/ErikaOS_2_cortex_mx_ee_cpu.inc ****  ******************************************************************************/
 146:Generated_Source\PSoC5/ErikaOS_2_cortex_mx_ee_cpu.inc **** 
 147:Generated_Source\PSoC5/ErikaOS_2_cortex_mx_ee_cpu.inc **** #ifdef __CORTEX_MX__
 148:Generated_Source\PSoC5/ErikaOS_2_cortex_mx_ee_cpu.inc **** #include "ErikaOS_2_cortex_mx_ee_nvic.inc"
 149:Generated_Source\PSoC5/ErikaOS_2_cortex_mx_ee_cpu.inc **** #include "ErikaOS_2_cortex_mx_ee_systick.inc"
 150:Generated_Source\PSoC5/ErikaOS_2_cortex_mx_ee_cpu.inc **** #endif
 151:Generated_Source\PSoC5/ErikaOS_2_cortex_mx_ee_cpu.inc **** 
 152:Generated_Source\PSoC5/ErikaOS_2_cortex_mx_ee_cpu.inc **** /******************************************************************************
 153:Generated_Source\PSoC5/ErikaOS_2_cortex_mx_ee_cpu.inc ****  HAL Variables
 154:Generated_Source\PSoC5/ErikaOS_2_cortex_mx_ee_cpu.inc ****  ******************************************************************************/
 155:Generated_Source\PSoC5/ErikaOS_2_cortex_mx_ee_cpu.inc **** 
 156:Generated_Source\PSoC5/ErikaOS_2_cortex_mx_ee_cpu.inc **** #ifdef __MULTI__
 157:Generated_Source\PSoC5/ErikaOS_2_cortex_mx_ee_cpu.inc **** 
 158:Generated_Source\PSoC5/ErikaOS_2_cortex_mx_ee_cpu.inc **** /* Top-of-stack of each private stack */
 159:Generated_Source\PSoC5/ErikaOS_2_cortex_mx_ee_cpu.inc **** extern struct EE_TOS EE_cortex_mx_system_tos[];
 160:Generated_Source\PSoC5/ErikaOS_2_cortex_mx_ee_cpu.inc **** //#define	EE_std_system_tos EE_cortex_mx_system_tos
 161:Generated_Source\PSoC5/ErikaOS_2_cortex_mx_ee_cpu.inc **** 
 162:Generated_Source\PSoC5/ErikaOS_2_cortex_mx_ee_cpu.inc **** /* Index of the current stack */
 163:Generated_Source\PSoC5/ErikaOS_2_cortex_mx_ee_cpu.inc **** extern EE_UREG EE_cortex_mx_active_tos;
 164:Generated_Source\PSoC5/ErikaOS_2_cortex_mx_ee_cpu.inc **** #define	EE_hal_active_tos EE_cortex_mx_active_tos
 165:Generated_Source\PSoC5/ErikaOS_2_cortex_mx_ee_cpu.inc **** 
 166:Generated_Source\PSoC5/ErikaOS_2_cortex_mx_ee_cpu.inc **** /*extern	EE_UREG EE_pic30_thread_tos[];
 167:Generated_Source\PSoC5/ErikaOS_2_cortex_mx_ee_cpu.inc **** #define	EE_std_thread_tos EE_pic30_thread_tos */
 168:Generated_Source\PSoC5/ErikaOS_2_cortex_mx_ee_cpu.inc **** #endif /* __MULTI__ */
 169:Generated_Source\PSoC5/ErikaOS_2_cortex_mx_ee_cpu.inc **** 
 170:Generated_Source\PSoC5/ErikaOS_2_cortex_mx_ee_cpu.inc **** /*********************************************************************
 171:Generated_Source\PSoC5/ErikaOS_2_cortex_mx_ee_cpu.inc ****  Cortex M0 interrupt disabling/enabling
 172:Generated_Source\PSoC5/ErikaOS_2_cortex_mx_ee_cpu.inc ****  *********************************************************************/
 173:Generated_Source\PSoC5/ErikaOS_2_cortex_mx_ee_cpu.inc **** 
 174:Generated_Source\PSoC5/ErikaOS_2_cortex_mx_ee_cpu.inc **** /* Used to check the value returned by EE_cortex_mx_disableIRQ */
 175:Generated_Source\PSoC5/ErikaOS_2_cortex_mx_ee_cpu.inc **** #define EE_cortex_mx_are_IRQs_enabled(ie) ((ie) ^ 1)
 176:Generated_Source\PSoC5/ErikaOS_2_cortex_mx_ee_cpu.inc **** 
 177:Generated_Source\PSoC5/ErikaOS_2_cortex_mx_ee_cpu.inc **** /**
 178:Generated_Source\PSoC5/ErikaOS_2_cortex_mx_ee_cpu.inc ****  * Enable interrupts
 179:Generated_Source\PSoC5/ErikaOS_2_cortex_mx_ee_cpu.inc ****  */
 180:Generated_Source\PSoC5/ErikaOS_2_cortex_mx_ee_cpu.inc **** __INLINE__ void  EE_cortex_mx_enableIRQ(void)
 181:Generated_Source\PSoC5/ErikaOS_2_cortex_mx_ee_cpu.inc **** {
ARM GAS  C:\Users\bolob\AppData\Local\Temp\cc0WKlHx.s 			page 6


 182:Generated_Source\PSoC5/ErikaOS_2_cortex_mx_ee_cpu.inc **** #ifdef __IAR__
 183:Generated_Source\PSoC5/ErikaOS_2_cortex_mx_ee_cpu.inc **** 	__ASM ("cpsie i");
 184:Generated_Source\PSoC5/ErikaOS_2_cortex_mx_ee_cpu.inc **** #else	/* __IAR__ */
 185:Generated_Source\PSoC5/ErikaOS_2_cortex_mx_ee_cpu.inc **** #ifdef __CCS__
 186:Generated_Source\PSoC5/ErikaOS_2_cortex_mx_ee_cpu.inc **** 	__ASM ("    cpsie    i\n");
 187:Generated_Source\PSoC5/ErikaOS_2_cortex_mx_ee_cpu.inc **** #else	/* __CCS__ */
 188:Generated_Source\PSoC5/ErikaOS_2_cortex_mx_ee_cpu.inc **** #ifdef __KEIL__
 189:Generated_Source\PSoC5/ErikaOS_2_cortex_mx_ee_cpu.inc **** 	__enable_irq();
 190:Generated_Source\PSoC5/ErikaOS_2_cortex_mx_ee_cpu.inc **** #else	/* __KEIL__ */
 191:Generated_Source\PSoC5/ErikaOS_2_cortex_mx_ee_cpu.inc **** 	__ASM volatile("cpsie i");
 192:Generated_Source\PSoC5/ErikaOS_2_cortex_mx_ee_cpu.inc **** #endif	/* !__KEIL__ */
 193:Generated_Source\PSoC5/ErikaOS_2_cortex_mx_ee_cpu.inc **** #endif	/* !__CCS__ */
 194:Generated_Source\PSoC5/ErikaOS_2_cortex_mx_ee_cpu.inc **** #endif	/* !__IAR__ */
 195:Generated_Source\PSoC5/ErikaOS_2_cortex_mx_ee_cpu.inc **** }
 196:Generated_Source\PSoC5/ErikaOS_2_cortex_mx_ee_cpu.inc **** 
 197:Generated_Source\PSoC5/ErikaOS_2_cortex_mx_ee_cpu.inc **** /**
 198:Generated_Source\PSoC5/ErikaOS_2_cortex_mx_ee_cpu.inc ****  * Disable interrupts
 199:Generated_Source\PSoC5/ErikaOS_2_cortex_mx_ee_cpu.inc ****  */
 200:Generated_Source\PSoC5/ErikaOS_2_cortex_mx_ee_cpu.inc **** __INLINE__ void  EE_cortex_mx_disableIRQ(void)
 201:Generated_Source\PSoC5/ErikaOS_2_cortex_mx_ee_cpu.inc **** {
 202:Generated_Source\PSoC5/ErikaOS_2_cortex_mx_ee_cpu.inc **** #ifdef __IAR__
 203:Generated_Source\PSoC5/ErikaOS_2_cortex_mx_ee_cpu.inc **** 	__ASM ("cpsid i");
 204:Generated_Source\PSoC5/ErikaOS_2_cortex_mx_ee_cpu.inc **** #else	/* __IAR__ */
 205:Generated_Source\PSoC5/ErikaOS_2_cortex_mx_ee_cpu.inc **** #ifdef __CCS__
 206:Generated_Source\PSoC5/ErikaOS_2_cortex_mx_ee_cpu.inc **** 	__ASM ("    cpsid    i\n");
 207:Generated_Source\PSoC5/ErikaOS_2_cortex_mx_ee_cpu.inc **** #else	/* __CCS__ */
 208:Generated_Source\PSoC5/ErikaOS_2_cortex_mx_ee_cpu.inc **** #ifdef __KEIL__
 209:Generated_Source\PSoC5/ErikaOS_2_cortex_mx_ee_cpu.inc **** 	__disable_irq();
 210:Generated_Source\PSoC5/ErikaOS_2_cortex_mx_ee_cpu.inc **** #else	/* __KEIL__ */
 211:Generated_Source\PSoC5/ErikaOS_2_cortex_mx_ee_cpu.inc **** 	__ASM volatile("cpsid i");
 212:Generated_Source\PSoC5/ErikaOS_2_cortex_mx_ee_cpu.inc **** #endif	/* !__KEIL__ */
 213:Generated_Source\PSoC5/ErikaOS_2_cortex_mx_ee_cpu.inc **** #endif	/* !__CCS__ */
 214:Generated_Source\PSoC5/ErikaOS_2_cortex_mx_ee_cpu.inc **** #endif	/* !__IAR__ */
 215:Generated_Source\PSoC5/ErikaOS_2_cortex_mx_ee_cpu.inc **** }
 216:Generated_Source\PSoC5/ErikaOS_2_cortex_mx_ee_cpu.inc **** 
 217:Generated_Source\PSoC5/ErikaOS_2_cortex_mx_ee_cpu.inc **** /**
 218:Generated_Source\PSoC5/ErikaOS_2_cortex_mx_ee_cpu.inc ****  * Resume interrupts
 219:Generated_Source\PSoC5/ErikaOS_2_cortex_mx_ee_cpu.inc ****  */
 220:Generated_Source\PSoC5/ErikaOS_2_cortex_mx_ee_cpu.inc **** __INLINE__ void  EE_cortex_mx_resumeIRQ(EE_FREG f)
 221:Generated_Source\PSoC5/ErikaOS_2_cortex_mx_ee_cpu.inc **** {
 222:Generated_Source\PSoC5/ErikaOS_2_cortex_mx_ee_cpu.inc **** #ifdef __IAR__
 223:Generated_Source\PSoC5/ErikaOS_2_cortex_mx_ee_cpu.inc **** 	__set_PRIMASK(f);
 224:Generated_Source\PSoC5/ErikaOS_2_cortex_mx_ee_cpu.inc **** #else	/* __IAR__ */
 225:Generated_Source\PSoC5/ErikaOS_2_cortex_mx_ee_cpu.inc **** #ifdef __CCS__
 226:Generated_Source\PSoC5/ErikaOS_2_cortex_mx_ee_cpu.inc **** 	__ASM ("    msr    primask, r0\n");
 227:Generated_Source\PSoC5/ErikaOS_2_cortex_mx_ee_cpu.inc **** #else	/* __CCS__ */
 228:Generated_Source\PSoC5/ErikaOS_2_cortex_mx_ee_cpu.inc **** #ifdef __KEIL__
 229:Generated_Source\PSoC5/ErikaOS_2_cortex_mx_ee_cpu.inc **** 	register EE_FREG PRIMASK __ASM("primask");
 230:Generated_Source\PSoC5/ErikaOS_2_cortex_mx_ee_cpu.inc **** 	PRIMASK = f;
 231:Generated_Source\PSoC5/ErikaOS_2_cortex_mx_ee_cpu.inc **** #else	/* __KEIL__ */
 232:Generated_Source\PSoC5/ErikaOS_2_cortex_mx_ee_cpu.inc **** 	__ASM volatile("msr primask, %0" :: "r" (f));
 233:Generated_Source\PSoC5/ErikaOS_2_cortex_mx_ee_cpu.inc **** #endif	/* !__KEIL__ */
 234:Generated_Source\PSoC5/ErikaOS_2_cortex_mx_ee_cpu.inc **** #endif	/* !__CCS__ */
 235:Generated_Source\PSoC5/ErikaOS_2_cortex_mx_ee_cpu.inc **** #endif	/* !__IAR__ */
 236:Generated_Source\PSoC5/ErikaOS_2_cortex_mx_ee_cpu.inc **** }
 237:Generated_Source\PSoC5/ErikaOS_2_cortex_mx_ee_cpu.inc **** 
 238:Generated_Source\PSoC5/ErikaOS_2_cortex_mx_ee_cpu.inc **** /**
ARM GAS  C:\Users\bolob\AppData\Local\Temp\cc0WKlHx.s 			page 7


 239:Generated_Source\PSoC5/ErikaOS_2_cortex_mx_ee_cpu.inc ****  * Suspend interrupts
 240:Generated_Source\PSoC5/ErikaOS_2_cortex_mx_ee_cpu.inc ****  */
 241:Generated_Source\PSoC5/ErikaOS_2_cortex_mx_ee_cpu.inc **** __INLINE__ EE_FREG  EE_cortex_mx_suspendIRQ(void)
 242:Generated_Source\PSoC5/ErikaOS_2_cortex_mx_ee_cpu.inc **** {
 243:Generated_Source\PSoC5/ErikaOS_2_cortex_mx_ee_cpu.inc **** #ifndef __CCS__
 244:Generated_Source\PSoC5/ErikaOS_2_cortex_mx_ee_cpu.inc **** 	EE_FREG istat;
 245:Generated_Source\PSoC5/ErikaOS_2_cortex_mx_ee_cpu.inc **** #endif
 246:Generated_Source\PSoC5/ErikaOS_2_cortex_mx_ee_cpu.inc **** #ifdef __IAR__
 247:Generated_Source\PSoC5/ErikaOS_2_cortex_mx_ee_cpu.inc **** 	 istat = __get_PRIMASK();
 248:Generated_Source\PSoC5/ErikaOS_2_cortex_mx_ee_cpu.inc **** 	__ASM ("cpsid i");
 249:Generated_Source\PSoC5/ErikaOS_2_cortex_mx_ee_cpu.inc **** #else	/* __IAR__ */
 250:Generated_Source\PSoC5/ErikaOS_2_cortex_mx_ee_cpu.inc **** #ifdef __CCS__
 251:Generated_Source\PSoC5/ErikaOS_2_cortex_mx_ee_cpu.inc **** 	__ASM ("    mrs     r0, primask\n"
 252:Generated_Source\PSoC5/ErikaOS_2_cortex_mx_ee_cpu.inc **** 	       "    cpsid   i\n"
 253:Generated_Source\PSoC5/ErikaOS_2_cortex_mx_ee_cpu.inc **** 	       "    bx      lr\n");
 254:Generated_Source\PSoC5/ErikaOS_2_cortex_mx_ee_cpu.inc **** #else	/* __CCS__ */
 255:Generated_Source\PSoC5/ErikaOS_2_cortex_mx_ee_cpu.inc **** #ifdef __KEIL__
 256:Generated_Source\PSoC5/ErikaOS_2_cortex_mx_ee_cpu.inc **** 	register EE_FREG PRIMASK __ASM("primask");
 257:Generated_Source\PSoC5/ErikaOS_2_cortex_mx_ee_cpu.inc **** 	istat = PRIMASK;
 258:Generated_Source\PSoC5/ErikaOS_2_cortex_mx_ee_cpu.inc **** 	__disable_irq();
 259:Generated_Source\PSoC5/ErikaOS_2_cortex_mx_ee_cpu.inc **** #else	/* __KEIL__ */
 260:Generated_Source\PSoC5/ErikaOS_2_cortex_mx_ee_cpu.inc **** 	__ASM volatile ("mrs %0, primask" : "=r" (istat) );
  38              		.loc 2 260 0
  39              		.syntax unified
  40              	@ 260 "Generated_Source\PSoC5\ErikaOS_2_cortex_mx_ee_cpu.inc" 1
  41 0000 EFF31083 		mrs r3, primask
  42              	@ 0 "" 2
 261:Generated_Source\PSoC5/ErikaOS_2_cortex_mx_ee_cpu.inc **** 	__ASM volatile ("cpsid i");
  43              		.loc 2 261 0
  44              	@ 261 "Generated_Source\PSoC5\ErikaOS_2_cortex_mx_ee_cpu.inc" 1
  45 0004 72B6     		cpsid i
  46              	@ 0 "" 2
  47              	.LVL1:
  48              		.thumb
  49              		.syntax unified
  50              	.LBE26:
  51              	.LBE25:
  52              	.LBE24:
  53              	.LBB27:
  54              	.LBB28:
  55              	.LBB29:
 232:Generated_Source\PSoC5/ErikaOS_2_cortex_mx_ee_cpu.inc **** #endif	/* !__KEIL__ */
  56              		.loc 2 232 0
  57              		.syntax unified
  58              	@ 232 "Generated_Source\PSoC5\ErikaOS_2_cortex_mx_ee_cpu.inc" 1
  59 0006 83F31088 		msr primask, r3
  60              	@ 0 "" 2
  61              		.thumb
  62              		.syntax unified
  63              	.LBE29:
  64              	.LBE28:
  65              	.LBE27:
  68:Generated_Source\PSoC5/ErikaOS_2_ee_activate.c ****   /* Error Value */
  69:Generated_Source\PSoC5/ErikaOS_2_ee_activate.c ****   register StatusType ev;
  70:Generated_Source\PSoC5/ErikaOS_2_ee_activate.c ****   /* Primitive Lock Procedure */
  71:Generated_Source\PSoC5/ErikaOS_2_ee_activate.c ****   EE_OS_DECLARE_AND_ENTER_CRITICAL_SECTION();
  72:Generated_Source\PSoC5/ErikaOS_2_ee_activate.c **** 
ARM GAS  C:\Users\bolob\AppData\Local\Temp\cc0WKlHx.s 			page 8


  73:Generated_Source\PSoC5/ErikaOS_2_ee_activate.c ****   EE_ORTI_set_service_in(EE_SERVICETRACE_ACTIVATETASK);
  74:Generated_Source\PSoC5/ErikaOS_2_ee_activate.c **** 
  75:Generated_Source\PSoC5/ErikaOS_2_ee_activate.c ****   EE_as_monitoring_the_stack();
  76:Generated_Source\PSoC5/ErikaOS_2_ee_activate.c **** 
  77:Generated_Source\PSoC5/ErikaOS_2_ee_activate.c **** #ifdef EE_SERVICE_PROTECTION__
  78:Generated_Source\PSoC5/ErikaOS_2_ee_activate.c ****   /* [OS093]: If interrupts are disabled/suspended by a Task/OsIsr and the
  79:Generated_Source\PSoC5/ErikaOS_2_ee_activate.c ****       Task/OsIsr calls any OS service (excluding the interrupt services)
  80:Generated_Source\PSoC5/ErikaOS_2_ee_activate.c ****       then the Operating System shall ignore the service AND shall return
  81:Generated_Source\PSoC5/ErikaOS_2_ee_activate.c ****       E_OS_DISABLEDINT if the service returns a StatusType value. */
  82:Generated_Source\PSoC5/ErikaOS_2_ee_activate.c ****   /* [OS088]: If an OS-Application makes a service call from the wrong context
  83:Generated_Source\PSoC5/ErikaOS_2_ee_activate.c ****       AND is currently not inside a Category 1 ISR the Operating System module
  84:Generated_Source\PSoC5/ErikaOS_2_ee_activate.c ****       shall not perform the requested action (the service call shall have no
  85:Generated_Source\PSoC5/ErikaOS_2_ee_activate.c ****       effect), and return E_OS_CALLEVEL (see [12], section 13.1) or the
  86:Generated_Source\PSoC5/ErikaOS_2_ee_activate.c ****       "invalid value" of  the service. (BSW11009, BSW11013) */
  87:Generated_Source\PSoC5/ErikaOS_2_ee_activate.c ****   /* ActivateTask is callable by Task and ISR2 */
  88:Generated_Source\PSoC5/ErikaOS_2_ee_activate.c ****   if ( EE_as_execution_context > ISR2_Context ) {
  89:Generated_Source\PSoC5/ErikaOS_2_ee_activate.c ****     ev = E_OS_CALLEVEL;
  90:Generated_Source\PSoC5/ErikaOS_2_ee_activate.c ****   } else if ( EE_oo_check_disableint_error() ) {
  91:Generated_Source\PSoC5/ErikaOS_2_ee_activate.c ****     ev = E_OS_DISABLEDINT;
  92:Generated_Source\PSoC5/ErikaOS_2_ee_activate.c ****   } else
  93:Generated_Source\PSoC5/ErikaOS_2_ee_activate.c **** #endif /* EE_SERVICE_PROTECTION__ */
  94:Generated_Source\PSoC5/ErikaOS_2_ee_activate.c **** 
  95:Generated_Source\PSoC5/ErikaOS_2_ee_activate.c **** #if (defined(__RN_TASK__)) || (defined(EE_AS_RPC__))
  96:Generated_Source\PSoC5/ErikaOS_2_ee_activate.c ****   if ( EE_IS_TID_REMOTE(TaskID) ) {
  97:Generated_Source\PSoC5/ErikaOS_2_ee_activate.c **** #ifdef EE_AS_RPC__
  98:Generated_Source\PSoC5/ErikaOS_2_ee_activate.c ****     /* Tmp Tid (introduced to meet MISRA requirements) */
  99:Generated_Source\PSoC5/ErikaOS_2_ee_activate.c ****     EE_TID tmp_tid;
 100:Generated_Source\PSoC5/ErikaOS_2_ee_activate.c **** 
 101:Generated_Source\PSoC5/ErikaOS_2_ee_activate.c ****     EE_os_param unmarked_tid;
 102:Generated_Source\PSoC5/ErikaOS_2_ee_activate.c ****     /* Two steps macro assignment to meet MISRA 10.3 required rule */
 103:Generated_Source\PSoC5/ErikaOS_2_ee_activate.c ****     tmp_tid = EE_UNMARK_REMOTE_TID(TaskID);
 104:Generated_Source\PSoC5/ErikaOS_2_ee_activate.c ****     unmarked_tid.value_param = (EE_UREG)tmp_tid;
 105:Generated_Source\PSoC5/ErikaOS_2_ee_activate.c ****     /* Forward the request to another CPU in synchronous way */
 106:Generated_Source\PSoC5/ErikaOS_2_ee_activate.c ****     ev = EE_as_rpc( OSServiceId_ActivateTask, unmarked_tid,
 107:Generated_Source\PSoC5/ErikaOS_2_ee_activate.c ****       EE_OS_INVALID_PARAM, EE_OS_INVALID_PARAM );
 108:Generated_Source\PSoC5/ErikaOS_2_ee_activate.c **** #else /* EE_AS_RPC__ */
 109:Generated_Source\PSoC5/ErikaOS_2_ee_activate.c ****     EE_TYPERN_PARAM par;
 110:Generated_Source\PSoC5/ErikaOS_2_ee_activate.c ****     par.pending = 1U;
 111:Generated_Source\PSoC5/ErikaOS_2_ee_activate.c ****     /* Forward the request to another CPU in asynchronous way */
 112:Generated_Source\PSoC5/ErikaOS_2_ee_activate.c ****     (void)EE_rn_send(EE_UNMARK_REMOTE_TID(TaskID), EE_RN_TASK, par);
 113:Generated_Source\PSoC5/ErikaOS_2_ee_activate.c ****     ev = E_OK;
 114:Generated_Source\PSoC5/ErikaOS_2_ee_activate.c **** #endif /* EE_AS_RPC__ */
 115:Generated_Source\PSoC5/ErikaOS_2_ee_activate.c ****   } else {
 116:Generated_Source\PSoC5/ErikaOS_2_ee_activate.c **** #endif /* __RN_TASK__ || EE_AS_RPC__ */
 117:Generated_Source\PSoC5/ErikaOS_2_ee_activate.c **** 
 118:Generated_Source\PSoC5/ErikaOS_2_ee_activate.c **** #if (defined(EE_AS_OSAPPLICATIONS__)) && (defined(EE_SERVICE_PROTECTION__))
 119:Generated_Source\PSoC5/ErikaOS_2_ee_activate.c ****     /* Check if the task Id is valid */
 120:Generated_Source\PSoC5/ErikaOS_2_ee_activate.c ****     if ( (TaskID < 0) || (TaskID >= EE_MAX_TASK) ) {
 121:Generated_Source\PSoC5/ErikaOS_2_ee_activate.c ****       ev = E_OS_ID;
 122:Generated_Source\PSoC5/ErikaOS_2_ee_activate.c ****     } else if ( EE_TASK_ACCESS_ERR(TaskID, EE_as_active_app) ) {
 123:Generated_Source\PSoC5/ErikaOS_2_ee_activate.c ****       ev = E_OS_ACCESS;
 124:Generated_Source\PSoC5/ErikaOS_2_ee_activate.c ****     } else
 125:Generated_Source\PSoC5/ErikaOS_2_ee_activate.c **** #elif defined(__OO_EXTENDED_STATUS__)
 126:Generated_Source\PSoC5/ErikaOS_2_ee_activate.c ****     /* Check if the task Id is valid */
 127:Generated_Source\PSoC5/ErikaOS_2_ee_activate.c ****     if ( (TaskID < 0) || (TaskID >= EE_MAX_TASK) ) {
 128:Generated_Source\PSoC5/ErikaOS_2_ee_activate.c ****       ev = E_OS_ID;
 129:Generated_Source\PSoC5/ErikaOS_2_ee_activate.c ****     } else
ARM GAS  C:\Users\bolob\AppData\Local\Temp\cc0WKlHx.s 			page 9


 130:Generated_Source\PSoC5/ErikaOS_2_ee_activate.c **** #endif /* EE_AS_OSAPPLICATIONS__ || E_SERVICE_PROTECTION__ ||
 131:Generated_Source\PSoC5/ErikaOS_2_ee_activate.c **** __OO_EXTENDED_STATUS__ */
 132:Generated_Source\PSoC5/ErikaOS_2_ee_activate.c ****     /* Check for pending activations */
 133:Generated_Source\PSoC5/ErikaOS_2_ee_activate.c ****     if ( EE_th_rnact[TaskID] == 0U ) {
 134:Generated_Source\PSoC5/ErikaOS_2_ee_activate.c ****       ev = E_OS_LIMIT;
 135:Generated_Source\PSoC5/ErikaOS_2_ee_activate.c ****     } else {
 136:Generated_Source\PSoC5/ErikaOS_2_ee_activate.c ****       /* [SWS_Os_00469]: The Operating System module shall start an
 137:Generated_Source\PSoC5/ErikaOS_2_ee_activate.c ****           OsTaskTimeFrame when a task is activated successfully.
 138:Generated_Source\PSoC5/ErikaOS_2_ee_activate.c ****           (SRS_Os_11008) */
 139:Generated_Source\PSoC5/ErikaOS_2_ee_activate.c ****       /* [SWS_Os_00466]: If an attempt is made to activate a task before the
 140:Generated_Source\PSoC5/ErikaOS_2_ee_activate.c ****           end of an OsTaskTimeFrame then the Operating System module shall not
 141:Generated_Source\PSoC5/ErikaOS_2_ee_activate.c ****           perform the activation AND shall call the ProtectionHook()
 142:Generated_Source\PSoC5/ErikaOS_2_ee_activate.c ****           with E_OS_PROTECTION_ARRIVAL. */
 143:Generated_Source\PSoC5/ErikaOS_2_ee_activate.c ****       /* Check Interarrival Frame */
 144:Generated_Source\PSoC5/ErikaOS_2_ee_activate.c ****       if ( EE_as_tp_handle_interarrival(EE_AS_TP_ID_FROM_TASK(TaskID)) )
 145:Generated_Source\PSoC5/ErikaOS_2_ee_activate.c ****       {
 146:Generated_Source\PSoC5/ErikaOS_2_ee_activate.c ****         /* Put the TASK in ready queue */
 147:Generated_Source\PSoC5/ErikaOS_2_ee_activate.c ****         EE_oo_task_in_ready_queue(TaskID);
 148:Generated_Source\PSoC5/ErikaOS_2_ee_activate.c **** 
 149:Generated_Source\PSoC5/ErikaOS_2_ee_activate.c ****         /* Check for preemption: 
 150:Generated_Source\PSoC5/ErikaOS_2_ee_activate.c ****            this test has to be done only if we are inside a task */ 
 151:Generated_Source\PSoC5/ErikaOS_2_ee_activate.c ****         if ( EE_hal_get_IRQ_nesting_level() == 0U ) {
 152:Generated_Source\PSoC5/ErikaOS_2_ee_activate.c ****           /* we are inside a task */
 153:Generated_Source\PSoC5/ErikaOS_2_ee_activate.c ****           EE_oo_preemption_point();
 154:Generated_Source\PSoC5/ErikaOS_2_ee_activate.c ****         }
 155:Generated_Source\PSoC5/ErikaOS_2_ee_activate.c ****       }
 156:Generated_Source\PSoC5/ErikaOS_2_ee_activate.c ****       ev = E_OK;
 157:Generated_Source\PSoC5/ErikaOS_2_ee_activate.c ****     }
 158:Generated_Source\PSoC5/ErikaOS_2_ee_activate.c **** #if (defined(__RN_TASK__)) || (defined(EE_AS_RPC__))
 159:Generated_Source\PSoC5/ErikaOS_2_ee_activate.c ****   }
 160:Generated_Source\PSoC5/ErikaOS_2_ee_activate.c **** #endif /* __RN_TASK__ || EE_AS_RPC__ */
 161:Generated_Source\PSoC5/ErikaOS_2_ee_activate.c **** 
 162:Generated_Source\PSoC5/ErikaOS_2_ee_activate.c ****   if ( ev != E_OK ) {
 163:Generated_Source\PSoC5/ErikaOS_2_ee_activate.c ****     EE_ORTI_set_lasterror(ev);
 164:Generated_Source\PSoC5/ErikaOS_2_ee_activate.c ****     EE_oo_notify_error_ActivateTask(TaskID, ev);
 165:Generated_Source\PSoC5/ErikaOS_2_ee_activate.c ****   }
 166:Generated_Source\PSoC5/ErikaOS_2_ee_activate.c **** 
 167:Generated_Source\PSoC5/ErikaOS_2_ee_activate.c ****   EE_ORTI_set_service_out(EE_SERVICETRACE_ACTIVATETASK);
 168:Generated_Source\PSoC5/ErikaOS_2_ee_activate.c ****   EE_OS_EXIT_CRITICAL_SECTION();
 169:Generated_Source\PSoC5/ErikaOS_2_ee_activate.c **** 
 170:Generated_Source\PSoC5/ErikaOS_2_ee_activate.c ****   return ev;
 171:Generated_Source\PSoC5/ErikaOS_2_ee_activate.c **** }
  66              		.loc 1 171 0
  67 000a 0320     		movs	r0, #3
  68              	.LVL2:
  69 000c 7047     		bx	lr
  70              		.cfi_endproc
  71              	.LFE59:
  72              		.size	EE_oo_ActivateTask, .-EE_oo_ActivateTask
  73 000e 00BF     		.text
  74              	.Letext0:
  75              		.file 3 "Generated_Source\\PSoC5\\ErikaOS_2_common_ee_types.inc"
  76              		.file 4 "Generated_Source\\PSoC5\\ErikaOS_2_ee_oo_common.inc"
  77              		.file 5 "Generated_Source\\PSoC5\\ErikaOS_2_cortex_mx_ee_internal.inc"
  78              		.file 6 "Generated_Source\\PSoC5\\ErikaOS_2_common_ee_primitives.inc"
  79              		.file 7 "Generated_Source\\PSoC5\\ErikaOS_2_cortex_mx_ee_context.inc"
  80              		.file 8 "Generated_Source\\PSoC5\\ErikaOS_2_ee_oo_intfunc.inc"
ARM GAS  C:\Users\bolob\AppData\Local\Temp\cc0WKlHx.s 			page 10


  81              		.file 9 "Generated_Source\\PSoC5\\ErikaOS_2_ee_oo_internal.inc"
  82              		.file 10 "Generated_Source\\PSoC5\\ErikaOS_2_ee_as_internal.inc"
  83              		.section	.debug_info,"",%progbits
  84              	.Ldebug_info0:
  85 0000 88030000 		.4byte	0x388
  86 0004 0400     		.2byte	0x4
  87 0006 00000000 		.4byte	.Ldebug_abbrev0
  88 000a 04       		.byte	0x4
  89 000b 01       		.uleb128 0x1
  90 000c 04030000 		.4byte	.LASF46
  91 0010 0C       		.byte	0xc
  92 0011 AA030000 		.4byte	.LASF47
  93 0015 09020000 		.4byte	.LASF48
  94 0019 00000000 		.4byte	.Ldebug_ranges0+0
  95 001d 00000000 		.4byte	0
  96 0021 00000000 		.4byte	.Ldebug_line0
  97 0025 02       		.uleb128 0x2
  98 0026 01       		.byte	0x1
  99 0027 06       		.byte	0x6
 100 0028 8A010000 		.4byte	.LASF0
 101 002c 02       		.uleb128 0x2
 102 002d 01       		.byte	0x1
 103 002e 08       		.byte	0x8
 104 002f 48010000 		.4byte	.LASF1
 105 0033 02       		.uleb128 0x2
 106 0034 02       		.byte	0x2
 107 0035 05       		.byte	0x5
 108 0036 43000000 		.4byte	.LASF2
 109 003a 02       		.uleb128 0x2
 110 003b 02       		.byte	0x2
 111 003c 07       		.byte	0x7
 112 003d 4C020000 		.4byte	.LASF3
 113 0041 02       		.uleb128 0x2
 114 0042 04       		.byte	0x4
 115 0043 05       		.byte	0x5
 116 0044 ED000000 		.4byte	.LASF4
 117 0048 02       		.uleb128 0x2
 118 0049 04       		.byte	0x4
 119 004a 07       		.byte	0x7
 120 004b 93020000 		.4byte	.LASF5
 121 004f 02       		.uleb128 0x2
 122 0050 08       		.byte	0x8
 123 0051 05       		.byte	0x5
 124 0052 AE000000 		.4byte	.LASF6
 125 0056 02       		.uleb128 0x2
 126 0057 08       		.byte	0x8
 127 0058 07       		.byte	0x7
 128 0059 96010000 		.4byte	.LASF7
 129 005d 03       		.uleb128 0x3
 130 005e 04       		.byte	0x4
 131 005f 05       		.byte	0x5
 132 0060 696E7400 		.ascii	"int\000"
 133 0064 02       		.uleb128 0x2
 134 0065 04       		.byte	0x4
 135 0066 07       		.byte	0x7
 136 0067 C8010000 		.4byte	.LASF8
 137 006b 02       		.uleb128 0x2
ARM GAS  C:\Users\bolob\AppData\Local\Temp\cc0WKlHx.s 			page 11


 138 006c 08       		.byte	0x8
 139 006d 04       		.byte	0x4
 140 006e 33010000 		.4byte	.LASF9
 141 0072 04       		.uleb128 0x4
 142 0073 00000000 		.4byte	.LASF10
 143 0077 03       		.byte	0x3
 144 0078 3E       		.byte	0x3e
 145 0079 2C000000 		.4byte	0x2c
 146 007d 04       		.uleb128 0x4
 147 007e BC000000 		.4byte	.LASF11
 148 0082 03       		.byte	0x3
 149 0083 3F       		.byte	0x3f
 150 0084 25000000 		.4byte	0x25
 151 0088 04       		.uleb128 0x4
 152 0089 5F020000 		.4byte	.LASF12
 153 008d 03       		.byte	0x3
 154 008e 52       		.byte	0x52
 155 008f 3A000000 		.4byte	0x3a
 156 0093 04       		.uleb128 0x4
 157 0094 FA010000 		.4byte	.LASF13
 158 0098 03       		.byte	0x3
 159 0099 53       		.byte	0x53
 160 009a 5D000000 		.4byte	0x5d
 161 009e 04       		.uleb128 0x4
 162 009f 60000000 		.4byte	.LASF14
 163 00a3 03       		.byte	0x3
 164 00a4 54       		.byte	0x54
 165 00a5 64000000 		.4byte	0x64
 166 00a9 04       		.uleb128 0x4
 167 00aa 17000000 		.4byte	.LASF15
 168 00ae 02       		.byte	0x2
 169 00af 4D       		.byte	0x4d
 170 00b0 9E000000 		.4byte	0x9e
 171 00b4 04       		.uleb128 0x4
 172 00b5 58000000 		.4byte	.LASF16
 173 00b9 02       		.byte	0x2
 174 00ba 4F       		.byte	0x4f
 175 00bb 9E000000 		.4byte	0x9e
 176 00bf 04       		.uleb128 0x4
 177 00c0 A5020000 		.4byte	.LASF17
 178 00c4 02       		.byte	0x2
 179 00c5 54       		.byte	0x54
 180 00c6 A9000000 		.4byte	0xa9
 181 00ca 04       		.uleb128 0x4
 182 00cb 7B000000 		.4byte	.LASF18
 183 00cf 02       		.byte	0x2
 184 00d0 78       		.byte	0x78
 185 00d1 93000000 		.4byte	0x93
 186 00d5 05       		.uleb128 0x5
 187 00d6 DD000000 		.4byte	.LASF19
 188 00da 04       		.byte	0x4
 189 00db 1101     		.2byte	0x111
 190 00dd 88000000 		.4byte	0x88
 191 00e1 05       		.uleb128 0x5
 192 00e2 3F010000 		.4byte	.LASF20
 193 00e6 04       		.byte	0x4
 194 00e7 F701     		.2byte	0x1f7
ARM GAS  C:\Users\bolob\AppData\Local\Temp\cc0WKlHx.s 			page 12


 195 00e9 CA000000 		.4byte	0xca
 196 00ed 05       		.uleb128 0x5
 197 00ee 4D000000 		.4byte	.LASF21
 198 00f2 04       		.byte	0x4
 199 00f3 2103     		.2byte	0x321
 200 00f5 2C000000 		.4byte	0x2c
 201 00f9 06       		.uleb128 0x6
 202 00fa 72010000 		.4byte	.LASF49
 203 00fe 02       		.byte	0x2
 204 00ff F1       		.byte	0xf1
 205 0100 B4000000 		.4byte	0xb4
 206 0104 03       		.byte	0x3
 207 0105 15010000 		.4byte	0x115
 208 0109 07       		.uleb128 0x7
 209 010a 03020000 		.4byte	.LASF27
 210 010e 02       		.byte	0x2
 211 010f F4       		.byte	0xf4
 212 0110 B4000000 		.4byte	0xb4
 213 0114 00       		.byte	0
 214 0115 08       		.uleb128 0x8
 215 0116 69020000 		.4byte	.LASF22
 216 011a 02       		.byte	0x2
 217 011b DC       		.byte	0xdc
 218 011c 03       		.byte	0x3
 219 011d 2B010000 		.4byte	0x12b
 220 0121 09       		.uleb128 0x9
 221 0122 6600     		.ascii	"f\000"
 222 0124 02       		.byte	0x2
 223 0125 DC       		.byte	0xdc
 224 0126 B4000000 		.4byte	0xb4
 225 012a 00       		.byte	0
 226 012b 0A       		.uleb128 0xa
 227 012c F6000000 		.4byte	.LASF23
 228 0130 04       		.byte	0x4
 229 0131 9703     		.2byte	0x397
 230 0133 03       		.byte	0x3
 231 0134 45010000 		.4byte	0x145
 232 0138 0B       		.uleb128 0xb
 233 0139 73727600 		.ascii	"srv\000"
 234 013d 04       		.byte	0x4
 235 013e 9703     		.2byte	0x397
 236 0140 72000000 		.4byte	0x72
 237 0144 00       		.byte	0
 238 0145 08       		.uleb128 0x8
 239 0146 56010000 		.4byte	.LASF24
 240 014a 05       		.byte	0x5
 241 014b 68       		.byte	0x68
 242 014c 03       		.byte	0x3
 243 014d 5B010000 		.4byte	0x15b
 244 0151 09       		.uleb128 0x9
 245 0152 6600     		.ascii	"f\000"
 246 0154 05       		.byte	0x5
 247 0155 68       		.byte	0x68
 248 0156 B4000000 		.4byte	0xb4
 249 015a 00       		.byte	0
 250 015b 0A       		.uleb128 0xa
 251 015c D9030000 		.4byte	.LASF25
ARM GAS  C:\Users\bolob\AppData\Local\Temp\cc0WKlHx.s 			page 13


 252 0160 04       		.byte	0x4
 253 0161 A803     		.2byte	0x3a8
 254 0163 03       		.byte	0x3
 255 0164 74010000 		.4byte	0x174
 256 0168 0B       		.uleb128 0xb
 257 0169 696400   		.ascii	"id\000"
 258 016c 04       		.byte	0x4
 259 016d A803     		.2byte	0x3a8
 260 016f 72000000 		.4byte	0x72
 261 0173 00       		.byte	0
 262 0174 0C       		.uleb128 0xc
 263 0175 AD010000 		.4byte	.LASF50
 264 0179 0A       		.byte	0xa
 265 017a AB01     		.2byte	0x1ab
 266 017c 03       		.byte	0x3
 267 017d 0A       		.uleb128 0xa
 268 017e 97000000 		.4byte	.LASF26
 269 0182 04       		.byte	0x4
 270 0183 A303     		.2byte	0x3a3
 271 0185 03       		.byte	0x3
 272 0186 96010000 		.4byte	0x196
 273 018a 0B       		.uleb128 0xb
 274 018b 696400   		.ascii	"id\000"
 275 018e 04       		.byte	0x4
 276 018f A303     		.2byte	0x3a3
 277 0191 72000000 		.4byte	0x72
 278 0195 00       		.byte	0
 279 0196 0D       		.uleb128 0xd
 280 0197 F1030000 		.4byte	.LASF51
 281 019b 05       		.byte	0x5
 282 019c 60       		.byte	0x60
 283 019d B4000000 		.4byte	0xb4
 284 01a1 03       		.byte	0x3
 285 01a2 0E       		.uleb128 0xe
 286 01a3 20010000 		.4byte	.LASF52
 287 01a7 01       		.byte	0x1
 288 01a8 42       		.byte	0x42
 289 01a9 ED000000 		.4byte	0xed
 290 01ad 00000000 		.4byte	.LFB59
 291 01b1 0E000000 		.4byte	.LFE59-.LFB59
 292 01b5 01       		.uleb128 0x1
 293 01b6 9C       		.byte	0x9c
 294 01b7 3E020000 		.4byte	0x23e
 295 01bb 0F       		.uleb128 0xf
 296 01bc 0A010000 		.4byte	.LASF53
 297 01c0 01       		.byte	0x1
 298 01c1 42       		.byte	0x42
 299 01c2 E1000000 		.4byte	0xe1
 300 01c6 00000000 		.4byte	.LLST0
 301 01ca 10       		.uleb128 0x10
 302 01cb 657600   		.ascii	"ev\000"
 303 01ce 01       		.byte	0x1
 304 01cf 45       		.byte	0x45
 305 01d0 ED000000 		.4byte	0xed
 306 01d4 03       		.byte	0x3
 307 01d5 07       		.uleb128 0x7
 308 01d6 F4020000 		.4byte	.LASF28
ARM GAS  C:\Users\bolob\AppData\Local\Temp\cc0WKlHx.s 			page 14


 309 01da 01       		.byte	0x1
 310 01db 47       		.byte	0x47
 311 01dc B4000000 		.4byte	0xb4
 312 01e0 11       		.uleb128 0x11
 313 01e1 96010000 		.4byte	0x196
 314 01e5 00000000 		.4byte	.LBB24
 315 01e9 06000000 		.4byte	.LBE24-.LBB24
 316 01ed 01       		.byte	0x1
 317 01ee 47       		.byte	0x47
 318 01ef 13020000 		.4byte	0x213
 319 01f3 12       		.uleb128 0x12
 320 01f4 F9000000 		.4byte	0xf9
 321 01f8 00000000 		.4byte	.LBB25
 322 01fc 06000000 		.4byte	.LBE25-.LBB25
 323 0200 05       		.byte	0x5
 324 0201 62       		.byte	0x62
 325 0202 13       		.uleb128 0x13
 326 0203 00000000 		.4byte	.LBB26
 327 0207 06000000 		.4byte	.LBE26-.LBB26
 328 020b 14       		.uleb128 0x14
 329 020c 09010000 		.4byte	0x109
 330 0210 00       		.byte	0
 331 0211 00       		.byte	0
 332 0212 00       		.byte	0
 333 0213 12       		.uleb128 0x12
 334 0214 45010000 		.4byte	0x145
 335 0218 06000000 		.4byte	.LBB27
 336 021c 04000000 		.4byte	.LBE27-.LBB27
 337 0220 01       		.byte	0x1
 338 0221 A8       		.byte	0xa8
 339 0222 15       		.uleb128 0x15
 340 0223 51010000 		.4byte	0x151
 341 0227 12       		.uleb128 0x12
 342 0228 15010000 		.4byte	0x115
 343 022c 06000000 		.4byte	.LBB28
 344 0230 04000000 		.4byte	.LBE28-.LBB28
 345 0234 05       		.byte	0x5
 346 0235 6A       		.byte	0x6a
 347 0236 15       		.uleb128 0x15
 348 0237 21010000 		.4byte	0x121
 349 023b 00       		.byte	0
 350 023c 00       		.byte	0
 351 023d 00       		.byte	0
 352 023e 16       		.uleb128 0x16
 353 023f 82000000 		.4byte	.LASF29
 354 0243 06       		.byte	0x6
 355 0244 44       		.byte	0x44
 356 0245 A9000000 		.4byte	0xa9
 357 0249 16       		.uleb128 0x16
 358 024a E1010000 		.4byte	.LASF30
 359 024e 07       		.byte	0x7
 360 024f 48       		.byte	0x48
 361 0250 CA000000 		.4byte	0xca
 362 0254 17       		.uleb128 0x17
 363 0255 6A020000 		.4byte	0x26a
 364 0259 63020000 		.4byte	0x263
 365 025d 18       		.uleb128 0x18
ARM GAS  C:\Users\bolob\AppData\Local\Temp\cc0WKlHx.s 			page 15


 366 025e 63020000 		.4byte	0x263
 367 0262 00       		.byte	0
 368 0263 02       		.uleb128 0x2
 369 0264 04       		.byte	0x4
 370 0265 07       		.byte	0x7
 371 0266 D1020000 		.4byte	.LASF31
 372 026a 19       		.uleb128 0x19
 373 026b A9000000 		.4byte	0xa9
 374 026f 16       		.uleb128 0x16
 375 0270 6A000000 		.4byte	.LASF32
 376 0274 04       		.byte	0x4
 377 0275 B2       		.byte	0xb2
 378 0276 7A020000 		.4byte	0x27a
 379 027a 19       		.uleb128 0x19
 380 027b 54020000 		.4byte	0x254
 381 027f 17       		.uleb128 0x17
 382 0280 6A020000 		.4byte	0x26a
 383 0284 8E020000 		.4byte	0x28e
 384 0288 18       		.uleb128 0x18
 385 0289 63020000 		.4byte	0x263
 386 028d 00       		.byte	0
 387 028e 16       		.uleb128 0x16
 388 028f BD020000 		.4byte	.LASF33
 389 0293 04       		.byte	0x4
 390 0294 B3       		.byte	0xb3
 391 0295 99020000 		.4byte	0x299
 392 0299 19       		.uleb128 0x19
 393 029a 7F020000 		.4byte	0x27f
 394 029e 17       		.uleb128 0x17
 395 029f A9000000 		.4byte	0xa9
 396 02a3 AD020000 		.4byte	0x2ad
 397 02a7 18       		.uleb128 0x18
 398 02a8 63020000 		.4byte	0x263
 399 02ac 00       		.byte	0
 400 02ad 16       		.uleb128 0x16
 401 02ae E7020000 		.4byte	.LASF34
 402 02b2 04       		.byte	0x4
 403 02b3 CA       		.byte	0xca
 404 02b4 9E020000 		.4byte	0x29e
 405 02b8 17       		.uleb128 0x17
 406 02b9 CA000000 		.4byte	0xca
 407 02bd C7020000 		.4byte	0x2c7
 408 02c1 18       		.uleb128 0x18
 409 02c2 63020000 		.4byte	0x263
 410 02c6 00       		.byte	0
 411 02c7 16       		.uleb128 0x16
 412 02c8 F9020000 		.4byte	.LASF35
 413 02cc 04       		.byte	0x4
 414 02cd D2       		.byte	0xd2
 415 02ce B8020000 		.4byte	0x2b8
 416 02d2 17       		.uleb128 0x17
 417 02d3 A9000000 		.4byte	0xa9
 418 02d7 E1020000 		.4byte	0x2e1
 419 02db 18       		.uleb128 0x18
 420 02dc 63020000 		.4byte	0x263
 421 02e0 00       		.byte	0
 422 02e1 16       		.uleb128 0x16
ARM GAS  C:\Users\bolob\AppData\Local\Temp\cc0WKlHx.s 			page 16


 423 02e2 D5010000 		.4byte	.LASF36
 424 02e6 04       		.byte	0x4
 425 02e7 DA       		.byte	0xda
 426 02e8 D2020000 		.4byte	0x2d2
 427 02ec 16       		.uleb128 0x16
 428 02ed B1020000 		.4byte	.LASF37
 429 02f1 04       		.byte	0x4
 430 02f2 E2       		.byte	0xe2
 431 02f3 CA000000 		.4byte	0xca
 432 02f7 16       		.uleb128 0x16
 433 02f8 11010000 		.4byte	.LASF38
 434 02fc 04       		.byte	0x4
 435 02fd F7       		.byte	0xf7
 436 02fe A9000000 		.4byte	0xa9
 437 0302 1A       		.uleb128 0x1a
 438 0303 09000000 		.4byte	.LASF39
 439 0307 04       		.byte	0x4
 440 0308 3F01     		.2byte	0x13f
 441 030a D5000000 		.4byte	0xd5
 442 030e 17       		.uleb128 0x17
 443 030f A9000000 		.4byte	0xa9
 444 0313 1D030000 		.4byte	0x31d
 445 0317 18       		.uleb128 0x18
 446 0318 63020000 		.4byte	0x263
 447 031c 00       		.byte	0
 448 031d 1A       		.uleb128 0x1a
 449 031e 1F000000 		.4byte	.LASF40
 450 0322 04       		.byte	0x4
 451 0323 5C01     		.2byte	0x15c
 452 0325 0E030000 		.4byte	0x30e
 453 0329 17       		.uleb128 0x17
 454 032a BF000000 		.4byte	0xbf
 455 032e 38030000 		.4byte	0x338
 456 0332 18       		.uleb128 0x18
 457 0333 63020000 		.4byte	0x263
 458 0337 00       		.byte	0
 459 0338 1A       		.uleb128 0x1a
 460 0339 32000000 		.4byte	.LASF41
 461 033d 04       		.byte	0x4
 462 033e 6701     		.2byte	0x167
 463 0340 29030000 		.4byte	0x329
 464 0344 16       		.uleb128 0x16
 465 0345 92030000 		.4byte	.LASF42
 466 0349 08       		.byte	0x8
 467 034a 40       		.byte	0x40
 468 034b A9000000 		.4byte	0xa9
 469 034f 16       		.uleb128 0x16
 470 0350 C4000000 		.4byte	.LASF43
 471 0354 08       		.byte	0x8
 472 0355 47       		.byte	0x47
 473 0356 B4000000 		.4byte	0xb4
 474 035a 16       		.uleb128 0x16
 475 035b 80020000 		.4byte	.LASF44
 476 035f 08       		.byte	0x8
 477 0360 4A       		.byte	0x4a
 478 0361 A9000000 		.4byte	0xa9
 479 0365 17       		.uleb128 0x17
ARM GAS  C:\Users\bolob\AppData\Local\Temp\cc0WKlHx.s 			page 17


 480 0366 75030000 		.4byte	0x375
 481 036a 75030000 		.4byte	0x375
 482 036e 1B       		.uleb128 0x1b
 483 036f 63020000 		.4byte	0x263
 484 0373 FF       		.byte	0xff
 485 0374 00       		.byte	0
 486 0375 19       		.uleb128 0x19
 487 0376 7D000000 		.4byte	0x7d
 488 037a 1A       		.uleb128 0x1a
 489 037b DA020000 		.4byte	.LASF45
 490 037f 09       		.byte	0x9
 491 0380 AB01     		.2byte	0x1ab
 492 0382 86030000 		.4byte	0x386
 493 0386 19       		.uleb128 0x19
 494 0387 65030000 		.4byte	0x365
 495 038b 00       		.byte	0
 496              		.section	.debug_abbrev,"",%progbits
 497              	.Ldebug_abbrev0:
 498 0000 01       		.uleb128 0x1
 499 0001 11       		.uleb128 0x11
 500 0002 01       		.byte	0x1
 501 0003 25       		.uleb128 0x25
 502 0004 0E       		.uleb128 0xe
 503 0005 13       		.uleb128 0x13
 504 0006 0B       		.uleb128 0xb
 505 0007 03       		.uleb128 0x3
 506 0008 0E       		.uleb128 0xe
 507 0009 1B       		.uleb128 0x1b
 508 000a 0E       		.uleb128 0xe
 509 000b 55       		.uleb128 0x55
 510 000c 17       		.uleb128 0x17
 511 000d 11       		.uleb128 0x11
 512 000e 01       		.uleb128 0x1
 513 000f 10       		.uleb128 0x10
 514 0010 17       		.uleb128 0x17
 515 0011 00       		.byte	0
 516 0012 00       		.byte	0
 517 0013 02       		.uleb128 0x2
 518 0014 24       		.uleb128 0x24
 519 0015 00       		.byte	0
 520 0016 0B       		.uleb128 0xb
 521 0017 0B       		.uleb128 0xb
 522 0018 3E       		.uleb128 0x3e
 523 0019 0B       		.uleb128 0xb
 524 001a 03       		.uleb128 0x3
 525 001b 0E       		.uleb128 0xe
 526 001c 00       		.byte	0
 527 001d 00       		.byte	0
 528 001e 03       		.uleb128 0x3
 529 001f 24       		.uleb128 0x24
 530 0020 00       		.byte	0
 531 0021 0B       		.uleb128 0xb
 532 0022 0B       		.uleb128 0xb
 533 0023 3E       		.uleb128 0x3e
 534 0024 0B       		.uleb128 0xb
 535 0025 03       		.uleb128 0x3
 536 0026 08       		.uleb128 0x8
ARM GAS  C:\Users\bolob\AppData\Local\Temp\cc0WKlHx.s 			page 18


 537 0027 00       		.byte	0
 538 0028 00       		.byte	0
 539 0029 04       		.uleb128 0x4
 540 002a 16       		.uleb128 0x16
 541 002b 00       		.byte	0
 542 002c 03       		.uleb128 0x3
 543 002d 0E       		.uleb128 0xe
 544 002e 3A       		.uleb128 0x3a
 545 002f 0B       		.uleb128 0xb
 546 0030 3B       		.uleb128 0x3b
 547 0031 0B       		.uleb128 0xb
 548 0032 49       		.uleb128 0x49
 549 0033 13       		.uleb128 0x13
 550 0034 00       		.byte	0
 551 0035 00       		.byte	0
 552 0036 05       		.uleb128 0x5
 553 0037 16       		.uleb128 0x16
 554 0038 00       		.byte	0
 555 0039 03       		.uleb128 0x3
 556 003a 0E       		.uleb128 0xe
 557 003b 3A       		.uleb128 0x3a
 558 003c 0B       		.uleb128 0xb
 559 003d 3B       		.uleb128 0x3b
 560 003e 05       		.uleb128 0x5
 561 003f 49       		.uleb128 0x49
 562 0040 13       		.uleb128 0x13
 563 0041 00       		.byte	0
 564 0042 00       		.byte	0
 565 0043 06       		.uleb128 0x6
 566 0044 2E       		.uleb128 0x2e
 567 0045 01       		.byte	0x1
 568 0046 03       		.uleb128 0x3
 569 0047 0E       		.uleb128 0xe
 570 0048 3A       		.uleb128 0x3a
 571 0049 0B       		.uleb128 0xb
 572 004a 3B       		.uleb128 0x3b
 573 004b 0B       		.uleb128 0xb
 574 004c 27       		.uleb128 0x27
 575 004d 19       		.uleb128 0x19
 576 004e 49       		.uleb128 0x49
 577 004f 13       		.uleb128 0x13
 578 0050 20       		.uleb128 0x20
 579 0051 0B       		.uleb128 0xb
 580 0052 01       		.uleb128 0x1
 581 0053 13       		.uleb128 0x13
 582 0054 00       		.byte	0
 583 0055 00       		.byte	0
 584 0056 07       		.uleb128 0x7
 585 0057 34       		.uleb128 0x34
 586 0058 00       		.byte	0
 587 0059 03       		.uleb128 0x3
 588 005a 0E       		.uleb128 0xe
 589 005b 3A       		.uleb128 0x3a
 590 005c 0B       		.uleb128 0xb
 591 005d 3B       		.uleb128 0x3b
 592 005e 0B       		.uleb128 0xb
 593 005f 49       		.uleb128 0x49
ARM GAS  C:\Users\bolob\AppData\Local\Temp\cc0WKlHx.s 			page 19


 594 0060 13       		.uleb128 0x13
 595 0061 00       		.byte	0
 596 0062 00       		.byte	0
 597 0063 08       		.uleb128 0x8
 598 0064 2E       		.uleb128 0x2e
 599 0065 01       		.byte	0x1
 600 0066 03       		.uleb128 0x3
 601 0067 0E       		.uleb128 0xe
 602 0068 3A       		.uleb128 0x3a
 603 0069 0B       		.uleb128 0xb
 604 006a 3B       		.uleb128 0x3b
 605 006b 0B       		.uleb128 0xb
 606 006c 27       		.uleb128 0x27
 607 006d 19       		.uleb128 0x19
 608 006e 20       		.uleb128 0x20
 609 006f 0B       		.uleb128 0xb
 610 0070 01       		.uleb128 0x1
 611 0071 13       		.uleb128 0x13
 612 0072 00       		.byte	0
 613 0073 00       		.byte	0
 614 0074 09       		.uleb128 0x9
 615 0075 05       		.uleb128 0x5
 616 0076 00       		.byte	0
 617 0077 03       		.uleb128 0x3
 618 0078 08       		.uleb128 0x8
 619 0079 3A       		.uleb128 0x3a
 620 007a 0B       		.uleb128 0xb
 621 007b 3B       		.uleb128 0x3b
 622 007c 0B       		.uleb128 0xb
 623 007d 49       		.uleb128 0x49
 624 007e 13       		.uleb128 0x13
 625 007f 00       		.byte	0
 626 0080 00       		.byte	0
 627 0081 0A       		.uleb128 0xa
 628 0082 2E       		.uleb128 0x2e
 629 0083 01       		.byte	0x1
 630 0084 03       		.uleb128 0x3
 631 0085 0E       		.uleb128 0xe
 632 0086 3A       		.uleb128 0x3a
 633 0087 0B       		.uleb128 0xb
 634 0088 3B       		.uleb128 0x3b
 635 0089 05       		.uleb128 0x5
 636 008a 27       		.uleb128 0x27
 637 008b 19       		.uleb128 0x19
 638 008c 20       		.uleb128 0x20
 639 008d 0B       		.uleb128 0xb
 640 008e 01       		.uleb128 0x1
 641 008f 13       		.uleb128 0x13
 642 0090 00       		.byte	0
 643 0091 00       		.byte	0
 644 0092 0B       		.uleb128 0xb
 645 0093 05       		.uleb128 0x5
 646 0094 00       		.byte	0
 647 0095 03       		.uleb128 0x3
 648 0096 08       		.uleb128 0x8
 649 0097 3A       		.uleb128 0x3a
 650 0098 0B       		.uleb128 0xb
ARM GAS  C:\Users\bolob\AppData\Local\Temp\cc0WKlHx.s 			page 20


 651 0099 3B       		.uleb128 0x3b
 652 009a 05       		.uleb128 0x5
 653 009b 49       		.uleb128 0x49
 654 009c 13       		.uleb128 0x13
 655 009d 00       		.byte	0
 656 009e 00       		.byte	0
 657 009f 0C       		.uleb128 0xc
 658 00a0 2E       		.uleb128 0x2e
 659 00a1 00       		.byte	0
 660 00a2 03       		.uleb128 0x3
 661 00a3 0E       		.uleb128 0xe
 662 00a4 3A       		.uleb128 0x3a
 663 00a5 0B       		.uleb128 0xb
 664 00a6 3B       		.uleb128 0x3b
 665 00a7 05       		.uleb128 0x5
 666 00a8 27       		.uleb128 0x27
 667 00a9 19       		.uleb128 0x19
 668 00aa 20       		.uleb128 0x20
 669 00ab 0B       		.uleb128 0xb
 670 00ac 00       		.byte	0
 671 00ad 00       		.byte	0
 672 00ae 0D       		.uleb128 0xd
 673 00af 2E       		.uleb128 0x2e
 674 00b0 00       		.byte	0
 675 00b1 03       		.uleb128 0x3
 676 00b2 0E       		.uleb128 0xe
 677 00b3 3A       		.uleb128 0x3a
 678 00b4 0B       		.uleb128 0xb
 679 00b5 3B       		.uleb128 0x3b
 680 00b6 0B       		.uleb128 0xb
 681 00b7 27       		.uleb128 0x27
 682 00b8 19       		.uleb128 0x19
 683 00b9 49       		.uleb128 0x49
 684 00ba 13       		.uleb128 0x13
 685 00bb 20       		.uleb128 0x20
 686 00bc 0B       		.uleb128 0xb
 687 00bd 00       		.byte	0
 688 00be 00       		.byte	0
 689 00bf 0E       		.uleb128 0xe
 690 00c0 2E       		.uleb128 0x2e
 691 00c1 01       		.byte	0x1
 692 00c2 3F       		.uleb128 0x3f
 693 00c3 19       		.uleb128 0x19
 694 00c4 03       		.uleb128 0x3
 695 00c5 0E       		.uleb128 0xe
 696 00c6 3A       		.uleb128 0x3a
 697 00c7 0B       		.uleb128 0xb
 698 00c8 3B       		.uleb128 0x3b
 699 00c9 0B       		.uleb128 0xb
 700 00ca 27       		.uleb128 0x27
 701 00cb 19       		.uleb128 0x19
 702 00cc 49       		.uleb128 0x49
 703 00cd 13       		.uleb128 0x13
 704 00ce 11       		.uleb128 0x11
 705 00cf 01       		.uleb128 0x1
 706 00d0 12       		.uleb128 0x12
 707 00d1 06       		.uleb128 0x6
ARM GAS  C:\Users\bolob\AppData\Local\Temp\cc0WKlHx.s 			page 21


 708 00d2 40       		.uleb128 0x40
 709 00d3 18       		.uleb128 0x18
 710 00d4 9742     		.uleb128 0x2117
 711 00d6 19       		.uleb128 0x19
 712 00d7 01       		.uleb128 0x1
 713 00d8 13       		.uleb128 0x13
 714 00d9 00       		.byte	0
 715 00da 00       		.byte	0
 716 00db 0F       		.uleb128 0xf
 717 00dc 05       		.uleb128 0x5
 718 00dd 00       		.byte	0
 719 00de 03       		.uleb128 0x3
 720 00df 0E       		.uleb128 0xe
 721 00e0 3A       		.uleb128 0x3a
 722 00e1 0B       		.uleb128 0xb
 723 00e2 3B       		.uleb128 0x3b
 724 00e3 0B       		.uleb128 0xb
 725 00e4 49       		.uleb128 0x49
 726 00e5 13       		.uleb128 0x13
 727 00e6 02       		.uleb128 0x2
 728 00e7 17       		.uleb128 0x17
 729 00e8 00       		.byte	0
 730 00e9 00       		.byte	0
 731 00ea 10       		.uleb128 0x10
 732 00eb 34       		.uleb128 0x34
 733 00ec 00       		.byte	0
 734 00ed 03       		.uleb128 0x3
 735 00ee 08       		.uleb128 0x8
 736 00ef 3A       		.uleb128 0x3a
 737 00f0 0B       		.uleb128 0xb
 738 00f1 3B       		.uleb128 0x3b
 739 00f2 0B       		.uleb128 0xb
 740 00f3 49       		.uleb128 0x49
 741 00f4 13       		.uleb128 0x13
 742 00f5 1C       		.uleb128 0x1c
 743 00f6 0B       		.uleb128 0xb
 744 00f7 00       		.byte	0
 745 00f8 00       		.byte	0
 746 00f9 11       		.uleb128 0x11
 747 00fa 1D       		.uleb128 0x1d
 748 00fb 01       		.byte	0x1
 749 00fc 31       		.uleb128 0x31
 750 00fd 13       		.uleb128 0x13
 751 00fe 11       		.uleb128 0x11
 752 00ff 01       		.uleb128 0x1
 753 0100 12       		.uleb128 0x12
 754 0101 06       		.uleb128 0x6
 755 0102 58       		.uleb128 0x58
 756 0103 0B       		.uleb128 0xb
 757 0104 59       		.uleb128 0x59
 758 0105 0B       		.uleb128 0xb
 759 0106 01       		.uleb128 0x1
 760 0107 13       		.uleb128 0x13
 761 0108 00       		.byte	0
 762 0109 00       		.byte	0
 763 010a 12       		.uleb128 0x12
 764 010b 1D       		.uleb128 0x1d
ARM GAS  C:\Users\bolob\AppData\Local\Temp\cc0WKlHx.s 			page 22


 765 010c 01       		.byte	0x1
 766 010d 31       		.uleb128 0x31
 767 010e 13       		.uleb128 0x13
 768 010f 11       		.uleb128 0x11
 769 0110 01       		.uleb128 0x1
 770 0111 12       		.uleb128 0x12
 771 0112 06       		.uleb128 0x6
 772 0113 58       		.uleb128 0x58
 773 0114 0B       		.uleb128 0xb
 774 0115 59       		.uleb128 0x59
 775 0116 0B       		.uleb128 0xb
 776 0117 00       		.byte	0
 777 0118 00       		.byte	0
 778 0119 13       		.uleb128 0x13
 779 011a 0B       		.uleb128 0xb
 780 011b 01       		.byte	0x1
 781 011c 11       		.uleb128 0x11
 782 011d 01       		.uleb128 0x1
 783 011e 12       		.uleb128 0x12
 784 011f 06       		.uleb128 0x6
 785 0120 00       		.byte	0
 786 0121 00       		.byte	0
 787 0122 14       		.uleb128 0x14
 788 0123 34       		.uleb128 0x34
 789 0124 00       		.byte	0
 790 0125 31       		.uleb128 0x31
 791 0126 13       		.uleb128 0x13
 792 0127 00       		.byte	0
 793 0128 00       		.byte	0
 794 0129 15       		.uleb128 0x15
 795 012a 05       		.uleb128 0x5
 796 012b 00       		.byte	0
 797 012c 31       		.uleb128 0x31
 798 012d 13       		.uleb128 0x13
 799 012e 00       		.byte	0
 800 012f 00       		.byte	0
 801 0130 16       		.uleb128 0x16
 802 0131 34       		.uleb128 0x34
 803 0132 00       		.byte	0
 804 0133 03       		.uleb128 0x3
 805 0134 0E       		.uleb128 0xe
 806 0135 3A       		.uleb128 0x3a
 807 0136 0B       		.uleb128 0xb
 808 0137 3B       		.uleb128 0x3b
 809 0138 0B       		.uleb128 0xb
 810 0139 49       		.uleb128 0x49
 811 013a 13       		.uleb128 0x13
 812 013b 3F       		.uleb128 0x3f
 813 013c 19       		.uleb128 0x19
 814 013d 3C       		.uleb128 0x3c
 815 013e 19       		.uleb128 0x19
 816 013f 00       		.byte	0
 817 0140 00       		.byte	0
 818 0141 17       		.uleb128 0x17
 819 0142 01       		.uleb128 0x1
 820 0143 01       		.byte	0x1
 821 0144 49       		.uleb128 0x49
ARM GAS  C:\Users\bolob\AppData\Local\Temp\cc0WKlHx.s 			page 23


 822 0145 13       		.uleb128 0x13
 823 0146 01       		.uleb128 0x1
 824 0147 13       		.uleb128 0x13
 825 0148 00       		.byte	0
 826 0149 00       		.byte	0
 827 014a 18       		.uleb128 0x18
 828 014b 21       		.uleb128 0x21
 829 014c 00       		.byte	0
 830 014d 49       		.uleb128 0x49
 831 014e 13       		.uleb128 0x13
 832 014f 00       		.byte	0
 833 0150 00       		.byte	0
 834 0151 19       		.uleb128 0x19
 835 0152 26       		.uleb128 0x26
 836 0153 00       		.byte	0
 837 0154 49       		.uleb128 0x49
 838 0155 13       		.uleb128 0x13
 839 0156 00       		.byte	0
 840 0157 00       		.byte	0
 841 0158 1A       		.uleb128 0x1a
 842 0159 34       		.uleb128 0x34
 843 015a 00       		.byte	0
 844 015b 03       		.uleb128 0x3
 845 015c 0E       		.uleb128 0xe
 846 015d 3A       		.uleb128 0x3a
 847 015e 0B       		.uleb128 0xb
 848 015f 3B       		.uleb128 0x3b
 849 0160 05       		.uleb128 0x5
 850 0161 49       		.uleb128 0x49
 851 0162 13       		.uleb128 0x13
 852 0163 3F       		.uleb128 0x3f
 853 0164 19       		.uleb128 0x19
 854 0165 3C       		.uleb128 0x3c
 855 0166 19       		.uleb128 0x19
 856 0167 00       		.byte	0
 857 0168 00       		.byte	0
 858 0169 1B       		.uleb128 0x1b
 859 016a 21       		.uleb128 0x21
 860 016b 00       		.byte	0
 861 016c 49       		.uleb128 0x49
 862 016d 13       		.uleb128 0x13
 863 016e 2F       		.uleb128 0x2f
 864 016f 0B       		.uleb128 0xb
 865 0170 00       		.byte	0
 866 0171 00       		.byte	0
 867 0172 00       		.byte	0
 868              		.section	.debug_loc,"",%progbits
 869              	.Ldebug_loc0:
 870              	.LLST0:
 871 0000 00000000 		.4byte	.LVL0
 872 0004 0C000000 		.4byte	.LVL2
 873 0008 0100     		.2byte	0x1
 874 000a 50       		.byte	0x50
 875 000b 0C000000 		.4byte	.LVL2
 876 000f 0E000000 		.4byte	.LFE59
 877 0013 0400     		.2byte	0x4
 878 0015 F3       		.byte	0xf3
ARM GAS  C:\Users\bolob\AppData\Local\Temp\cc0WKlHx.s 			page 24


 879 0016 01       		.uleb128 0x1
 880 0017 50       		.byte	0x50
 881 0018 9F       		.byte	0x9f
 882 0019 00000000 		.4byte	0
 883 001d 00000000 		.4byte	0
 884              		.section	.debug_aranges,"",%progbits
 885 0000 1C000000 		.4byte	0x1c
 886 0004 0200     		.2byte	0x2
 887 0006 00000000 		.4byte	.Ldebug_info0
 888 000a 04       		.byte	0x4
 889 000b 00       		.byte	0
 890 000c 0000     		.2byte	0
 891 000e 0000     		.2byte	0
 892 0010 00000000 		.4byte	.LFB59
 893 0014 0E000000 		.4byte	.LFE59-.LFB59
 894 0018 00000000 		.4byte	0
 895 001c 00000000 		.4byte	0
 896              		.section	.debug_ranges,"",%progbits
 897              	.Ldebug_ranges0:
 898 0000 00000000 		.4byte	.LFB59
 899 0004 0E000000 		.4byte	.LFE59
 900 0008 00000000 		.4byte	0
 901 000c 00000000 		.4byte	0
 902              		.section	.debug_line,"",%progbits
 903              	.Ldebug_line0:
 904 0000 9D010000 		.section	.debug_str,"MS",%progbits,1
 904      02007801 
 904      00000201 
 904      FB0E0D00 
 904      01010101 
 905              	.LASF10:
 906 0000 45455F55 		.ascii	"EE_UINT8\000"
 906      494E5438 
 906      00
 907              	.LASF39:
 908 0009 45455F72 		.ascii	"EE_rq_bitmask\000"
 908      715F6269 
 908      746D6173 
 908      6B00
 909              	.LASF15:
 910 0017 45455F55 		.ascii	"EE_UREG\000"
 910      52454700 
 911              	.LASF40:
 912 001f 45455F74 		.ascii	"EE_th_event_active\000"
 912      685F6576 
 912      656E745F 
 912      61637469 
 912      766500
 913              	.LASF41:
 914 0032 45455F74 		.ascii	"EE_th_waswaiting\000"
 914      685F7761 
 914      73776169 
 914      74696E67 
 914      00
 915              	.LASF2:
 916 0043 73686F72 		.ascii	"short int\000"
 916      7420696E 
ARM GAS  C:\Users\bolob\AppData\Local\Temp\cc0WKlHx.s 			page 25


 916      7400
 917              	.LASF21:
 918 004d 53746174 		.ascii	"StatusType\000"
 918      75735479 
 918      706500
 919              	.LASF16:
 920 0058 45455F46 		.ascii	"EE_FREG\000"
 920      52454700 
 921              	.LASF14:
 922 0060 45455F55 		.ascii	"EE_UINT32\000"
 922      494E5433 
 922      3200
 923              	.LASF32:
 924 006a 45455F74 		.ascii	"EE_th_ready_prio\000"
 924      685F7265 
 924      6164795F 
 924      7072696F 
 924      00
 925              	.LASF18:
 926 007b 45455F54 		.ascii	"EE_TID\000"
 926      494400
 927              	.LASF29:
 928 0082 45455F49 		.ascii	"EE_IRQ_nesting_level\000"
 928      52515F6E 
 928      65737469 
 928      6E675F6C 
 928      6576656C 
 929              	.LASF26:
 930 0097 45455F4F 		.ascii	"EE_ORTI_set_service_in\000"
 930      5254495F 
 930      7365745F 
 930      73657276 
 930      6963655F 
 931              	.LASF6:
 932 00ae 6C6F6E67 		.ascii	"long long int\000"
 932      206C6F6E 
 932      6720696E 
 932      7400
 933              	.LASF11:
 934 00bc 45455F49 		.ascii	"EE_INT8\000"
 934      4E543800 
 935              	.LASF43:
 936 00c4 45455F6F 		.ascii	"EE_oo_IRQ_suspend_status\000"
 936      6F5F4952 
 936      515F7375 
 936      7370656E 
 936      645F7374 
 937              	.LASF19:
 938 00dd 45455F54 		.ascii	"EE_TYPE_RQ_MASK\000"
 938      5950455F 
 938      52515F4D 
 938      41534B00 
 939              	.LASF4:
 940 00ed 6C6F6E67 		.ascii	"long int\000"
 940      20696E74 
 940      00
 941              	.LASF23:
ARM GAS  C:\Users\bolob\AppData\Local\Temp\cc0WKlHx.s 			page 26


 942 00f6 45455F4F 		.ascii	"EE_ORTI_set_service\000"
 942      5254495F 
 942      7365745F 
 942      73657276 
 942      69636500 
 943              	.LASF53:
 944 010a 5461736B 		.ascii	"TaskID\000"
 944      494400
 945              	.LASF38:
 946 0111 45455F73 		.ascii	"EE_sys_ceiling\000"
 946      79735F63 
 946      65696C69 
 946      6E6700
 947              	.LASF52:
 948 0120 45455F6F 		.ascii	"EE_oo_ActivateTask\000"
 948      6F5F4163 
 948      74697661 
 948      74655461 
 948      736B00
 949              	.LASF9:
 950 0133 6C6F6E67 		.ascii	"long double\000"
 950      20646F75 
 950      626C6500 
 951              	.LASF20:
 952 013f 5461736B 		.ascii	"TaskType\000"
 952      54797065 
 952      00
 953              	.LASF1:
 954 0148 756E7369 		.ascii	"unsigned char\000"
 954      676E6564 
 954      20636861 
 954      7200
 955              	.LASF24:
 956 0156 45455F68 		.ascii	"EE_hal_end_nested_primitive\000"
 956      616C5F65 
 956      6E645F6E 
 956      65737465 
 956      645F7072 
 957              	.LASF49:
 958 0172 45455F63 		.ascii	"EE_cortex_mx_suspendIRQ\000"
 958      6F727465 
 958      785F6D78 
 958      5F737573 
 958      70656E64 
 959              	.LASF0:
 960 018a 7369676E 		.ascii	"signed char\000"
 960      65642063 
 960      68617200 
 961              	.LASF7:
 962 0196 6C6F6E67 		.ascii	"long long unsigned int\000"
 962      206C6F6E 
 962      6720756E 
 962      7369676E 
 962      65642069 
 963              	.LASF50:
 964 01ad 45455F61 		.ascii	"EE_as_monitoring_the_stack\000"
 964      735F6D6F 
ARM GAS  C:\Users\bolob\AppData\Local\Temp\cc0WKlHx.s 			page 27


 964      6E69746F 
 964      72696E67 
 964      5F746865 
 965              	.LASF8:
 966 01c8 756E7369 		.ascii	"unsigned int\000"
 966      676E6564 
 966      20696E74 
 966      00
 967              	.LASF36:
 968 01d5 45455F74 		.ascii	"EE_th_rnact\000"
 968      685F726E 
 968      61637400 
 969              	.LASF30:
 970 01e1 45455F73 		.ascii	"EE_std_endcycle_next_tid\000"
 970      74645F65 
 970      6E646379 
 970      636C655F 
 970      6E657874 
 971              	.LASF13:
 972 01fa 45455F49 		.ascii	"EE_INT32\000"
 972      4E543332 
 972      00
 973              	.LASF27:
 974 0203 69737461 		.ascii	"istat\000"
 974      7400
 975              	.LASF48:
 976 0209 433A5C55 		.ascii	"C:\\Users\\bolob\\Documents\\PSoC Creator\\Clock\\E"
 976      73657273 
 976      5C626F6C 
 976      6F625C44 
 976      6F63756D 
 977 0236 6C656374 		.ascii	"lectronic_Clock.cydsn\000"
 977      726F6E69 
 977      635F436C 
 977      6F636B2E 
 977      63796473 
 978              	.LASF3:
 979 024c 73686F72 		.ascii	"short unsigned int\000"
 979      7420756E 
 979      7369676E 
 979      65642069 
 979      6E7400
 980              	.LASF12:
 981 025f 45455F55 		.ascii	"EE_UINT16\000"
 981      494E5431 
 981      3600
 982              	.LASF22:
 983 0269 45455F63 		.ascii	"EE_cortex_mx_resumeIRQ\000"
 983      6F727465 
 983      785F6D78 
 983      5F726573 
 983      756D6549 
 984              	.LASF44:
 985 0280 45455F41 		.ascii	"EE_ApplicationMode\000"
 985      70706C69 
 985      63617469 
 985      6F6E4D6F 
ARM GAS  C:\Users\bolob\AppData\Local\Temp\cc0WKlHx.s 			page 28


 985      646500
 986              	.LASF5:
 987 0293 6C6F6E67 		.ascii	"long unsigned int\000"
 987      20756E73 
 987      69676E65 
 987      6420696E 
 987      7400
 988              	.LASF17:
 989 02a5 45455F54 		.ascii	"EE_TYPEBOOL\000"
 989      59504542 
 989      4F4F4C00 
 990              	.LASF37:
 991 02b1 45455F73 		.ascii	"EE_stkfirst\000"
 991      746B6669 
 991      72737400 
 992              	.LASF33:
 993 02bd 45455F74 		.ascii	"EE_th_dispatch_prio\000"
 993      685F6469 
 993      73706174 
 993      63685F70 
 993      72696F00 
 994              	.LASF31:
 995 02d1 73697A65 		.ascii	"sizetype\000"
 995      74797065 
 995      00
 996              	.LASF45:
 997 02da 45455F72 		.ascii	"EE_rq_lookup\000"
 997      715F6C6F 
 997      6F6B7570 
 997      00
 998              	.LASF34:
 999 02e7 45455F74 		.ascii	"EE_th_status\000"
 999      685F7374 
 999      61747573 
 999      00
 1000              	.LASF28:
 1001 02f4 666C6167 		.ascii	"flag\000"
 1001      00
 1002              	.LASF35:
 1003 02f9 45455F74 		.ascii	"EE_th_next\000"
 1003      685F6E65 
 1003      787400
 1004              	.LASF46:
 1005 0304 474E5520 		.ascii	"GNU C11 5.4.1 20160609 (release) [ARM/embedded-5-br"
 1005      43313120 
 1005      352E342E 
 1005      31203230 
 1005      31363036 
 1006 0337 616E6368 		.ascii	"anch revision 237715] -mcpu=cortex-m3 -mthumb -g -O"
 1006      20726576 
 1006      6973696F 
 1006      6E203233 
 1006      37373135 
 1007 036a 67202D66 		.ascii	"g -ffunction-sections -ffat-lto-objects\000"
 1007      66756E63 
 1007      74696F6E 
 1007      2D736563 
ARM GAS  C:\Users\bolob\AppData\Local\Temp\cc0WKlHx.s 			page 29


 1007      74696F6E 
 1008              	.LASF42:
 1009 0392 45455F6F 		.ascii	"EE_oo_IRQ_disable_count\000"
 1009      6F5F4952 
 1009      515F6469 
 1009      7361626C 
 1009      655F636F 
 1010              	.LASF47:
 1011 03aa 47656E65 		.ascii	"Generated_Source\\PSoC5\\ErikaOS_2_ee_activate.c\000"
 1011      72617465 
 1011      645F536F 
 1011      75726365 
 1011      5C50536F 
 1012              	.LASF25:
 1013 03d9 45455F4F 		.ascii	"EE_ORTI_set_service_out\000"
 1013      5254495F 
 1013      7365745F 
 1013      73657276 
 1013      6963655F 
 1014              	.LASF51:
 1015 03f1 45455F68 		.ascii	"EE_hal_begin_nested_primitive\000"
 1015      616C5F62 
 1015      6567696E 
 1015      5F6E6573 
 1015      7465645F 
 1016              		.ident	"GCC: (GNU Tools for ARM Embedded Processors) 5.4.1 20160609 (release) [ARM/embedded-5-bran
