ARM GAS  C:\Users\bolob\AppData\Local\Temp\ccbSxBQZ.s 			page 1


   1              		.syntax unified
   2              		.cpu cortex-m3
   3              		.fpu softvfp
   4              		.eabi_attribute 20, 1
   5              		.eabi_attribute 21, 1
   6              		.eabi_attribute 23, 3
   7              		.eabi_attribute 24, 1
   8              		.eabi_attribute 25, 1
   9              		.eabi_attribute 26, 1
  10              		.eabi_attribute 30, 1
  11              		.eabi_attribute 34, 1
  12              		.eabi_attribute 18, 4
  13              		.thumb
  14              		.syntax unified
  15              		.file	"ErikaOS_2_ee_iparam.c"
  16              		.text
  17              	.Ltext0:
  18              		.cfi_sections	.debug_frame
  19              		.global	EE_os_invalid_param
  20              		.section	.rodata
  21              		.align	2
  22              		.type	EE_os_invalid_param, %object
  23              		.size	EE_os_invalid_param, 4
  24              	EE_os_invalid_param:
  25 0000 FFFFFFFF 		.word	-1
  26              		.text
  27              	.Letext0:
  28              		.file 1 "Generated_Source\\PSoC5\\ErikaOS_2_common_ee_types.inc"
  29              		.file 2 "Generated_Source\\PSoC5\\ErikaOS_2_cortex_mx_ee_cpu.inc"
  30              		.file 3 "Generated_Source\\PSoC5\\ErikaOS_2_ee_oo_common.inc"
  31              		.file 4 "Generated_Source\\PSoC5\\ErikaOS_2_common_ee_primitives.inc"
  32              		.file 5 "Generated_Source\\PSoC5\\ErikaOS_2_cortex_mx_ee_context.inc"
  33              		.file 6 "Generated_Source\\PSoC5\\ErikaOS_2_ee_iparam.c"
  34              		.file 7 "Generated_Source\\PSoC5\\ErikaOS_2_ee_oo_intfunc.inc"
  35              		.file 8 "Generated_Source\\PSoC5\\ErikaOS_2_ee_oo_internal.inc"
  36              		.section	.debug_info,"",%progbits
  37              	.Ldebug_info0:
  38 0000 A8020000 		.4byte	0x2a8
  39 0004 0400     		.2byte	0x4
  40 0006 00000000 		.4byte	.Ldebug_abbrev0
  41 000a 04       		.byte	0x4
  42 000b 01       		.uleb128 0x1
  43 000c DF020000 		.4byte	.LASF45
  44 0010 0C       		.byte	0xc
  45 0011 13020000 		.4byte	.LASF46
  46 0015 A2010000 		.4byte	.LASF47
  47 0019 00000000 		.4byte	.Ldebug_line0
  48 001d 02       		.uleb128 0x2
  49 001e 01       		.byte	0x1
  50 001f 06       		.byte	0x6
  51 0020 2C010000 		.4byte	.LASF0
  52 0024 02       		.uleb128 0x2
  53 0025 01       		.byte	0x1
  54 0026 08       		.byte	0x8
  55 0027 1E010000 		.4byte	.LASF1
  56 002b 02       		.uleb128 0x2
  57 002c 02       		.byte	0x2
ARM GAS  C:\Users\bolob\AppData\Local\Temp\ccbSxBQZ.s 			page 2


  58 002d 05       		.byte	0x5
  59 002e 4B000000 		.4byte	.LASF2
  60 0032 02       		.uleb128 0x2
  61 0033 02       		.byte	0x2
  62 0034 07       		.byte	0x7
  63 0035 E5010000 		.4byte	.LASF3
  64 0039 02       		.uleb128 0x2
  65 003a 04       		.byte	0x4
  66 003b 05       		.byte	0x5
  67 003c E1000000 		.4byte	.LASF4
  68 0040 02       		.uleb128 0x2
  69 0041 04       		.byte	0x4
  70 0042 07       		.byte	0x7
  71 0043 5C020000 		.4byte	.LASF5
  72 0047 02       		.uleb128 0x2
  73 0048 08       		.byte	0x8
  74 0049 05       		.byte	0x5
  75 004a BB000000 		.4byte	.LASF6
  76 004e 02       		.uleb128 0x2
  77 004f 08       		.byte	0x8
  78 0050 07       		.byte	0x7
  79 0051 38010000 		.4byte	.LASF7
  80 0055 03       		.uleb128 0x3
  81 0056 04       		.byte	0x4
  82 0057 05       		.byte	0x5
  83 0058 696E7400 		.ascii	"int\000"
  84 005c 02       		.uleb128 0x2
  85 005d 04       		.byte	0x4
  86 005e 07       		.byte	0x7
  87 005f 5B010000 		.4byte	.LASF8
  88 0063 02       		.uleb128 0x2
  89 0064 08       		.byte	0x8
  90 0065 04       		.byte	0x4
  91 0066 12010000 		.4byte	.LASF9
  92 006a 04       		.uleb128 0x4
  93 006b C9000000 		.4byte	.LASF10
  94 006f 01       		.byte	0x1
  95 0070 3F       		.byte	0x3f
  96 0071 1D000000 		.4byte	0x1d
  97 0075 04       		.uleb128 0x4
  98 0076 09020000 		.4byte	.LASF11
  99 007a 01       		.byte	0x1
 100 007b 52       		.byte	0x52
 101 007c 32000000 		.4byte	0x32
 102 0080 04       		.uleb128 0x4
 103 0081 99010000 		.4byte	.LASF12
 104 0085 01       		.byte	0x1
 105 0086 53       		.byte	0x53
 106 0087 55000000 		.4byte	0x55
 107 008b 04       		.uleb128 0x4
 108 008c 7A000000 		.4byte	.LASF13
 109 0090 01       		.byte	0x1
 110 0091 54       		.byte	0x54
 111 0092 5C000000 		.4byte	0x5c
 112 0096 04       		.uleb128 0x4
 113 0097 0E000000 		.4byte	.LASF14
 114 009b 02       		.byte	0x2
ARM GAS  C:\Users\bolob\AppData\Local\Temp\ccbSxBQZ.s 			page 3


 115 009c 4D       		.byte	0x4d
 116 009d 8B000000 		.4byte	0x8b
 117 00a1 04       		.uleb128 0x4
 118 00a2 72000000 		.4byte	.LASF15
 119 00a6 02       		.byte	0x2
 120 00a7 4F       		.byte	0x4f
 121 00a8 8B000000 		.4byte	0x8b
 122 00ac 04       		.uleb128 0x4
 123 00ad 6E020000 		.4byte	.LASF16
 124 00b1 02       		.byte	0x2
 125 00b2 54       		.byte	0x54
 126 00b3 96000000 		.4byte	0x96
 127 00b7 04       		.uleb128 0x4
 128 00b8 95000000 		.4byte	.LASF17
 129 00bc 02       		.byte	0x2
 130 00bd 78       		.byte	0x78
 131 00be 80000000 		.4byte	0x80
 132 00c2 05       		.uleb128 0x5
 133 00c3 D1000000 		.4byte	.LASF18
 134 00c7 03       		.byte	0x3
 135 00c8 1101     		.2byte	0x111
 136 00ca 75000000 		.4byte	0x75
 137 00ce 05       		.uleb128 0x5
 138 00cf 4F010000 		.4byte	.LASF19
 139 00d3 03       		.byte	0x3
 140 00d4 FA01     		.2byte	0x1fa
 141 00d6 DA000000 		.4byte	0xda
 142 00da 06       		.uleb128 0x6
 143 00db 04       		.byte	0x4
 144 00dc B7000000 		.4byte	0xb7
 145 00e0 05       		.uleb128 0x5
 146 00e1 86020000 		.4byte	.LASF20
 147 00e5 03       		.byte	0x3
 148 00e6 0002     		.2byte	0x200
 149 00e8 EC000000 		.4byte	0xec
 150 00ec 06       		.uleb128 0x6
 151 00ed 04       		.byte	0x4
 152 00ee 96000000 		.4byte	0x96
 153 00f2 05       		.uleb128 0x5
 154 00f3 16000000 		.4byte	.LASF21
 155 00f7 03       		.byte	0x3
 156 00f8 2F02     		.2byte	0x22f
 157 00fa EC000000 		.4byte	0xec
 158 00fe 07       		.uleb128 0x7
 159 00ff F8010000 		.4byte	.LASF48
 160 0103 04       		.byte	0x4
 161 0104 03       		.byte	0x3
 162 0105 2806     		.2byte	0x628
 163 0107 3C010000 		.4byte	0x13c
 164 010b 08       		.uleb128 0x8
 165 010c 85030000 		.4byte	.LASF22
 166 0110 03       		.byte	0x3
 167 0111 2906     		.2byte	0x629
 168 0113 96000000 		.4byte	0x96
 169 0117 08       		.uleb128 0x8
 170 0118 40020000 		.4byte	.LASF23
 171 011c 03       		.byte	0x3
ARM GAS  C:\Users\bolob\AppData\Local\Temp\ccbSxBQZ.s 			page 4


 172 011d 2A06     		.2byte	0x62a
 173 011f CE000000 		.4byte	0xce
 174 0123 08       		.uleb128 0x8
 175 0124 A4020000 		.4byte	.LASF24
 176 0128 03       		.byte	0x3
 177 0129 2B06     		.2byte	0x62b
 178 012b E0000000 		.4byte	0xe0
 179 012f 08       		.uleb128 0x8
 180 0130 B1000000 		.4byte	.LASF25
 181 0134 03       		.byte	0x3
 182 0135 3106     		.2byte	0x631
 183 0137 F2000000 		.4byte	0xf2
 184 013b 00       		.byte	0
 185 013c 05       		.uleb128 0x5
 186 013d 68010000 		.4byte	.LASF26
 187 0141 03       		.byte	0x3
 188 0142 4606     		.2byte	0x646
 189 0144 FE000000 		.4byte	0xfe
 190 0148 09       		.uleb128 0x9
 191 0149 9C000000 		.4byte	.LASF27
 192 014d 04       		.byte	0x4
 193 014e 44       		.byte	0x44
 194 014f 96000000 		.4byte	0x96
 195 0153 09       		.uleb128 0x9
 196 0154 80010000 		.4byte	.LASF28
 197 0158 05       		.byte	0x5
 198 0159 48       		.byte	0x48
 199 015a B7000000 		.4byte	0xb7
 200 015e 0A       		.uleb128 0xa
 201 015f 74010000 		.4byte	0x174
 202 0163 6D010000 		.4byte	0x16d
 203 0167 0B       		.uleb128 0xb
 204 0168 6D010000 		.4byte	0x16d
 205 016c 00       		.byte	0
 206 016d 02       		.uleb128 0x2
 207 016e 04       		.byte	0x4
 208 016f 07       		.byte	0x7
 209 0170 69000000 		.4byte	.LASF29
 210 0174 0C       		.uleb128 0xc
 211 0175 96000000 		.4byte	0x96
 212 0179 09       		.uleb128 0x9
 213 017a 84000000 		.4byte	.LASF30
 214 017e 03       		.byte	0x3
 215 017f B2       		.byte	0xb2
 216 0180 84010000 		.4byte	0x184
 217 0184 0C       		.uleb128 0xc
 218 0185 5E010000 		.4byte	0x15e
 219 0189 0A       		.uleb128 0xa
 220 018a 74010000 		.4byte	0x174
 221 018e 98010000 		.4byte	0x198
 222 0192 0B       		.uleb128 0xb
 223 0193 6D010000 		.4byte	0x16d
 224 0197 00       		.byte	0
 225 0198 09       		.uleb128 0x9
 226 0199 C0020000 		.4byte	.LASF31
 227 019d 03       		.byte	0x3
 228 019e B3       		.byte	0xb3
ARM GAS  C:\Users\bolob\AppData\Local\Temp\ccbSxBQZ.s 			page 5


 229 019f A3010000 		.4byte	0x1a3
 230 01a3 0C       		.uleb128 0xc
 231 01a4 89010000 		.4byte	0x189
 232 01a8 0A       		.uleb128 0xa
 233 01a9 96000000 		.4byte	0x96
 234 01ad B7010000 		.4byte	0x1b7
 235 01b1 0B       		.uleb128 0xb
 236 01b2 6D010000 		.4byte	0x16d
 237 01b6 00       		.byte	0
 238 01b7 09       		.uleb128 0x9
 239 01b8 B3020000 		.4byte	.LASF32
 240 01bc 03       		.byte	0x3
 241 01bd CA       		.byte	0xca
 242 01be A8010000 		.4byte	0x1a8
 243 01c2 0A       		.uleb128 0xa
 244 01c3 B7000000 		.4byte	0xb7
 245 01c7 D1010000 		.4byte	0x1d1
 246 01cb 0B       		.uleb128 0xb
 247 01cc 6D010000 		.4byte	0x16d
 248 01d0 00       		.byte	0
 249 01d1 09       		.uleb128 0x9
 250 01d2 D4020000 		.4byte	.LASF33
 251 01d6 03       		.byte	0x3
 252 01d7 D2       		.byte	0xd2
 253 01d8 C2010000 		.4byte	0x1c2
 254 01dc 0A       		.uleb128 0xa
 255 01dd 96000000 		.4byte	0x96
 256 01e1 EB010000 		.4byte	0x1eb
 257 01e5 0B       		.uleb128 0xb
 258 01e6 6D010000 		.4byte	0x16d
 259 01ea 00       		.byte	0
 260 01eb 09       		.uleb128 0x9
 261 01ec 74010000 		.4byte	.LASF34
 262 01f0 03       		.byte	0x3
 263 01f1 DA       		.byte	0xda
 264 01f2 DC010000 		.4byte	0x1dc
 265 01f6 09       		.uleb128 0x9
 266 01f7 7A020000 		.4byte	.LASF35
 267 01fb 03       		.byte	0x3
 268 01fc E2       		.byte	0xe2
 269 01fd B7000000 		.4byte	0xb7
 270 0201 09       		.uleb128 0x9
 271 0202 03010000 		.4byte	.LASF36
 272 0206 03       		.byte	0x3
 273 0207 F7       		.byte	0xf7
 274 0208 96000000 		.4byte	0x96
 275 020c 0D       		.uleb128 0xd
 276 020d 00000000 		.4byte	.LASF37
 277 0211 03       		.byte	0x3
 278 0212 3F01     		.2byte	0x13f
 279 0214 C2000000 		.4byte	0xc2
 280 0218 0A       		.uleb128 0xa
 281 0219 96000000 		.4byte	0x96
 282 021d 27020000 		.4byte	0x227
 283 0221 0B       		.uleb128 0xb
 284 0222 6D010000 		.4byte	0x16d
 285 0226 00       		.byte	0
ARM GAS  C:\Users\bolob\AppData\Local\Temp\ccbSxBQZ.s 			page 6


 286 0227 0D       		.uleb128 0xd
 287 0228 27000000 		.4byte	.LASF38
 288 022c 03       		.byte	0x3
 289 022d 5C01     		.2byte	0x15c
 290 022f 18020000 		.4byte	0x218
 291 0233 0A       		.uleb128 0xa
 292 0234 AC000000 		.4byte	0xac
 293 0238 42020000 		.4byte	0x242
 294 023c 0B       		.uleb128 0xb
 295 023d 6D010000 		.4byte	0x16d
 296 0241 00       		.byte	0
 297 0242 0D       		.uleb128 0xd
 298 0243 3A000000 		.4byte	.LASF39
 299 0247 03       		.byte	0x3
 300 0248 6701     		.2byte	0x167
 301 024a 33020000 		.4byte	0x233
 302 024e 0E       		.uleb128 0xe
 303 024f 55000000 		.4byte	.LASF40
 304 0253 06       		.byte	0x6
 305 0254 39       		.byte	0x39
 306 0255 5F020000 		.4byte	0x25f
 307 0259 05       		.uleb128 0x5
 308 025a 03       		.byte	0x3
 309 025b 00000000 		.4byte	EE_os_invalid_param
 310 025f 0C       		.uleb128 0xc
 311 0260 3C010000 		.4byte	0x13c
 312 0264 09       		.uleb128 0x9
 313 0265 6D030000 		.4byte	.LASF41
 314 0269 07       		.byte	0x7
 315 026a 40       		.byte	0x40
 316 026b 96000000 		.4byte	0x96
 317 026f 09       		.uleb128 0x9
 318 0270 EA000000 		.4byte	.LASF42
 319 0274 07       		.byte	0x7
 320 0275 47       		.byte	0x47
 321 0276 A1000000 		.4byte	0xa1
 322 027a 09       		.uleb128 0x9
 323 027b 49020000 		.4byte	.LASF43
 324 027f 07       		.byte	0x7
 325 0280 4A       		.byte	0x4a
 326 0281 96000000 		.4byte	0x96
 327 0285 0A       		.uleb128 0xa
 328 0286 95020000 		.4byte	0x295
 329 028a 95020000 		.4byte	0x295
 330 028e 0F       		.uleb128 0xf
 331 028f 6D010000 		.4byte	0x16d
 332 0293 FF       		.byte	0xff
 333 0294 00       		.byte	0
 334 0295 0C       		.uleb128 0xc
 335 0296 6A000000 		.4byte	0x6a
 336 029a 0D       		.uleb128 0xd
 337 029b 97020000 		.4byte	.LASF44
 338 029f 08       		.byte	0x8
 339 02a0 AB01     		.2byte	0x1ab
 340 02a2 A6020000 		.4byte	0x2a6
 341 02a6 0C       		.uleb128 0xc
 342 02a7 85020000 		.4byte	0x285
ARM GAS  C:\Users\bolob\AppData\Local\Temp\ccbSxBQZ.s 			page 7


 343 02ab 00       		.byte	0
 344              		.section	.debug_abbrev,"",%progbits
 345              	.Ldebug_abbrev0:
 346 0000 01       		.uleb128 0x1
 347 0001 11       		.uleb128 0x11
 348 0002 01       		.byte	0x1
 349 0003 25       		.uleb128 0x25
 350 0004 0E       		.uleb128 0xe
 351 0005 13       		.uleb128 0x13
 352 0006 0B       		.uleb128 0xb
 353 0007 03       		.uleb128 0x3
 354 0008 0E       		.uleb128 0xe
 355 0009 1B       		.uleb128 0x1b
 356 000a 0E       		.uleb128 0xe
 357 000b 10       		.uleb128 0x10
 358 000c 17       		.uleb128 0x17
 359 000d 00       		.byte	0
 360 000e 00       		.byte	0
 361 000f 02       		.uleb128 0x2
 362 0010 24       		.uleb128 0x24
 363 0011 00       		.byte	0
 364 0012 0B       		.uleb128 0xb
 365 0013 0B       		.uleb128 0xb
 366 0014 3E       		.uleb128 0x3e
 367 0015 0B       		.uleb128 0xb
 368 0016 03       		.uleb128 0x3
 369 0017 0E       		.uleb128 0xe
 370 0018 00       		.byte	0
 371 0019 00       		.byte	0
 372 001a 03       		.uleb128 0x3
 373 001b 24       		.uleb128 0x24
 374 001c 00       		.byte	0
 375 001d 0B       		.uleb128 0xb
 376 001e 0B       		.uleb128 0xb
 377 001f 3E       		.uleb128 0x3e
 378 0020 0B       		.uleb128 0xb
 379 0021 03       		.uleb128 0x3
 380 0022 08       		.uleb128 0x8
 381 0023 00       		.byte	0
 382 0024 00       		.byte	0
 383 0025 04       		.uleb128 0x4
 384 0026 16       		.uleb128 0x16
 385 0027 00       		.byte	0
 386 0028 03       		.uleb128 0x3
 387 0029 0E       		.uleb128 0xe
 388 002a 3A       		.uleb128 0x3a
 389 002b 0B       		.uleb128 0xb
 390 002c 3B       		.uleb128 0x3b
 391 002d 0B       		.uleb128 0xb
 392 002e 49       		.uleb128 0x49
 393 002f 13       		.uleb128 0x13
 394 0030 00       		.byte	0
 395 0031 00       		.byte	0
 396 0032 05       		.uleb128 0x5
 397 0033 16       		.uleb128 0x16
 398 0034 00       		.byte	0
 399 0035 03       		.uleb128 0x3
ARM GAS  C:\Users\bolob\AppData\Local\Temp\ccbSxBQZ.s 			page 8


 400 0036 0E       		.uleb128 0xe
 401 0037 3A       		.uleb128 0x3a
 402 0038 0B       		.uleb128 0xb
 403 0039 3B       		.uleb128 0x3b
 404 003a 05       		.uleb128 0x5
 405 003b 49       		.uleb128 0x49
 406 003c 13       		.uleb128 0x13
 407 003d 00       		.byte	0
 408 003e 00       		.byte	0
 409 003f 06       		.uleb128 0x6
 410 0040 0F       		.uleb128 0xf
 411 0041 00       		.byte	0
 412 0042 0B       		.uleb128 0xb
 413 0043 0B       		.uleb128 0xb
 414 0044 49       		.uleb128 0x49
 415 0045 13       		.uleb128 0x13
 416 0046 00       		.byte	0
 417 0047 00       		.byte	0
 418 0048 07       		.uleb128 0x7
 419 0049 17       		.uleb128 0x17
 420 004a 01       		.byte	0x1
 421 004b 03       		.uleb128 0x3
 422 004c 0E       		.uleb128 0xe
 423 004d 0B       		.uleb128 0xb
 424 004e 0B       		.uleb128 0xb
 425 004f 3A       		.uleb128 0x3a
 426 0050 0B       		.uleb128 0xb
 427 0051 3B       		.uleb128 0x3b
 428 0052 05       		.uleb128 0x5
 429 0053 01       		.uleb128 0x1
 430 0054 13       		.uleb128 0x13
 431 0055 00       		.byte	0
 432 0056 00       		.byte	0
 433 0057 08       		.uleb128 0x8
 434 0058 0D       		.uleb128 0xd
 435 0059 00       		.byte	0
 436 005a 03       		.uleb128 0x3
 437 005b 0E       		.uleb128 0xe
 438 005c 3A       		.uleb128 0x3a
 439 005d 0B       		.uleb128 0xb
 440 005e 3B       		.uleb128 0x3b
 441 005f 05       		.uleb128 0x5
 442 0060 49       		.uleb128 0x49
 443 0061 13       		.uleb128 0x13
 444 0062 00       		.byte	0
 445 0063 00       		.byte	0
 446 0064 09       		.uleb128 0x9
 447 0065 34       		.uleb128 0x34
 448 0066 00       		.byte	0
 449 0067 03       		.uleb128 0x3
 450 0068 0E       		.uleb128 0xe
 451 0069 3A       		.uleb128 0x3a
 452 006a 0B       		.uleb128 0xb
 453 006b 3B       		.uleb128 0x3b
 454 006c 0B       		.uleb128 0xb
 455 006d 49       		.uleb128 0x49
 456 006e 13       		.uleb128 0x13
ARM GAS  C:\Users\bolob\AppData\Local\Temp\ccbSxBQZ.s 			page 9


 457 006f 3F       		.uleb128 0x3f
 458 0070 19       		.uleb128 0x19
 459 0071 3C       		.uleb128 0x3c
 460 0072 19       		.uleb128 0x19
 461 0073 00       		.byte	0
 462 0074 00       		.byte	0
 463 0075 0A       		.uleb128 0xa
 464 0076 01       		.uleb128 0x1
 465 0077 01       		.byte	0x1
 466 0078 49       		.uleb128 0x49
 467 0079 13       		.uleb128 0x13
 468 007a 01       		.uleb128 0x1
 469 007b 13       		.uleb128 0x13
 470 007c 00       		.byte	0
 471 007d 00       		.byte	0
 472 007e 0B       		.uleb128 0xb
 473 007f 21       		.uleb128 0x21
 474 0080 00       		.byte	0
 475 0081 49       		.uleb128 0x49
 476 0082 13       		.uleb128 0x13
 477 0083 00       		.byte	0
 478 0084 00       		.byte	0
 479 0085 0C       		.uleb128 0xc
 480 0086 26       		.uleb128 0x26
 481 0087 00       		.byte	0
 482 0088 49       		.uleb128 0x49
 483 0089 13       		.uleb128 0x13
 484 008a 00       		.byte	0
 485 008b 00       		.byte	0
 486 008c 0D       		.uleb128 0xd
 487 008d 34       		.uleb128 0x34
 488 008e 00       		.byte	0
 489 008f 03       		.uleb128 0x3
 490 0090 0E       		.uleb128 0xe
 491 0091 3A       		.uleb128 0x3a
 492 0092 0B       		.uleb128 0xb
 493 0093 3B       		.uleb128 0x3b
 494 0094 05       		.uleb128 0x5
 495 0095 49       		.uleb128 0x49
 496 0096 13       		.uleb128 0x13
 497 0097 3F       		.uleb128 0x3f
 498 0098 19       		.uleb128 0x19
 499 0099 3C       		.uleb128 0x3c
 500 009a 19       		.uleb128 0x19
 501 009b 00       		.byte	0
 502 009c 00       		.byte	0
 503 009d 0E       		.uleb128 0xe
 504 009e 34       		.uleb128 0x34
 505 009f 00       		.byte	0
 506 00a0 03       		.uleb128 0x3
 507 00a1 0E       		.uleb128 0xe
 508 00a2 3A       		.uleb128 0x3a
 509 00a3 0B       		.uleb128 0xb
 510 00a4 3B       		.uleb128 0x3b
 511 00a5 0B       		.uleb128 0xb
 512 00a6 49       		.uleb128 0x49
 513 00a7 13       		.uleb128 0x13
ARM GAS  C:\Users\bolob\AppData\Local\Temp\ccbSxBQZ.s 			page 10


 514 00a8 3F       		.uleb128 0x3f
 515 00a9 19       		.uleb128 0x19
 516 00aa 02       		.uleb128 0x2
 517 00ab 18       		.uleb128 0x18
 518 00ac 00       		.byte	0
 519 00ad 00       		.byte	0
 520 00ae 0F       		.uleb128 0xf
 521 00af 21       		.uleb128 0x21
 522 00b0 00       		.byte	0
 523 00b1 49       		.uleb128 0x49
 524 00b2 13       		.uleb128 0x13
 525 00b3 2F       		.uleb128 0x2f
 526 00b4 0B       		.uleb128 0xb
 527 00b5 00       		.byte	0
 528 00b6 00       		.byte	0
 529 00b7 00       		.byte	0
 530              		.section	.debug_aranges,"",%progbits
 531 0000 14000000 		.4byte	0x14
 532 0004 0200     		.2byte	0x2
 533 0006 00000000 		.4byte	.Ldebug_info0
 534 000a 04       		.byte	0x4
 535 000b 00       		.byte	0
 536 000c 0000     		.2byte	0
 537 000e 0000     		.2byte	0
 538 0010 00000000 		.4byte	0
 539 0014 00000000 		.4byte	0
 540              		.section	.debug_line,"",%progbits
 541              	.Ldebug_line0:
 542 0000 35010000 		.section	.debug_str,"MS",%progbits,1
 542      02002F01 
 542      00000201 
 542      FB0E0D00 
 542      01010101 
 543              	.LASF37:
 544 0000 45455F72 		.ascii	"EE_rq_bitmask\000"
 544      715F6269 
 544      746D6173 
 544      6B00
 545              	.LASF14:
 546 000e 45455F55 		.ascii	"EE_UREG\000"
 546      52454700 
 547              	.LASF21:
 548 0016 4576656E 		.ascii	"EventMaskRefType\000"
 548      744D6173 
 548      6B526566 
 548      54797065 
 548      00
 549              	.LASF38:
 550 0027 45455F74 		.ascii	"EE_th_event_active\000"
 550      685F6576 
 550      656E745F 
 550      61637469 
 550      766500
 551              	.LASF39:
 552 003a 45455F74 		.ascii	"EE_th_waswaiting\000"
 552      685F7761 
 552      73776169 
ARM GAS  C:\Users\bolob\AppData\Local\Temp\ccbSxBQZ.s 			page 11


 552      74696E67 
 552      00
 553              	.LASF2:
 554 004b 73686F72 		.ascii	"short int\000"
 554      7420696E 
 554      7400
 555              	.LASF40:
 556 0055 45455F6F 		.ascii	"EE_os_invalid_param\000"
 556      735F696E 
 556      76616C69 
 556      645F7061 
 556      72616D00 
 557              	.LASF29:
 558 0069 73697A65 		.ascii	"sizetype\000"
 558      74797065 
 558      00
 559              	.LASF15:
 560 0072 45455F46 		.ascii	"EE_FREG\000"
 560      52454700 
 561              	.LASF13:
 562 007a 45455F55 		.ascii	"EE_UINT32\000"
 562      494E5433 
 562      3200
 563              	.LASF30:
 564 0084 45455F74 		.ascii	"EE_th_ready_prio\000"
 564      685F7265 
 564      6164795F 
 564      7072696F 
 564      00
 565              	.LASF17:
 566 0095 45455F54 		.ascii	"EE_TID\000"
 566      494400
 567              	.LASF27:
 568 009c 45455F49 		.ascii	"EE_IRQ_nesting_level\000"
 568      52515F6E 
 568      65737469 
 568      6E675F6C 
 568      6576656C 
 569              	.LASF25:
 570 00b1 6576656E 		.ascii	"event_ref\000"
 570      745F7265 
 570      6600
 571              	.LASF6:
 572 00bb 6C6F6E67 		.ascii	"long long int\000"
 572      206C6F6E 
 572      6720696E 
 572      7400
 573              	.LASF10:
 574 00c9 45455F49 		.ascii	"EE_INT8\000"
 574      4E543800 
 575              	.LASF18:
 576 00d1 45455F54 		.ascii	"EE_TYPE_RQ_MASK\000"
 576      5950455F 
 576      52515F4D 
 576      41534B00 
 577              	.LASF4:
 578 00e1 6C6F6E67 		.ascii	"long int\000"
ARM GAS  C:\Users\bolob\AppData\Local\Temp\ccbSxBQZ.s 			page 12


 578      20696E74 
 578      00
 579              	.LASF42:
 580 00ea 45455F6F 		.ascii	"EE_oo_IRQ_suspend_status\000"
 580      6F5F4952 
 580      515F7375 
 580      7370656E 
 580      645F7374 
 581              	.LASF36:
 582 0103 45455F73 		.ascii	"EE_sys_ceiling\000"
 582      79735F63 
 582      65696C69 
 582      6E6700
 583              	.LASF9:
 584 0112 6C6F6E67 		.ascii	"long double\000"
 584      20646F75 
 584      626C6500 
 585              	.LASF1:
 586 011e 756E7369 		.ascii	"unsigned char\000"
 586      676E6564 
 586      20636861 
 586      7200
 587              	.LASF0:
 588 012c 7369676E 		.ascii	"signed char\000"
 588      65642063 
 588      68617200 
 589              	.LASF7:
 590 0138 6C6F6E67 		.ascii	"long long unsigned int\000"
 590      206C6F6E 
 590      6720756E 
 590      7369676E 
 590      65642069 
 591              	.LASF19:
 592 014f 5461736B 		.ascii	"TaskRefType\000"
 592      52656654 
 592      79706500 
 593              	.LASF8:
 594 015b 756E7369 		.ascii	"unsigned int\000"
 594      676E6564 
 594      20696E74 
 594      00
 595              	.LASF26:
 596 0168 45455F6F 		.ascii	"EE_os_param\000"
 596      735F7061 
 596      72616D00 
 597              	.LASF34:
 598 0174 45455F74 		.ascii	"EE_th_rnact\000"
 598      685F726E 
 598      61637400 
 599              	.LASF28:
 600 0180 45455F73 		.ascii	"EE_std_endcycle_next_tid\000"
 600      74645F65 
 600      6E646379 
 600      636C655F 
 600      6E657874 
 601              	.LASF12:
 602 0199 45455F49 		.ascii	"EE_INT32\000"
ARM GAS  C:\Users\bolob\AppData\Local\Temp\ccbSxBQZ.s 			page 13


 602      4E543332 
 602      00
 603              	.LASF47:
 604 01a2 433A5C55 		.ascii	"C:\\Users\\bolob\\Documents\\PSoC Creator\\Clock\\E"
 604      73657273 
 604      5C626F6C 
 604      6F625C44 
 604      6F63756D 
 605 01cf 6C656374 		.ascii	"lectronic_Clock.cydsn\000"
 605      726F6E69 
 605      635F436C 
 605      6F636B2E 
 605      63796473 
 606              	.LASF3:
 607 01e5 73686F72 		.ascii	"short unsigned int\000"
 607      7420756E 
 607      7369676E 
 607      65642069 
 607      6E7400
 608              	.LASF48:
 609 01f8 45455F6F 		.ascii	"EE_os_param_type\000"
 609      735F7061 
 609      72616D5F 
 609      74797065 
 609      00
 610              	.LASF11:
 611 0209 45455F55 		.ascii	"EE_UINT16\000"
 611      494E5431 
 611      3600
 612              	.LASF46:
 613 0213 47656E65 		.ascii	"Generated_Source\\PSoC5\\ErikaOS_2_ee_iparam.c\000"
 613      72617465 
 613      645F536F 
 613      75726365 
 613      5C50536F 
 614              	.LASF23:
 615 0240 7461736B 		.ascii	"task_ref\000"
 615      5F726566 
 615      00
 616              	.LASF43:
 617 0249 45455F41 		.ascii	"EE_ApplicationMode\000"
 617      70706C69 
 617      63617469 
 617      6F6E4D6F 
 617      646500
 618              	.LASF5:
 619 025c 6C6F6E67 		.ascii	"long unsigned int\000"
 619      20756E73 
 619      69676E65 
 619      6420696E 
 619      7400
 620              	.LASF16:
 621 026e 45455F54 		.ascii	"EE_TYPEBOOL\000"
 621      59504542 
 621      4F4F4C00 
 622              	.LASF35:
 623 027a 45455F73 		.ascii	"EE_stkfirst\000"
ARM GAS  C:\Users\bolob\AppData\Local\Temp\ccbSxBQZ.s 			page 14


 623      746B6669 
 623      72737400 
 624              	.LASF20:
 625 0286 5461736B 		.ascii	"TaskStateRefType\000"
 625      53746174 
 625      65526566 
 625      54797065 
 625      00
 626              	.LASF44:
 627 0297 45455F72 		.ascii	"EE_rq_lookup\000"
 627      715F6C6F 
 627      6F6B7570 
 627      00
 628              	.LASF24:
 629 02a4 7461736B 		.ascii	"task_state_ref\000"
 629      5F737461 
 629      74655F72 
 629      656600
 630              	.LASF32:
 631 02b3 45455F74 		.ascii	"EE_th_status\000"
 631      685F7374 
 631      61747573 
 631      00
 632              	.LASF31:
 633 02c0 45455F74 		.ascii	"EE_th_dispatch_prio\000"
 633      685F6469 
 633      73706174 
 633      63685F70 
 633      72696F00 
 634              	.LASF33:
 635 02d4 45455F74 		.ascii	"EE_th_next\000"
 635      685F6E65 
 635      787400
 636              	.LASF45:
 637 02df 474E5520 		.ascii	"GNU C11 5.4.1 20160609 (release) [ARM/embedded-5-br"
 637      43313120 
 637      352E342E 
 637      31203230 
 637      31363036 
 638 0312 616E6368 		.ascii	"anch revision 237715] -mcpu=cortex-m3 -mthumb -g -O"
 638      20726576 
 638      6973696F 
 638      6E203233 
 638      37373135 
 639 0345 67202D66 		.ascii	"g -ffunction-sections -ffat-lto-objects\000"
 639      66756E63 
 639      74696F6E 
 639      2D736563 
 639      74696F6E 
 640              	.LASF41:
 641 036d 45455F6F 		.ascii	"EE_oo_IRQ_disable_count\000"
 641      6F5F4952 
 641      515F6469 
 641      7361626C 
 641      655F636F 
 642              	.LASF22:
 643 0385 76616C75 		.ascii	"value_param\000"
ARM GAS  C:\Users\bolob\AppData\Local\Temp\ccbSxBQZ.s 			page 15


 643      655F7061 
 643      72616D00 
 644              		.ident	"GCC: (GNU Tools for ARM Embedded Processors) 5.4.1 20160609 (release) [ARM/embedded-5-bran
