ARM GAS  C:\Users\bolob\AppData\Local\Temp\ccWzDZwh.s 			page 1


   1              		.syntax unified
   2              		.cpu cortex-m3
   3              		.fpu softvfp
   4              		.eabi_attribute 20, 1
   5              		.eabi_attribute 21, 1
   6              		.eabi_attribute 23, 3
   7              		.eabi_attribute 24, 1
   8              		.eabi_attribute 25, 1
   9              		.eabi_attribute 26, 1
  10              		.eabi_attribute 30, 1
  11              		.eabi_attribute 34, 1
  12              		.eabi_attribute 18, 4
  13              		.thumb
  14              		.syntax unified
  15              		.file	"ErikaOS_2_ee_rq_first.c"
  16              		.text
  17              	.Ltext0:
  18              		.cfi_sections	.debug_frame
  19              		.section	.text.EE_rq_queryfirst,"ax",%progbits
  20              		.align	2
  21              		.global	EE_rq_queryfirst
  22              		.thumb
  23              		.thumb_func
  24              		.type	EE_rq_queryfirst, %function
  25              	EE_rq_queryfirst:
  26              	.LFB59:
  27              		.file 1 "Generated_Source\\PSoC5\\ErikaOS_2_ee_rq_first.c"
   1:Generated_Source\PSoC5/ErikaOS_2_ee_rq_first.c **** /* ###*B*###
   2:Generated_Source\PSoC5/ErikaOS_2_ee_rq_first.c ****  * ERIKA Enterprise - a tiny RTOS for small microcontrollers
   3:Generated_Source\PSoC5/ErikaOS_2_ee_rq_first.c ****  *
   4:Generated_Source\PSoC5/ErikaOS_2_ee_rq_first.c ****  * Copyright (C) 2002-2008  Evidence Srl
   5:Generated_Source\PSoC5/ErikaOS_2_ee_rq_first.c ****  *
   6:Generated_Source\PSoC5/ErikaOS_2_ee_rq_first.c ****  * This file is part of ERIKA Enterprise.
   7:Generated_Source\PSoC5/ErikaOS_2_ee_rq_first.c ****  *
   8:Generated_Source\PSoC5/ErikaOS_2_ee_rq_first.c ****  * ERIKA Enterprise is free software; you can redistribute it
   9:Generated_Source\PSoC5/ErikaOS_2_ee_rq_first.c ****  * and/or modify it under the terms of the GNU General Public License
  10:Generated_Source\PSoC5/ErikaOS_2_ee_rq_first.c ****  * version 2 as published by the Free Software Foundation, 
  11:Generated_Source\PSoC5/ErikaOS_2_ee_rq_first.c ****  * (with a special exception described below).
  12:Generated_Source\PSoC5/ErikaOS_2_ee_rq_first.c ****  *
  13:Generated_Source\PSoC5/ErikaOS_2_ee_rq_first.c ****  * Linking this code statically or dynamically with other modules is
  14:Generated_Source\PSoC5/ErikaOS_2_ee_rq_first.c ****  * making a combined work based on this code.  Thus, the terms and
  15:Generated_Source\PSoC5/ErikaOS_2_ee_rq_first.c ****  * conditions of the GNU General Public License cover the whole
  16:Generated_Source\PSoC5/ErikaOS_2_ee_rq_first.c ****  * combination.
  17:Generated_Source\PSoC5/ErikaOS_2_ee_rq_first.c ****  *
  18:Generated_Source\PSoC5/ErikaOS_2_ee_rq_first.c ****  * As a special exception, the copyright holders of this library give you
  19:Generated_Source\PSoC5/ErikaOS_2_ee_rq_first.c ****  * permission to link this code with independent modules to produce an
  20:Generated_Source\PSoC5/ErikaOS_2_ee_rq_first.c ****  * executable, regardless of the license terms of these independent
  21:Generated_Source\PSoC5/ErikaOS_2_ee_rq_first.c ****  * modules, and to copy and distribute the resulting executable under
  22:Generated_Source\PSoC5/ErikaOS_2_ee_rq_first.c ****  * terms of your choice, provided that you also meet, for each linked
  23:Generated_Source\PSoC5/ErikaOS_2_ee_rq_first.c ****  * independent module, the terms and conditions of the license of that
  24:Generated_Source\PSoC5/ErikaOS_2_ee_rq_first.c ****  * module.  An independent module is a module which is not derived from
  25:Generated_Source\PSoC5/ErikaOS_2_ee_rq_first.c ****  * or based on this library.  If you modify this code, you may extend
  26:Generated_Source\PSoC5/ErikaOS_2_ee_rq_first.c ****  * this exception to your version of the code, but you are not
  27:Generated_Source\PSoC5/ErikaOS_2_ee_rq_first.c ****  * obligated to do so.  If you do not wish to do so, delete this
  28:Generated_Source\PSoC5/ErikaOS_2_ee_rq_first.c ****  * exception statement from your version.
  29:Generated_Source\PSoC5/ErikaOS_2_ee_rq_first.c ****  *
  30:Generated_Source\PSoC5/ErikaOS_2_ee_rq_first.c ****  * ERIKA Enterprise is distributed in the hope that it will be
ARM GAS  C:\Users\bolob\AppData\Local\Temp\ccWzDZwh.s 			page 2


  31:Generated_Source\PSoC5/ErikaOS_2_ee_rq_first.c ****  * useful, but WITHOUT ANY WARRANTY; without even the implied warranty
  32:Generated_Source\PSoC5/ErikaOS_2_ee_rq_first.c ****  * of MERCHANTABILITY or FITNESS FOR A PARTICULAR PURPOSE.  See the
  33:Generated_Source\PSoC5/ErikaOS_2_ee_rq_first.c ****  * GNU General Public License version 2 for more details.
  34:Generated_Source\PSoC5/ErikaOS_2_ee_rq_first.c ****  *
  35:Generated_Source\PSoC5/ErikaOS_2_ee_rq_first.c ****  * You should have received a copy of the GNU General Public License
  36:Generated_Source\PSoC5/ErikaOS_2_ee_rq_first.c ****  * version 2 along with ERIKA Enterprise; if not, write to the
  37:Generated_Source\PSoC5/ErikaOS_2_ee_rq_first.c ****  * Free Software Foundation, Inc., 51 Franklin Street, Fifth Floor,
  38:Generated_Source\PSoC5/ErikaOS_2_ee_rq_first.c ****  * Boston, MA 02110-1301 USA.
  39:Generated_Source\PSoC5/ErikaOS_2_ee_rq_first.c ****  * ###*E*### */
  40:Generated_Source\PSoC5/ErikaOS_2_ee_rq_first.c **** 
  41:Generated_Source\PSoC5/ErikaOS_2_ee_rq_first.c **** /*
  42:Generated_Source\PSoC5/ErikaOS_2_ee_rq_first.c ****  * Author: 2002-2004 Paolo Gai
  43:Generated_Source\PSoC5/ErikaOS_2_ee_rq_first.c ****  * CVS: $Id: ee_rq_first.c,v 1.1 2005/07/16 12:23:42 pj Exp $
  44:Generated_Source\PSoC5/ErikaOS_2_ee_rq_first.c ****  */
  45:Generated_Source\PSoC5/ErikaOS_2_ee_rq_first.c **** 
  46:Generated_Source\PSoC5/ErikaOS_2_ee_rq_first.c **** /*
  47:Generated_Source\PSoC5/ErikaOS_2_ee_rq_first.c ****  * PSoC Port and API Generation
  48:Generated_Source\PSoC5/ErikaOS_2_ee_rq_first.c ****  * Carlos Fernando Meier Martinez
  49:Generated_Source\PSoC5/ErikaOS_2_ee_rq_first.c ****  * Hochschule Darmstadt, Germany. 2017.
  50:Generated_Source\PSoC5/ErikaOS_2_ee_rq_first.c ****  */
  51:Generated_Source\PSoC5/ErikaOS_2_ee_rq_first.c **** 
  52:Generated_Source\PSoC5/ErikaOS_2_ee_rq_first.c **** #include "ErikaOS_2_ee_internal.inc"
  53:Generated_Source\PSoC5/ErikaOS_2_ee_rq_first.c **** 
  54:Generated_Source\PSoC5/ErikaOS_2_ee_rq_first.c **** #ifndef __PRIVATE_RQ2STK_EXCHANGE__
  55:Generated_Source\PSoC5/ErikaOS_2_ee_rq_first.c **** 
  56:Generated_Source\PSoC5/ErikaOS_2_ee_rq_first.c **** #if defined(__OO_BCC2__) || defined(__OO_ECC2__)
  57:Generated_Source\PSoC5/ErikaOS_2_ee_rq_first.c **** EE_TID EE_rq_queryfirst(void)
  58:Generated_Source\PSoC5/ErikaOS_2_ee_rq_first.c **** {
  28              		.loc 1 58 0
  29              		.cfi_startproc
  30              		@ args = 0, pretend = 0, frame = 0
  31              		@ frame_needed = 0, uses_anonymous_args = 0
  32              		@ link register save eliminated.
  59:Generated_Source\PSoC5/ErikaOS_2_ee_rq_first.c ****   EE_INT8 x;
  60:Generated_Source\PSoC5/ErikaOS_2_ee_rq_first.c **** 
  61:Generated_Source\PSoC5/ErikaOS_2_ee_rq_first.c **** #if defined(__OO_ECC2__)
  62:Generated_Source\PSoC5/ErikaOS_2_ee_rq_first.c ****   /* lookup at bits 15-9 */
  63:Generated_Source\PSoC5/ErikaOS_2_ee_rq_first.c ****   x = EE_rq_lookup[(EE_rq_bitmask & 0xFF00U) >> 8];
  33              		.loc 1 63 0
  34 0000 0C4B     		ldr	r3, .L6
  35 0002 1A88     		ldrh	r2, [r3]
  36 0004 130A     		lsrs	r3, r2, #8
  37 0006 0C49     		ldr	r1, .L6+4
  38 0008 CB56     		ldrsb	r3, [r1, r3]
  39              	.LVL0:
  64:Generated_Source\PSoC5/ErikaOS_2_ee_rq_first.c ****   if (x == (EE_INT8)-1) {
  40              		.loc 1 64 0
  41 000a B3F1FF3F 		cmp	r3, #-1
  42 000e 01D1     		bne	.L2
  65:Generated_Source\PSoC5/ErikaOS_2_ee_rq_first.c ****     x = EE_rq_lookup[EE_rq_bitmask];
  43              		.loc 1 65 0
  44 0010 8B56     		ldrsb	r3, [r1, r2]
  45              	.LVL1:
  46 0012 01E0     		b	.L3
  47              	.L2:
  66:Generated_Source\PSoC5/ErikaOS_2_ee_rq_first.c ****   } else {
  67:Generated_Source\PSoC5/ErikaOS_2_ee_rq_first.c ****     x += (EE_INT8)8;
ARM GAS  C:\Users\bolob\AppData\Local\Temp\ccWzDZwh.s 			page 3


  48              		.loc 1 67 0
  49 0014 0833     		adds	r3, r3, #8
  50              	.LVL2:
  51 0016 5BB2     		sxtb	r3, r3
  52              	.LVL3:
  53              	.L3:
  68:Generated_Source\PSoC5/ErikaOS_2_ee_rq_first.c ****   }
  69:Generated_Source\PSoC5/ErikaOS_2_ee_rq_first.c **** #else
  70:Generated_Source\PSoC5/ErikaOS_2_ee_rq_first.c ****   x = EE_rq_lookup[EE_rq_bitmask];
  71:Generated_Source\PSoC5/ErikaOS_2_ee_rq_first.c **** #endif
  72:Generated_Source\PSoC5/ErikaOS_2_ee_rq_first.c **** 
  73:Generated_Source\PSoC5/ErikaOS_2_ee_rq_first.c ****   /* now x contains the highest priority non-empty queue number */
  74:Generated_Source\PSoC5/ErikaOS_2_ee_rq_first.c ****   if (x == (EE_INT8)-1) {
  54              		.loc 1 74 0
  55 0018 B3F1FF3F 		cmp	r3, #-1
  56 001c 06D0     		beq	.L5
  75:Generated_Source\PSoC5/ErikaOS_2_ee_rq_first.c ****     return EE_NIL;
  76:Generated_Source\PSoC5/ErikaOS_2_ee_rq_first.c ****   } else {
  77:Generated_Source\PSoC5/ErikaOS_2_ee_rq_first.c ****     return EE_rq_pairs_tid[EE_rq_queues_head[x]];
  57              		.loc 1 77 0
  58 001e 074A     		ldr	r2, .L6+8
  59 0020 52F82320 		ldr	r2, [r2, r3, lsl #2]
  60 0024 064B     		ldr	r3, .L6+12
  61              	.LVL4:
  62 0026 53F82200 		ldr	r0, [r3, r2, lsl #2]
  63 002a 7047     		bx	lr
  64              	.LVL5:
  65              	.L5:
  75:Generated_Source\PSoC5/ErikaOS_2_ee_rq_first.c ****     return EE_NIL;
  66              		.loc 1 75 0
  67 002c 4FF0FF30 		mov	r0, #-1
  78:Generated_Source\PSoC5/ErikaOS_2_ee_rq_first.c ****   }
  79:Generated_Source\PSoC5/ErikaOS_2_ee_rq_first.c **** }
  68              		.loc 1 79 0
  69 0030 7047     		bx	lr
  70              	.L7:
  71 0032 00BF     		.align	2
  72              	.L6:
  73 0034 00000000 		.word	EE_rq_bitmask
  74 0038 00000000 		.word	EE_rq_lookup
  75 003c 00000000 		.word	EE_rq_queues_head
  76 0040 00000000 		.word	EE_rq_pairs_tid
  77              		.cfi_endproc
  78              	.LFE59:
  79              		.size	EE_rq_queryfirst, .-EE_rq_queryfirst
  80              		.text
  81              	.Letext0:
  82              		.file 2 "Generated_Source\\PSoC5\\ErikaOS_2_common_ee_types.inc"
  83              		.file 3 "Generated_Source\\PSoC5\\ErikaOS_2_cortex_mx_ee_cpu.inc"
  84              		.file 4 "Generated_Source\\PSoC5\\ErikaOS_2_ee_oo_common.inc"
  85              		.file 5 "Generated_Source\\PSoC5\\ErikaOS_2_common_ee_primitives.inc"
  86              		.file 6 "Generated_Source\\PSoC5\\ErikaOS_2_cortex_mx_ee_context.inc"
  87              		.file 7 "Generated_Source\\PSoC5\\ErikaOS_2_ee_oo_intfunc.inc"
  88              		.file 8 "Generated_Source\\PSoC5\\ErikaOS_2_ee_oo_internal.inc"
  89              		.section	.debug_info,"",%progbits
  90              	.Ldebug_info0:
  91 0000 89020000 		.4byte	0x289
ARM GAS  C:\Users\bolob\AppData\Local\Temp\ccWzDZwh.s 			page 4


  92 0004 0400     		.2byte	0x4
  93 0006 00000000 		.4byte	.Ldebug_abbrev0
  94 000a 04       		.byte	0x4
  95 000b 01       		.uleb128 0x1
  96 000c 9B020000 		.4byte	.LASF39
  97 0010 0C       		.byte	0xc
  98 0011 00000000 		.4byte	.LASF40
  99 0015 96010000 		.4byte	.LASF41
 100 0019 00000000 		.4byte	.Ldebug_ranges0+0
 101 001d 00000000 		.4byte	0
 102 0021 00000000 		.4byte	.Ldebug_line0
 103 0025 02       		.uleb128 0x2
 104 0026 01       		.byte	0x1
 105 0027 06       		.byte	0x6
 106 0028 38010000 		.4byte	.LASF0
 107 002c 02       		.uleb128 0x2
 108 002d 01       		.byte	0x1
 109 002e 08       		.byte	0x8
 110 002f 22010000 		.4byte	.LASF1
 111 0033 02       		.uleb128 0x2
 112 0034 02       		.byte	0x2
 113 0035 05       		.byte	0x5
 114 0036 5B000000 		.4byte	.LASF2
 115 003a 02       		.uleb128 0x2
 116 003b 02       		.byte	0x2
 117 003c 07       		.byte	0x7
 118 003d D9010000 		.4byte	.LASF3
 119 0041 02       		.uleb128 0x2
 120 0042 04       		.byte	0x4
 121 0043 05       		.byte	0x5
 122 0044 E5000000 		.4byte	.LASF4
 123 0048 02       		.uleb128 0x2
 124 0049 04       		.byte	0x4
 125 004a 07       		.byte	0x7
 126 004b 1A020000 		.4byte	.LASF5
 127 004f 02       		.uleb128 0x2
 128 0050 08       		.byte	0x8
 129 0051 05       		.byte	0x5
 130 0052 BF000000 		.4byte	.LASF6
 131 0056 02       		.uleb128 0x2
 132 0057 08       		.byte	0x8
 133 0058 07       		.byte	0x7
 134 0059 44010000 		.4byte	.LASF7
 135 005d 03       		.uleb128 0x3
 136 005e 04       		.byte	0x4
 137 005f 05       		.byte	0x5
 138 0060 696E7400 		.ascii	"int\000"
 139 0064 02       		.uleb128 0x2
 140 0065 04       		.byte	0x4
 141 0066 07       		.byte	0x7
 142 0067 5B010000 		.4byte	.LASF8
 143 006b 02       		.uleb128 0x2
 144 006c 08       		.byte	0x8
 145 006d 04       		.byte	0x4
 146 006e 16010000 		.4byte	.LASF9
 147 0072 04       		.uleb128 0x4
 148 0073 CD000000 		.4byte	.LASF10
ARM GAS  C:\Users\bolob\AppData\Local\Temp\ccWzDZwh.s 			page 5


 149 0077 02       		.byte	0x2
 150 0078 3F       		.byte	0x3f
 151 0079 25000000 		.4byte	0x25
 152 007d 04       		.uleb128 0x4
 153 007e EC010000 		.4byte	.LASF11
 154 0082 02       		.byte	0x2
 155 0083 52       		.byte	0x52
 156 0084 3A000000 		.4byte	0x3a
 157 0088 04       		.uleb128 0x4
 158 0089 8D010000 		.4byte	.LASF12
 159 008d 02       		.byte	0x2
 160 008e 53       		.byte	0x53
 161 008f 5D000000 		.4byte	0x5d
 162 0093 04       		.uleb128 0x4
 163 0094 76000000 		.4byte	.LASF13
 164 0098 02       		.byte	0x2
 165 0099 54       		.byte	0x54
 166 009a 64000000 		.4byte	0x64
 167 009e 04       		.uleb128 0x4
 168 009f 2F000000 		.4byte	.LASF14
 169 00a3 03       		.byte	0x3
 170 00a4 4D       		.byte	0x4d
 171 00a5 93000000 		.4byte	0x93
 172 00a9 04       		.uleb128 0x4
 173 00aa 30010000 		.4byte	.LASF15
 174 00ae 03       		.byte	0x3
 175 00af 4E       		.byte	0x4e
 176 00b0 88000000 		.4byte	0x88
 177 00b4 04       		.uleb128 0x4
 178 00b5 6E000000 		.4byte	.LASF16
 179 00b9 03       		.byte	0x3
 180 00ba 4F       		.byte	0x4f
 181 00bb 93000000 		.4byte	0x93
 182 00bf 04       		.uleb128 0x4
 183 00c0 2C020000 		.4byte	.LASF17
 184 00c4 03       		.byte	0x3
 185 00c5 54       		.byte	0x54
 186 00c6 9E000000 		.4byte	0x9e
 187 00ca 04       		.uleb128 0x4
 188 00cb A3000000 		.4byte	.LASF18
 189 00cf 03       		.byte	0x3
 190 00d0 78       		.byte	0x78
 191 00d1 88000000 		.4byte	0x88
 192 00d5 05       		.uleb128 0x5
 193 00d6 D5000000 		.4byte	.LASF19
 194 00da 04       		.byte	0x4
 195 00db 1101     		.2byte	0x111
 196 00dd 7D000000 		.4byte	0x7d
 197 00e1 06       		.uleb128 0x6
 198 00e2 F6010000 		.4byte	.LASF42
 199 00e6 01       		.byte	0x1
 200 00e7 39       		.byte	0x39
 201 00e8 CA000000 		.4byte	0xca
 202 00ec 00000000 		.4byte	.LFB59
 203 00f0 44000000 		.4byte	.LFE59-.LFB59
 204 00f4 01       		.uleb128 0x1
 205 00f5 9C       		.byte	0x9c
ARM GAS  C:\Users\bolob\AppData\Local\Temp\ccWzDZwh.s 			page 6


 206 00f6 08010000 		.4byte	0x108
 207 00fa 07       		.uleb128 0x7
 208 00fb 7800     		.ascii	"x\000"
 209 00fd 01       		.byte	0x1
 210 00fe 3B       		.byte	0x3b
 211 00ff 72000000 		.4byte	0x72
 212 0103 00000000 		.4byte	.LLST0
 213 0107 00       		.byte	0
 214 0108 08       		.uleb128 0x8
 215 0109 AA000000 		.4byte	.LASF20
 216 010d 05       		.byte	0x5
 217 010e 44       		.byte	0x44
 218 010f 9E000000 		.4byte	0x9e
 219 0113 08       		.uleb128 0x8
 220 0114 74010000 		.4byte	.LASF21
 221 0118 06       		.byte	0x6
 222 0119 48       		.byte	0x48
 223 011a CA000000 		.4byte	0xca
 224 011e 09       		.uleb128 0x9
 225 011f 34010000 		.4byte	0x134
 226 0123 2D010000 		.4byte	0x12d
 227 0127 0A       		.uleb128 0xa
 228 0128 2D010000 		.4byte	0x12d
 229 012c 00       		.byte	0
 230 012d 02       		.uleb128 0x2
 231 012e 04       		.byte	0x4
 232 012f 07       		.byte	0x7
 233 0130 65000000 		.4byte	.LASF22
 234 0134 0B       		.uleb128 0xb
 235 0135 9E000000 		.4byte	0x9e
 236 0139 08       		.uleb128 0x8
 237 013a 80000000 		.4byte	.LASF23
 238 013e 04       		.byte	0x4
 239 013f B2       		.byte	0xb2
 240 0140 44010000 		.4byte	0x144
 241 0144 0B       		.uleb128 0xb
 242 0145 1E010000 		.4byte	0x11e
 243 0149 09       		.uleb128 0x9
 244 014a 34010000 		.4byte	0x134
 245 014e 58010000 		.4byte	0x158
 246 0152 0A       		.uleb128 0xa
 247 0153 2D010000 		.4byte	0x12d
 248 0157 00       		.byte	0
 249 0158 08       		.uleb128 0x8
 250 0159 7C020000 		.4byte	.LASF24
 251 015d 04       		.byte	0x4
 252 015e B3       		.byte	0xb3
 253 015f 63010000 		.4byte	0x163
 254 0163 0B       		.uleb128 0xb
 255 0164 49010000 		.4byte	0x149
 256 0168 09       		.uleb128 0x9
 257 0169 9E000000 		.4byte	0x9e
 258 016d 77010000 		.4byte	0x177
 259 0171 0A       		.uleb128 0xa
 260 0172 2D010000 		.4byte	0x12d
 261 0176 00       		.byte	0
 262 0177 08       		.uleb128 0x8
ARM GAS  C:\Users\bolob\AppData\Local\Temp\ccWzDZwh.s 			page 7


 263 0178 6F020000 		.4byte	.LASF25
 264 017c 04       		.byte	0x4
 265 017d CA       		.byte	0xca
 266 017e 68010000 		.4byte	0x168
 267 0182 09       		.uleb128 0x9
 268 0183 CA000000 		.4byte	0xca
 269 0187 91010000 		.4byte	0x191
 270 018b 0A       		.uleb128 0xa
 271 018c 2D010000 		.4byte	0x12d
 272 0190 00       		.byte	0
 273 0191 08       		.uleb128 0x8
 274 0192 90020000 		.4byte	.LASF26
 275 0196 04       		.byte	0x4
 276 0197 D2       		.byte	0xd2
 277 0198 82010000 		.4byte	0x182
 278 019c 09       		.uleb128 0x9
 279 019d 9E000000 		.4byte	0x9e
 280 01a1 AB010000 		.4byte	0x1ab
 281 01a5 0A       		.uleb128 0xa
 282 01a6 2D010000 		.4byte	0x12d
 283 01aa 00       		.byte	0
 284 01ab 08       		.uleb128 0x8
 285 01ac 68010000 		.4byte	.LASF27
 286 01b0 04       		.byte	0x4
 287 01b1 DA       		.byte	0xda
 288 01b2 9C010000 		.4byte	0x19c
 289 01b6 08       		.uleb128 0x8
 290 01b7 38020000 		.4byte	.LASF28
 291 01bb 04       		.byte	0x4
 292 01bc E2       		.byte	0xe2
 293 01bd CA000000 		.4byte	0xca
 294 01c1 08       		.uleb128 0x8
 295 01c2 07010000 		.4byte	.LASF29
 296 01c6 04       		.byte	0x4
 297 01c7 F7       		.byte	0xf7
 298 01c8 9E000000 		.4byte	0x9e
 299 01cc 09       		.uleb128 0x9
 300 01cd A9000000 		.4byte	0xa9
 301 01d1 DC010000 		.4byte	0x1dc
 302 01d5 0C       		.uleb128 0xc
 303 01d6 2D010000 		.4byte	0x12d
 304 01da 0F       		.byte	0xf
 305 01db 00       		.byte	0
 306 01dc 0D       		.uleb128 0xd
 307 01dd 91000000 		.4byte	.LASF30
 308 01e1 04       		.byte	0x4
 309 01e2 2501     		.2byte	0x125
 310 01e4 CC010000 		.4byte	0x1cc
 311 01e8 09       		.uleb128 0x9
 312 01e9 CA000000 		.4byte	0xca
 313 01ed F7010000 		.4byte	0x1f7
 314 01f1 0A       		.uleb128 0xa
 315 01f2 2D010000 		.4byte	0x12d
 316 01f6 00       		.byte	0
 317 01f7 0D       		.uleb128 0xd
 318 01f8 44020000 		.4byte	.LASF31
 319 01fc 04       		.byte	0x4
ARM GAS  C:\Users\bolob\AppData\Local\Temp\ccWzDZwh.s 			page 8


 320 01fd 3C01     		.2byte	0x13c
 321 01ff E8010000 		.4byte	0x1e8
 322 0203 0D       		.uleb128 0xd
 323 0204 54020000 		.4byte	.LASF32
 324 0208 04       		.byte	0x4
 325 0209 3F01     		.2byte	0x13f
 326 020b D5000000 		.4byte	0xd5
 327 020f 09       		.uleb128 0x9
 328 0210 9E000000 		.4byte	0x9e
 329 0214 1E020000 		.4byte	0x21e
 330 0218 0A       		.uleb128 0xa
 331 0219 2D010000 		.4byte	0x12d
 332 021d 00       		.byte	0
 333 021e 0D       		.uleb128 0xd
 334 021f 37000000 		.4byte	.LASF33
 335 0223 04       		.byte	0x4
 336 0224 5C01     		.2byte	0x15c
 337 0226 0F020000 		.4byte	0x20f
 338 022a 09       		.uleb128 0x9
 339 022b BF000000 		.4byte	0xbf
 340 022f 39020000 		.4byte	0x239
 341 0233 0A       		.uleb128 0xa
 342 0234 2D010000 		.4byte	0x12d
 343 0238 00       		.byte	0
 344 0239 0D       		.uleb128 0xd
 345 023a 4A000000 		.4byte	.LASF34
 346 023e 04       		.byte	0x4
 347 023f 6701     		.2byte	0x167
 348 0241 2A020000 		.4byte	0x22a
 349 0245 08       		.uleb128 0x8
 350 0246 29030000 		.4byte	.LASF35
 351 024a 07       		.byte	0x7
 352 024b 40       		.byte	0x40
 353 024c 9E000000 		.4byte	0x9e
 354 0250 08       		.uleb128 0x8
 355 0251 EE000000 		.4byte	.LASF36
 356 0255 07       		.byte	0x7
 357 0256 47       		.byte	0x47
 358 0257 B4000000 		.4byte	0xb4
 359 025b 08       		.uleb128 0x8
 360 025c 07020000 		.4byte	.LASF37
 361 0260 07       		.byte	0x7
 362 0261 4A       		.byte	0x4a
 363 0262 9E000000 		.4byte	0x9e
 364 0266 09       		.uleb128 0x9
 365 0267 76020000 		.4byte	0x276
 366 026b 76020000 		.4byte	0x276
 367 026f 0C       		.uleb128 0xc
 368 0270 2D010000 		.4byte	0x12d
 369 0274 FF       		.byte	0xff
 370 0275 00       		.byte	0
 371 0276 0B       		.uleb128 0xb
 372 0277 72000000 		.4byte	0x72
 373 027b 0D       		.uleb128 0xd
 374 027c 62020000 		.4byte	.LASF38
 375 0280 08       		.byte	0x8
 376 0281 AB01     		.2byte	0x1ab
ARM GAS  C:\Users\bolob\AppData\Local\Temp\ccWzDZwh.s 			page 9


 377 0283 87020000 		.4byte	0x287
 378 0287 0B       		.uleb128 0xb
 379 0288 66020000 		.4byte	0x266
 380 028c 00       		.byte	0
 381              		.section	.debug_abbrev,"",%progbits
 382              	.Ldebug_abbrev0:
 383 0000 01       		.uleb128 0x1
 384 0001 11       		.uleb128 0x11
 385 0002 01       		.byte	0x1
 386 0003 25       		.uleb128 0x25
 387 0004 0E       		.uleb128 0xe
 388 0005 13       		.uleb128 0x13
 389 0006 0B       		.uleb128 0xb
 390 0007 03       		.uleb128 0x3
 391 0008 0E       		.uleb128 0xe
 392 0009 1B       		.uleb128 0x1b
 393 000a 0E       		.uleb128 0xe
 394 000b 55       		.uleb128 0x55
 395 000c 17       		.uleb128 0x17
 396 000d 11       		.uleb128 0x11
 397 000e 01       		.uleb128 0x1
 398 000f 10       		.uleb128 0x10
 399 0010 17       		.uleb128 0x17
 400 0011 00       		.byte	0
 401 0012 00       		.byte	0
 402 0013 02       		.uleb128 0x2
 403 0014 24       		.uleb128 0x24
 404 0015 00       		.byte	0
 405 0016 0B       		.uleb128 0xb
 406 0017 0B       		.uleb128 0xb
 407 0018 3E       		.uleb128 0x3e
 408 0019 0B       		.uleb128 0xb
 409 001a 03       		.uleb128 0x3
 410 001b 0E       		.uleb128 0xe
 411 001c 00       		.byte	0
 412 001d 00       		.byte	0
 413 001e 03       		.uleb128 0x3
 414 001f 24       		.uleb128 0x24
 415 0020 00       		.byte	0
 416 0021 0B       		.uleb128 0xb
 417 0022 0B       		.uleb128 0xb
 418 0023 3E       		.uleb128 0x3e
 419 0024 0B       		.uleb128 0xb
 420 0025 03       		.uleb128 0x3
 421 0026 08       		.uleb128 0x8
 422 0027 00       		.byte	0
 423 0028 00       		.byte	0
 424 0029 04       		.uleb128 0x4
 425 002a 16       		.uleb128 0x16
 426 002b 00       		.byte	0
 427 002c 03       		.uleb128 0x3
 428 002d 0E       		.uleb128 0xe
 429 002e 3A       		.uleb128 0x3a
 430 002f 0B       		.uleb128 0xb
 431 0030 3B       		.uleb128 0x3b
 432 0031 0B       		.uleb128 0xb
 433 0032 49       		.uleb128 0x49
ARM GAS  C:\Users\bolob\AppData\Local\Temp\ccWzDZwh.s 			page 10


 434 0033 13       		.uleb128 0x13
 435 0034 00       		.byte	0
 436 0035 00       		.byte	0
 437 0036 05       		.uleb128 0x5
 438 0037 16       		.uleb128 0x16
 439 0038 00       		.byte	0
 440 0039 03       		.uleb128 0x3
 441 003a 0E       		.uleb128 0xe
 442 003b 3A       		.uleb128 0x3a
 443 003c 0B       		.uleb128 0xb
 444 003d 3B       		.uleb128 0x3b
 445 003e 05       		.uleb128 0x5
 446 003f 49       		.uleb128 0x49
 447 0040 13       		.uleb128 0x13
 448 0041 00       		.byte	0
 449 0042 00       		.byte	0
 450 0043 06       		.uleb128 0x6
 451 0044 2E       		.uleb128 0x2e
 452 0045 01       		.byte	0x1
 453 0046 3F       		.uleb128 0x3f
 454 0047 19       		.uleb128 0x19
 455 0048 03       		.uleb128 0x3
 456 0049 0E       		.uleb128 0xe
 457 004a 3A       		.uleb128 0x3a
 458 004b 0B       		.uleb128 0xb
 459 004c 3B       		.uleb128 0x3b
 460 004d 0B       		.uleb128 0xb
 461 004e 27       		.uleb128 0x27
 462 004f 19       		.uleb128 0x19
 463 0050 49       		.uleb128 0x49
 464 0051 13       		.uleb128 0x13
 465 0052 11       		.uleb128 0x11
 466 0053 01       		.uleb128 0x1
 467 0054 12       		.uleb128 0x12
 468 0055 06       		.uleb128 0x6
 469 0056 40       		.uleb128 0x40
 470 0057 18       		.uleb128 0x18
 471 0058 9742     		.uleb128 0x2117
 472 005a 19       		.uleb128 0x19
 473 005b 01       		.uleb128 0x1
 474 005c 13       		.uleb128 0x13
 475 005d 00       		.byte	0
 476 005e 00       		.byte	0
 477 005f 07       		.uleb128 0x7
 478 0060 34       		.uleb128 0x34
 479 0061 00       		.byte	0
 480 0062 03       		.uleb128 0x3
 481 0063 08       		.uleb128 0x8
 482 0064 3A       		.uleb128 0x3a
 483 0065 0B       		.uleb128 0xb
 484 0066 3B       		.uleb128 0x3b
 485 0067 0B       		.uleb128 0xb
 486 0068 49       		.uleb128 0x49
 487 0069 13       		.uleb128 0x13
 488 006a 02       		.uleb128 0x2
 489 006b 17       		.uleb128 0x17
 490 006c 00       		.byte	0
ARM GAS  C:\Users\bolob\AppData\Local\Temp\ccWzDZwh.s 			page 11


 491 006d 00       		.byte	0
 492 006e 08       		.uleb128 0x8
 493 006f 34       		.uleb128 0x34
 494 0070 00       		.byte	0
 495 0071 03       		.uleb128 0x3
 496 0072 0E       		.uleb128 0xe
 497 0073 3A       		.uleb128 0x3a
 498 0074 0B       		.uleb128 0xb
 499 0075 3B       		.uleb128 0x3b
 500 0076 0B       		.uleb128 0xb
 501 0077 49       		.uleb128 0x49
 502 0078 13       		.uleb128 0x13
 503 0079 3F       		.uleb128 0x3f
 504 007a 19       		.uleb128 0x19
 505 007b 3C       		.uleb128 0x3c
 506 007c 19       		.uleb128 0x19
 507 007d 00       		.byte	0
 508 007e 00       		.byte	0
 509 007f 09       		.uleb128 0x9
 510 0080 01       		.uleb128 0x1
 511 0081 01       		.byte	0x1
 512 0082 49       		.uleb128 0x49
 513 0083 13       		.uleb128 0x13
 514 0084 01       		.uleb128 0x1
 515 0085 13       		.uleb128 0x13
 516 0086 00       		.byte	0
 517 0087 00       		.byte	0
 518 0088 0A       		.uleb128 0xa
 519 0089 21       		.uleb128 0x21
 520 008a 00       		.byte	0
 521 008b 49       		.uleb128 0x49
 522 008c 13       		.uleb128 0x13
 523 008d 00       		.byte	0
 524 008e 00       		.byte	0
 525 008f 0B       		.uleb128 0xb
 526 0090 26       		.uleb128 0x26
 527 0091 00       		.byte	0
 528 0092 49       		.uleb128 0x49
 529 0093 13       		.uleb128 0x13
 530 0094 00       		.byte	0
 531 0095 00       		.byte	0
 532 0096 0C       		.uleb128 0xc
 533 0097 21       		.uleb128 0x21
 534 0098 00       		.byte	0
 535 0099 49       		.uleb128 0x49
 536 009a 13       		.uleb128 0x13
 537 009b 2F       		.uleb128 0x2f
 538 009c 0B       		.uleb128 0xb
 539 009d 00       		.byte	0
 540 009e 00       		.byte	0
 541 009f 0D       		.uleb128 0xd
 542 00a0 34       		.uleb128 0x34
 543 00a1 00       		.byte	0
 544 00a2 03       		.uleb128 0x3
 545 00a3 0E       		.uleb128 0xe
 546 00a4 3A       		.uleb128 0x3a
 547 00a5 0B       		.uleb128 0xb
ARM GAS  C:\Users\bolob\AppData\Local\Temp\ccWzDZwh.s 			page 12


 548 00a6 3B       		.uleb128 0x3b
 549 00a7 05       		.uleb128 0x5
 550 00a8 49       		.uleb128 0x49
 551 00a9 13       		.uleb128 0x13
 552 00aa 3F       		.uleb128 0x3f
 553 00ab 19       		.uleb128 0x19
 554 00ac 3C       		.uleb128 0x3c
 555 00ad 19       		.uleb128 0x19
 556 00ae 00       		.byte	0
 557 00af 00       		.byte	0
 558 00b0 00       		.byte	0
 559              		.section	.debug_loc,"",%progbits
 560              	.Ldebug_loc0:
 561              	.LLST0:
 562 0000 0A000000 		.4byte	.LVL0
 563 0004 16000000 		.4byte	.LVL2
 564 0008 0100     		.2byte	0x1
 565 000a 53       		.byte	0x53
 566 000b 16000000 		.4byte	.LVL2
 567 000f 18000000 		.4byte	.LVL3
 568 0013 0300     		.2byte	0x3
 569 0015 73       		.byte	0x73
 570 0016 78       		.sleb128 -8
 571 0017 9F       		.byte	0x9f
 572 0018 18000000 		.4byte	.LVL3
 573 001c 26000000 		.4byte	.LVL4
 574 0020 0100     		.2byte	0x1
 575 0022 53       		.byte	0x53
 576 0023 2C000000 		.4byte	.LVL5
 577 0027 44000000 		.4byte	.LFE59
 578 002b 0100     		.2byte	0x1
 579 002d 53       		.byte	0x53
 580 002e 00000000 		.4byte	0
 581 0032 00000000 		.4byte	0
 582              		.section	.debug_aranges,"",%progbits
 583 0000 1C000000 		.4byte	0x1c
 584 0004 0200     		.2byte	0x2
 585 0006 00000000 		.4byte	.Ldebug_info0
 586 000a 04       		.byte	0x4
 587 000b 00       		.byte	0
 588 000c 0000     		.2byte	0
 589 000e 0000     		.2byte	0
 590 0010 00000000 		.4byte	.LFB59
 591 0014 44000000 		.4byte	.LFE59-.LFB59
 592 0018 00000000 		.4byte	0
 593 001c 00000000 		.4byte	0
 594              		.section	.debug_ranges,"",%progbits
 595              	.Ldebug_ranges0:
 596 0000 00000000 		.4byte	.LFB59
 597 0004 44000000 		.4byte	.LFE59
 598 0008 00000000 		.4byte	0
 599 000c 00000000 		.4byte	0
 600              		.section	.debug_line,"",%progbits
 601              	.Ldebug_line0:
 602 0000 4E010000 		.section	.debug_str,"MS",%progbits,1
 602      02003101 
 602      00000201 
ARM GAS  C:\Users\bolob\AppData\Local\Temp\ccWzDZwh.s 			page 13


 602      FB0E0D00 
 602      01010101 
 603              	.LASF40:
 604 0000 47656E65 		.ascii	"Generated_Source\\PSoC5\\ErikaOS_2_ee_rq_first.c\000"
 604      72617465 
 604      645F536F 
 604      75726365 
 604      5C50536F 
 605              	.LASF14:
 606 002f 45455F55 		.ascii	"EE_UREG\000"
 606      52454700 
 607              	.LASF33:
 608 0037 45455F74 		.ascii	"EE_th_event_active\000"
 608      685F6576 
 608      656E745F 
 608      61637469 
 608      766500
 609              	.LASF34:
 610 004a 45455F74 		.ascii	"EE_th_waswaiting\000"
 610      685F7761 
 610      73776169 
 610      74696E67 
 610      00
 611              	.LASF2:
 612 005b 73686F72 		.ascii	"short int\000"
 612      7420696E 
 612      7400
 613              	.LASF22:
 614 0065 73697A65 		.ascii	"sizetype\000"
 614      74797065 
 614      00
 615              	.LASF16:
 616 006e 45455F46 		.ascii	"EE_FREG\000"
 616      52454700 
 617              	.LASF13:
 618 0076 45455F55 		.ascii	"EE_UINT32\000"
 618      494E5433 
 618      3200
 619              	.LASF23:
 620 0080 45455F74 		.ascii	"EE_th_ready_prio\000"
 620      685F7265 
 620      6164795F 
 620      7072696F 
 620      00
 621              	.LASF30:
 622 0091 45455F72 		.ascii	"EE_rq_queues_head\000"
 622      715F7175 
 622      65756573 
 622      5F686561 
 622      6400
 623              	.LASF18:
 624 00a3 45455F54 		.ascii	"EE_TID\000"
 624      494400
 625              	.LASF20:
 626 00aa 45455F49 		.ascii	"EE_IRQ_nesting_level\000"
 626      52515F6E 
 626      65737469 
ARM GAS  C:\Users\bolob\AppData\Local\Temp\ccWzDZwh.s 			page 14


 626      6E675F6C 
 626      6576656C 
 627              	.LASF6:
 628 00bf 6C6F6E67 		.ascii	"long long int\000"
 628      206C6F6E 
 628      6720696E 
 628      7400
 629              	.LASF10:
 630 00cd 45455F49 		.ascii	"EE_INT8\000"
 630      4E543800 
 631              	.LASF19:
 632 00d5 45455F54 		.ascii	"EE_TYPE_RQ_MASK\000"
 632      5950455F 
 632      52515F4D 
 632      41534B00 
 633              	.LASF4:
 634 00e5 6C6F6E67 		.ascii	"long int\000"
 634      20696E74 
 634      00
 635              	.LASF36:
 636 00ee 45455F6F 		.ascii	"EE_oo_IRQ_suspend_status\000"
 636      6F5F4952 
 636      515F7375 
 636      7370656E 
 636      645F7374 
 637              	.LASF29:
 638 0107 45455F73 		.ascii	"EE_sys_ceiling\000"
 638      79735F63 
 638      65696C69 
 638      6E6700
 639              	.LASF9:
 640 0116 6C6F6E67 		.ascii	"long double\000"
 640      20646F75 
 640      626C6500 
 641              	.LASF1:
 642 0122 756E7369 		.ascii	"unsigned char\000"
 642      676E6564 
 642      20636861 
 642      7200
 643              	.LASF15:
 644 0130 45455F53 		.ascii	"EE_SREG\000"
 644      52454700 
 645              	.LASF0:
 646 0138 7369676E 		.ascii	"signed char\000"
 646      65642063 
 646      68617200 
 647              	.LASF7:
 648 0144 6C6F6E67 		.ascii	"long long unsigned int\000"
 648      206C6F6E 
 648      6720756E 
 648      7369676E 
 648      65642069 
 649              	.LASF8:
 650 015b 756E7369 		.ascii	"unsigned int\000"
 650      676E6564 
 650      20696E74 
 650      00
ARM GAS  C:\Users\bolob\AppData\Local\Temp\ccWzDZwh.s 			page 15


 651              	.LASF27:
 652 0168 45455F74 		.ascii	"EE_th_rnact\000"
 652      685F726E 
 652      61637400 
 653              	.LASF21:
 654 0174 45455F73 		.ascii	"EE_std_endcycle_next_tid\000"
 654      74645F65 
 654      6E646379 
 654      636C655F 
 654      6E657874 
 655              	.LASF12:
 656 018d 45455F49 		.ascii	"EE_INT32\000"
 656      4E543332 
 656      00
 657              	.LASF41:
 658 0196 433A5C55 		.ascii	"C:\\Users\\bolob\\Documents\\PSoC Creator\\Clock\\E"
 658      73657273 
 658      5C626F6C 
 658      6F625C44 
 658      6F63756D 
 659 01c3 6C656374 		.ascii	"lectronic_Clock.cydsn\000"
 659      726F6E69 
 659      635F436C 
 659      6F636B2E 
 659      63796473 
 660              	.LASF3:
 661 01d9 73686F72 		.ascii	"short unsigned int\000"
 661      7420756E 
 661      7369676E 
 661      65642069 
 661      6E7400
 662              	.LASF11:
 663 01ec 45455F55 		.ascii	"EE_UINT16\000"
 663      494E5431 
 663      3600
 664              	.LASF42:
 665 01f6 45455F72 		.ascii	"EE_rq_queryfirst\000"
 665      715F7175 
 665      65727966 
 665      69727374 
 665      00
 666              	.LASF37:
 667 0207 45455F41 		.ascii	"EE_ApplicationMode\000"
 667      70706C69 
 667      63617469 
 667      6F6E4D6F 
 667      646500
 668              	.LASF5:
 669 021a 6C6F6E67 		.ascii	"long unsigned int\000"
 669      20756E73 
 669      69676E65 
 669      6420696E 
 669      7400
 670              	.LASF17:
 671 022c 45455F54 		.ascii	"EE_TYPEBOOL\000"
 671      59504542 
 671      4F4F4C00 
ARM GAS  C:\Users\bolob\AppData\Local\Temp\ccWzDZwh.s 			page 16


 672              	.LASF28:
 673 0238 45455F73 		.ascii	"EE_stkfirst\000"
 673      746B6669 
 673      72737400 
 674              	.LASF31:
 675 0244 45455F72 		.ascii	"EE_rq_pairs_tid\000"
 675      715F7061 
 675      6972735F 
 675      74696400 
 676              	.LASF32:
 677 0254 45455F72 		.ascii	"EE_rq_bitmask\000"
 677      715F6269 
 677      746D6173 
 677      6B00
 678              	.LASF38:
 679 0262 45455F72 		.ascii	"EE_rq_lookup\000"
 679      715F6C6F 
 679      6F6B7570 
 679      00
 680              	.LASF25:
 681 026f 45455F74 		.ascii	"EE_th_status\000"
 681      685F7374 
 681      61747573 
 681      00
 682              	.LASF24:
 683 027c 45455F74 		.ascii	"EE_th_dispatch_prio\000"
 683      685F6469 
 683      73706174 
 683      63685F70 
 683      72696F00 
 684              	.LASF26:
 685 0290 45455F74 		.ascii	"EE_th_next\000"
 685      685F6E65 
 685      787400
 686              	.LASF39:
 687 029b 474E5520 		.ascii	"GNU C11 5.4.1 20160609 (release) [ARM/embedded-5-br"
 687      43313120 
 687      352E342E 
 687      31203230 
 687      31363036 
 688 02ce 616E6368 		.ascii	"anch revision 237715] -mcpu=cortex-m3 -mthumb -g -O"
 688      20726576 
 688      6973696F 
 688      6E203233 
 688      37373135 
 689 0301 67202D66 		.ascii	"g -ffunction-sections -ffat-lto-objects\000"
 689      66756E63 
 689      74696F6E 
 689      2D736563 
 689      74696F6E 
 690              	.LASF35:
 691 0329 45455F6F 		.ascii	"EE_oo_IRQ_disable_count\000"
 691      6F5F4952 
 691      515F6469 
 691      7361626C 
 691      655F636F 
 692              		.ident	"GCC: (GNU Tools for ARM Embedded Processors) 5.4.1 20160609 (release) [ARM/embedded-5-bran
ARM GAS  C:\Users\bolob\AppData\Local\Temp\ccWzDZwh.s 			page 17


