ARM GAS  C:\Users\bolob\AppData\Local\Temp\ccfMzvBh.s 			page 1


   1              		.syntax unified
   2              		.cpu cortex-m3
   3              		.fpu softvfp
   4              		.eabi_attribute 20, 1
   5              		.eabi_attribute 21, 1
   6              		.eabi_attribute 23, 3
   7              		.eabi_attribute 24, 1
   8              		.eabi_attribute 25, 1
   9              		.eabi_attribute 26, 1
  10              		.eabi_attribute 30, 1
  11              		.eabi_attribute 34, 1
  12              		.eabi_attribute 18, 4
  13              		.thumb
  14              		.syntax unified
  15              		.file	"ErikaOS_2_ee_evget.c"
  16              		.text
  17              	.Ltext0:
  18              		.cfi_sections	.debug_frame
  19              		.section	.text.EE_oo_GetEvent,"ax",%progbits
  20              		.align	2
  21              		.global	EE_oo_GetEvent
  22              		.thumb
  23              		.thumb_func
  24              		.type	EE_oo_GetEvent, %function
  25              	EE_oo_GetEvent:
  26              	.LFB59:
  27              		.file 1 "Generated_Source\\PSoC5\\ErikaOS_2_ee_evget.c"
   1:Generated_Source\PSoC5/ErikaOS_2_ee_evget.c **** /* ###*B*###
   2:Generated_Source\PSoC5/ErikaOS_2_ee_evget.c ****  * ERIKA Enterprise - a tiny RTOS for small microcontrollers
   3:Generated_Source\PSoC5/ErikaOS_2_ee_evget.c ****  *
   4:Generated_Source\PSoC5/ErikaOS_2_ee_evget.c ****  * Copyright (C) 2002-2008  Evidence Srl
   5:Generated_Source\PSoC5/ErikaOS_2_ee_evget.c ****  *
   6:Generated_Source\PSoC5/ErikaOS_2_ee_evget.c ****  * This file is part of ERIKA Enterprise.
   7:Generated_Source\PSoC5/ErikaOS_2_ee_evget.c ****  *
   8:Generated_Source\PSoC5/ErikaOS_2_ee_evget.c ****  * ERIKA Enterprise is free software; you can redistribute it
   9:Generated_Source\PSoC5/ErikaOS_2_ee_evget.c ****  * and/or modify it under the terms of the GNU General Public License
  10:Generated_Source\PSoC5/ErikaOS_2_ee_evget.c ****  * version 2 as published by the Free Software Foundation, 
  11:Generated_Source\PSoC5/ErikaOS_2_ee_evget.c ****  * (with a special exception described below).
  12:Generated_Source\PSoC5/ErikaOS_2_ee_evget.c ****  *
  13:Generated_Source\PSoC5/ErikaOS_2_ee_evget.c ****  * Linking this code statically or dynamically with other modules is
  14:Generated_Source\PSoC5/ErikaOS_2_ee_evget.c ****  * making a combined work based on this code.  Thus, the terms and
  15:Generated_Source\PSoC5/ErikaOS_2_ee_evget.c ****  * conditions of the GNU General Public License cover the whole
  16:Generated_Source\PSoC5/ErikaOS_2_ee_evget.c ****  * combination.
  17:Generated_Source\PSoC5/ErikaOS_2_ee_evget.c ****  *
  18:Generated_Source\PSoC5/ErikaOS_2_ee_evget.c ****  * As a special exception, the copyright holders of this library give you
  19:Generated_Source\PSoC5/ErikaOS_2_ee_evget.c ****  * permission to link this code with independent modules to produce an
  20:Generated_Source\PSoC5/ErikaOS_2_ee_evget.c ****  * executable, regardless of the license terms of these independent
  21:Generated_Source\PSoC5/ErikaOS_2_ee_evget.c ****  * modules, and to copy and distribute the resulting executable under
  22:Generated_Source\PSoC5/ErikaOS_2_ee_evget.c ****  * terms of your choice, provided that you also meet, for each linked
  23:Generated_Source\PSoC5/ErikaOS_2_ee_evget.c ****  * independent module, the terms and conditions of the license of that
  24:Generated_Source\PSoC5/ErikaOS_2_ee_evget.c ****  * module.  An independent module is a module which is not derived from
  25:Generated_Source\PSoC5/ErikaOS_2_ee_evget.c ****  * or based on this library.  If you modify this code, you may extend
  26:Generated_Source\PSoC5/ErikaOS_2_ee_evget.c ****  * this exception to your version of the code, but you are not
  27:Generated_Source\PSoC5/ErikaOS_2_ee_evget.c ****  * obligated to do so.  If you do not wish to do so, delete this
  28:Generated_Source\PSoC5/ErikaOS_2_ee_evget.c ****  * exception statement from your version.
  29:Generated_Source\PSoC5/ErikaOS_2_ee_evget.c ****  *
  30:Generated_Source\PSoC5/ErikaOS_2_ee_evget.c ****  * ERIKA Enterprise is distributed in the hope that it will be
ARM GAS  C:\Users\bolob\AppData\Local\Temp\ccfMzvBh.s 			page 2


  31:Generated_Source\PSoC5/ErikaOS_2_ee_evget.c ****  * useful, but WITHOUT ANY WARRANTY; without even the implied warranty
  32:Generated_Source\PSoC5/ErikaOS_2_ee_evget.c ****  * of MERCHANTABILITY or FITNESS FOR A PARTICULAR PURPOSE.  See the
  33:Generated_Source\PSoC5/ErikaOS_2_ee_evget.c ****  * GNU General Public License version 2 for more details.
  34:Generated_Source\PSoC5/ErikaOS_2_ee_evget.c ****  *
  35:Generated_Source\PSoC5/ErikaOS_2_ee_evget.c ****  * You should have received a copy of the GNU General Public License
  36:Generated_Source\PSoC5/ErikaOS_2_ee_evget.c ****  * version 2 along with ERIKA Enterprise; if not, write to the
  37:Generated_Source\PSoC5/ErikaOS_2_ee_evget.c ****  * Free Software Foundation, Inc., 51 Franklin Street, Fifth Floor,
  38:Generated_Source\PSoC5/ErikaOS_2_ee_evget.c ****  * Boston, MA 02110-1301 USA.
  39:Generated_Source\PSoC5/ErikaOS_2_ee_evget.c ****  * ###*E*### */
  40:Generated_Source\PSoC5/ErikaOS_2_ee_evget.c **** 
  41:Generated_Source\PSoC5/ErikaOS_2_ee_evget.c **** /*
  42:Generated_Source\PSoC5/ErikaOS_2_ee_evget.c ****  * Author: 2002 Paolo Gai
  43:Generated_Source\PSoC5/ErikaOS_2_ee_evget.c ****  * CVS: $Id: ee_evget.c,v 1.1 2005/07/16 12:23:42 pj Exp $
  44:Generated_Source\PSoC5/ErikaOS_2_ee_evget.c ****  */
  45:Generated_Source\PSoC5/ErikaOS_2_ee_evget.c **** 
  46:Generated_Source\PSoC5/ErikaOS_2_ee_evget.c **** /*
  47:Generated_Source\PSoC5/ErikaOS_2_ee_evget.c ****  * PSoC Port and API Generation
  48:Generated_Source\PSoC5/ErikaOS_2_ee_evget.c ****  * Carlos Fernando Meier Martinez
  49:Generated_Source\PSoC5/ErikaOS_2_ee_evget.c ****  * Hochschule Darmstadt, Germany. 2017.
  50:Generated_Source\PSoC5/ErikaOS_2_ee_evget.c ****  */
  51:Generated_Source\PSoC5/ErikaOS_2_ee_evget.c **** #include "ErikaOS_2_ee_tracing.h"
  52:Generated_Source\PSoC5/ErikaOS_2_ee_evget.c **** 
  53:Generated_Source\PSoC5/ErikaOS_2_ee_evget.c **** #include "ErikaOS_2_ee_internal.inc"
  54:Generated_Source\PSoC5/ErikaOS_2_ee_evget.c **** #if (__OO_configUSE_TRACE_FACILITY == 1)
  55:Generated_Source\PSoC5/ErikaOS_2_ee_evget.c **** #include "trcKernelPort.h"
  56:Generated_Source\PSoC5/ErikaOS_2_ee_evget.c **** #endif
  57:Generated_Source\PSoC5/ErikaOS_2_ee_evget.c **** /* GetEvent:
  58:Generated_Source\PSoC5/ErikaOS_2_ee_evget.c ****    - can be called from a task, from ISR, from error, pre e post taskhook
  59:Generated_Source\PSoC5/ErikaOS_2_ee_evget.c ****    - clear the events for the task
  60:Generated_Source\PSoC5/ErikaOS_2_ee_evget.c ****    - returns (only extended state)
  61:Generated_Source\PSoC5/ErikaOS_2_ee_evget.c ****        E_OS_ID       task id invalid
  62:Generated_Source\PSoC5/ErikaOS_2_ee_evget.c ****        E_OS_ACCESS   if the task is not an extended task
  63:Generated_Source\PSoC5/ErikaOS_2_ee_evget.c ****        E_OS_STATE    the task id is in the suspended state
  64:Generated_Source\PSoC5/ErikaOS_2_ee_evget.c **** */
  65:Generated_Source\PSoC5/ErikaOS_2_ee_evget.c **** 
  66:Generated_Source\PSoC5/ErikaOS_2_ee_evget.c **** 
  67:Generated_Source\PSoC5/ErikaOS_2_ee_evget.c **** #if (defined(__OO_ECC1__)) || (defined(__OO_ECC2__))
  68:Generated_Source\PSoC5/ErikaOS_2_ee_evget.c **** #ifndef __PRIVATE_GETEVENT__
  69:Generated_Source\PSoC5/ErikaOS_2_ee_evget.c **** 
  70:Generated_Source\PSoC5/ErikaOS_2_ee_evget.c **** StatusType EE_oo_GetEvent(TaskType TaskID, EventMaskRefType Event)
  71:Generated_Source\PSoC5/ErikaOS_2_ee_evget.c **** {
  28              		.loc 1 71 0
  29              		.cfi_startproc
  30              		@ args = 0, pretend = 0, frame = 0
  31              		@ frame_needed = 0, uses_anonymous_args = 0
  32              		@ link register save eliminated.
  33              	.LVL0:
  72:Generated_Source\PSoC5/ErikaOS_2_ee_evget.c ****   /* Error Value */
  73:Generated_Source\PSoC5/ErikaOS_2_ee_evget.c ****   register StatusType ev;
  74:Generated_Source\PSoC5/ErikaOS_2_ee_evget.c ****   EE_ORTI_set_service_in(EE_SERVICETRACE_GETEVENT);
  75:Generated_Source\PSoC5/ErikaOS_2_ee_evget.c **** 
  76:Generated_Source\PSoC5/ErikaOS_2_ee_evget.c **** #ifdef EE_SERVICE_PROTECTION__
  77:Generated_Source\PSoC5/ErikaOS_2_ee_evget.c ****   /*  [OS093]: If interrupts are disabled/suspended by a Task/OsIsr and the
  78:Generated_Source\PSoC5/ErikaOS_2_ee_evget.c ****       Task/OsIsr calls any OS service (excluding the interrupt services)
  79:Generated_Source\PSoC5/ErikaOS_2_ee_evget.c ****       then the Operating System shall ignore the service AND shall return
  80:Generated_Source\PSoC5/ErikaOS_2_ee_evget.c ****       E_OS_DISABLEDINT if the service returns a StatusType value. */
  81:Generated_Source\PSoC5/ErikaOS_2_ee_evget.c ****   /*  [OS088]: If an OS-Application makes a service call from the wrong context
ARM GAS  C:\Users\bolob\AppData\Local\Temp\ccfMzvBh.s 			page 3


  82:Generated_Source\PSoC5/ErikaOS_2_ee_evget.c ****       AND is currently not inside a Category 1 ISR the Operating System module
  83:Generated_Source\PSoC5/ErikaOS_2_ee_evget.c ****       shall not perform the requested action (the service call shall have no
  84:Generated_Source\PSoC5/ErikaOS_2_ee_evget.c ****       effect), and return E_OS_CALLEVEL (see [12], section 13.1) or the
  85:Generated_Source\PSoC5/ErikaOS_2_ee_evget.c ****       invalid value of  the service. (BSW11009, BSW11013) */
  86:Generated_Source\PSoC5/ErikaOS_2_ee_evget.c ****   /* GetEvent is callable by Task, ISR2, ErrorHook Pre and Post TaskHook */
  87:Generated_Source\PSoC5/ErikaOS_2_ee_evget.c ****   if ( (EE_as_execution_context > ErrorHook_Context) &&
  88:Generated_Source\PSoC5/ErikaOS_2_ee_evget.c ****        (EE_as_execution_context != PreTaskHook_Context) &&
  89:Generated_Source\PSoC5/ErikaOS_2_ee_evget.c ****        (EE_as_execution_context != PostTaskHook_Context) )
  90:Generated_Source\PSoC5/ErikaOS_2_ee_evget.c ****   {
  91:Generated_Source\PSoC5/ErikaOS_2_ee_evget.c ****     ev = E_OS_CALLEVEL;
  92:Generated_Source\PSoC5/ErikaOS_2_ee_evget.c ****   } else if ( EE_oo_check_disableint_error() ) {
  93:Generated_Source\PSoC5/ErikaOS_2_ee_evget.c ****     ev = E_OS_DISABLEDINT;
  94:Generated_Source\PSoC5/ErikaOS_2_ee_evget.c ****   } else
  95:Generated_Source\PSoC5/ErikaOS_2_ee_evget.c **** #endif /* EE_SERVICE_PROTECTION__ */
  96:Generated_Source\PSoC5/ErikaOS_2_ee_evget.c **** 
  97:Generated_Source\PSoC5/ErikaOS_2_ee_evget.c **** 
  98:Generated_Source\PSoC5/ErikaOS_2_ee_evget.c **** #if (defined(EE_AS_OSAPPLICATIONS__)) && (defined(EE_SERVICE_PROTECTION__))
  99:Generated_Source\PSoC5/ErikaOS_2_ee_evget.c **** #ifdef EE_AS_RPC__
 100:Generated_Source\PSoC5/ErikaOS_2_ee_evget.c ****   /*  [OS589] All functions that are not allowed to operate cross core shall
 101:Generated_Source\PSoC5/ErikaOS_2_ee_evget.c ****         return E_OS_CORE in extended status if called with parameters that
 102:Generated_Source\PSoC5/ErikaOS_2_ee_evget.c ****         require a cross core operation. (BSW4080013) */
 103:Generated_Source\PSoC5/ErikaOS_2_ee_evget.c ****   if ( EE_IS_TID_REMOTE(TaskID) ) {
 104:Generated_Source\PSoC5/ErikaOS_2_ee_evget.c ****     ev = E_OS_CORE;
 105:Generated_Source\PSoC5/ErikaOS_2_ee_evget.c ****   } else
 106:Generated_Source\PSoC5/ErikaOS_2_ee_evget.c **** #endif /* EE_AS_RPC__ */
 107:Generated_Source\PSoC5/ErikaOS_2_ee_evget.c ****   /* check if the task Id is valid */
 108:Generated_Source\PSoC5/ErikaOS_2_ee_evget.c ****   if ( (TaskID < 0) || (TaskID >= EE_MAX_TASK) ) {
 109:Generated_Source\PSoC5/ErikaOS_2_ee_evget.c ****     ev = E_OS_ID;
 110:Generated_Source\PSoC5/ErikaOS_2_ee_evget.c ****   } else if ( EE_TASK_ACCESS_ERR(TaskID, EE_as_active_app) ) {
 111:Generated_Source\PSoC5/ErikaOS_2_ee_evget.c ****     ev = E_OS_ACCESS;
 112:Generated_Source\PSoC5/ErikaOS_2_ee_evget.c ****   } else
 113:Generated_Source\PSoC5/ErikaOS_2_ee_evget.c **** #elif defined(__OO_EXTENDED_STATUS__)
 114:Generated_Source\PSoC5/ErikaOS_2_ee_evget.c **** #ifdef EE_AS_RPC__
 115:Generated_Source\PSoC5/ErikaOS_2_ee_evget.c ****   /* [OS589]: All functions that are not allowed to operate cross core shall
 116:Generated_Source\PSoC5/ErikaOS_2_ee_evget.c ****       return E_OS_CORE in extended status if called with parameters that
 117:Generated_Source\PSoC5/ErikaOS_2_ee_evget.c ****       require a cross core operation. (BSW4080013) */
 118:Generated_Source\PSoC5/ErikaOS_2_ee_evget.c ****   if ( EE_IS_TID_REMOTE(TaskID) ) {
 119:Generated_Source\PSoC5/ErikaOS_2_ee_evget.c ****     ev = E_OS_CORE;
 120:Generated_Source\PSoC5/ErikaOS_2_ee_evget.c ****   } else
 121:Generated_Source\PSoC5/ErikaOS_2_ee_evget.c **** #endif /* EE_AS_RPC__ */
 122:Generated_Source\PSoC5/ErikaOS_2_ee_evget.c ****   /* Check if the TASK ID is valid */
 123:Generated_Source\PSoC5/ErikaOS_2_ee_evget.c ****   if ( (TaskID < 0) || (TaskID >= EE_MAX_TASK) ) {
 124:Generated_Source\PSoC5/ErikaOS_2_ee_evget.c ****     ev = E_OS_ID;
 125:Generated_Source\PSoC5/ErikaOS_2_ee_evget.c ****   } else
 126:Generated_Source\PSoC5/ErikaOS_2_ee_evget.c **** #endif /* EE_AS_OSAPPLICATIONS__ || E_SERVICE_PROTECTION__ ||
 127:Generated_Source\PSoC5/ErikaOS_2_ee_evget.c **** __OO_EXTENDED_STATUS__ */
 128:Generated_Source\PSoC5/ErikaOS_2_ee_evget.c **** #ifdef __OO_EXTENDED_STATUS__
 129:Generated_Source\PSoC5/ErikaOS_2_ee_evget.c ****   if ( EE_th_is_extended[TaskID] == EE_FALSE ) {
 130:Generated_Source\PSoC5/ErikaOS_2_ee_evget.c ****     ev = E_OS_ACCESS;
 131:Generated_Source\PSoC5/ErikaOS_2_ee_evget.c ****   } else if ( EE_th_status[TaskID] == SUSPENDED ) {
 132:Generated_Source\PSoC5/ErikaOS_2_ee_evget.c ****     ev = E_OS_STATE;
 133:Generated_Source\PSoC5/ErikaOS_2_ee_evget.c ****   } else
 134:Generated_Source\PSoC5/ErikaOS_2_ee_evget.c **** #endif /* __OO_EXTENDED_STATUS__ */
 135:Generated_Source\PSoC5/ErikaOS_2_ee_evget.c ****   if ( Event == NULL ) {
 136:Generated_Source\PSoC5/ErikaOS_2_ee_evget.c ****     ev = E_OS_PARAM_POINTER;
 137:Generated_Source\PSoC5/ErikaOS_2_ee_evget.c ****   } else
 138:Generated_Source\PSoC5/ErikaOS_2_ee_evget.c **** #if (defined(EE_AS_OSAPPLICATIONS__)) && (defined(EE_SERVICE_PROTECTION__)) \
ARM GAS  C:\Users\bolob\AppData\Local\Temp\ccfMzvBh.s 			page 4


 139:Generated_Source\PSoC5/ErikaOS_2_ee_evget.c ****   && (defined(__EE_MEMORY_PROTECTION__))
 140:Generated_Source\PSoC5/ErikaOS_2_ee_evget.c ****   /* [SWS_Os_00051] If an invalid address (address is not writable by this
 141:Generated_Source\PSoC5/ErikaOS_2_ee_evget.c ****       OS-Application) is passed as an out-parameter to an Operating System
 142:Generated_Source\PSoC5/ErikaOS_2_ee_evget.c ****       service, the Operating System module shall return the status code
 143:Generated_Source\PSoC5/ErikaOS_2_ee_evget.c ****       E_OS_ILLEGAL_ADDRESS. (SRS_Os_11009, SRS_Os_11013) */
 144:Generated_Source\PSoC5/ErikaOS_2_ee_evget.c ****   if ( !OSMEMORY_IS_WRITEABLE(EE_hal_get_app_mem_access(EE_as_active_app,
 145:Generated_Source\PSoC5/ErikaOS_2_ee_evget.c ****     Event, sizeof(*Event))) )
 146:Generated_Source\PSoC5/ErikaOS_2_ee_evget.c ****   {
 147:Generated_Source\PSoC5/ErikaOS_2_ee_evget.c ****     ev = E_OS_ILLEGAL_ADDRESS;
 148:Generated_Source\PSoC5/ErikaOS_2_ee_evget.c ****   } else
 149:Generated_Source\PSoC5/ErikaOS_2_ee_evget.c **** #endif /* EE_AS_OSAPPLICATIONS__ && __EE_MEMORY_PROTECTION__ &&
 150:Generated_Source\PSoC5/ErikaOS_2_ee_evget.c ****   EE_SERVICE_PROTECTION__ */
 151:Generated_Source\PSoC5/ErikaOS_2_ee_evget.c ****   {
 152:Generated_Source\PSoC5/ErikaOS_2_ee_evget.c ****     /* XXX: This SHALL be atomic. Check this architectures other than TriCore */
 153:Generated_Source\PSoC5/ErikaOS_2_ee_evget.c ****     *Event = EE_th_event_active[TaskID];
 154:Generated_Source\PSoC5/ErikaOS_2_ee_evget.c ****     ev = E_OK;
 155:Generated_Source\PSoC5/ErikaOS_2_ee_evget.c ****   }
 156:Generated_Source\PSoC5/ErikaOS_2_ee_evget.c **** 
 157:Generated_Source\PSoC5/ErikaOS_2_ee_evget.c ****   if ( ev != E_OK ) {
 158:Generated_Source\PSoC5/ErikaOS_2_ee_evget.c ****     EE_OS_ERROR_PARAMETERS();
 159:Generated_Source\PSoC5/ErikaOS_2_ee_evget.c ****     EE_OS_ERROR_PARAMETERS_PARAM1_VALUE((EE_UREG)TaskID);
 160:Generated_Source\PSoC5/ErikaOS_2_ee_evget.c ****     EE_OS_ERROR_PARAMETERS_PARAM2_REF(event_ref,Event);
 161:Generated_Source\PSoC5/ErikaOS_2_ee_evget.c **** 
 162:Generated_Source\PSoC5/ErikaOS_2_ee_evget.c ****     EE_os_notify_error_from_us(OSServiceId_GetEvent, &error_parameters, ev);
 163:Generated_Source\PSoC5/ErikaOS_2_ee_evget.c ****     EE_ORTI_set_service_out(EE_SERVICETRACE_GETEVENT);
 164:Generated_Source\PSoC5/ErikaOS_2_ee_evget.c ****   } else {
 165:Generated_Source\PSoC5/ErikaOS_2_ee_evget.c ****     EE_ORTI_set_service_out(EE_SERVICETRACE_GETEVENT);
 166:Generated_Source\PSoC5/ErikaOS_2_ee_evget.c ****   }
 167:Generated_Source\PSoC5/ErikaOS_2_ee_evget.c **** 
 168:Generated_Source\PSoC5/ErikaOS_2_ee_evget.c **** #if (__OO_configUSE_TRACE_FACILITY == 1)
 169:Generated_Source\PSoC5/ErikaOS_2_ee_evget.c ****     traceTASK_GET_EVENT(TaskID, *Event)
 170:Generated_Source\PSoC5/ErikaOS_2_ee_evget.c **** #endif
 171:Generated_Source\PSoC5/ErikaOS_2_ee_evget.c **** 
 172:Generated_Source\PSoC5/ErikaOS_2_ee_evget.c ****   return ev;
 173:Generated_Source\PSoC5/ErikaOS_2_ee_evget.c **** }
  34              		.loc 1 173 0
  35 0000 0320     		movs	r0, #3
  36              	.LVL1:
  37 0002 7047     		bx	lr
  38              		.cfi_endproc
  39              	.LFE59:
  40              		.size	EE_oo_GetEvent, .-EE_oo_GetEvent
  41              		.text
  42              	.Letext0:
  43              		.file 2 "Generated_Source\\PSoC5\\ErikaOS_2_common_ee_types.inc"
  44              		.file 3 "Generated_Source\\PSoC5\\ErikaOS_2_cortex_mx_ee_cpu.inc"
  45              		.file 4 "Generated_Source\\PSoC5\\ErikaOS_2_ee_oo_common.inc"
  46              		.file 5 "Generated_Source\\PSoC5\\ErikaOS_2_ee_oo_internal.inc"
  47              		.file 6 "Generated_Source\\PSoC5\\ErikaOS_2_common_ee_primitives.inc"
  48              		.file 7 "Generated_Source\\PSoC5\\ErikaOS_2_cortex_mx_ee_context.inc"
  49              		.file 8 "Generated_Source\\PSoC5\\ErikaOS_2_ee_oo_intfunc.inc"
  50              		.section	.debug_info,"",%progbits
  51              	.Ldebug_info0:
  52 0000 1F030000 		.4byte	0x31f
  53 0004 0400     		.2byte	0x4
  54 0006 00000000 		.4byte	.Ldebug_abbrev0
  55 000a 04       		.byte	0x4
ARM GAS  C:\Users\bolob\AppData\Local\Temp\ccfMzvBh.s 			page 5


  56 000b 01       		.uleb128 0x1
  57 000c 04030000 		.4byte	.LASF48
  58 0010 0C       		.byte	0xc
  59 0011 00000000 		.4byte	.LASF49
  60 0015 0B020000 		.4byte	.LASF50
  61 0019 00000000 		.4byte	.Ldebug_ranges0+0
  62 001d 00000000 		.4byte	0
  63 0021 00000000 		.4byte	.Ldebug_line0
  64 0025 02       		.uleb128 0x2
  65 0026 01       		.byte	0x1
  66 0027 06       		.byte	0x6
  67 0028 AD010000 		.4byte	.LASF0
  68 002c 02       		.uleb128 0x2
  69 002d 01       		.byte	0x1
  70 002e 08       		.byte	0x8
  71 002f 9F010000 		.4byte	.LASF1
  72 0033 02       		.uleb128 0x2
  73 0034 02       		.byte	0x2
  74 0035 05       		.byte	0x5
  75 0036 7B000000 		.4byte	.LASF2
  76 003a 02       		.uleb128 0x2
  77 003b 02       		.byte	0x2
  78 003c 07       		.byte	0x7
  79 003d 4E020000 		.4byte	.LASF3
  80 0041 02       		.uleb128 0x2
  81 0042 04       		.byte	0x4
  82 0043 05       		.byte	0x5
  83 0044 45010000 		.4byte	.LASF4
  84 0048 02       		.uleb128 0x2
  85 0049 04       		.byte	0x4
  86 004a 07       		.byte	0x7
  87 004b 84020000 		.4byte	.LASF5
  88 004f 02       		.uleb128 0x2
  89 0050 08       		.byte	0x8
  90 0051 05       		.byte	0x5
  91 0052 06010000 		.4byte	.LASF6
  92 0056 02       		.uleb128 0x2
  93 0057 08       		.byte	0x8
  94 0058 07       		.byte	0x7
  95 0059 B9010000 		.4byte	.LASF7
  96 005d 03       		.uleb128 0x3
  97 005e 04       		.byte	0x4
  98 005f 05       		.byte	0x5
  99 0060 696E7400 		.ascii	"int\000"
 100 0064 02       		.uleb128 0x2
 101 0065 04       		.byte	0x4
 102 0066 07       		.byte	0x7
 103 0067 D0010000 		.4byte	.LASF8
 104 006b 02       		.uleb128 0x2
 105 006c 08       		.byte	0x8
 106 006d 04       		.byte	0x4
 107 006e 8A010000 		.4byte	.LASF9
 108 0072 04       		.uleb128 0x4
 109 0073 2C000000 		.4byte	.LASF10
 110 0077 02       		.byte	0x2
 111 0078 3E       		.byte	0x3e
 112 0079 2C000000 		.4byte	0x2c
ARM GAS  C:\Users\bolob\AppData\Local\Temp\ccfMzvBh.s 			page 6


 113 007d 04       		.uleb128 0x4
 114 007e 14010000 		.4byte	.LASF11
 115 0082 02       		.byte	0x2
 116 0083 3F       		.byte	0x3f
 117 0084 25000000 		.4byte	0x25
 118 0088 04       		.uleb128 0x4
 119 0089 61020000 		.4byte	.LASF12
 120 008d 02       		.byte	0x2
 121 008e 52       		.byte	0x52
 122 008f 3A000000 		.4byte	0x3a
 123 0093 04       		.uleb128 0x4
 124 0094 02020000 		.4byte	.LASF13
 125 0098 02       		.byte	0x2
 126 0099 53       		.byte	0x53
 127 009a 5D000000 		.4byte	0x5d
 128 009e 04       		.uleb128 0x4
 129 009f 98000000 		.4byte	.LASF14
 130 00a3 02       		.byte	0x2
 131 00a4 54       		.byte	0x54
 132 00a5 64000000 		.4byte	0x64
 133 00a9 04       		.uleb128 0x4
 134 00aa 43000000 		.4byte	.LASF15
 135 00ae 03       		.byte	0x3
 136 00af 4D       		.byte	0x4d
 137 00b0 9E000000 		.4byte	0x9e
 138 00b4 04       		.uleb128 0x4
 139 00b5 90000000 		.4byte	.LASF16
 140 00b9 03       		.byte	0x3
 141 00ba 4F       		.byte	0x4f
 142 00bb 9E000000 		.4byte	0x9e
 143 00bf 04       		.uleb128 0x4
 144 00c0 96020000 		.4byte	.LASF17
 145 00c4 03       		.byte	0x3
 146 00c5 54       		.byte	0x54
 147 00c6 A9000000 		.4byte	0xa9
 148 00ca 04       		.uleb128 0x4
 149 00cb B3000000 		.4byte	.LASF18
 150 00cf 03       		.byte	0x3
 151 00d0 78       		.byte	0x78
 152 00d1 93000000 		.4byte	0x93
 153 00d5 05       		.uleb128 0x5
 154 00d6 35010000 		.4byte	.LASF19
 155 00da 04       		.byte	0x4
 156 00db 1101     		.2byte	0x111
 157 00dd 88000000 		.4byte	0x88
 158 00e1 05       		.uleb128 0x5
 159 00e2 96010000 		.4byte	.LASF20
 160 00e6 04       		.byte	0x4
 161 00e7 F701     		.2byte	0x1f7
 162 00e9 CA000000 		.4byte	0xca
 163 00ed 06       		.uleb128 0x6
 164 00ee 04       		.byte	0x4
 165 00ef A9000000 		.4byte	0xa9
 166 00f3 05       		.uleb128 0x5
 167 00f4 4B000000 		.4byte	.LASF21
 168 00f8 04       		.byte	0x4
 169 00f9 2F02     		.2byte	0x22f
ARM GAS  C:\Users\bolob\AppData\Local\Temp\ccfMzvBh.s 			page 7


 170 00fb ED000000 		.4byte	0xed
 171 00ff 05       		.uleb128 0x5
 172 0100 85000000 		.4byte	.LASF22
 173 0104 04       		.byte	0x4
 174 0105 2103     		.2byte	0x321
 175 0107 2C000000 		.4byte	0x2c
 176 010b 07       		.uleb128 0x7
 177 010c 4E010000 		.4byte	.LASF23
 178 0110 04       		.byte	0x4
 179 0111 9703     		.2byte	0x397
 180 0113 03       		.byte	0x3
 181 0114 25010000 		.4byte	0x125
 182 0118 08       		.uleb128 0x8
 183 0119 73727600 		.ascii	"srv\000"
 184 011d 04       		.byte	0x4
 185 011e 9703     		.2byte	0x397
 186 0120 72000000 		.4byte	0x72
 187 0124 00       		.byte	0
 188 0125 07       		.uleb128 0x7
 189 0126 E0000000 		.4byte	.LASF24
 190 012a 04       		.byte	0x4
 191 012b A303     		.2byte	0x3a3
 192 012d 03       		.byte	0x3
 193 012e 3E010000 		.4byte	0x13e
 194 0132 08       		.uleb128 0x8
 195 0133 696400   		.ascii	"id\000"
 196 0136 04       		.byte	0x4
 197 0137 A303     		.2byte	0x3a3
 198 0139 72000000 		.4byte	0x72
 199 013d 00       		.byte	0
 200 013e 07       		.uleb128 0x7
 201 013f B0030000 		.4byte	.LASF25
 202 0143 04       		.byte	0x4
 203 0144 A803     		.2byte	0x3a8
 204 0146 03       		.byte	0x3
 205 0147 57010000 		.4byte	0x157
 206 014b 08       		.uleb128 0x8
 207 014c 696400   		.ascii	"id\000"
 208 014f 04       		.byte	0x4
 209 0150 A803     		.2byte	0x3a8
 210 0152 72000000 		.4byte	0x72
 211 0156 00       		.byte	0
 212 0157 09       		.uleb128 0x9
 213 0158 A2020000 		.4byte	.LASF26
 214 015c 05       		.byte	0x5
 215 015d B7       		.byte	0xb7
 216 015e 03       		.byte	0x3
 217 015f 6F010000 		.4byte	0x16f
 218 0163 0A       		.uleb128 0xa
 219 0164 6B020000 		.4byte	.LASF27
 220 0168 05       		.byte	0x5
 221 0169 B8       		.byte	0xb8
 222 016a FF000000 		.4byte	0xff
 223 016e 00       		.byte	0
 224 016f 0B       		.uleb128 0xb
 225 0170 F7000000 		.4byte	.LASF51
 226 0174 01       		.byte	0x1
ARM GAS  C:\Users\bolob\AppData\Local\Temp\ccfMzvBh.s 			page 8


 227 0175 46       		.byte	0x46
 228 0176 FF000000 		.4byte	0xff
 229 017a 00000000 		.4byte	.LFB59
 230 017e 04000000 		.4byte	.LFE59-.LFB59
 231 0182 01       		.uleb128 0x1
 232 0183 9C       		.byte	0x9c
 233 0184 B0010000 		.4byte	0x1b0
 234 0188 0C       		.uleb128 0xc
 235 0189 74010000 		.4byte	.LASF28
 236 018d 01       		.byte	0x1
 237 018e 46       		.byte	0x46
 238 018f E1000000 		.4byte	0xe1
 239 0193 00000000 		.4byte	.LLST0
 240 0197 0D       		.uleb128 0xd
 241 0198 AA030000 		.4byte	.LASF29
 242 019c 01       		.byte	0x1
 243 019d 46       		.byte	0x46
 244 019e F3000000 		.4byte	0xf3
 245 01a2 01       		.uleb128 0x1
 246 01a3 51       		.byte	0x51
 247 01a4 0E       		.uleb128 0xe
 248 01a5 657600   		.ascii	"ev\000"
 249 01a8 01       		.byte	0x1
 250 01a9 49       		.byte	0x49
 251 01aa FF000000 		.4byte	0xff
 252 01ae 03       		.byte	0x3
 253 01af 00       		.byte	0
 254 01b0 0F       		.uleb128 0xf
 255 01b1 CB000000 		.4byte	.LASF30
 256 01b5 06       		.byte	0x6
 257 01b6 44       		.byte	0x44
 258 01b7 A9000000 		.4byte	0xa9
 259 01bb 0F       		.uleb128 0xf
 260 01bc E9010000 		.4byte	.LASF31
 261 01c0 07       		.byte	0x7
 262 01c1 48       		.byte	0x48
 263 01c2 CA000000 		.4byte	0xca
 264 01c6 10       		.uleb128 0x10
 265 01c7 DC010000 		.4byte	0x1dc
 266 01cb D5010000 		.4byte	0x1d5
 267 01cf 11       		.uleb128 0x11
 268 01d0 D5010000 		.4byte	0x1d5
 269 01d4 00       		.byte	0
 270 01d5 02       		.uleb128 0x2
 271 01d6 04       		.byte	0x4
 272 01d7 07       		.byte	0x7
 273 01d8 C2020000 		.4byte	.LASF32
 274 01dc 12       		.uleb128 0x12
 275 01dd A9000000 		.4byte	0xa9
 276 01e1 0F       		.uleb128 0xf
 277 01e2 A2000000 		.4byte	.LASF33
 278 01e6 04       		.byte	0x4
 279 01e7 B2       		.byte	0xb2
 280 01e8 EC010000 		.4byte	0x1ec
 281 01ec 12       		.uleb128 0x12
 282 01ed C6010000 		.4byte	0x1c6
 283 01f1 10       		.uleb128 0x10
ARM GAS  C:\Users\bolob\AppData\Local\Temp\ccfMzvBh.s 			page 9


 284 01f2 DC010000 		.4byte	0x1dc
 285 01f6 00020000 		.4byte	0x200
 286 01fa 11       		.uleb128 0x11
 287 01fb D5010000 		.4byte	0x1d5
 288 01ff 00       		.byte	0
 289 0200 0F       		.uleb128 0xf
 290 0201 E5020000 		.4byte	.LASF34
 291 0205 04       		.byte	0x4
 292 0206 B3       		.byte	0xb3
 293 0207 0B020000 		.4byte	0x20b
 294 020b 12       		.uleb128 0x12
 295 020c F1010000 		.4byte	0x1f1
 296 0210 10       		.uleb128 0x10
 297 0211 A9000000 		.4byte	0xa9
 298 0215 1F020000 		.4byte	0x21f
 299 0219 11       		.uleb128 0x11
 300 021a D5010000 		.4byte	0x1d5
 301 021e 00       		.byte	0
 302 021f 0F       		.uleb128 0xf
 303 0220 D8020000 		.4byte	.LASF35
 304 0224 04       		.byte	0x4
 305 0225 CA       		.byte	0xca
 306 0226 10020000 		.4byte	0x210
 307 022a 10       		.uleb128 0x10
 308 022b CA000000 		.4byte	0xca
 309 022f 39020000 		.4byte	0x239
 310 0233 11       		.uleb128 0x11
 311 0234 D5010000 		.4byte	0x1d5
 312 0238 00       		.byte	0
 313 0239 0F       		.uleb128 0xf
 314 023a F9020000 		.4byte	.LASF36
 315 023e 04       		.byte	0x4
 316 023f D2       		.byte	0xd2
 317 0240 2A020000 		.4byte	0x22a
 318 0244 10       		.uleb128 0x10
 319 0245 A9000000 		.4byte	0xa9
 320 0249 53020000 		.4byte	0x253
 321 024d 11       		.uleb128 0x11
 322 024e D5010000 		.4byte	0x1d5
 323 0252 00       		.byte	0
 324 0253 0F       		.uleb128 0xf
 325 0254 DD010000 		.4byte	.LASF37
 326 0258 04       		.byte	0x4
 327 0259 DA       		.byte	0xda
 328 025a 44020000 		.4byte	0x244
 329 025e 0F       		.uleb128 0xf
 330 025f 6F000000 		.4byte	.LASF38
 331 0263 04       		.byte	0x4
 332 0264 E2       		.byte	0xe2
 333 0265 CA000000 		.4byte	0xca
 334 0269 0F       		.uleb128 0xf
 335 026a 7B010000 		.4byte	.LASF39
 336 026e 04       		.byte	0x4
 337 026f F7       		.byte	0xf7
 338 0270 A9000000 		.4byte	0xa9
 339 0274 13       		.uleb128 0x13
 340 0275 35000000 		.4byte	.LASF40
ARM GAS  C:\Users\bolob\AppData\Local\Temp\ccfMzvBh.s 			page 10


 341 0279 04       		.byte	0x4
 342 027a 3F01     		.2byte	0x13f
 343 027c D5000000 		.4byte	0xd5
 344 0280 10       		.uleb128 0x10
 345 0281 A9000000 		.4byte	0xa9
 346 0285 8F020000 		.4byte	0x28f
 347 0289 11       		.uleb128 0x11
 348 028a D5010000 		.4byte	0x1d5
 349 028e 00       		.byte	0
 350 028f 13       		.uleb128 0x13
 351 0290 5C000000 		.4byte	.LASF41
 352 0294 04       		.byte	0x4
 353 0295 5C01     		.2byte	0x15c
 354 0297 80020000 		.4byte	0x280
 355 029b 10       		.uleb128 0x10
 356 029c BF000000 		.4byte	0xbf
 357 02a0 AA020000 		.4byte	0x2aa
 358 02a4 11       		.uleb128 0x11
 359 02a5 D5010000 		.4byte	0x1d5
 360 02a9 00       		.byte	0
 361 02aa 13       		.uleb128 0x13
 362 02ab BA000000 		.4byte	.LASF42
 363 02af 04       		.byte	0x4
 364 02b0 6701     		.2byte	0x167
 365 02b2 9B020000 		.4byte	0x29b
 366 02b6 10       		.uleb128 0x10
 367 02b7 C5020000 		.4byte	0x2c5
 368 02bb C5020000 		.4byte	0x2c5
 369 02bf 11       		.uleb128 0x11
 370 02c0 D5010000 		.4byte	0x1d5
 371 02c4 00       		.byte	0
 372 02c5 12       		.uleb128 0x12
 373 02c6 BF000000 		.4byte	0xbf
 374 02ca 13       		.uleb128 0x13
 375 02cb 62010000 		.4byte	.LASF43
 376 02cf 04       		.byte	0x4
 377 02d0 7401     		.2byte	0x174
 378 02d2 D6020000 		.4byte	0x2d6
 379 02d6 12       		.uleb128 0x12
 380 02d7 B6020000 		.4byte	0x2b6
 381 02db 0F       		.uleb128 0xf
 382 02dc 92030000 		.4byte	.LASF44
 383 02e0 08       		.byte	0x8
 384 02e1 40       		.byte	0x40
 385 02e2 A9000000 		.4byte	0xa9
 386 02e6 0F       		.uleb128 0xf
 387 02e7 1C010000 		.4byte	.LASF45
 388 02eb 08       		.byte	0x8
 389 02ec 47       		.byte	0x47
 390 02ed B4000000 		.4byte	0xb4
 391 02f1 0F       		.uleb128 0xf
 392 02f2 71020000 		.4byte	.LASF46
 393 02f6 08       		.byte	0x8
 394 02f7 4A       		.byte	0x4a
 395 02f8 A9000000 		.4byte	0xa9
 396 02fc 10       		.uleb128 0x10
 397 02fd 0C030000 		.4byte	0x30c
ARM GAS  C:\Users\bolob\AppData\Local\Temp\ccfMzvBh.s 			page 11


 398 0301 0C030000 		.4byte	0x30c
 399 0305 14       		.uleb128 0x14
 400 0306 D5010000 		.4byte	0x1d5
 401 030a FF       		.byte	0xff
 402 030b 00       		.byte	0
 403 030c 12       		.uleb128 0x12
 404 030d 7D000000 		.4byte	0x7d
 405 0311 13       		.uleb128 0x13
 406 0312 CB020000 		.4byte	.LASF47
 407 0316 05       		.byte	0x5
 408 0317 AB01     		.2byte	0x1ab
 409 0319 1D030000 		.4byte	0x31d
 410 031d 12       		.uleb128 0x12
 411 031e FC020000 		.4byte	0x2fc
 412 0322 00       		.byte	0
 413              		.section	.debug_abbrev,"",%progbits
 414              	.Ldebug_abbrev0:
 415 0000 01       		.uleb128 0x1
 416 0001 11       		.uleb128 0x11
 417 0002 01       		.byte	0x1
 418 0003 25       		.uleb128 0x25
 419 0004 0E       		.uleb128 0xe
 420 0005 13       		.uleb128 0x13
 421 0006 0B       		.uleb128 0xb
 422 0007 03       		.uleb128 0x3
 423 0008 0E       		.uleb128 0xe
 424 0009 1B       		.uleb128 0x1b
 425 000a 0E       		.uleb128 0xe
 426 000b 55       		.uleb128 0x55
 427 000c 17       		.uleb128 0x17
 428 000d 11       		.uleb128 0x11
 429 000e 01       		.uleb128 0x1
 430 000f 10       		.uleb128 0x10
 431 0010 17       		.uleb128 0x17
 432 0011 00       		.byte	0
 433 0012 00       		.byte	0
 434 0013 02       		.uleb128 0x2
 435 0014 24       		.uleb128 0x24
 436 0015 00       		.byte	0
 437 0016 0B       		.uleb128 0xb
 438 0017 0B       		.uleb128 0xb
 439 0018 3E       		.uleb128 0x3e
 440 0019 0B       		.uleb128 0xb
 441 001a 03       		.uleb128 0x3
 442 001b 0E       		.uleb128 0xe
 443 001c 00       		.byte	0
 444 001d 00       		.byte	0
 445 001e 03       		.uleb128 0x3
 446 001f 24       		.uleb128 0x24
 447 0020 00       		.byte	0
 448 0021 0B       		.uleb128 0xb
 449 0022 0B       		.uleb128 0xb
 450 0023 3E       		.uleb128 0x3e
 451 0024 0B       		.uleb128 0xb
 452 0025 03       		.uleb128 0x3
 453 0026 08       		.uleb128 0x8
 454 0027 00       		.byte	0
ARM GAS  C:\Users\bolob\AppData\Local\Temp\ccfMzvBh.s 			page 12


 455 0028 00       		.byte	0
 456 0029 04       		.uleb128 0x4
 457 002a 16       		.uleb128 0x16
 458 002b 00       		.byte	0
 459 002c 03       		.uleb128 0x3
 460 002d 0E       		.uleb128 0xe
 461 002e 3A       		.uleb128 0x3a
 462 002f 0B       		.uleb128 0xb
 463 0030 3B       		.uleb128 0x3b
 464 0031 0B       		.uleb128 0xb
 465 0032 49       		.uleb128 0x49
 466 0033 13       		.uleb128 0x13
 467 0034 00       		.byte	0
 468 0035 00       		.byte	0
 469 0036 05       		.uleb128 0x5
 470 0037 16       		.uleb128 0x16
 471 0038 00       		.byte	0
 472 0039 03       		.uleb128 0x3
 473 003a 0E       		.uleb128 0xe
 474 003b 3A       		.uleb128 0x3a
 475 003c 0B       		.uleb128 0xb
 476 003d 3B       		.uleb128 0x3b
 477 003e 05       		.uleb128 0x5
 478 003f 49       		.uleb128 0x49
 479 0040 13       		.uleb128 0x13
 480 0041 00       		.byte	0
 481 0042 00       		.byte	0
 482 0043 06       		.uleb128 0x6
 483 0044 0F       		.uleb128 0xf
 484 0045 00       		.byte	0
 485 0046 0B       		.uleb128 0xb
 486 0047 0B       		.uleb128 0xb
 487 0048 49       		.uleb128 0x49
 488 0049 13       		.uleb128 0x13
 489 004a 00       		.byte	0
 490 004b 00       		.byte	0
 491 004c 07       		.uleb128 0x7
 492 004d 2E       		.uleb128 0x2e
 493 004e 01       		.byte	0x1
 494 004f 03       		.uleb128 0x3
 495 0050 0E       		.uleb128 0xe
 496 0051 3A       		.uleb128 0x3a
 497 0052 0B       		.uleb128 0xb
 498 0053 3B       		.uleb128 0x3b
 499 0054 05       		.uleb128 0x5
 500 0055 27       		.uleb128 0x27
 501 0056 19       		.uleb128 0x19
 502 0057 20       		.uleb128 0x20
 503 0058 0B       		.uleb128 0xb
 504 0059 01       		.uleb128 0x1
 505 005a 13       		.uleb128 0x13
 506 005b 00       		.byte	0
 507 005c 00       		.byte	0
 508 005d 08       		.uleb128 0x8
 509 005e 05       		.uleb128 0x5
 510 005f 00       		.byte	0
 511 0060 03       		.uleb128 0x3
ARM GAS  C:\Users\bolob\AppData\Local\Temp\ccfMzvBh.s 			page 13


 512 0061 08       		.uleb128 0x8
 513 0062 3A       		.uleb128 0x3a
 514 0063 0B       		.uleb128 0xb
 515 0064 3B       		.uleb128 0x3b
 516 0065 05       		.uleb128 0x5
 517 0066 49       		.uleb128 0x49
 518 0067 13       		.uleb128 0x13
 519 0068 00       		.byte	0
 520 0069 00       		.byte	0
 521 006a 09       		.uleb128 0x9
 522 006b 2E       		.uleb128 0x2e
 523 006c 01       		.byte	0x1
 524 006d 03       		.uleb128 0x3
 525 006e 0E       		.uleb128 0xe
 526 006f 3A       		.uleb128 0x3a
 527 0070 0B       		.uleb128 0xb
 528 0071 3B       		.uleb128 0x3b
 529 0072 0B       		.uleb128 0xb
 530 0073 27       		.uleb128 0x27
 531 0074 19       		.uleb128 0x19
 532 0075 20       		.uleb128 0x20
 533 0076 0B       		.uleb128 0xb
 534 0077 01       		.uleb128 0x1
 535 0078 13       		.uleb128 0x13
 536 0079 00       		.byte	0
 537 007a 00       		.byte	0
 538 007b 0A       		.uleb128 0xa
 539 007c 05       		.uleb128 0x5
 540 007d 00       		.byte	0
 541 007e 03       		.uleb128 0x3
 542 007f 0E       		.uleb128 0xe
 543 0080 3A       		.uleb128 0x3a
 544 0081 0B       		.uleb128 0xb
 545 0082 3B       		.uleb128 0x3b
 546 0083 0B       		.uleb128 0xb
 547 0084 49       		.uleb128 0x49
 548 0085 13       		.uleb128 0x13
 549 0086 00       		.byte	0
 550 0087 00       		.byte	0
 551 0088 0B       		.uleb128 0xb
 552 0089 2E       		.uleb128 0x2e
 553 008a 01       		.byte	0x1
 554 008b 3F       		.uleb128 0x3f
 555 008c 19       		.uleb128 0x19
 556 008d 03       		.uleb128 0x3
 557 008e 0E       		.uleb128 0xe
 558 008f 3A       		.uleb128 0x3a
 559 0090 0B       		.uleb128 0xb
 560 0091 3B       		.uleb128 0x3b
 561 0092 0B       		.uleb128 0xb
 562 0093 27       		.uleb128 0x27
 563 0094 19       		.uleb128 0x19
 564 0095 49       		.uleb128 0x49
 565 0096 13       		.uleb128 0x13
 566 0097 11       		.uleb128 0x11
 567 0098 01       		.uleb128 0x1
 568 0099 12       		.uleb128 0x12
ARM GAS  C:\Users\bolob\AppData\Local\Temp\ccfMzvBh.s 			page 14


 569 009a 06       		.uleb128 0x6
 570 009b 40       		.uleb128 0x40
 571 009c 18       		.uleb128 0x18
 572 009d 9742     		.uleb128 0x2117
 573 009f 19       		.uleb128 0x19
 574 00a0 01       		.uleb128 0x1
 575 00a1 13       		.uleb128 0x13
 576 00a2 00       		.byte	0
 577 00a3 00       		.byte	0
 578 00a4 0C       		.uleb128 0xc
 579 00a5 05       		.uleb128 0x5
 580 00a6 00       		.byte	0
 581 00a7 03       		.uleb128 0x3
 582 00a8 0E       		.uleb128 0xe
 583 00a9 3A       		.uleb128 0x3a
 584 00aa 0B       		.uleb128 0xb
 585 00ab 3B       		.uleb128 0x3b
 586 00ac 0B       		.uleb128 0xb
 587 00ad 49       		.uleb128 0x49
 588 00ae 13       		.uleb128 0x13
 589 00af 02       		.uleb128 0x2
 590 00b0 17       		.uleb128 0x17
 591 00b1 00       		.byte	0
 592 00b2 00       		.byte	0
 593 00b3 0D       		.uleb128 0xd
 594 00b4 05       		.uleb128 0x5
 595 00b5 00       		.byte	0
 596 00b6 03       		.uleb128 0x3
 597 00b7 0E       		.uleb128 0xe
 598 00b8 3A       		.uleb128 0x3a
 599 00b9 0B       		.uleb128 0xb
 600 00ba 3B       		.uleb128 0x3b
 601 00bb 0B       		.uleb128 0xb
 602 00bc 49       		.uleb128 0x49
 603 00bd 13       		.uleb128 0x13
 604 00be 02       		.uleb128 0x2
 605 00bf 18       		.uleb128 0x18
 606 00c0 00       		.byte	0
 607 00c1 00       		.byte	0
 608 00c2 0E       		.uleb128 0xe
 609 00c3 34       		.uleb128 0x34
 610 00c4 00       		.byte	0
 611 00c5 03       		.uleb128 0x3
 612 00c6 08       		.uleb128 0x8
 613 00c7 3A       		.uleb128 0x3a
 614 00c8 0B       		.uleb128 0xb
 615 00c9 3B       		.uleb128 0x3b
 616 00ca 0B       		.uleb128 0xb
 617 00cb 49       		.uleb128 0x49
 618 00cc 13       		.uleb128 0x13
 619 00cd 1C       		.uleb128 0x1c
 620 00ce 0B       		.uleb128 0xb
 621 00cf 00       		.byte	0
 622 00d0 00       		.byte	0
 623 00d1 0F       		.uleb128 0xf
 624 00d2 34       		.uleb128 0x34
 625 00d3 00       		.byte	0
ARM GAS  C:\Users\bolob\AppData\Local\Temp\ccfMzvBh.s 			page 15


 626 00d4 03       		.uleb128 0x3
 627 00d5 0E       		.uleb128 0xe
 628 00d6 3A       		.uleb128 0x3a
 629 00d7 0B       		.uleb128 0xb
 630 00d8 3B       		.uleb128 0x3b
 631 00d9 0B       		.uleb128 0xb
 632 00da 49       		.uleb128 0x49
 633 00db 13       		.uleb128 0x13
 634 00dc 3F       		.uleb128 0x3f
 635 00dd 19       		.uleb128 0x19
 636 00de 3C       		.uleb128 0x3c
 637 00df 19       		.uleb128 0x19
 638 00e0 00       		.byte	0
 639 00e1 00       		.byte	0
 640 00e2 10       		.uleb128 0x10
 641 00e3 01       		.uleb128 0x1
 642 00e4 01       		.byte	0x1
 643 00e5 49       		.uleb128 0x49
 644 00e6 13       		.uleb128 0x13
 645 00e7 01       		.uleb128 0x1
 646 00e8 13       		.uleb128 0x13
 647 00e9 00       		.byte	0
 648 00ea 00       		.byte	0
 649 00eb 11       		.uleb128 0x11
 650 00ec 21       		.uleb128 0x21
 651 00ed 00       		.byte	0
 652 00ee 49       		.uleb128 0x49
 653 00ef 13       		.uleb128 0x13
 654 00f0 00       		.byte	0
 655 00f1 00       		.byte	0
 656 00f2 12       		.uleb128 0x12
 657 00f3 26       		.uleb128 0x26
 658 00f4 00       		.byte	0
 659 00f5 49       		.uleb128 0x49
 660 00f6 13       		.uleb128 0x13
 661 00f7 00       		.byte	0
 662 00f8 00       		.byte	0
 663 00f9 13       		.uleb128 0x13
 664 00fa 34       		.uleb128 0x34
 665 00fb 00       		.byte	0
 666 00fc 03       		.uleb128 0x3
 667 00fd 0E       		.uleb128 0xe
 668 00fe 3A       		.uleb128 0x3a
 669 00ff 0B       		.uleb128 0xb
 670 0100 3B       		.uleb128 0x3b
 671 0101 05       		.uleb128 0x5
 672 0102 49       		.uleb128 0x49
 673 0103 13       		.uleb128 0x13
 674 0104 3F       		.uleb128 0x3f
 675 0105 19       		.uleb128 0x19
 676 0106 3C       		.uleb128 0x3c
 677 0107 19       		.uleb128 0x19
 678 0108 00       		.byte	0
 679 0109 00       		.byte	0
 680 010a 14       		.uleb128 0x14
 681 010b 21       		.uleb128 0x21
 682 010c 00       		.byte	0
ARM GAS  C:\Users\bolob\AppData\Local\Temp\ccfMzvBh.s 			page 16


 683 010d 49       		.uleb128 0x49
 684 010e 13       		.uleb128 0x13
 685 010f 2F       		.uleb128 0x2f
 686 0110 0B       		.uleb128 0xb
 687 0111 00       		.byte	0
 688 0112 00       		.byte	0
 689 0113 00       		.byte	0
 690              		.section	.debug_loc,"",%progbits
 691              	.Ldebug_loc0:
 692              	.LLST0:
 693 0000 00000000 		.4byte	.LVL0
 694 0004 02000000 		.4byte	.LVL1
 695 0008 0100     		.2byte	0x1
 696 000a 50       		.byte	0x50
 697 000b 02000000 		.4byte	.LVL1
 698 000f 04000000 		.4byte	.LFE59
 699 0013 0400     		.2byte	0x4
 700 0015 F3       		.byte	0xf3
 701 0016 01       		.uleb128 0x1
 702 0017 50       		.byte	0x50
 703 0018 9F       		.byte	0x9f
 704 0019 00000000 		.4byte	0
 705 001d 00000000 		.4byte	0
 706              		.section	.debug_aranges,"",%progbits
 707 0000 1C000000 		.4byte	0x1c
 708 0004 0200     		.2byte	0x2
 709 0006 00000000 		.4byte	.Ldebug_info0
 710 000a 04       		.byte	0x4
 711 000b 00       		.byte	0
 712 000c 0000     		.2byte	0
 713 000e 0000     		.2byte	0
 714 0010 00000000 		.4byte	.LFB59
 715 0014 04000000 		.4byte	.LFE59-.LFB59
 716 0018 00000000 		.4byte	0
 717 001c 00000000 		.4byte	0
 718              		.section	.debug_ranges,"",%progbits
 719              	.Ldebug_ranges0:
 720 0000 00000000 		.4byte	.LFB59
 721 0004 04000000 		.4byte	.LFE59
 722 0008 00000000 		.4byte	0
 723 000c 00000000 		.4byte	0
 724              		.section	.debug_line,"",%progbits
 725              	.Ldebug_line0:
 726 0000 48010000 		.section	.debug_str,"MS",%progbits,1
 726      02002E01 
 726      00000201 
 726      FB0E0D00 
 726      01010101 
 727              	.LASF49:
 728 0000 47656E65 		.ascii	"Generated_Source\\PSoC5\\ErikaOS_2_ee_evget.c\000"
 728      72617465 
 728      645F536F 
 728      75726365 
 728      5C50536F 
 729              	.LASF10:
 730 002c 45455F55 		.ascii	"EE_UINT8\000"
 730      494E5438 
ARM GAS  C:\Users\bolob\AppData\Local\Temp\ccfMzvBh.s 			page 17


 730      00
 731              	.LASF40:
 732 0035 45455F72 		.ascii	"EE_rq_bitmask\000"
 732      715F6269 
 732      746D6173 
 732      6B00
 733              	.LASF15:
 734 0043 45455F55 		.ascii	"EE_UREG\000"
 734      52454700 
 735              	.LASF21:
 736 004b 4576656E 		.ascii	"EventMaskRefType\000"
 736      744D6173 
 736      6B526566 
 736      54797065 
 736      00
 737              	.LASF41:
 738 005c 45455F74 		.ascii	"EE_th_event_active\000"
 738      685F6576 
 738      656E745F 
 738      61637469 
 738      766500
 739              	.LASF38:
 740 006f 45455F73 		.ascii	"EE_stkfirst\000"
 740      746B6669 
 740      72737400 
 741              	.LASF2:
 742 007b 73686F72 		.ascii	"short int\000"
 742      7420696E 
 742      7400
 743              	.LASF22:
 744 0085 53746174 		.ascii	"StatusType\000"
 744      75735479 
 744      706500
 745              	.LASF16:
 746 0090 45455F46 		.ascii	"EE_FREG\000"
 746      52454700 
 747              	.LASF14:
 748 0098 45455F55 		.ascii	"EE_UINT32\000"
 748      494E5433 
 748      3200
 749              	.LASF33:
 750 00a2 45455F74 		.ascii	"EE_th_ready_prio\000"
 750      685F7265 
 750      6164795F 
 750      7072696F 
 750      00
 751              	.LASF18:
 752 00b3 45455F54 		.ascii	"EE_TID\000"
 752      494400
 753              	.LASF42:
 754 00ba 45455F74 		.ascii	"EE_th_waswaiting\000"
 754      685F7761 
 754      73776169 
 754      74696E67 
 754      00
 755              	.LASF30:
 756 00cb 45455F49 		.ascii	"EE_IRQ_nesting_level\000"
ARM GAS  C:\Users\bolob\AppData\Local\Temp\ccfMzvBh.s 			page 18


 756      52515F6E 
 756      65737469 
 756      6E675F6C 
 756      6576656C 
 757              	.LASF24:
 758 00e0 45455F4F 		.ascii	"EE_ORTI_set_service_in\000"
 758      5254495F 
 758      7365745F 
 758      73657276 
 758      6963655F 
 759              	.LASF51:
 760 00f7 45455F6F 		.ascii	"EE_oo_GetEvent\000"
 760      6F5F4765 
 760      74457665 
 760      6E7400
 761              	.LASF6:
 762 0106 6C6F6E67 		.ascii	"long long int\000"
 762      206C6F6E 
 762      6720696E 
 762      7400
 763              	.LASF11:
 764 0114 45455F49 		.ascii	"EE_INT8\000"
 764      4E543800 
 765              	.LASF45:
 766 011c 45455F6F 		.ascii	"EE_oo_IRQ_suspend_status\000"
 766      6F5F4952 
 766      515F7375 
 766      7370656E 
 766      645F7374 
 767              	.LASF19:
 768 0135 45455F54 		.ascii	"EE_TYPE_RQ_MASK\000"
 768      5950455F 
 768      52515F4D 
 768      41534B00 
 769              	.LASF4:
 770 0145 6C6F6E67 		.ascii	"long int\000"
 770      20696E74 
 770      00
 771              	.LASF23:
 772 014e 45455F4F 		.ascii	"EE_ORTI_set_service\000"
 772      5254495F 
 772      7365745F 
 772      73657276 
 772      69636500 
 773              	.LASF43:
 774 0162 45455F74 		.ascii	"EE_th_is_extended\000"
 774      685F6973 
 774      5F657874 
 774      656E6465 
 774      6400
 775              	.LASF28:
 776 0174 5461736B 		.ascii	"TaskID\000"
 776      494400
 777              	.LASF39:
 778 017b 45455F73 		.ascii	"EE_sys_ceiling\000"
 778      79735F63 
 778      65696C69 
ARM GAS  C:\Users\bolob\AppData\Local\Temp\ccfMzvBh.s 			page 19


 778      6E6700
 779              	.LASF9:
 780 018a 6C6F6E67 		.ascii	"long double\000"
 780      20646F75 
 780      626C6500 
 781              	.LASF20:
 782 0196 5461736B 		.ascii	"TaskType\000"
 782      54797065 
 782      00
 783              	.LASF1:
 784 019f 756E7369 		.ascii	"unsigned char\000"
 784      676E6564 
 784      20636861 
 784      7200
 785              	.LASF0:
 786 01ad 7369676E 		.ascii	"signed char\000"
 786      65642063 
 786      68617200 
 787              	.LASF7:
 788 01b9 6C6F6E67 		.ascii	"long long unsigned int\000"
 788      206C6F6E 
 788      6720756E 
 788      7369676E 
 788      65642069 
 789              	.LASF8:
 790 01d0 756E7369 		.ascii	"unsigned int\000"
 790      676E6564 
 790      20696E74 
 790      00
 791              	.LASF37:
 792 01dd 45455F74 		.ascii	"EE_th_rnact\000"
 792      685F726E 
 792      61637400 
 793              	.LASF31:
 794 01e9 45455F73 		.ascii	"EE_std_endcycle_next_tid\000"
 794      74645F65 
 794      6E646379 
 794      636C655F 
 794      6E657874 
 795              	.LASF13:
 796 0202 45455F49 		.ascii	"EE_INT32\000"
 796      4E543332 
 796      00
 797              	.LASF50:
 798 020b 433A5C55 		.ascii	"C:\\Users\\bolob\\Documents\\PSoC Creator\\Clock\\E"
 798      73657273 
 798      5C626F6C 
 798      6F625C44 
 798      6F63756D 
 799 0238 6C656374 		.ascii	"lectronic_Clock.cydsn\000"
 799      726F6E69 
 799      635F436C 
 799      6F636B2E 
 799      63796473 
 800              	.LASF3:
 801 024e 73686F72 		.ascii	"short unsigned int\000"
 801      7420756E 
ARM GAS  C:\Users\bolob\AppData\Local\Temp\ccfMzvBh.s 			page 20


 801      7369676E 
 801      65642069 
 801      6E7400
 802              	.LASF12:
 803 0261 45455F55 		.ascii	"EE_UINT16\000"
 803      494E5431 
 803      3600
 804              	.LASF27:
 805 026b 4572726F 		.ascii	"Error\000"
 805      7200
 806              	.LASF46:
 807 0271 45455F41 		.ascii	"EE_ApplicationMode\000"
 807      70706C69 
 807      63617469 
 807      6F6E4D6F 
 807      646500
 808              	.LASF5:
 809 0284 6C6F6E67 		.ascii	"long unsigned int\000"
 809      20756E73 
 809      69676E65 
 809      6420696E 
 809      7400
 810              	.LASF17:
 811 0296 45455F54 		.ascii	"EE_TYPEBOOL\000"
 811      59504542 
 811      4F4F4C00 
 812              	.LASF26:
 813 02a2 45455F6F 		.ascii	"EE_os_notify_error_from_us_impl\000"
 813      735F6E6F 
 813      74696679 
 813      5F657272 
 813      6F725F66 
 814              	.LASF32:
 815 02c2 73697A65 		.ascii	"sizetype\000"
 815      74797065 
 815      00
 816              	.LASF47:
 817 02cb 45455F72 		.ascii	"EE_rq_lookup\000"
 817      715F6C6F 
 817      6F6B7570 
 817      00
 818              	.LASF35:
 819 02d8 45455F74 		.ascii	"EE_th_status\000"
 819      685F7374 
 819      61747573 
 819      00
 820              	.LASF34:
 821 02e5 45455F74 		.ascii	"EE_th_dispatch_prio\000"
 821      685F6469 
 821      73706174 
 821      63685F70 
 821      72696F00 
 822              	.LASF36:
 823 02f9 45455F74 		.ascii	"EE_th_next\000"
 823      685F6E65 
 823      787400
 824              	.LASF48:
ARM GAS  C:\Users\bolob\AppData\Local\Temp\ccfMzvBh.s 			page 21


 825 0304 474E5520 		.ascii	"GNU C11 5.4.1 20160609 (release) [ARM/embedded-5-br"
 825      43313120 
 825      352E342E 
 825      31203230 
 825      31363036 
 826 0337 616E6368 		.ascii	"anch revision 237715] -mcpu=cortex-m3 -mthumb -g -O"
 826      20726576 
 826      6973696F 
 826      6E203233 
 826      37373135 
 827 036a 67202D66 		.ascii	"g -ffunction-sections -ffat-lto-objects\000"
 827      66756E63 
 827      74696F6E 
 827      2D736563 
 827      74696F6E 
 828              	.LASF44:
 829 0392 45455F6F 		.ascii	"EE_oo_IRQ_disable_count\000"
 829      6F5F4952 
 829      515F6469 
 829      7361626C 
 829      655F636F 
 830              	.LASF29:
 831 03aa 4576656E 		.ascii	"Event\000"
 831      7400
 832              	.LASF25:
 833 03b0 45455F4F 		.ascii	"EE_ORTI_set_service_out\000"
 833      5254495F 
 833      7365745F 
 833      73657276 
 833      6963655F 
 834              		.ident	"GCC: (GNU Tools for ARM Embedded Processors) 5.4.1 20160609 (release) [ARM/embedded-5-bran
