ARM GAS  C:\Users\bolob\AppData\Local\Temp\cc2HXRKM.s 			page 1


   1              		.syntax unified
   2              		.cpu cortex-m3
   3              		.fpu softvfp
   4              		.eabi_attribute 20, 1
   5              		.eabi_attribute 21, 1
   6              		.eabi_attribute 23, 3
   7              		.eabi_attribute 24, 1
   8              		.eabi_attribute 25, 1
   9              		.eabi_attribute 26, 1
  10              		.eabi_attribute 30, 1
  11              		.eabi_attribute 34, 1
  12              		.eabi_attribute 18, 4
  13              		.thumb
  14              		.syntax unified
  15              		.file	"ErikaOS_2_ee_alcancel.c"
  16              		.text
  17              	.Ltext0:
  18              		.cfi_sections	.debug_frame
  19              	.Letext0:
  20              		.file 1 "Generated_Source\\PSoC5\\ErikaOS_2_common_ee_types.inc"
  21              		.file 2 "Generated_Source\\PSoC5\\ErikaOS_2_cortex_mx_ee_cpu.inc"
  22              		.file 3 "Generated_Source\\PSoC5\\ErikaOS_2_ee_oo_common.inc"
  23              		.file 4 "Generated_Source\\PSoC5\\ErikaOS_2_common_ee_primitives.inc"
  24              		.file 5 "Generated_Source\\PSoC5\\ErikaOS_2_cortex_mx_ee_context.inc"
  25              		.file 6 "Generated_Source\\PSoC5\\ErikaOS_2_ee_oo_intfunc.inc"
  26              		.file 7 "Generated_Source\\PSoC5\\ErikaOS_2_ee_oo_internal.inc"
  27              		.section	.debug_info,"",%progbits
  28              	.Ldebug_info0:
  29 0000 18020000 		.4byte	0x218
  30 0004 0400     		.2byte	0x4
  31 0006 00000000 		.4byte	.Ldebug_abbrev0
  32 000a 04       		.byte	0x4
  33 000b 01       		.uleb128 0x1
  34 000c 60020000 		.4byte	.LASF36
  35 0010 0C       		.byte	0xc
  36 0011 BB010000 		.4byte	.LASF37
  37 0015 5B010000 		.4byte	.LASF38
  38 0019 00000000 		.4byte	.Ldebug_line0
  39 001d 02       		.uleb128 0x2
  40 001e 01       		.byte	0x1
  41 001f 06       		.byte	0x6
  42 0020 FD000000 		.4byte	.LASF0
  43 0024 02       		.uleb128 0x2
  44 0025 01       		.byte	0x1
  45 0026 08       		.byte	0x8
  46 0027 EF000000 		.4byte	.LASF1
  47 002b 02       		.uleb128 0x2
  48 002c 02       		.byte	0x2
  49 002d 05       		.byte	0x5
  50 002e 3A000000 		.4byte	.LASF2
  51 0032 02       		.uleb128 0x2
  52 0033 02       		.byte	0x2
  53 0034 07       		.byte	0x7
  54 0035 9E010000 		.4byte	.LASF3
  55 0039 02       		.uleb128 0x2
  56 003a 04       		.byte	0x4
  57 003b 05       		.byte	0x5
ARM GAS  C:\Users\bolob\AppData\Local\Temp\cc2HXRKM.s 			page 2


  58 003c B2000000 		.4byte	.LASF4
  59 0040 02       		.uleb128 0x2
  60 0041 04       		.byte	0x4
  61 0042 07       		.byte	0x7
  62 0043 FD010000 		.4byte	.LASF5
  63 0047 02       		.uleb128 0x2
  64 0048 08       		.byte	0x8
  65 0049 05       		.byte	0x5
  66 004a 8C000000 		.4byte	.LASF6
  67 004e 02       		.uleb128 0x2
  68 004f 08       		.byte	0x8
  69 0050 07       		.byte	0x7
  70 0051 09010000 		.4byte	.LASF7
  71 0055 03       		.uleb128 0x3
  72 0056 04       		.byte	0x4
  73 0057 05       		.byte	0x5
  74 0058 696E7400 		.ascii	"int\000"
  75 005c 02       		.uleb128 0x2
  76 005d 04       		.byte	0x4
  77 005e 07       		.byte	0x7
  78 005f 20010000 		.4byte	.LASF8
  79 0063 02       		.uleb128 0x2
  80 0064 08       		.byte	0x8
  81 0065 04       		.byte	0x4
  82 0066 E3000000 		.4byte	.LASF9
  83 006a 04       		.uleb128 0x4
  84 006b 9A000000 		.4byte	.LASF10
  85 006f 01       		.byte	0x1
  86 0070 3F       		.byte	0x3f
  87 0071 1D000000 		.4byte	0x1d
  88 0075 04       		.uleb128 0x4
  89 0076 B1010000 		.4byte	.LASF11
  90 007a 01       		.byte	0x1
  91 007b 52       		.byte	0x52
  92 007c 32000000 		.4byte	0x32
  93 0080 04       		.uleb128 0x4
  94 0081 52010000 		.4byte	.LASF12
  95 0085 01       		.byte	0x1
  96 0086 53       		.byte	0x53
  97 0087 55000000 		.4byte	0x55
  98 008b 04       		.uleb128 0x4
  99 008c 55000000 		.4byte	.LASF13
 100 0090 01       		.byte	0x1
 101 0091 54       		.byte	0x54
 102 0092 5C000000 		.4byte	0x5c
 103 0096 04       		.uleb128 0x4
 104 0097 0E000000 		.4byte	.LASF14
 105 009b 02       		.byte	0x2
 106 009c 4D       		.byte	0x4d
 107 009d 8B000000 		.4byte	0x8b
 108 00a1 04       		.uleb128 0x4
 109 00a2 4D000000 		.4byte	.LASF15
 110 00a6 02       		.byte	0x2
 111 00a7 4F       		.byte	0x4f
 112 00a8 8B000000 		.4byte	0x8b
 113 00ac 04       		.uleb128 0x4
 114 00ad 0F020000 		.4byte	.LASF16
ARM GAS  C:\Users\bolob\AppData\Local\Temp\cc2HXRKM.s 			page 3


 115 00b1 02       		.byte	0x2
 116 00b2 54       		.byte	0x54
 117 00b3 96000000 		.4byte	0x96
 118 00b7 04       		.uleb128 0x4
 119 00b8 70000000 		.4byte	.LASF17
 120 00bc 02       		.byte	0x2
 121 00bd 78       		.byte	0x78
 122 00be 80000000 		.4byte	0x80
 123 00c2 05       		.uleb128 0x5
 124 00c3 A2000000 		.4byte	.LASF18
 125 00c7 03       		.byte	0x3
 126 00c8 1101     		.2byte	0x111
 127 00ca 75000000 		.4byte	0x75
 128 00ce 06       		.uleb128 0x6
 129 00cf 77000000 		.4byte	.LASF19
 130 00d3 04       		.byte	0x4
 131 00d4 44       		.byte	0x44
 132 00d5 96000000 		.4byte	0x96
 133 00d9 06       		.uleb128 0x6
 134 00da 39010000 		.4byte	.LASF20
 135 00de 05       		.byte	0x5
 136 00df 48       		.byte	0x48
 137 00e0 B7000000 		.4byte	0xb7
 138 00e4 07       		.uleb128 0x7
 139 00e5 FA000000 		.4byte	0xfa
 140 00e9 F3000000 		.4byte	0xf3
 141 00ed 08       		.uleb128 0x8
 142 00ee F3000000 		.4byte	0xf3
 143 00f2 00       		.byte	0
 144 00f3 02       		.uleb128 0x2
 145 00f4 04       		.byte	0x4
 146 00f5 07       		.byte	0x7
 147 00f6 44000000 		.4byte	.LASF21
 148 00fa 09       		.uleb128 0x9
 149 00fb 96000000 		.4byte	0x96
 150 00ff 06       		.uleb128 0x6
 151 0100 5F000000 		.4byte	.LASF22
 152 0104 03       		.byte	0x3
 153 0105 B2       		.byte	0xb2
 154 0106 0A010000 		.4byte	0x10a
 155 010a 09       		.uleb128 0x9
 156 010b E4000000 		.4byte	0xe4
 157 010f 07       		.uleb128 0x7
 158 0110 FA000000 		.4byte	0xfa
 159 0114 1E010000 		.4byte	0x11e
 160 0118 08       		.uleb128 0x8
 161 0119 F3000000 		.4byte	0xf3
 162 011d 00       		.byte	0
 163 011e 06       		.uleb128 0x6
 164 011f 41020000 		.4byte	.LASF23
 165 0123 03       		.byte	0x3
 166 0124 B3       		.byte	0xb3
 167 0125 29010000 		.4byte	0x129
 168 0129 09       		.uleb128 0x9
 169 012a 0F010000 		.4byte	0x10f
 170 012e 07       		.uleb128 0x7
 171 012f 96000000 		.4byte	0x96
ARM GAS  C:\Users\bolob\AppData\Local\Temp\cc2HXRKM.s 			page 4


 172 0133 3D010000 		.4byte	0x13d
 173 0137 08       		.uleb128 0x8
 174 0138 F3000000 		.4byte	0xf3
 175 013c 00       		.byte	0
 176 013d 06       		.uleb128 0x6
 177 013e 34020000 		.4byte	.LASF24
 178 0142 03       		.byte	0x3
 179 0143 CA       		.byte	0xca
 180 0144 2E010000 		.4byte	0x12e
 181 0148 07       		.uleb128 0x7
 182 0149 B7000000 		.4byte	0xb7
 183 014d 57010000 		.4byte	0x157
 184 0151 08       		.uleb128 0x8
 185 0152 F3000000 		.4byte	0xf3
 186 0156 00       		.byte	0
 187 0157 06       		.uleb128 0x6
 188 0158 55020000 		.4byte	.LASF25
 189 015c 03       		.byte	0x3
 190 015d D2       		.byte	0xd2
 191 015e 48010000 		.4byte	0x148
 192 0162 07       		.uleb128 0x7
 193 0163 96000000 		.4byte	0x96
 194 0167 71010000 		.4byte	0x171
 195 016b 08       		.uleb128 0x8
 196 016c F3000000 		.4byte	0xf3
 197 0170 00       		.byte	0
 198 0171 06       		.uleb128 0x6
 199 0172 2D010000 		.4byte	.LASF26
 200 0176 03       		.byte	0x3
 201 0177 DA       		.byte	0xda
 202 0178 62010000 		.4byte	0x162
 203 017c 06       		.uleb128 0x6
 204 017d 1B020000 		.4byte	.LASF27
 205 0181 03       		.byte	0x3
 206 0182 E2       		.byte	0xe2
 207 0183 B7000000 		.4byte	0xb7
 208 0187 06       		.uleb128 0x6
 209 0188 D4000000 		.4byte	.LASF28
 210 018c 03       		.byte	0x3
 211 018d F7       		.byte	0xf7
 212 018e 96000000 		.4byte	0x96
 213 0192 0A       		.uleb128 0xa
 214 0193 00000000 		.4byte	.LASF29
 215 0197 03       		.byte	0x3
 216 0198 3F01     		.2byte	0x13f
 217 019a C2000000 		.4byte	0xc2
 218 019e 07       		.uleb128 0x7
 219 019f 96000000 		.4byte	0x96
 220 01a3 AD010000 		.4byte	0x1ad
 221 01a7 08       		.uleb128 0x8
 222 01a8 F3000000 		.4byte	0xf3
 223 01ac 00       		.byte	0
 224 01ad 0A       		.uleb128 0xa
 225 01ae 16000000 		.4byte	.LASF30
 226 01b2 03       		.byte	0x3
 227 01b3 5C01     		.2byte	0x15c
 228 01b5 9E010000 		.4byte	0x19e
ARM GAS  C:\Users\bolob\AppData\Local\Temp\cc2HXRKM.s 			page 5


 229 01b9 07       		.uleb128 0x7
 230 01ba AC000000 		.4byte	0xac
 231 01be C8010000 		.4byte	0x1c8
 232 01c2 08       		.uleb128 0x8
 233 01c3 F3000000 		.4byte	0xf3
 234 01c7 00       		.byte	0
 235 01c8 0A       		.uleb128 0xa
 236 01c9 29000000 		.4byte	.LASF31
 237 01cd 03       		.byte	0x3
 238 01ce 6701     		.2byte	0x167
 239 01d0 B9010000 		.4byte	0x1b9
 240 01d4 06       		.uleb128 0x6
 241 01d5 EE020000 		.4byte	.LASF32
 242 01d9 06       		.byte	0x6
 243 01da 40       		.byte	0x40
 244 01db 96000000 		.4byte	0x96
 245 01df 06       		.uleb128 0x6
 246 01e0 BB000000 		.4byte	.LASF33
 247 01e4 06       		.byte	0x6
 248 01e5 47       		.byte	0x47
 249 01e6 A1000000 		.4byte	0xa1
 250 01ea 06       		.uleb128 0x6
 251 01eb EA010000 		.4byte	.LASF34
 252 01ef 06       		.byte	0x6
 253 01f0 4A       		.byte	0x4a
 254 01f1 96000000 		.4byte	0x96
 255 01f5 07       		.uleb128 0x7
 256 01f6 05020000 		.4byte	0x205
 257 01fa 05020000 		.4byte	0x205
 258 01fe 0B       		.uleb128 0xb
 259 01ff F3000000 		.4byte	0xf3
 260 0203 FF       		.byte	0xff
 261 0204 00       		.byte	0
 262 0205 09       		.uleb128 0x9
 263 0206 6A000000 		.4byte	0x6a
 264 020a 0A       		.uleb128 0xa
 265 020b 27020000 		.4byte	.LASF35
 266 020f 07       		.byte	0x7
 267 0210 AB01     		.2byte	0x1ab
 268 0212 16020000 		.4byte	0x216
 269 0216 09       		.uleb128 0x9
 270 0217 F5010000 		.4byte	0x1f5
 271 021b 00       		.byte	0
 272              		.section	.debug_abbrev,"",%progbits
 273              	.Ldebug_abbrev0:
 274 0000 01       		.uleb128 0x1
 275 0001 11       		.uleb128 0x11
 276 0002 01       		.byte	0x1
 277 0003 25       		.uleb128 0x25
 278 0004 0E       		.uleb128 0xe
 279 0005 13       		.uleb128 0x13
 280 0006 0B       		.uleb128 0xb
 281 0007 03       		.uleb128 0x3
 282 0008 0E       		.uleb128 0xe
 283 0009 1B       		.uleb128 0x1b
 284 000a 0E       		.uleb128 0xe
 285 000b 10       		.uleb128 0x10
ARM GAS  C:\Users\bolob\AppData\Local\Temp\cc2HXRKM.s 			page 6


 286 000c 17       		.uleb128 0x17
 287 000d 00       		.byte	0
 288 000e 00       		.byte	0
 289 000f 02       		.uleb128 0x2
 290 0010 24       		.uleb128 0x24
 291 0011 00       		.byte	0
 292 0012 0B       		.uleb128 0xb
 293 0013 0B       		.uleb128 0xb
 294 0014 3E       		.uleb128 0x3e
 295 0015 0B       		.uleb128 0xb
 296 0016 03       		.uleb128 0x3
 297 0017 0E       		.uleb128 0xe
 298 0018 00       		.byte	0
 299 0019 00       		.byte	0
 300 001a 03       		.uleb128 0x3
 301 001b 24       		.uleb128 0x24
 302 001c 00       		.byte	0
 303 001d 0B       		.uleb128 0xb
 304 001e 0B       		.uleb128 0xb
 305 001f 3E       		.uleb128 0x3e
 306 0020 0B       		.uleb128 0xb
 307 0021 03       		.uleb128 0x3
 308 0022 08       		.uleb128 0x8
 309 0023 00       		.byte	0
 310 0024 00       		.byte	0
 311 0025 04       		.uleb128 0x4
 312 0026 16       		.uleb128 0x16
 313 0027 00       		.byte	0
 314 0028 03       		.uleb128 0x3
 315 0029 0E       		.uleb128 0xe
 316 002a 3A       		.uleb128 0x3a
 317 002b 0B       		.uleb128 0xb
 318 002c 3B       		.uleb128 0x3b
 319 002d 0B       		.uleb128 0xb
 320 002e 49       		.uleb128 0x49
 321 002f 13       		.uleb128 0x13
 322 0030 00       		.byte	0
 323 0031 00       		.byte	0
 324 0032 05       		.uleb128 0x5
 325 0033 16       		.uleb128 0x16
 326 0034 00       		.byte	0
 327 0035 03       		.uleb128 0x3
 328 0036 0E       		.uleb128 0xe
 329 0037 3A       		.uleb128 0x3a
 330 0038 0B       		.uleb128 0xb
 331 0039 3B       		.uleb128 0x3b
 332 003a 05       		.uleb128 0x5
 333 003b 49       		.uleb128 0x49
 334 003c 13       		.uleb128 0x13
 335 003d 00       		.byte	0
 336 003e 00       		.byte	0
 337 003f 06       		.uleb128 0x6
 338 0040 34       		.uleb128 0x34
 339 0041 00       		.byte	0
 340 0042 03       		.uleb128 0x3
 341 0043 0E       		.uleb128 0xe
 342 0044 3A       		.uleb128 0x3a
ARM GAS  C:\Users\bolob\AppData\Local\Temp\cc2HXRKM.s 			page 7


 343 0045 0B       		.uleb128 0xb
 344 0046 3B       		.uleb128 0x3b
 345 0047 0B       		.uleb128 0xb
 346 0048 49       		.uleb128 0x49
 347 0049 13       		.uleb128 0x13
 348 004a 3F       		.uleb128 0x3f
 349 004b 19       		.uleb128 0x19
 350 004c 3C       		.uleb128 0x3c
 351 004d 19       		.uleb128 0x19
 352 004e 00       		.byte	0
 353 004f 00       		.byte	0
 354 0050 07       		.uleb128 0x7
 355 0051 01       		.uleb128 0x1
 356 0052 01       		.byte	0x1
 357 0053 49       		.uleb128 0x49
 358 0054 13       		.uleb128 0x13
 359 0055 01       		.uleb128 0x1
 360 0056 13       		.uleb128 0x13
 361 0057 00       		.byte	0
 362 0058 00       		.byte	0
 363 0059 08       		.uleb128 0x8
 364 005a 21       		.uleb128 0x21
 365 005b 00       		.byte	0
 366 005c 49       		.uleb128 0x49
 367 005d 13       		.uleb128 0x13
 368 005e 00       		.byte	0
 369 005f 00       		.byte	0
 370 0060 09       		.uleb128 0x9
 371 0061 26       		.uleb128 0x26
 372 0062 00       		.byte	0
 373 0063 49       		.uleb128 0x49
 374 0064 13       		.uleb128 0x13
 375 0065 00       		.byte	0
 376 0066 00       		.byte	0
 377 0067 0A       		.uleb128 0xa
 378 0068 34       		.uleb128 0x34
 379 0069 00       		.byte	0
 380 006a 03       		.uleb128 0x3
 381 006b 0E       		.uleb128 0xe
 382 006c 3A       		.uleb128 0x3a
 383 006d 0B       		.uleb128 0xb
 384 006e 3B       		.uleb128 0x3b
 385 006f 05       		.uleb128 0x5
 386 0070 49       		.uleb128 0x49
 387 0071 13       		.uleb128 0x13
 388 0072 3F       		.uleb128 0x3f
 389 0073 19       		.uleb128 0x19
 390 0074 3C       		.uleb128 0x3c
 391 0075 19       		.uleb128 0x19
 392 0076 00       		.byte	0
 393 0077 00       		.byte	0
 394 0078 0B       		.uleb128 0xb
 395 0079 21       		.uleb128 0x21
 396 007a 00       		.byte	0
 397 007b 49       		.uleb128 0x49
 398 007c 13       		.uleb128 0x13
 399 007d 2F       		.uleb128 0x2f
ARM GAS  C:\Users\bolob\AppData\Local\Temp\cc2HXRKM.s 			page 8


 400 007e 0B       		.uleb128 0xb
 401 007f 00       		.byte	0
 402 0080 00       		.byte	0
 403 0081 00       		.byte	0
 404              		.section	.debug_aranges,"",%progbits
 405 0000 14000000 		.4byte	0x14
 406 0004 0200     		.2byte	0x2
 407 0006 00000000 		.4byte	.Ldebug_info0
 408 000a 04       		.byte	0x4
 409 000b 00       		.byte	0
 410 000c 0000     		.2byte	0
 411 000e 0000     		.2byte	0
 412 0010 00000000 		.4byte	0
 413 0014 00000000 		.4byte	0
 414              		.section	.debug_line,"",%progbits
 415              	.Ldebug_line0:
 416 0000 1C010000 		.section	.debug_str,"MS",%progbits,1
 416      02001601 
 416      00000201 
 416      FB0E0D00 
 416      01010101 
 417              	.LASF29:
 418 0000 45455F72 		.ascii	"EE_rq_bitmask\000"
 418      715F6269 
 418      746D6173 
 418      6B00
 419              	.LASF14:
 420 000e 45455F55 		.ascii	"EE_UREG\000"
 420      52454700 
 421              	.LASF30:
 422 0016 45455F74 		.ascii	"EE_th_event_active\000"
 422      685F6576 
 422      656E745F 
 422      61637469 
 422      766500
 423              	.LASF31:
 424 0029 45455F74 		.ascii	"EE_th_waswaiting\000"
 424      685F7761 
 424      73776169 
 424      74696E67 
 424      00
 425              	.LASF2:
 426 003a 73686F72 		.ascii	"short int\000"
 426      7420696E 
 426      7400
 427              	.LASF21:
 428 0044 73697A65 		.ascii	"sizetype\000"
 428      74797065 
 428      00
 429              	.LASF15:
 430 004d 45455F46 		.ascii	"EE_FREG\000"
 430      52454700 
 431              	.LASF13:
 432 0055 45455F55 		.ascii	"EE_UINT32\000"
 432      494E5433 
 432      3200
 433              	.LASF22:
ARM GAS  C:\Users\bolob\AppData\Local\Temp\cc2HXRKM.s 			page 9


 434 005f 45455F74 		.ascii	"EE_th_ready_prio\000"
 434      685F7265 
 434      6164795F 
 434      7072696F 
 434      00
 435              	.LASF17:
 436 0070 45455F54 		.ascii	"EE_TID\000"
 436      494400
 437              	.LASF19:
 438 0077 45455F49 		.ascii	"EE_IRQ_nesting_level\000"
 438      52515F6E 
 438      65737469 
 438      6E675F6C 
 438      6576656C 
 439              	.LASF6:
 440 008c 6C6F6E67 		.ascii	"long long int\000"
 440      206C6F6E 
 440      6720696E 
 440      7400
 441              	.LASF10:
 442 009a 45455F49 		.ascii	"EE_INT8\000"
 442      4E543800 
 443              	.LASF18:
 444 00a2 45455F54 		.ascii	"EE_TYPE_RQ_MASK\000"
 444      5950455F 
 444      52515F4D 
 444      41534B00 
 445              	.LASF4:
 446 00b2 6C6F6E67 		.ascii	"long int\000"
 446      20696E74 
 446      00
 447              	.LASF33:
 448 00bb 45455F6F 		.ascii	"EE_oo_IRQ_suspend_status\000"
 448      6F5F4952 
 448      515F7375 
 448      7370656E 
 448      645F7374 
 449              	.LASF28:
 450 00d4 45455F73 		.ascii	"EE_sys_ceiling\000"
 450      79735F63 
 450      65696C69 
 450      6E6700
 451              	.LASF9:
 452 00e3 6C6F6E67 		.ascii	"long double\000"
 452      20646F75 
 452      626C6500 
 453              	.LASF1:
 454 00ef 756E7369 		.ascii	"unsigned char\000"
 454      676E6564 
 454      20636861 
 454      7200
 455              	.LASF0:
 456 00fd 7369676E 		.ascii	"signed char\000"
 456      65642063 
 456      68617200 
 457              	.LASF7:
 458 0109 6C6F6E67 		.ascii	"long long unsigned int\000"
ARM GAS  C:\Users\bolob\AppData\Local\Temp\cc2HXRKM.s 			page 10


 458      206C6F6E 
 458      6720756E 
 458      7369676E 
 458      65642069 
 459              	.LASF8:
 460 0120 756E7369 		.ascii	"unsigned int\000"
 460      676E6564 
 460      20696E74 
 460      00
 461              	.LASF26:
 462 012d 45455F74 		.ascii	"EE_th_rnact\000"
 462      685F726E 
 462      61637400 
 463              	.LASF20:
 464 0139 45455F73 		.ascii	"EE_std_endcycle_next_tid\000"
 464      74645F65 
 464      6E646379 
 464      636C655F 
 464      6E657874 
 465              	.LASF12:
 466 0152 45455F49 		.ascii	"EE_INT32\000"
 466      4E543332 
 466      00
 467              	.LASF38:
 468 015b 433A5C55 		.ascii	"C:\\Users\\bolob\\Documents\\PSoC Creator\\Clock\\E"
 468      73657273 
 468      5C626F6C 
 468      6F625C44 
 468      6F63756D 
 469 0188 6C656374 		.ascii	"lectronic_Clock.cydsn\000"
 469      726F6E69 
 469      635F436C 
 469      6F636B2E 
 469      63796473 
 470              	.LASF3:
 471 019e 73686F72 		.ascii	"short unsigned int\000"
 471      7420756E 
 471      7369676E 
 471      65642069 
 471      6E7400
 472              	.LASF11:
 473 01b1 45455F55 		.ascii	"EE_UINT16\000"
 473      494E5431 
 473      3600
 474              	.LASF37:
 475 01bb 47656E65 		.ascii	"Generated_Source\\PSoC5\\ErikaOS_2_ee_alcancel.c\000"
 475      72617465 
 475      645F536F 
 475      75726365 
 475      5C50536F 
 476              	.LASF34:
 477 01ea 45455F41 		.ascii	"EE_ApplicationMode\000"
 477      70706C69 
 477      63617469 
 477      6F6E4D6F 
 477      646500
 478              	.LASF5:
ARM GAS  C:\Users\bolob\AppData\Local\Temp\cc2HXRKM.s 			page 11


 479 01fd 6C6F6E67 		.ascii	"long unsigned int\000"
 479      20756E73 
 479      69676E65 
 479      6420696E 
 479      7400
 480              	.LASF16:
 481 020f 45455F54 		.ascii	"EE_TYPEBOOL\000"
 481      59504542 
 481      4F4F4C00 
 482              	.LASF27:
 483 021b 45455F73 		.ascii	"EE_stkfirst\000"
 483      746B6669 
 483      72737400 
 484              	.LASF35:
 485 0227 45455F72 		.ascii	"EE_rq_lookup\000"
 485      715F6C6F 
 485      6F6B7570 
 485      00
 486              	.LASF24:
 487 0234 45455F74 		.ascii	"EE_th_status\000"
 487      685F7374 
 487      61747573 
 487      00
 488              	.LASF23:
 489 0241 45455F74 		.ascii	"EE_th_dispatch_prio\000"
 489      685F6469 
 489      73706174 
 489      63685F70 
 489      72696F00 
 490              	.LASF25:
 491 0255 45455F74 		.ascii	"EE_th_next\000"
 491      685F6E65 
 491      787400
 492              	.LASF36:
 493 0260 474E5520 		.ascii	"GNU C11 5.4.1 20160609 (release) [ARM/embedded-5-br"
 493      43313120 
 493      352E342E 
 493      31203230 
 493      31363036 
 494 0293 616E6368 		.ascii	"anch revision 237715] -mcpu=cortex-m3 -mthumb -g -O"
 494      20726576 
 494      6973696F 
 494      6E203233 
 494      37373135 
 495 02c6 67202D66 		.ascii	"g -ffunction-sections -ffat-lto-objects\000"
 495      66756E63 
 495      74696F6E 
 495      2D736563 
 495      74696F6E 
 496              	.LASF32:
 497 02ee 45455F6F 		.ascii	"EE_oo_IRQ_disable_count\000"
 497      6F5F4952 
 497      515F6469 
 497      7361626C 
 497      655F636F 
 498              		.ident	"GCC: (GNU Tools for ARM Embedded Processors) 5.4.1 20160609 (release) [ARM/embedded-5-bran
