ARM GAS  C:\Users\bolob\AppData\Local\Temp\ccDuT0Qg.s 			page 1


   1              		.syntax unified
   2              		.cpu cortex-m3
   3              		.fpu softvfp
   4              		.eabi_attribute 20, 1
   5              		.eabi_attribute 21, 1
   6              		.eabi_attribute 23, 3
   7              		.eabi_attribute 24, 1
   8              		.eabi_attribute 25, 1
   9              		.eabi_attribute 26, 1
  10              		.eabi_attribute 30, 1
  11              		.eabi_attribute 34, 1
  12              		.eabi_attribute 18, 4
  13              		.thumb
  14              		.syntax unified
  15              		.file	"ErikaOS_1_eecfg.c"
  16              		.text
  17              	.Ltext0:
  18              		.cfi_sections	.debug_frame
  19              		.global	EE_oo_autostart_task_data
  20              		.comm	EE_ApplicationMode,4,4
  21              		.global	EE_oo_action_ROM
  22              		.comm	EE_oo_counter_object_RAM,16,4
  23              		.global	EE_oo_counter_object_ROM
  24              		.global	EE_ALARM_ID
  25              		.global	EE_ALARM_NAME
  26              		.global	EE_alarm_ROM
  27              		.global	EE_counter_RAM
  28              		.global	EE_counter_ROM
  29              		.global	EE_th_is_extended
  30              		.global	EE_th_waswaiting
  31              		.global	EE_th_event_waitmask
  32              		.global	EE_th_event_active
  33              		.global	EE_th_terminate_nextask
  34              		.global	EE_rq_free
  35              		.comm	EE_rq_pairs_tid,16,4
  36              		.global	EE_rq_pairs_next
  37              		.global	EE_rq_link
  38              		.global	EE_th_rnact_max
  39              		.global	EE_th_rnact
  40              		.global	EE_rq_bitmask
  41              		.global	EE_rq_queues_tail
  42              		.global	EE_rq_queues_head
  43              		.global	EE_sys_ceiling
  44              		.global	EE_stkfirst
  45              		.global	EE_th_next
  46              		.global	EE_th_status
  47              		.global	EE_th_dispatch_prio
  48              		.global	EE_EVENT_ID
  49              		.global	EE_EVENT_NAME
  50              		.global	EE_TASK_NAME
  51              		.global	EE_th_ready_prio
  52              		.global	EE_terminate_real_th_body
  53              		.comm	EE_terminate_data,16,4
  54              		.global	EE_hal_thread_body
  55              		.global	EE_cortex_mx_IRQ_tos
  56              		.global	EE_cortex_mx_active_tos
  57              		.global	EE_cortex_mx_system_tos
ARM GAS  C:\Users\bolob\AppData\Local\Temp\ccDuT0Qg.s 			page 2


  58              		.global	EE_std_thread_tos
  59              		.comm	EE_cortex_mx_stack_9,512,4
  60              		.comm	EE_cortex_mx_stack_4,1000,4
  61              		.section	.rodata
  62              		.align	2
  63              		.type	EE_oo_autostart_task_data, %object
  64              		.size	EE_oo_autostart_task_data, 8
  65              	EE_oo_autostart_task_data:
  66 0000 01000000 		.word	1
  67 0004 08000000 		.word	EE_oo_autostart_task_mode_OSDEFAULTAPPMODE
  68              		.type	EE_oo_autostart_task_mode_OSDEFAULTAPPMODE, %object
  69              		.size	EE_oo_autostart_task_mode_OSDEFAULTAPPMODE, 4
  70              	EE_oo_autostart_task_mode_OSDEFAULTAPPMODE:
  71 0008 00000000 		.space	4
  72              		.type	EE_oo_action_ROM, %object
  73              		.size	EE_oo_action_ROM, 20
  74              	EE_oo_action_ROM:
  75 000c 00       		.byte	0
  76 000d 000000   		.space	3
  77 0010 02000000 		.word	2
  78 0014 00000000 		.word	0
  79 0018 00000000 		.word	0
  80 001c FFFFFFFF 		.word	-1
  81              		.type	EE_oo_counter_object_ROM, %object
  82              		.size	EE_oo_counter_object_ROM, 12
  83              	EE_oo_counter_object_ROM:
  84 0020 00000000 		.space	12
  84      00000000 
  84      00000000 
  85              		.type	EE_ALARM_ID, %object
  86              		.size	EE_ALARM_ID, 4
  87              	EE_ALARM_ID:
  88 002c 00000000 		.space	4
  89              		.type	EE_alarm_ROM, %object
  90              		.size	EE_alarm_ROM, 4
  91              	EE_alarm_ROM:
  92 0030 00000000 		.space	4
  93              		.type	EE_counter_ROM, %object
  94              		.size	EE_counter_ROM, 12
  95              	EE_counter_ROM:
  96 0034 10270000 		.word	10000
  97 0038 01000000 		.word	1
  98 003c 00000000 		.word	0
  99              		.type	EE_th_is_extended, %object
 100              		.size	EE_th_is_extended, 16
 101              	EE_th_is_extended:
 102 0040 00000000 		.word	0
 103 0044 00000000 		.word	0
 104 0048 00000000 		.word	0
 105 004c 01000000 		.word	1
 106              		.type	EE_th_rnact_max, %object
 107              		.size	EE_th_rnact_max, 16
 108              	EE_th_rnact_max:
 109 0050 01000000 		.word	1
 110 0054 01000000 		.word	1
 111 0058 01000000 		.word	1
 112 005c 01000000 		.word	1
ARM GAS  C:\Users\bolob\AppData\Local\Temp\ccDuT0Qg.s 			page 3


 113              		.type	EE_th_dispatch_prio, %object
 114              		.size	EE_th_dispatch_prio, 16
 115              	EE_th_dispatch_prio:
 116 0060 80000000 		.word	128
 117 0064 01000000 		.word	1
 118 0068 10000000 		.word	16
 119 006c 04000000 		.word	4
 120              		.type	EE_EVENT_ID, %object
 121              		.size	EE_EVENT_ID, 4
 122              	EE_EVENT_ID:
 123 0070 01000000 		.word	1
 124              		.type	EE_th_ready_prio, %object
 125              		.size	EE_th_ready_prio, 16
 126              	EE_th_ready_prio:
 127 0074 01000000 		.word	1
 128 0078 01000000 		.word	1
 129 007c 10000000 		.word	16
 130 0080 04000000 		.word	4
 131              		.type	EE_terminate_real_th_body, %object
 132              		.size	EE_terminate_real_th_body, 16
 133              	EE_terminate_real_th_body:
 134 0084 00000000 		.word	Functsk_init
 135 0088 00000000 		.word	Functsk_background
 136 008c 00000000 		.word	Functsk_io
 137 0090 00000000 		.word	Functsk_control
 138              		.type	EE_hal_thread_body, %object
 139              		.size	EE_hal_thread_body, 16
 140              	EE_hal_thread_body:
 141 0094 00000000 		.word	EE_oo_thread_stub
 142 0098 00000000 		.word	EE_oo_thread_stub
 143 009c 00000000 		.word	EE_oo_thread_stub
 144 00a0 00000000 		.word	EE_oo_thread_stub
 145              		.type	EE_std_thread_tos, %object
 146              		.size	EE_std_thread_tos, 20
 147              	EE_std_thread_tos:
 148 00a4 00000000 		.word	0
 149 00a8 00000000 		.word	0
 150 00ac 00000000 		.word	0
 151 00b0 00000000 		.word	0
 152 00b4 01000000 		.word	1
 153              		.data
 154              		.align	2
 155              		.type	EE_ALARM_NAME, %object
 156              		.size	EE_ALARM_NAME, 4
 157              	EE_ALARM_NAME:
 158 0000 00000000 		.word	.LC0
 159              		.type	EE_counter_RAM, %object
 160              		.size	EE_counter_RAM, 8
 161              	EE_counter_RAM:
 162 0004 00000000 		.word	0
 163 0008 FFFFFFFF 		.word	-1
 164              		.type	EE_th_terminate_nextask, %object
 165              		.size	EE_th_terminate_nextask, 16
 166              	EE_th_terminate_nextask:
 167 000c FFFFFFFF 		.word	-1
 168 0010 FFFFFFFF 		.word	-1
 169 0014 FFFFFFFF 		.word	-1
ARM GAS  C:\Users\bolob\AppData\Local\Temp\ccDuT0Qg.s 			page 4


 170 0018 FFFFFFFF 		.word	-1
 171              		.type	EE_rq_pairs_next, %object
 172              		.size	EE_rq_pairs_next, 16
 173              	EE_rq_pairs_next:
 174 001c 01000000 		.word	1
 175 0020 02000000 		.word	2
 176 0024 03000000 		.word	3
 177 0028 FFFFFFFF 		.word	-1
 178              		.type	EE_rq_link, %object
 179              		.size	EE_rq_link, 16
 180              	EE_rq_link:
 181 002c 00000000 		.word	0
 182 0030 00000000 		.word	0
 183 0034 04000000 		.word	4
 184 0038 02000000 		.word	2
 185              		.type	EE_th_rnact, %object
 186              		.size	EE_th_rnact, 16
 187              	EE_th_rnact:
 188 003c 01000000 		.word	1
 189 0040 01000000 		.word	1
 190 0044 01000000 		.word	1
 191 0048 01000000 		.word	1
 192              		.type	EE_rq_queues_tail, %object
 193              		.size	EE_rq_queues_tail, 64
 194              	EE_rq_queues_tail:
 195 004c FFFFFFFF 		.word	-1
 196 0050 FFFFFFFF 		.word	-1
 197 0054 FFFFFFFF 		.word	-1
 198 0058 FFFFFFFF 		.word	-1
 199 005c FFFFFFFF 		.word	-1
 200 0060 FFFFFFFF 		.word	-1
 201 0064 FFFFFFFF 		.word	-1
 202 0068 FFFFFFFF 		.word	-1
 203 006c FFFFFFFF 		.word	-1
 204 0070 FFFFFFFF 		.word	-1
 205 0074 FFFFFFFF 		.word	-1
 206 0078 FFFFFFFF 		.word	-1
 207 007c FFFFFFFF 		.word	-1
 208 0080 FFFFFFFF 		.word	-1
 209 0084 FFFFFFFF 		.word	-1
 210 0088 FFFFFFFF 		.word	-1
 211              		.type	EE_rq_queues_head, %object
 212              		.size	EE_rq_queues_head, 64
 213              	EE_rq_queues_head:
 214 008c FFFFFFFF 		.word	-1
 215 0090 FFFFFFFF 		.word	-1
 216 0094 FFFFFFFF 		.word	-1
 217 0098 FFFFFFFF 		.word	-1
 218 009c FFFFFFFF 		.word	-1
 219 00a0 FFFFFFFF 		.word	-1
 220 00a4 FFFFFFFF 		.word	-1
 221 00a8 FFFFFFFF 		.word	-1
 222 00ac FFFFFFFF 		.word	-1
 223 00b0 FFFFFFFF 		.word	-1
 224 00b4 FFFFFFFF 		.word	-1
 225 00b8 FFFFFFFF 		.word	-1
 226 00bc FFFFFFFF 		.word	-1
ARM GAS  C:\Users\bolob\AppData\Local\Temp\ccDuT0Qg.s 			page 5


 227 00c0 FFFFFFFF 		.word	-1
 228 00c4 FFFFFFFF 		.word	-1
 229 00c8 FFFFFFFF 		.word	-1
 230              		.type	EE_stkfirst, %object
 231              		.size	EE_stkfirst, 4
 232              	EE_stkfirst:
 233 00cc FFFFFFFF 		.word	-1
 234              		.type	EE_th_next, %object
 235              		.size	EE_th_next, 16
 236              	EE_th_next:
 237 00d0 FFFFFFFF 		.word	-1
 238 00d4 FFFFFFFF 		.word	-1
 239 00d8 FFFFFFFF 		.word	-1
 240 00dc FFFFFFFF 		.word	-1
 241              		.type	EE_th_status, %object
 242              		.size	EE_th_status, 16
 243              	EE_th_status:
 244 00e0 03000000 		.word	3
 245 00e4 03000000 		.word	3
 246 00e8 03000000 		.word	3
 247 00ec 03000000 		.word	3
 248              		.type	EE_EVENT_NAME, %object
 249              		.size	EE_EVENT_NAME, 4
 250              	EE_EVENT_NAME:
 251 00f0 08000000 		.word	.LC1
 252              		.type	EE_TASK_NAME, %object
 253              		.size	EE_TASK_NAME, 16
 254              	EE_TASK_NAME:
 255 00f4 18000000 		.word	.LC2
 256 00f8 24000000 		.word	.LC3
 257 00fc 34000000 		.word	.LC4
 258 0100 3C000000 		.word	.LC5
 259              		.type	EE_cortex_mx_IRQ_tos, %object
 260              		.size	EE_cortex_mx_IRQ_tos, 4
 261              	EE_cortex_mx_IRQ_tos:
 262 0104 00020000 		.word	EE_cortex_mx_stack_9+512
 263              		.type	EE_cortex_mx_system_tos, %object
 264              		.size	EE_cortex_mx_system_tos, 8
 265              	EE_cortex_mx_system_tos:
 266 0108 00000000 		.word	0
 267 010c C0030000 		.word	EE_cortex_mx_stack_4+960
 268              		.section	.rodata.str1.4,"aMS",%progbits,1
 269              		.align	2
 270              	.LC0:
 271 0000 616C6D5F 		.ascii	"alm_1ms\000"
 271      316D7300 
 272              	.LC1:
 273 0008 65765F65 		.ascii	"ev_event_onData\000"
 273      76656E74 
 273      5F6F6E44 
 273      61746100 
 274              	.LC2:
 275 0018 74736B5F 		.ascii	"tsk_init\000"
 275      696E6974 
 275      00
 276 0021 000000   		.space	3
 277              	.LC3:
ARM GAS  C:\Users\bolob\AppData\Local\Temp\ccDuT0Qg.s 			page 6


 278 0024 74736B5F 		.ascii	"tsk_background\000"
 278      6261636B 
 278      67726F75 
 278      6E6400
 279 0033 00       		.space	1
 280              	.LC4:
 281 0034 74736B5F 		.ascii	"tsk_io\000"
 281      696F00
 282 003b 00       		.space	1
 283              	.LC5:
 284 003c 74736B5F 		.ascii	"tsk_control\000"
 284      636F6E74 
 284      726F6C00 
 285              		.bss
 286              		.align	2
 287              		.type	EE_th_waswaiting, %object
 288              		.size	EE_th_waswaiting, 16
 289              	EE_th_waswaiting:
 290 0000 00000000 		.space	16
 290      00000000 
 290      00000000 
 290      00000000 
 291              		.type	EE_th_event_waitmask, %object
 292              		.size	EE_th_event_waitmask, 16
 293              	EE_th_event_waitmask:
 294 0010 00000000 		.space	16
 294      00000000 
 294      00000000 
 294      00000000 
 295              		.type	EE_th_event_active, %object
 296              		.size	EE_th_event_active, 16
 297              	EE_th_event_active:
 298 0020 00000000 		.space	16
 298      00000000 
 298      00000000 
 298      00000000 
 299              		.type	EE_rq_free, %object
 300              		.size	EE_rq_free, 4
 301              	EE_rq_free:
 302 0030 00000000 		.space	4
 303              		.type	EE_rq_bitmask, %object
 304              		.size	EE_rq_bitmask, 2
 305              	EE_rq_bitmask:
 306 0034 0000     		.space	2
 307 0036 0000     		.space	2
 308              		.type	EE_sys_ceiling, %object
 309              		.size	EE_sys_ceiling, 4
 310              	EE_sys_ceiling:
 311 0038 00000000 		.space	4
 312              		.type	EE_cortex_mx_active_tos, %object
 313              		.size	EE_cortex_mx_active_tos, 4
 314              	EE_cortex_mx_active_tos:
 315 003c 00000000 		.space	4
 316              		.text
 317              	.Letext0:
 318              		.file 1 "Generated_Source\\PSoC5\\ErikaOS_1_common_ee_types.inc"
 319              		.file 2 "Generated_Source\\PSoC5\\ErikaOS_1_cortex_mx_ee_cpu.inc"
ARM GAS  C:\Users\bolob\AppData\Local\Temp\ccDuT0Qg.s 			page 7


 320              		.file 3 "Generated_Source\\PSoC5\\ErikaOS_1_ee_oo_common.inc"
 321              		.file 4 "Generated_Source\\PSoC5\\ErikaOS_1_common_ee_hal_structs.inc"
 322              		.file 5 "Generated_Source\\PSoC5\\ErikaOS_1_eecfg.c"
 323              		.file 6 "Generated_Source\\PSoC5\\ErikaOS_1_ee_oo_intfunc.inc"
 324              		.file 7 "Generated_Source\\PSoC5\\ErikaOS_1_cortex_mx_ee_context.inc"
 325              		.file 8 "Generated_Source\\PSoC5\\ErikaOS_1_common_ee_primitives.inc"
 326              		.section	.debug_info,"",%progbits
 327              	.Ldebug_info0:
 328 0000 92080000 		.4byte	0x892
 329 0004 0400     		.2byte	0x4
 330 0006 00000000 		.4byte	.Ldebug_abbrev0
 331 000a 04       		.byte	0x4
 332 000b 01       		.uleb128 0x1
 333 000c 18050000 		.4byte	.LASF112
 334 0010 0C       		.byte	0xc
 335 0011 3C070000 		.4byte	.LASF113
 336 0015 2F030000 		.4byte	.LASF114
 337 0019 00000000 		.4byte	.Ldebug_line0
 338 001d 02       		.uleb128 0x2
 339 001e 01       		.byte	0x1
 340 001f 06       		.byte	0x6
 341 0020 0F010000 		.4byte	.LASF0
 342 0024 02       		.uleb128 0x2
 343 0025 01       		.byte	0x1
 344 0026 08       		.byte	0x8
 345 0027 90040000 		.4byte	.LASF1
 346 002b 02       		.uleb128 0x2
 347 002c 02       		.byte	0x2
 348 002d 05       		.byte	0x5
 349 002e D5040000 		.4byte	.LASF2
 350 0032 02       		.uleb128 0x2
 351 0033 02       		.byte	0x2
 352 0034 07       		.byte	0x7
 353 0035 84020000 		.4byte	.LASF3
 354 0039 02       		.uleb128 0x2
 355 003a 04       		.byte	0x4
 356 003b 05       		.byte	0x5
 357 003c 96010000 		.4byte	.LASF4
 358 0040 02       		.uleb128 0x2
 359 0041 04       		.byte	0x4
 360 0042 07       		.byte	0x7
 361 0043 31020000 		.4byte	.LASF5
 362 0047 02       		.uleb128 0x2
 363 0048 08       		.byte	0x8
 364 0049 05       		.byte	0x5
 365 004a 01010000 		.4byte	.LASF6
 366 004e 02       		.uleb128 0x2
 367 004f 08       		.byte	0x8
 368 0050 07       		.byte	0x7
 369 0051 5E000000 		.4byte	.LASF7
 370 0055 03       		.uleb128 0x3
 371 0056 04       		.byte	0x4
 372 0057 05       		.byte	0x5
 373 0058 696E7400 		.ascii	"int\000"
 374 005c 02       		.uleb128 0x2
 375 005d 04       		.byte	0x4
 376 005e 07       		.byte	0x7
ARM GAS  C:\Users\bolob\AppData\Local\Temp\ccDuT0Qg.s 			page 8


 377 005f F9010000 		.4byte	.LASF8
 378 0063 02       		.uleb128 0x2
 379 0064 08       		.byte	0x8
 380 0065 04       		.byte	0x4
 381 0066 DE030000 		.4byte	.LASF9
 382 006a 04       		.uleb128 0x4
 383 006b 5D040000 		.4byte	.LASF10
 384 006f 01       		.byte	0x1
 385 0070 52       		.byte	0x52
 386 0071 32000000 		.4byte	0x32
 387 0075 04       		.uleb128 0x4
 388 0076 21070000 		.4byte	.LASF11
 389 007a 01       		.byte	0x1
 390 007b 53       		.byte	0x53
 391 007c 55000000 		.4byte	0x55
 392 0080 04       		.uleb128 0x4
 393 0081 17070000 		.4byte	.LASF12
 394 0085 01       		.byte	0x1
 395 0086 54       		.byte	0x54
 396 0087 5C000000 		.4byte	0x5c
 397 008b 04       		.uleb128 0x4
 398 008c 95070000 		.4byte	.LASF13
 399 0090 01       		.byte	0x1
 400 0091 64       		.byte	0x64
 401 0092 96000000 		.4byte	0x96
 402 0096 05       		.uleb128 0x5
 403 0097 04       		.byte	0x4
 404 0098 06       		.uleb128 0x6
 405 0099 04       		.byte	0x4
 406 009a 9E000000 		.4byte	0x9e
 407 009e 07       		.uleb128 0x7
 408 009f 04       		.uleb128 0x4
 409 00a0 54020000 		.4byte	.LASF14
 410 00a4 01       		.byte	0x1
 411 00a5 70       		.byte	0x70
 412 00a6 98000000 		.4byte	0x98
 413 00aa 04       		.uleb128 0x4
 414 00ab B2050000 		.4byte	.LASF15
 415 00af 01       		.byte	0x1
 416 00b0 73       		.byte	0x73
 417 00b1 98000000 		.4byte	0x98
 418 00b5 04       		.uleb128 0x4
 419 00b6 06020000 		.4byte	.LASF16
 420 00ba 02       		.byte	0x2
 421 00bb 4D       		.byte	0x4d
 422 00bc 80000000 		.4byte	0x80
 423 00c0 04       		.uleb128 0x4
 424 00c1 00040000 		.4byte	.LASF17
 425 00c5 02       		.byte	0x2
 426 00c6 4E       		.byte	0x4e
 427 00c7 75000000 		.4byte	0x75
 428 00cb 04       		.uleb128 0x4
 429 00cc AF070000 		.4byte	.LASF18
 430 00d0 02       		.byte	0x2
 431 00d1 4F       		.byte	0x4f
 432 00d2 80000000 		.4byte	0x80
 433 00d6 04       		.uleb128 0x4
ARM GAS  C:\Users\bolob\AppData\Local\Temp\ccDuT0Qg.s 			page 9


 434 00d7 3D000000 		.4byte	.LASF19
 435 00db 02       		.byte	0x2
 436 00dc 54       		.byte	0x54
 437 00dd B5000000 		.4byte	0xb5
 438 00e1 04       		.uleb128 0x4
 439 00e2 EC010000 		.4byte	.LASF20
 440 00e6 02       		.byte	0x2
 441 00e7 78       		.byte	0x78
 442 00e8 75000000 		.4byte	0x75
 443 00ec 08       		.uleb128 0x8
 444 00ed B3000000 		.4byte	.LASF61
 445 00f1 04       		.byte	0x4
 446 00f2 04       		.byte	0x4
 447 00f3 4D       		.byte	0x4d
 448 00f4 05010000 		.4byte	0x105
 449 00f8 09       		.uleb128 0x9
 450 00f9 81070000 		.4byte	.LASF28
 451 00fd 04       		.byte	0x4
 452 00fe 4E       		.byte	0x4e
 453 00ff 8B000000 		.4byte	0x8b
 454 0103 00       		.byte	0
 455 0104 00       		.byte	0
 456 0105 0A       		.uleb128 0xa
 457 0106 C5030000 		.4byte	.LASF21
 458 010a 03       		.byte	0x3
 459 010b 1101     		.2byte	0x111
 460 010d 6A000000 		.4byte	0x6a
 461 0111 0A       		.uleb128 0xa
 462 0112 AA000000 		.4byte	.LASF22
 463 0116 03       		.byte	0x3
 464 0117 F701     		.2byte	0x1f7
 465 0119 E1000000 		.4byte	0xe1
 466 011d 0A       		.uleb128 0xa
 467 011e 32010000 		.4byte	.LASF23
 468 0122 03       		.byte	0x3
 469 0123 2C02     		.2byte	0x22c
 470 0125 B5000000 		.4byte	0xb5
 471 0129 0A       		.uleb128 0xa
 472 012a 1D000000 		.4byte	.LASF24
 473 012e 03       		.byte	0x3
 474 012f 3502     		.2byte	0x235
 475 0131 B5000000 		.4byte	0xb5
 476 0135 0A       		.uleb128 0xa
 477 0136 0B060000 		.4byte	.LASF25
 478 013a 03       		.byte	0x3
 479 013b 5D02     		.2byte	0x25d
 480 013d B5000000 		.4byte	0xb5
 481 0141 0A       		.uleb128 0xa
 482 0142 32000000 		.4byte	.LASF26
 483 0146 03       		.byte	0x3
 484 0147 6302     		.2byte	0x263
 485 0149 B5000000 		.4byte	0xb5
 486 014d 0A       		.uleb128 0xa
 487 014e 72030000 		.4byte	.LASF27
 488 0152 03       		.byte	0x3
 489 0153 6C02     		.2byte	0x26c
 490 0155 B5000000 		.4byte	0xb5
ARM GAS  C:\Users\bolob\AppData\Local\Temp\ccDuT0Qg.s 			page 10


 491 0159 0B       		.uleb128 0xb
 492 015a 0C       		.byte	0xc
 493 015b 03       		.byte	0x3
 494 015c 7202     		.2byte	0x272
 495 015e 8A010000 		.4byte	0x18a
 496 0162 0C       		.uleb128 0xc
 497 0163 BA000000 		.4byte	.LASF29
 498 0167 03       		.byte	0x3
 499 0168 7302     		.2byte	0x273
 500 016a 29010000 		.4byte	0x129
 501 016e 00       		.byte	0
 502 016f 0C       		.uleb128 0xc
 503 0170 08040000 		.4byte	.LASF30
 504 0174 03       		.byte	0x3
 505 0175 7402     		.2byte	0x274
 506 0177 29010000 		.4byte	0x129
 507 017b 04       		.byte	0x4
 508 017c 0C       		.uleb128 0xc
 509 017d E3010000 		.4byte	.LASF31
 510 0181 03       		.byte	0x3
 511 0182 7502     		.2byte	0x275
 512 0184 29010000 		.4byte	0x129
 513 0188 08       		.byte	0x8
 514 0189 00       		.byte	0
 515 018a 0A       		.uleb128 0xa
 516 018b 01050000 		.4byte	.LASF32
 517 018f 03       		.byte	0x3
 518 0190 7A02     		.2byte	0x27a
 519 0192 59010000 		.4byte	0x159
 520 0196 0B       		.uleb128 0xb
 521 0197 08       		.byte	0x8
 522 0198 03       		.byte	0x3
 523 0199 7D02     		.2byte	0x27d
 524 019b BA010000 		.4byte	0x1ba
 525 019f 0C       		.uleb128 0xc
 526 01a0 F3010000 		.4byte	.LASF33
 527 01a4 03       		.byte	0x3
 528 01a5 7E02     		.2byte	0x27e
 529 01a7 29010000 		.4byte	0x129
 530 01ab 00       		.byte	0
 531 01ac 0C       		.uleb128 0xc
 532 01ad 05060000 		.4byte	.LASF34
 533 01b1 03       		.byte	0x3
 534 01b2 7F02     		.2byte	0x27f
 535 01b4 35010000 		.4byte	0x135
 536 01b8 04       		.byte	0x4
 537 01b9 00       		.byte	0
 538 01ba 0A       		.uleb128 0xa
 539 01bb 73010000 		.4byte	.LASF35
 540 01bf 03       		.byte	0x3
 541 01c0 8002     		.2byte	0x280
 542 01c2 96010000 		.4byte	0x196
 543 01c6 0D       		.uleb128 0xd
 544 01c7 01       		.byte	0x1
 545 01c8 24000000 		.4byte	0x24
 546 01cc 03       		.byte	0x3
 547 01cd 8A02     		.2byte	0x28a
ARM GAS  C:\Users\bolob\AppData\Local\Temp\ccDuT0Qg.s 			page 11


 548 01cf E0010000 		.4byte	0x1e0
 549 01d3 0E       		.uleb128 0xe
 550 01d4 9E040000 		.4byte	.LASF36
 551 01d8 00       		.byte	0
 552 01d9 0E       		.uleb128 0xe
 553 01da 67040000 		.4byte	.LASF37
 554 01de 01       		.byte	0x1
 555 01df 00       		.byte	0
 556 01e0 0A       		.uleb128 0xa
 557 01e1 AF020000 		.4byte	.LASF38
 558 01e5 03       		.byte	0x3
 559 01e6 8D02     		.2byte	0x28d
 560 01e8 C6010000 		.4byte	0x1c6
 561 01ec 0A       		.uleb128 0xa
 562 01ed DB020000 		.4byte	.LASF39
 563 01f1 03       		.byte	0x3
 564 01f2 9002     		.2byte	0x290
 565 01f4 E0010000 		.4byte	0x1e0
 566 01f8 0B       		.uleb128 0xb
 567 01f9 0C       		.byte	0xc
 568 01fa 03       		.byte	0x3
 569 01fb 9402     		.2byte	0x294
 570 01fd 27020000 		.4byte	0x227
 571 0201 0F       		.uleb128 0xf
 572 0202 6300     		.ascii	"c\000"
 573 0204 03       		.byte	0x3
 574 0205 9602     		.2byte	0x296
 575 0207 4D010000 		.4byte	0x14d
 576 020b 00       		.byte	0
 577 020c 0C       		.uleb128 0xc
 578 020d 62060000 		.4byte	.LASF40
 579 0211 03       		.byte	0x3
 580 0212 9802     		.2byte	0x298
 581 0214 35010000 		.4byte	0x135
 582 0218 04       		.byte	0x4
 583 0219 0C       		.uleb128 0xc
 584 021a 7F020000 		.4byte	.LASF41
 585 021e 03       		.byte	0x3
 586 021f 9A02     		.2byte	0x29a
 587 0221 EC010000 		.4byte	0x1ec
 588 0225 08       		.byte	0x8
 589 0226 00       		.byte	0
 590 0227 0A       		.uleb128 0xa
 591 0228 7B000000 		.4byte	.LASF42
 592 022c 03       		.byte	0x3
 593 022d 9B02     		.2byte	0x29b
 594 022f F8010000 		.4byte	0x1f8
 595 0233 0B       		.uleb128 0xb
 596 0234 10       		.byte	0x10
 597 0235 03       		.byte	0x3
 598 0236 9F02     		.2byte	0x29f
 599 0238 71020000 		.4byte	0x271
 600 023c 0C       		.uleb128 0xc
 601 023d 15040000 		.4byte	.LASF43
 602 0241 03       		.byte	0x3
 603 0242 A002     		.2byte	0x2a0
 604 0244 D6000000 		.4byte	0xd6
ARM GAS  C:\Users\bolob\AppData\Local\Temp\ccDuT0Qg.s 			page 12


 605 0248 00       		.byte	0
 606 0249 0C       		.uleb128 0xc
 607 024a 78070000 		.4byte	.LASF44
 608 024e 03       		.byte	0x3
 609 024f A102     		.2byte	0x2a1
 610 0251 29010000 		.4byte	0x129
 611 0255 04       		.byte	0x4
 612 0256 0C       		.uleb128 0xc
 613 0257 75000000 		.4byte	.LASF45
 614 025b 03       		.byte	0x3
 615 025c A202     		.2byte	0x2a2
 616 025e 29010000 		.4byte	0x129
 617 0262 08       		.byte	0x8
 618 0263 0C       		.uleb128 0xc
 619 0264 00000000 		.4byte	.LASF46
 620 0268 03       		.byte	0x3
 621 0269 A302     		.2byte	0x2a3
 622 026b 35010000 		.4byte	0x135
 623 026f 0C       		.byte	0xc
 624 0270 00       		.byte	0
 625 0271 0A       		.uleb128 0xa
 626 0272 1A040000 		.4byte	.LASF47
 627 0276 03       		.byte	0x3
 628 0277 A402     		.2byte	0x2a4
 629 0279 33020000 		.4byte	0x233
 630 027d 0D       		.uleb128 0xd
 631 027e 01       		.byte	0x1
 632 027f 24000000 		.4byte	0x24
 633 0283 03       		.byte	0x3
 634 0284 A702     		.2byte	0x2a7
 635 0286 A3020000 		.4byte	0x2a3
 636 028a 0E       		.uleb128 0xe
 637 028b 22060000 		.4byte	.LASF48
 638 028f 00       		.byte	0
 639 0290 0E       		.uleb128 0xe
 640 0291 6A060000 		.4byte	.LASF49
 641 0295 01       		.byte	0x1
 642 0296 0E       		.uleb128 0xe
 643 0297 41060000 		.4byte	.LASF50
 644 029b 02       		.byte	0x2
 645 029c 0E       		.uleb128 0xe
 646 029d E4050000 		.4byte	.LASF51
 647 02a1 03       		.byte	0x3
 648 02a2 00       		.byte	0
 649 02a3 0A       		.uleb128 0xa
 650 02a4 1B010000 		.4byte	.LASF52
 651 02a8 03       		.byte	0x3
 652 02a9 AC02     		.2byte	0x2ac
 653 02ab 7D020000 		.4byte	0x27d
 654 02af 0A       		.uleb128 0xa
 655 02b0 C6060000 		.4byte	.LASF53
 656 02b4 03       		.byte	0x3
 657 02b5 AF02     		.2byte	0x2af
 658 02b7 A3020000 		.4byte	0x2a3
 659 02bb 0B       		.uleb128 0xb
 660 02bc 14       		.byte	0x14
 661 02bd 03       		.byte	0x3
ARM GAS  C:\Users\bolob\AppData\Local\Temp\ccDuT0Qg.s 			page 13


 662 02be B202     		.2byte	0x2b2
 663 02c0 04030000 		.4byte	0x304
 664 02c4 0C       		.uleb128 0xc
 665 02c5 9C060000 		.4byte	.LASF54
 666 02c9 03       		.byte	0x3
 667 02ca B302     		.2byte	0x2b3
 668 02cc AF020000 		.4byte	0x2af
 669 02d0 00       		.byte	0
 670 02d1 0C       		.uleb128 0xc
 671 02d2 89070000 		.4byte	.LASF55
 672 02d6 03       		.byte	0x3
 673 02d7 B402     		.2byte	0x2b4
 674 02d9 11010000 		.4byte	0x111
 675 02dd 04       		.byte	0x4
 676 02de 0C       		.uleb128 0xc
 677 02df A6050000 		.4byte	.LASF56
 678 02e3 03       		.byte	0x3
 679 02e4 B602     		.2byte	0x2b6
 680 02e6 1D010000 		.4byte	0x11d
 681 02ea 08       		.byte	0x8
 682 02eb 0F       		.uleb128 0xf
 683 02ec 6600     		.ascii	"f\000"
 684 02ee 03       		.byte	0x3
 685 02ef B802     		.2byte	0x2b8
 686 02f1 9F000000 		.4byte	0x9f
 687 02f5 0C       		.byte	0xc
 688 02f6 0C       		.uleb128 0xc
 689 02f7 CC040000 		.4byte	.LASF57
 690 02fb 03       		.byte	0x3
 691 02fc BA02     		.2byte	0x2ba
 692 02fe 4D010000 		.4byte	0x14d
 693 0302 10       		.byte	0x10
 694 0303 00       		.byte	0
 695 0304 0A       		.uleb128 0xa
 696 0305 47040000 		.4byte	.LASF58
 697 0309 03       		.byte	0x3
 698 030a BB02     		.2byte	0x2bb
 699 030c BB020000 		.4byte	0x2bb
 700 0310 0B       		.uleb128 0xb
 701 0311 04       		.byte	0x4
 702 0312 03       		.byte	0x3
 703 0313 BD02     		.2byte	0x2bd
 704 0315 27030000 		.4byte	0x327
 705 0319 0C       		.uleb128 0xc
 706 031a 97030000 		.4byte	.LASF59
 707 031e 03       		.byte	0x3
 708 031f BF02     		.2byte	0x2bf
 709 0321 41010000 		.4byte	0x141
 710 0325 00       		.byte	0
 711 0326 00       		.byte	0
 712 0327 0A       		.uleb128 0xa
 713 0328 0E020000 		.4byte	.LASF60
 714 032c 03       		.byte	0x3
 715 032d C402     		.2byte	0x2c4
 716 032f 10030000 		.4byte	0x310
 717 0333 10       		.uleb128 0x10
 718 0334 65020000 		.4byte	.LASF62
ARM GAS  C:\Users\bolob\AppData\Local\Temp\ccDuT0Qg.s 			page 14


 719 0338 08       		.byte	0x8
 720 0339 03       		.byte	0x3
 721 033a 0E04     		.2byte	0x40e
 722 033c 5A030000 		.4byte	0x35a
 723 0340 0F       		.uleb128 0xf
 724 0341 6E7400   		.ascii	"nt\000"
 725 0344 03       		.byte	0x3
 726 0345 0F04     		.2byte	0x40f
 727 0347 B5000000 		.4byte	0xb5
 728 034b 00       		.byte	0
 729 034c 0C       		.uleb128 0xc
 730 034d A8060000 		.4byte	.LASF63
 731 0351 03       		.byte	0x3
 732 0352 1004     		.2byte	0x410
 733 0354 6A030000 		.4byte	0x36a
 734 0358 04       		.byte	0x4
 735 0359 00       		.byte	0
 736 035a 11       		.uleb128 0x11
 737 035b 65030000 		.4byte	0x365
 738 035f 65030000 		.4byte	0x365
 739 0363 12       		.uleb128 0x12
 740 0364 00       		.byte	0
 741 0365 13       		.uleb128 0x13
 742 0366 E1000000 		.4byte	0xe1
 743 036a 06       		.uleb128 0x6
 744 036b 04       		.byte	0x4
 745 036c 5A030000 		.4byte	0x35a
 746 0370 11       		.uleb128 0x11
 747 0371 65030000 		.4byte	0x365
 748 0375 80030000 		.4byte	0x380
 749 0379 14       		.uleb128 0x14
 750 037a 80030000 		.4byte	0x380
 751 037e 00       		.byte	0
 752 037f 00       		.byte	0
 753 0380 02       		.uleb128 0x2
 754 0381 04       		.byte	0x4
 755 0382 07       		.byte	0x7
 756 0383 D5030000 		.4byte	.LASF64
 757 0387 15       		.uleb128 0x15
 758 0388 CA000000 		.4byte	.LASF115
 759 038c 05       		.byte	0x5
 760 038d 6507     		.2byte	0x765
 761 038f 99030000 		.4byte	0x399
 762 0393 05       		.uleb128 0x5
 763 0394 03       		.byte	0x3
 764 0395 08000000 		.4byte	EE_oo_autostart_task_mode_OSDEFAULTAPPMODE
 765 0399 13       		.uleb128 0x13
 766 039a 70030000 		.4byte	0x370
 767 039e 11       		.uleb128 0x11
 768 039f AE030000 		.4byte	0x3ae
 769 03a3 AE030000 		.4byte	0x3ae
 770 03a7 14       		.uleb128 0x14
 771 03a8 80030000 		.4byte	0x380
 772 03ac 03       		.byte	0x3
 773 03ad 00       		.byte	0
 774 03ae 13       		.uleb128 0x13
 775 03af AA000000 		.4byte	0xaa
ARM GAS  C:\Users\bolob\AppData\Local\Temp\ccDuT0Qg.s 			page 15


 776 03b3 16       		.uleb128 0x16
 777 03b4 7A060000 		.4byte	.LASF65
 778 03b8 05       		.byte	0x5
 779 03b9 D2       		.byte	0xd2
 780 03ba C4030000 		.4byte	0x3c4
 781 03be 05       		.uleb128 0x5
 782 03bf 03       		.byte	0x3
 783 03c0 00000000 		.4byte	EE_hal_thread_body
 784 03c4 13       		.uleb128 0x13
 785 03c5 9E030000 		.4byte	0x39e
 786 03c9 11       		.uleb128 0x11
 787 03ca D9030000 		.4byte	0x3d9
 788 03ce D9030000 		.4byte	0x3d9
 789 03d2 14       		.uleb128 0x14
 790 03d3 80030000 		.4byte	0x380
 791 03d7 04       		.byte	0x4
 792 03d8 00       		.byte	0
 793 03d9 13       		.uleb128 0x13
 794 03da B5000000 		.4byte	0xb5
 795 03de 16       		.uleb128 0x16
 796 03df D2050000 		.4byte	.LASF66
 797 03e3 05       		.byte	0x5
 798 03e4 71       		.byte	0x71
 799 03e5 EF030000 		.4byte	0x3ef
 800 03e9 05       		.uleb128 0x5
 801 03ea 03       		.byte	0x3
 802 03eb 00000000 		.4byte	EE_std_thread_tos
 803 03ef 13       		.uleb128 0x13
 804 03f0 C9030000 		.4byte	0x3c9
 805 03f4 11       		.uleb128 0x11
 806 03f5 80000000 		.4byte	0x80
 807 03f9 04040000 		.4byte	0x404
 808 03fd 14       		.uleb128 0x14
 809 03fe 80030000 		.4byte	0x380
 810 0402 03       		.byte	0x3
 811 0403 00       		.byte	0
 812 0404 16       		.uleb128 0x16
 813 0405 2A070000 		.4byte	.LASF67
 814 0409 05       		.byte	0x5
 815 040a ED       		.byte	0xed
 816 040b F4030000 		.4byte	0x3f4
 817 040f 05       		.uleb128 0x5
 818 0410 03       		.byte	0x3
 819 0411 00000000 		.4byte	EE_terminate_data
 820 0415 16       		.uleb128 0x16
 821 0416 B2040000 		.4byte	.LASF68
 822 041a 05       		.byte	0x5
 823 041b F0       		.byte	0xf0
 824 041c 26040000 		.4byte	0x426
 825 0420 05       		.uleb128 0x5
 826 0421 03       		.byte	0x3
 827 0422 00000000 		.4byte	EE_terminate_real_th_body
 828 0426 13       		.uleb128 0x13
 829 0427 9E030000 		.4byte	0x39e
 830 042b 11       		.uleb128 0x11
 831 042c EC000000 		.4byte	0xec
 832 0430 3B040000 		.4byte	0x43b
ARM GAS  C:\Users\bolob\AppData\Local\Temp\ccDuT0Qg.s 			page 16


 833 0434 14       		.uleb128 0x14
 834 0435 80030000 		.4byte	0x380
 835 0439 01       		.byte	0x1
 836 043a 00       		.byte	0
 837 043b 16       		.uleb128 0x16
 838 043c 78040000 		.4byte	.LASF69
 839 0440 05       		.byte	0x5
 840 0441 8D       		.byte	0x8d
 841 0442 2B040000 		.4byte	0x42b
 842 0446 05       		.uleb128 0x5
 843 0447 03       		.byte	0x3
 844 0448 00000000 		.4byte	EE_cortex_mx_system_tos
 845 044c 16       		.uleb128 0x16
 846 044d 5B010000 		.4byte	.LASF70
 847 0451 05       		.byte	0x5
 848 0452 A9       		.byte	0xa9
 849 0453 B5000000 		.4byte	0xb5
 850 0457 05       		.uleb128 0x5
 851 0458 03       		.byte	0x3
 852 0459 00000000 		.4byte	EE_cortex_mx_active_tos
 853 045d 11       		.uleb128 0x11
 854 045e D9030000 		.4byte	0x3d9
 855 0462 6D040000 		.4byte	0x46d
 856 0466 14       		.uleb128 0x14
 857 0467 80030000 		.4byte	0x380
 858 046b 03       		.byte	0x3
 859 046c 00       		.byte	0
 860 046d 17       		.uleb128 0x17
 861 046e 31060000 		.4byte	.LASF71
 862 0472 05       		.byte	0x5
 863 0473 E202     		.2byte	0x2e2
 864 0475 7F040000 		.4byte	0x47f
 865 0479 05       		.uleb128 0x5
 866 047a 03       		.byte	0x3
 867 047b 00000000 		.4byte	EE_th_rnact_max
 868 047f 13       		.uleb128 0x13
 869 0480 5D040000 		.4byte	0x45d
 870 0484 17       		.uleb128 0x17
 871 0485 D5060000 		.4byte	.LASF72
 872 0489 05       		.byte	0x5
 873 048a 0C01     		.2byte	0x10c
 874 048c 96040000 		.4byte	0x496
 875 0490 05       		.uleb128 0x5
 876 0491 03       		.byte	0x3
 877 0492 00000000 		.4byte	EE_th_ready_prio
 878 0496 13       		.uleb128 0x13
 879 0497 5D040000 		.4byte	0x45d
 880 049b 17       		.uleb128 0x17
 881 049c F1020000 		.4byte	.LASF73
 882 04a0 05       		.byte	0x5
 883 04a1 4502     		.2byte	0x245
 884 04a3 AD040000 		.4byte	0x4ad
 885 04a7 05       		.uleb128 0x5
 886 04a8 03       		.byte	0x3
 887 04a9 00000000 		.4byte	EE_th_dispatch_prio
 888 04ad 13       		.uleb128 0x13
 889 04ae 5D040000 		.4byte	0x45d
ARM GAS  C:\Users\bolob\AppData\Local\Temp\ccDuT0Qg.s 			page 17


 890 04b2 11       		.uleb128 0x11
 891 04b3 C2040000 		.4byte	0x4c2
 892 04b7 C2040000 		.4byte	0x4c2
 893 04bb 14       		.uleb128 0x14
 894 04bc 80030000 		.4byte	0x380
 895 04c0 03       		.byte	0x3
 896 04c1 00       		.byte	0
 897 04c2 06       		.uleb128 0x6
 898 04c3 04       		.byte	0x4
 899 04c4 CF040000 		.4byte	0x4cf
 900 04c8 02       		.uleb128 0x2
 901 04c9 01       		.byte	0x1
 902 04ca 08       		.byte	0x8
 903 04cb 1D060000 		.4byte	.LASF74
 904 04cf 13       		.uleb128 0x13
 905 04d0 C8040000 		.4byte	0x4c8
 906 04d4 17       		.uleb128 0x17
 907 04d5 F4040000 		.4byte	.LASF75
 908 04d9 05       		.byte	0x5
 909 04da 2801     		.2byte	0x128
 910 04dc B2040000 		.4byte	0x4b2
 911 04e0 05       		.uleb128 0x5
 912 04e1 03       		.byte	0x3
 913 04e2 00000000 		.4byte	EE_TASK_NAME
 914 04e6 11       		.uleb128 0x11
 915 04e7 C2040000 		.4byte	0x4c2
 916 04eb F6040000 		.4byte	0x4f6
 917 04ef 14       		.uleb128 0x14
 918 04f0 80030000 		.4byte	0x380
 919 04f4 00       		.byte	0
 920 04f5 00       		.byte	0
 921 04f6 17       		.uleb128 0x17
 922 04f7 40010000 		.4byte	.LASF76
 923 04fb 05       		.byte	0x5
 924 04fc 8101     		.2byte	0x181
 925 04fe E6040000 		.4byte	0x4e6
 926 0502 05       		.uleb128 0x5
 927 0503 03       		.byte	0x3
 928 0504 00000000 		.4byte	EE_EVENT_NAME
 929 0508 17       		.uleb128 0x17
 930 0509 23020000 		.4byte	.LASF77
 931 050d 05       		.byte	0x5
 932 050e 3D06     		.2byte	0x63d
 933 0510 E6040000 		.4byte	0x4e6
 934 0514 05       		.uleb128 0x5
 935 0515 03       		.byte	0x3
 936 0516 00000000 		.4byte	EE_ALARM_NAME
 937 051a 11       		.uleb128 0x11
 938 051b 2A050000 		.4byte	0x52a
 939 051f 2A050000 		.4byte	0x52a
 940 0523 14       		.uleb128 0x14
 941 0524 80030000 		.4byte	0x380
 942 0528 00       		.byte	0
 943 0529 00       		.byte	0
 944 052a 13       		.uleb128 0x13
 945 052b 40000000 		.4byte	0x40
 946 052f 17       		.uleb128 0x17
ARM GAS  C:\Users\bolob\AppData\Local\Temp\ccDuT0Qg.s 			page 18


 947 0530 8A010000 		.4byte	.LASF78
 948 0534 05       		.byte	0x5
 949 0535 E201     		.2byte	0x1e2
 950 0537 41050000 		.4byte	0x541
 951 053b 05       		.uleb128 0x5
 952 053c 03       		.byte	0x3
 953 053d 00000000 		.4byte	EE_EVENT_ID
 954 0541 13       		.uleb128 0x13
 955 0542 1A050000 		.4byte	0x51a
 956 0546 17       		.uleb128 0x17
 957 0547 F5000000 		.4byte	.LASF79
 958 054b 05       		.byte	0x5
 959 054c 5906     		.2byte	0x659
 960 054e 58050000 		.4byte	0x558
 961 0552 05       		.uleb128 0x5
 962 0553 03       		.byte	0x3
 963 0554 00000000 		.4byte	EE_ALARM_ID
 964 0558 13       		.uleb128 0x13
 965 0559 1A050000 		.4byte	0x51a
 966 055d 11       		.uleb128 0x11
 967 055e B5000000 		.4byte	0xb5
 968 0562 6D050000 		.4byte	0x56d
 969 0566 14       		.uleb128 0x14
 970 0567 80030000 		.4byte	0x380
 971 056b 03       		.byte	0x3
 972 056c 00       		.byte	0
 973 056d 17       		.uleb128 0x17
 974 056e CE020000 		.4byte	.LASF80
 975 0572 05       		.byte	0x5
 976 0573 8102     		.2byte	0x281
 977 0575 5D050000 		.4byte	0x55d
 978 0579 05       		.uleb128 0x5
 979 057a 03       		.byte	0x3
 980 057b 00000000 		.4byte	EE_th_status
 981 057f 11       		.uleb128 0x11
 982 0580 E1000000 		.4byte	0xe1
 983 0584 8F050000 		.4byte	0x58f
 984 0588 14       		.uleb128 0x14
 985 0589 80030000 		.4byte	0x380
 986 058d 03       		.byte	0x3
 987 058e 00       		.byte	0
 988 058f 17       		.uleb128 0x17
 989 0590 A7040000 		.4byte	.LASF81
 990 0594 05       		.byte	0x5
 991 0595 9D02     		.2byte	0x29d
 992 0597 7F050000 		.4byte	0x57f
 993 059b 05       		.uleb128 0x5
 994 059c 03       		.byte	0x3
 995 059d 00000000 		.4byte	EE_th_next
 996 05a1 17       		.uleb128 0x17
 997 05a2 E6060000 		.4byte	.LASF82
 998 05a6 05       		.byte	0x5
 999 05a7 C702     		.2byte	0x2c7
 1000 05a9 5D050000 		.4byte	0x55d
 1001 05ad 05       		.uleb128 0x5
 1002 05ae 03       		.byte	0x3
 1003 05af 00000000 		.4byte	EE_th_rnact
ARM GAS  C:\Users\bolob\AppData\Local\Temp\ccDuT0Qg.s 			page 19


 1004 05b3 17       		.uleb128 0x17
 1005 05b4 05000000 		.4byte	.LASF83
 1006 05b8 05       		.byte	0x5
 1007 05b9 7703     		.2byte	0x377
 1008 05bb 7F050000 		.4byte	0x57f
 1009 05bf 05       		.uleb128 0x5
 1010 05c0 03       		.byte	0x3
 1011 05c1 00000000 		.4byte	EE_th_terminate_nextask
 1012 05c5 17       		.uleb128 0x17
 1013 05c6 26000000 		.4byte	.LASF84
 1014 05ca 05       		.byte	0x5
 1015 05cb B902     		.2byte	0x2b9
 1016 05cd E1000000 		.4byte	0xe1
 1017 05d1 05       		.uleb128 0x5
 1018 05d2 03       		.byte	0x3
 1019 05d3 00000000 		.4byte	EE_stkfirst
 1020 05d7 17       		.uleb128 0x17
 1021 05d8 8D060000 		.4byte	.LASF85
 1022 05dc 05       		.byte	0x5
 1023 05dd BC02     		.2byte	0x2bc
 1024 05df B5000000 		.4byte	0xb5
 1025 05e3 05       		.uleb128 0x5
 1026 05e4 03       		.byte	0x3
 1027 05e5 00000000 		.4byte	EE_sys_ceiling
 1028 05e9 17       		.uleb128 0x17
 1029 05ea F5030000 		.4byte	.LASF86
 1030 05ee 05       		.byte	0x5
 1031 05ef FD02     		.2byte	0x2fd
 1032 05f1 5D050000 		.4byte	0x55d
 1033 05f5 05       		.uleb128 0x5
 1034 05f6 03       		.byte	0x3
 1035 05f7 00000000 		.4byte	EE_rq_link
 1036 05fb 11       		.uleb128 0x11
 1037 05fc C0000000 		.4byte	0xc0
 1038 0600 0B060000 		.4byte	0x60b
 1039 0604 14       		.uleb128 0x14
 1040 0605 80030000 		.4byte	0x380
 1041 0609 0F       		.byte	0xf
 1042 060a 00       		.byte	0
 1043 060b 17       		.uleb128 0x17
 1044 060c 9F010000 		.4byte	.LASF87
 1045 0610 05       		.byte	0x5
 1046 0611 BF02     		.2byte	0x2bf
 1047 0613 FB050000 		.4byte	0x5fb
 1048 0617 05       		.uleb128 0x5
 1049 0618 03       		.byte	0x3
 1050 0619 00000000 		.4byte	EE_rq_queues_head
 1051 061d 17       		.uleb128 0x17
 1052 061e C0050000 		.4byte	.LASF88
 1053 0622 05       		.byte	0x5
 1054 0623 C102     		.2byte	0x2c1
 1055 0625 FB050000 		.4byte	0x5fb
 1056 0629 05       		.uleb128 0x5
 1057 062a 03       		.byte	0x3
 1058 062b 00000000 		.4byte	EE_rq_queues_tail
 1059 062f 11       		.uleb128 0x11
 1060 0630 C0000000 		.4byte	0xc0
ARM GAS  C:\Users\bolob\AppData\Local\Temp\ccDuT0Qg.s 			page 20


 1061 0634 3F060000 		.4byte	0x63f
 1062 0638 14       		.uleb128 0x14
 1063 0639 80030000 		.4byte	0x380
 1064 063d 03       		.byte	0x3
 1065 063e 00       		.byte	0
 1066 063f 17       		.uleb128 0x17
 1067 0640 99000000 		.4byte	.LASF89
 1068 0644 05       		.byte	0x5
 1069 0645 1B03     		.2byte	0x31b
 1070 0647 2F060000 		.4byte	0x62f
 1071 064b 05       		.uleb128 0x5
 1072 064c 03       		.byte	0x3
 1073 064d 00000000 		.4byte	EE_rq_pairs_next
 1074 0651 17       		.uleb128 0x17
 1075 0652 F2060000 		.4byte	.LASF90
 1076 0656 05       		.byte	0x5
 1077 0657 7003     		.2byte	0x370
 1078 0659 7F050000 		.4byte	0x57f
 1079 065d 05       		.uleb128 0x5
 1080 065e 03       		.byte	0x3
 1081 065f 00000000 		.4byte	EE_rq_pairs_tid
 1082 0663 17       		.uleb128 0x17
 1083 0664 F7050000 		.4byte	.LASF91
 1084 0668 05       		.byte	0x5
 1085 0669 C402     		.2byte	0x2c4
 1086 066b 05010000 		.4byte	0x105
 1087 066f 05       		.uleb128 0x5
 1088 0670 03       		.byte	0x3
 1089 0671 00000000 		.4byte	EE_rq_bitmask
 1090 0675 17       		.uleb128 0x17
 1091 0676 EA030000 		.4byte	.LASF92
 1092 067a 05       		.byte	0x5
 1093 067b 7303     		.2byte	0x373
 1094 067d C0000000 		.4byte	0xc0
 1095 0681 05       		.uleb128 0x5
 1096 0682 03       		.byte	0x3
 1097 0683 00000000 		.4byte	EE_rq_free
 1098 0687 17       		.uleb128 0x17
 1099 0688 65070000 		.4byte	.LASF93
 1100 068c 05       		.byte	0x5
 1101 068d 9A03     		.2byte	0x39a
 1102 068f 5D050000 		.4byte	0x55d
 1103 0693 05       		.uleb128 0x5
 1104 0694 03       		.byte	0x3
 1105 0695 00000000 		.4byte	EE_th_event_active
 1106 0699 17       		.uleb128 0x17
 1107 069a DF040000 		.4byte	.LASF94
 1108 069e 05       		.byte	0x5
 1109 069f B603     		.2byte	0x3b6
 1110 06a1 5D050000 		.4byte	0x55d
 1111 06a5 05       		.uleb128 0x5
 1112 06a6 03       		.byte	0x3
 1113 06a7 00000000 		.4byte	EE_th_event_waitmask
 1114 06ab 11       		.uleb128 0x11
 1115 06ac D6000000 		.4byte	0xd6
 1116 06b0 BB060000 		.4byte	0x6bb
 1117 06b4 14       		.uleb128 0x14
ARM GAS  C:\Users\bolob\AppData\Local\Temp\ccDuT0Qg.s 			page 21


 1118 06b5 80030000 		.4byte	0x380
 1119 06b9 03       		.byte	0x3
 1120 06ba 00       		.byte	0
 1121 06bb 17       		.uleb128 0x17
 1122 06bc 43020000 		.4byte	.LASF95
 1123 06c0 05       		.byte	0x5
 1124 06c1 D203     		.2byte	0x3d2
 1125 06c3 AB060000 		.4byte	0x6ab
 1126 06c7 05       		.uleb128 0x5
 1127 06c8 03       		.byte	0x3
 1128 06c9 00000000 		.4byte	EE_th_waswaiting
 1129 06cd 17       		.uleb128 0x17
 1130 06ce 9D070000 		.4byte	.LASF96
 1131 06d2 05       		.byte	0x5
 1132 06d3 EE03     		.2byte	0x3ee
 1133 06d5 DF060000 		.4byte	0x6df
 1134 06d9 05       		.uleb128 0x5
 1135 06da 03       		.byte	0x3
 1136 06db 00000000 		.4byte	EE_th_is_extended
 1137 06df 13       		.uleb128 0x13
 1138 06e0 5D040000 		.4byte	0x45d
 1139 06e4 11       		.uleb128 0x11
 1140 06e5 F4060000 		.4byte	0x6f4
 1141 06e9 F4060000 		.4byte	0x6f4
 1142 06ed 14       		.uleb128 0x14
 1143 06ee 80030000 		.4byte	0x380
 1144 06f2 00       		.byte	0
 1145 06f3 00       		.byte	0
 1146 06f4 13       		.uleb128 0x13
 1147 06f5 8A010000 		.4byte	0x18a
 1148 06f9 17       		.uleb128 0x17
 1149 06fa 38040000 		.4byte	.LASF97
 1150 06fe 05       		.byte	0x5
 1151 06ff FF05     		.2byte	0x5ff
 1152 0701 0B070000 		.4byte	0x70b
 1153 0705 05       		.uleb128 0x5
 1154 0706 03       		.byte	0x3
 1155 0707 00000000 		.4byte	EE_counter_ROM
 1156 070b 13       		.uleb128 0x13
 1157 070c E4060000 		.4byte	0x6e4
 1158 0710 11       		.uleb128 0x11
 1159 0711 20070000 		.4byte	0x720
 1160 0715 20070000 		.4byte	0x720
 1161 0719 14       		.uleb128 0x14
 1162 071a 80030000 		.4byte	0x380
 1163 071e 00       		.byte	0
 1164 071f 00       		.byte	0
 1165 0720 13       		.uleb128 0x13
 1166 0721 27020000 		.4byte	0x227
 1167 0725 17       		.uleb128 0x17
 1168 0726 7E030000 		.4byte	.LASF98
 1169 072a 05       		.byte	0x5
 1170 072b 9606     		.2byte	0x696
 1171 072d 37070000 		.4byte	0x737
 1172 0731 05       		.uleb128 0x5
 1173 0732 03       		.byte	0x3
 1174 0733 00000000 		.4byte	EE_oo_counter_object_ROM
ARM GAS  C:\Users\bolob\AppData\Local\Temp\ccDuT0Qg.s 			page 22


 1175 0737 13       		.uleb128 0x13
 1176 0738 10070000 		.4byte	0x710
 1177 073c 11       		.uleb128 0x11
 1178 073d 4C070000 		.4byte	0x74c
 1179 0741 4C070000 		.4byte	0x74c
 1180 0745 14       		.uleb128 0x14
 1181 0746 80030000 		.4byte	0x380
 1182 074a 00       		.byte	0
 1183 074b 00       		.byte	0
 1184 074c 13       		.uleb128 0x13
 1185 074d 04030000 		.4byte	0x304
 1186 0751 17       		.uleb128 0x17
 1187 0752 B4030000 		.4byte	.LASF99
 1188 0756 05       		.byte	0x5
 1189 0757 BA06     		.2byte	0x6ba
 1190 0759 63070000 		.4byte	0x763
 1191 075d 05       		.uleb128 0x5
 1192 075e 03       		.byte	0x3
 1193 075f 00000000 		.4byte	EE_oo_action_ROM
 1194 0763 13       		.uleb128 0x13
 1195 0764 3C070000 		.4byte	0x73c
 1196 0768 11       		.uleb128 0x11
 1197 0769 78070000 		.4byte	0x778
 1198 076d 78070000 		.4byte	0x778
 1199 0771 14       		.uleb128 0x14
 1200 0772 80030000 		.4byte	0x380
 1201 0776 00       		.byte	0
 1202 0777 00       		.byte	0
 1203 0778 13       		.uleb128 0x13
 1204 0779 27030000 		.4byte	0x327
 1205 077d 17       		.uleb128 0x17
 1206 077e 4E010000 		.4byte	.LASF100
 1207 0782 05       		.byte	0x5
 1208 0783 2006     		.2byte	0x620
 1209 0785 8F070000 		.4byte	0x78f
 1210 0789 05       		.uleb128 0x5
 1211 078a 03       		.byte	0x3
 1212 078b 00000000 		.4byte	EE_alarm_ROM
 1213 078f 13       		.uleb128 0x13
 1214 0790 68070000 		.4byte	0x768
 1215 0794 11       		.uleb128 0x11
 1216 0795 BA010000 		.4byte	0x1ba
 1217 0799 A4070000 		.4byte	0x7a4
 1218 079d 14       		.uleb128 0x14
 1219 079e 80030000 		.4byte	0x380
 1220 07a2 00       		.byte	0
 1221 07a3 00       		.byte	0
 1222 07a4 17       		.uleb128 0x17
 1223 07a5 53060000 		.4byte	.LASF101
 1224 07a9 05       		.byte	0x5
 1225 07aa 0C06     		.2byte	0x60c
 1226 07ac 94070000 		.4byte	0x794
 1227 07b0 05       		.uleb128 0x5
 1228 07b1 03       		.byte	0x3
 1229 07b2 00000000 		.4byte	EE_counter_RAM
 1230 07b6 11       		.uleb128 0x11
 1231 07b7 71020000 		.4byte	0x271
ARM GAS  C:\Users\bolob\AppData\Local\Temp\ccDuT0Qg.s 			page 23


 1232 07bb C6070000 		.4byte	0x7c6
 1233 07bf 14       		.uleb128 0x14
 1234 07c0 80030000 		.4byte	0x380
 1235 07c4 00       		.byte	0
 1236 07c5 00       		.byte	0
 1237 07c6 17       		.uleb128 0x17
 1238 07c7 AD060000 		.4byte	.LASF102
 1239 07cb 05       		.byte	0x5
 1240 07cc B106     		.2byte	0x6b1
 1241 07ce B6070000 		.4byte	0x7b6
 1242 07d2 05       		.uleb128 0x5
 1243 07d3 03       		.byte	0x3
 1244 07d4 00000000 		.4byte	EE_oo_counter_object_RAM
 1245 07d8 11       		.uleb128 0x11
 1246 07d9 E8070000 		.4byte	0x7e8
 1247 07dd E8070000 		.4byte	0x7e8
 1248 07e1 14       		.uleb128 0x14
 1249 07e2 80030000 		.4byte	0x380
 1250 07e6 00       		.byte	0
 1251 07e7 00       		.byte	0
 1252 07e8 13       		.uleb128 0x13
 1253 07e9 33030000 		.4byte	0x333
 1254 07ed 17       		.uleb128 0x17
 1255 07ee B7070000 		.4byte	.LASF103
 1256 07f2 05       		.byte	0x5
 1257 07f3 9607     		.2byte	0x796
 1258 07f5 FF070000 		.4byte	0x7ff
 1259 07f9 05       		.uleb128 0x5
 1260 07fa 03       		.byte	0x3
 1261 07fb 00000000 		.4byte	EE_oo_autostart_task_data
 1262 07ff 13       		.uleb128 0x13
 1263 0800 D8070000 		.4byte	0x7d8
 1264 0804 18       		.uleb128 0x18
 1265 0805 97020000 		.4byte	.LASF104
 1266 0809 06       		.byte	0x6
 1267 080a 40       		.byte	0x40
 1268 080b B5000000 		.4byte	0xb5
 1269 080f 18       		.uleb128 0x18
 1270 0810 B1010000 		.4byte	.LASF105
 1271 0814 06       		.byte	0x6
 1272 0815 47       		.byte	0x47
 1273 0816 CB000000 		.4byte	0xcb
 1274 081a 17       		.uleb128 0x17
 1275 081b A1030000 		.4byte	.LASF106
 1276 081f 05       		.byte	0x5
 1277 0820 5C07     		.2byte	0x75c
 1278 0822 B5000000 		.4byte	0xb5
 1279 0826 05       		.uleb128 0x5
 1280 0827 03       		.byte	0x3
 1281 0828 00000000 		.4byte	EE_ApplicationMode
 1282 082c 18       		.uleb128 0x18
 1283 082d CA010000 		.4byte	.LASF107
 1284 0831 07       		.byte	0x7
 1285 0832 48       		.byte	0x48
 1286 0833 E1000000 		.4byte	0xe1
 1287 0837 18       		.uleb128 0x18
 1288 0838 02070000 		.4byte	.LASF108
ARM GAS  C:\Users\bolob\AppData\Local\Temp\ccDuT0Qg.s 			page 24


 1289 083c 08       		.byte	0x8
 1290 083d 44       		.byte	0x44
 1291 083e B5000000 		.4byte	0xb5
 1292 0842 16       		.uleb128 0x16
 1293 0843 49000000 		.4byte	.LASF109
 1294 0847 05       		.byte	0x5
 1295 0848 AD       		.byte	0xad
 1296 0849 EC000000 		.4byte	0xec
 1297 084d 05       		.uleb128 0x5
 1298 084e 03       		.byte	0x3
 1299 084f 00000000 		.4byte	EE_cortex_mx_IRQ_tos
 1300 0853 11       		.uleb128 0x11
 1301 0854 55000000 		.4byte	0x55
 1302 0858 63080000 		.4byte	0x863
 1303 085c 14       		.uleb128 0x14
 1304 085d 80030000 		.4byte	0x380
 1305 0861 F9       		.byte	0xf9
 1306 0862 00       		.byte	0
 1307 0863 16       		.uleb128 0x16
 1308 0864 05030000 		.4byte	.LASF110
 1309 0868 05       		.byte	0x5
 1310 0869 1D       		.byte	0x1d
 1311 086a 53080000 		.4byte	0x853
 1312 086e 05       		.uleb128 0x5
 1313 086f 03       		.byte	0x3
 1314 0870 00000000 		.4byte	EE_cortex_mx_stack_4
 1315 0874 11       		.uleb128 0x11
 1316 0875 55000000 		.4byte	0x55
 1317 0879 84080000 		.4byte	0x884
 1318 087d 14       		.uleb128 0x14
 1319 087e 80030000 		.4byte	0x380
 1320 0882 7F       		.byte	0x7f
 1321 0883 00       		.byte	0
 1322 0884 16       		.uleb128 0x16
 1323 0885 1A030000 		.4byte	.LASF111
 1324 0889 05       		.byte	0x5
 1325 088a 32       		.byte	0x32
 1326 088b 74080000 		.4byte	0x874
 1327 088f 05       		.uleb128 0x5
 1328 0890 03       		.byte	0x3
 1329 0891 00000000 		.4byte	EE_cortex_mx_stack_9
 1330 0895 00       		.byte	0
 1331              		.section	.debug_abbrev,"",%progbits
 1332              	.Ldebug_abbrev0:
 1333 0000 01       		.uleb128 0x1
 1334 0001 11       		.uleb128 0x11
 1335 0002 01       		.byte	0x1
 1336 0003 25       		.uleb128 0x25
 1337 0004 0E       		.uleb128 0xe
 1338 0005 13       		.uleb128 0x13
 1339 0006 0B       		.uleb128 0xb
 1340 0007 03       		.uleb128 0x3
 1341 0008 0E       		.uleb128 0xe
 1342 0009 1B       		.uleb128 0x1b
 1343 000a 0E       		.uleb128 0xe
 1344 000b 10       		.uleb128 0x10
 1345 000c 17       		.uleb128 0x17
ARM GAS  C:\Users\bolob\AppData\Local\Temp\ccDuT0Qg.s 			page 25


 1346 000d 00       		.byte	0
 1347 000e 00       		.byte	0
 1348 000f 02       		.uleb128 0x2
 1349 0010 24       		.uleb128 0x24
 1350 0011 00       		.byte	0
 1351 0012 0B       		.uleb128 0xb
 1352 0013 0B       		.uleb128 0xb
 1353 0014 3E       		.uleb128 0x3e
 1354 0015 0B       		.uleb128 0xb
 1355 0016 03       		.uleb128 0x3
 1356 0017 0E       		.uleb128 0xe
 1357 0018 00       		.byte	0
 1358 0019 00       		.byte	0
 1359 001a 03       		.uleb128 0x3
 1360 001b 24       		.uleb128 0x24
 1361 001c 00       		.byte	0
 1362 001d 0B       		.uleb128 0xb
 1363 001e 0B       		.uleb128 0xb
 1364 001f 3E       		.uleb128 0x3e
 1365 0020 0B       		.uleb128 0xb
 1366 0021 03       		.uleb128 0x3
 1367 0022 08       		.uleb128 0x8
 1368 0023 00       		.byte	0
 1369 0024 00       		.byte	0
 1370 0025 04       		.uleb128 0x4
 1371 0026 16       		.uleb128 0x16
 1372 0027 00       		.byte	0
 1373 0028 03       		.uleb128 0x3
 1374 0029 0E       		.uleb128 0xe
 1375 002a 3A       		.uleb128 0x3a
 1376 002b 0B       		.uleb128 0xb
 1377 002c 3B       		.uleb128 0x3b
 1378 002d 0B       		.uleb128 0xb
 1379 002e 49       		.uleb128 0x49
 1380 002f 13       		.uleb128 0x13
 1381 0030 00       		.byte	0
 1382 0031 00       		.byte	0
 1383 0032 05       		.uleb128 0x5
 1384 0033 0F       		.uleb128 0xf
 1385 0034 00       		.byte	0
 1386 0035 0B       		.uleb128 0xb
 1387 0036 0B       		.uleb128 0xb
 1388 0037 00       		.byte	0
 1389 0038 00       		.byte	0
 1390 0039 06       		.uleb128 0x6
 1391 003a 0F       		.uleb128 0xf
 1392 003b 00       		.byte	0
 1393 003c 0B       		.uleb128 0xb
 1394 003d 0B       		.uleb128 0xb
 1395 003e 49       		.uleb128 0x49
 1396 003f 13       		.uleb128 0x13
 1397 0040 00       		.byte	0
 1398 0041 00       		.byte	0
 1399 0042 07       		.uleb128 0x7
 1400 0043 15       		.uleb128 0x15
 1401 0044 00       		.byte	0
 1402 0045 27       		.uleb128 0x27
ARM GAS  C:\Users\bolob\AppData\Local\Temp\ccDuT0Qg.s 			page 26


 1403 0046 19       		.uleb128 0x19
 1404 0047 00       		.byte	0
 1405 0048 00       		.byte	0
 1406 0049 08       		.uleb128 0x8
 1407 004a 13       		.uleb128 0x13
 1408 004b 01       		.byte	0x1
 1409 004c 03       		.uleb128 0x3
 1410 004d 0E       		.uleb128 0xe
 1411 004e 0B       		.uleb128 0xb
 1412 004f 0B       		.uleb128 0xb
 1413 0050 3A       		.uleb128 0x3a
 1414 0051 0B       		.uleb128 0xb
 1415 0052 3B       		.uleb128 0x3b
 1416 0053 0B       		.uleb128 0xb
 1417 0054 01       		.uleb128 0x1
 1418 0055 13       		.uleb128 0x13
 1419 0056 00       		.byte	0
 1420 0057 00       		.byte	0
 1421 0058 09       		.uleb128 0x9
 1422 0059 0D       		.uleb128 0xd
 1423 005a 00       		.byte	0
 1424 005b 03       		.uleb128 0x3
 1425 005c 0E       		.uleb128 0xe
 1426 005d 3A       		.uleb128 0x3a
 1427 005e 0B       		.uleb128 0xb
 1428 005f 3B       		.uleb128 0x3b
 1429 0060 0B       		.uleb128 0xb
 1430 0061 49       		.uleb128 0x49
 1431 0062 13       		.uleb128 0x13
 1432 0063 38       		.uleb128 0x38
 1433 0064 0B       		.uleb128 0xb
 1434 0065 00       		.byte	0
 1435 0066 00       		.byte	0
 1436 0067 0A       		.uleb128 0xa
 1437 0068 16       		.uleb128 0x16
 1438 0069 00       		.byte	0
 1439 006a 03       		.uleb128 0x3
 1440 006b 0E       		.uleb128 0xe
 1441 006c 3A       		.uleb128 0x3a
 1442 006d 0B       		.uleb128 0xb
 1443 006e 3B       		.uleb128 0x3b
 1444 006f 05       		.uleb128 0x5
 1445 0070 49       		.uleb128 0x49
 1446 0071 13       		.uleb128 0x13
 1447 0072 00       		.byte	0
 1448 0073 00       		.byte	0
 1449 0074 0B       		.uleb128 0xb
 1450 0075 13       		.uleb128 0x13
 1451 0076 01       		.byte	0x1
 1452 0077 0B       		.uleb128 0xb
 1453 0078 0B       		.uleb128 0xb
 1454 0079 3A       		.uleb128 0x3a
 1455 007a 0B       		.uleb128 0xb
 1456 007b 3B       		.uleb128 0x3b
 1457 007c 05       		.uleb128 0x5
 1458 007d 01       		.uleb128 0x1
 1459 007e 13       		.uleb128 0x13
ARM GAS  C:\Users\bolob\AppData\Local\Temp\ccDuT0Qg.s 			page 27


 1460 007f 00       		.byte	0
 1461 0080 00       		.byte	0
 1462 0081 0C       		.uleb128 0xc
 1463 0082 0D       		.uleb128 0xd
 1464 0083 00       		.byte	0
 1465 0084 03       		.uleb128 0x3
 1466 0085 0E       		.uleb128 0xe
 1467 0086 3A       		.uleb128 0x3a
 1468 0087 0B       		.uleb128 0xb
 1469 0088 3B       		.uleb128 0x3b
 1470 0089 05       		.uleb128 0x5
 1471 008a 49       		.uleb128 0x49
 1472 008b 13       		.uleb128 0x13
 1473 008c 38       		.uleb128 0x38
 1474 008d 0B       		.uleb128 0xb
 1475 008e 00       		.byte	0
 1476 008f 00       		.byte	0
 1477 0090 0D       		.uleb128 0xd
 1478 0091 04       		.uleb128 0x4
 1479 0092 01       		.byte	0x1
 1480 0093 0B       		.uleb128 0xb
 1481 0094 0B       		.uleb128 0xb
 1482 0095 49       		.uleb128 0x49
 1483 0096 13       		.uleb128 0x13
 1484 0097 3A       		.uleb128 0x3a
 1485 0098 0B       		.uleb128 0xb
 1486 0099 3B       		.uleb128 0x3b
 1487 009a 05       		.uleb128 0x5
 1488 009b 01       		.uleb128 0x1
 1489 009c 13       		.uleb128 0x13
 1490 009d 00       		.byte	0
 1491 009e 00       		.byte	0
 1492 009f 0E       		.uleb128 0xe
 1493 00a0 28       		.uleb128 0x28
 1494 00a1 00       		.byte	0
 1495 00a2 03       		.uleb128 0x3
 1496 00a3 0E       		.uleb128 0xe
 1497 00a4 1C       		.uleb128 0x1c
 1498 00a5 0B       		.uleb128 0xb
 1499 00a6 00       		.byte	0
 1500 00a7 00       		.byte	0
 1501 00a8 0F       		.uleb128 0xf
 1502 00a9 0D       		.uleb128 0xd
 1503 00aa 00       		.byte	0
 1504 00ab 03       		.uleb128 0x3
 1505 00ac 08       		.uleb128 0x8
 1506 00ad 3A       		.uleb128 0x3a
 1507 00ae 0B       		.uleb128 0xb
 1508 00af 3B       		.uleb128 0x3b
 1509 00b0 05       		.uleb128 0x5
 1510 00b1 49       		.uleb128 0x49
 1511 00b2 13       		.uleb128 0x13
 1512 00b3 38       		.uleb128 0x38
 1513 00b4 0B       		.uleb128 0xb
 1514 00b5 00       		.byte	0
 1515 00b6 00       		.byte	0
 1516 00b7 10       		.uleb128 0x10
ARM GAS  C:\Users\bolob\AppData\Local\Temp\ccDuT0Qg.s 			page 28


 1517 00b8 13       		.uleb128 0x13
 1518 00b9 01       		.byte	0x1
 1519 00ba 03       		.uleb128 0x3
 1520 00bb 0E       		.uleb128 0xe
 1521 00bc 0B       		.uleb128 0xb
 1522 00bd 0B       		.uleb128 0xb
 1523 00be 3A       		.uleb128 0x3a
 1524 00bf 0B       		.uleb128 0xb
 1525 00c0 3B       		.uleb128 0x3b
 1526 00c1 05       		.uleb128 0x5
 1527 00c2 01       		.uleb128 0x1
 1528 00c3 13       		.uleb128 0x13
 1529 00c4 00       		.byte	0
 1530 00c5 00       		.byte	0
 1531 00c6 11       		.uleb128 0x11
 1532 00c7 01       		.uleb128 0x1
 1533 00c8 01       		.byte	0x1
 1534 00c9 49       		.uleb128 0x49
 1535 00ca 13       		.uleb128 0x13
 1536 00cb 01       		.uleb128 0x1
 1537 00cc 13       		.uleb128 0x13
 1538 00cd 00       		.byte	0
 1539 00ce 00       		.byte	0
 1540 00cf 12       		.uleb128 0x12
 1541 00d0 21       		.uleb128 0x21
 1542 00d1 00       		.byte	0
 1543 00d2 00       		.byte	0
 1544 00d3 00       		.byte	0
 1545 00d4 13       		.uleb128 0x13
 1546 00d5 26       		.uleb128 0x26
 1547 00d6 00       		.byte	0
 1548 00d7 49       		.uleb128 0x49
 1549 00d8 13       		.uleb128 0x13
 1550 00d9 00       		.byte	0
 1551 00da 00       		.byte	0
 1552 00db 14       		.uleb128 0x14
 1553 00dc 21       		.uleb128 0x21
 1554 00dd 00       		.byte	0
 1555 00de 49       		.uleb128 0x49
 1556 00df 13       		.uleb128 0x13
 1557 00e0 2F       		.uleb128 0x2f
 1558 00e1 0B       		.uleb128 0xb
 1559 00e2 00       		.byte	0
 1560 00e3 00       		.byte	0
 1561 00e4 15       		.uleb128 0x15
 1562 00e5 34       		.uleb128 0x34
 1563 00e6 00       		.byte	0
 1564 00e7 03       		.uleb128 0x3
 1565 00e8 0E       		.uleb128 0xe
 1566 00e9 3A       		.uleb128 0x3a
 1567 00ea 0B       		.uleb128 0xb
 1568 00eb 3B       		.uleb128 0x3b
 1569 00ec 05       		.uleb128 0x5
 1570 00ed 49       		.uleb128 0x49
 1571 00ee 13       		.uleb128 0x13
 1572 00ef 02       		.uleb128 0x2
 1573 00f0 18       		.uleb128 0x18
ARM GAS  C:\Users\bolob\AppData\Local\Temp\ccDuT0Qg.s 			page 29


 1574 00f1 00       		.byte	0
 1575 00f2 00       		.byte	0
 1576 00f3 16       		.uleb128 0x16
 1577 00f4 34       		.uleb128 0x34
 1578 00f5 00       		.byte	0
 1579 00f6 03       		.uleb128 0x3
 1580 00f7 0E       		.uleb128 0xe
 1581 00f8 3A       		.uleb128 0x3a
 1582 00f9 0B       		.uleb128 0xb
 1583 00fa 3B       		.uleb128 0x3b
 1584 00fb 0B       		.uleb128 0xb
 1585 00fc 49       		.uleb128 0x49
 1586 00fd 13       		.uleb128 0x13
 1587 00fe 3F       		.uleb128 0x3f
 1588 00ff 19       		.uleb128 0x19
 1589 0100 02       		.uleb128 0x2
 1590 0101 18       		.uleb128 0x18
 1591 0102 00       		.byte	0
 1592 0103 00       		.byte	0
 1593 0104 17       		.uleb128 0x17
 1594 0105 34       		.uleb128 0x34
 1595 0106 00       		.byte	0
 1596 0107 03       		.uleb128 0x3
 1597 0108 0E       		.uleb128 0xe
 1598 0109 3A       		.uleb128 0x3a
 1599 010a 0B       		.uleb128 0xb
 1600 010b 3B       		.uleb128 0x3b
 1601 010c 05       		.uleb128 0x5
 1602 010d 49       		.uleb128 0x49
 1603 010e 13       		.uleb128 0x13
 1604 010f 3F       		.uleb128 0x3f
 1605 0110 19       		.uleb128 0x19
 1606 0111 02       		.uleb128 0x2
 1607 0112 18       		.uleb128 0x18
 1608 0113 00       		.byte	0
 1609 0114 00       		.byte	0
 1610 0115 18       		.uleb128 0x18
 1611 0116 34       		.uleb128 0x34
 1612 0117 00       		.byte	0
 1613 0118 03       		.uleb128 0x3
 1614 0119 0E       		.uleb128 0xe
 1615 011a 3A       		.uleb128 0x3a
 1616 011b 0B       		.uleb128 0xb
 1617 011c 3B       		.uleb128 0x3b
 1618 011d 0B       		.uleb128 0xb
 1619 011e 49       		.uleb128 0x49
 1620 011f 13       		.uleb128 0x13
 1621 0120 3F       		.uleb128 0x3f
 1622 0121 19       		.uleb128 0x19
 1623 0122 3C       		.uleb128 0x3c
 1624 0123 19       		.uleb128 0x19
 1625 0124 00       		.byte	0
 1626 0125 00       		.byte	0
 1627 0126 00       		.byte	0
 1628              		.section	.debug_aranges,"",%progbits
 1629 0000 14000000 		.4byte	0x14
 1630 0004 0200     		.2byte	0x2
ARM GAS  C:\Users\bolob\AppData\Local\Temp\ccDuT0Qg.s 			page 30


 1631 0006 00000000 		.4byte	.Ldebug_info0
 1632 000a 04       		.byte	0x4
 1633 000b 00       		.byte	0
 1634 000c 0000     		.2byte	0
 1635 000e 0000     		.2byte	0
 1636 0010 00000000 		.4byte	0
 1637 0014 00000000 		.4byte	0
 1638              		.section	.debug_line,"",%progbits
 1639              	.Ldebug_line0:
 1640 0000 38010000 		.section	.debug_str,"MS",%progbits,1
 1640      02003201 
 1640      00000201 
 1640      FB0E0D00 
 1640      01010101 
 1641              	.LASF46:
 1642 0000 6E657874 		.ascii	"next\000"
 1642      00
 1643              	.LASF83:
 1644 0005 45455F74 		.ascii	"EE_th_terminate_nextask\000"
 1644      685F7465 
 1644      726D696E 
 1644      6174655F 
 1644      6E657874 
 1645              	.LASF24:
 1646 001d 5469636B 		.ascii	"TickType\000"
 1646      54797065 
 1646      00
 1647              	.LASF84:
 1648 0026 45455F73 		.ascii	"EE_stkfirst\000"
 1648      746B6669 
 1648      72737400 
 1649              	.LASF26:
 1650 0032 41637469 		.ascii	"ActionType\000"
 1650      6F6E5479 
 1650      706500
 1651              	.LASF19:
 1652 003d 45455F54 		.ascii	"EE_TYPEBOOL\000"
 1652      59504542 
 1652      4F4F4C00 
 1653              	.LASF109:
 1654 0049 45455F63 		.ascii	"EE_cortex_mx_IRQ_tos\000"
 1654      6F727465 
 1654      785F6D78 
 1654      5F495251 
 1654      5F746F73 
 1655              	.LASF7:
 1656 005e 6C6F6E67 		.ascii	"long long unsigned int\000"
 1656      206C6F6E 
 1656      6720756E 
 1656      7369676E 
 1656      65642069 
 1657              	.LASF45:
 1658 0075 64656C74 		.ascii	"delta\000"
 1658      6100
 1659              	.LASF42:
 1660 007b 45455F6F 		.ascii	"EE_oo_counter_object_ROM_type\000"
 1660      6F5F636F 
ARM GAS  C:\Users\bolob\AppData\Local\Temp\ccDuT0Qg.s 			page 31


 1660      756E7465 
 1660      725F6F62 
 1660      6A656374 
 1661              	.LASF89:
 1662 0099 45455F72 		.ascii	"EE_rq_pairs_next\000"
 1662      715F7061 
 1662      6972735F 
 1662      6E657874 
 1662      00
 1663              	.LASF22:
 1664 00aa 5461736B 		.ascii	"TaskType\000"
 1664      54797065 
 1664      00
 1665              	.LASF61:
 1666 00b3 45455F54 		.ascii	"EE_TOS\000"
 1666      4F5300
 1667              	.LASF29:
 1668 00ba 6D617861 		.ascii	"maxallowedvalue\000"
 1668      6C6C6F77 
 1668      65647661 
 1668      6C756500 
 1669              	.LASF115:
 1670 00ca 45455F6F 		.ascii	"EE_oo_autostart_task_mode_OSDEFAULTAPPMODE\000"
 1670      6F5F6175 
 1670      746F7374 
 1670      6172745F 
 1670      7461736B 
 1671              	.LASF79:
 1672 00f5 45455F41 		.ascii	"EE_ALARM_ID\000"
 1672      4C41524D 
 1672      5F494400 
 1673              	.LASF6:
 1674 0101 6C6F6E67 		.ascii	"long long int\000"
 1674      206C6F6E 
 1674      6720696E 
 1674      7400
 1675              	.LASF0:
 1676 010f 7369676E 		.ascii	"signed char\000"
 1676      65642063 
 1676      68617200 
 1677              	.LASF52:
 1678 011b 45455F6F 		.ascii	"EE_oo_action_kind_type\000"
 1678      6F5F6163 
 1678      74696F6E 
 1678      5F6B696E 
 1678      645F7479 
 1679              	.LASF23:
 1680 0132 4576656E 		.ascii	"EventMaskType\000"
 1680      744D6173 
 1680      6B547970 
 1680      6500
 1681              	.LASF76:
 1682 0140 45455F45 		.ascii	"EE_EVENT_NAME\000"
 1682      56454E54 
 1682      5F4E414D 
 1682      4500
 1683              	.LASF100:
ARM GAS  C:\Users\bolob\AppData\Local\Temp\ccDuT0Qg.s 			page 32


 1684 014e 45455F61 		.ascii	"EE_alarm_ROM\000"
 1684      6C61726D 
 1684      5F524F4D 
 1684      00
 1685              	.LASF70:
 1686 015b 45455F63 		.ascii	"EE_cortex_mx_active_tos\000"
 1686      6F727465 
 1686      785F6D78 
 1686      5F616374 
 1686      6976655F 
 1687              	.LASF35:
 1688 0173 45455F6F 		.ascii	"EE_oo_counter_RAM_type\000"
 1688      6F5F636F 
 1688      756E7465 
 1688      725F5241 
 1688      4D5F7479 
 1689              	.LASF78:
 1690 018a 45455F45 		.ascii	"EE_EVENT_ID\000"
 1690      56454E54 
 1690      5F494400 
 1691              	.LASF4:
 1692 0196 6C6F6E67 		.ascii	"long int\000"
 1692      20696E74 
 1692      00
 1693              	.LASF87:
 1694 019f 45455F72 		.ascii	"EE_rq_queues_head\000"
 1694      715F7175 
 1694      65756573 
 1694      5F686561 
 1694      6400
 1695              	.LASF105:
 1696 01b1 45455F6F 		.ascii	"EE_oo_IRQ_suspend_status\000"
 1696      6F5F4952 
 1696      515F7375 
 1696      7370656E 
 1696      645F7374 
 1697              	.LASF107:
 1698 01ca 45455F73 		.ascii	"EE_std_endcycle_next_tid\000"
 1698      74645F65 
 1698      6E646379 
 1698      636C655F 
 1698      6E657874 
 1699              	.LASF31:
 1700 01e3 6D696E63 		.ascii	"mincycle\000"
 1700      79636C65 
 1700      00
 1701              	.LASF20:
 1702 01ec 45455F54 		.ascii	"EE_TID\000"
 1702      494400
 1703              	.LASF33:
 1704 01f3 76616C75 		.ascii	"value\000"
 1704      6500
 1705              	.LASF8:
 1706 01f9 756E7369 		.ascii	"unsigned int\000"
 1706      676E6564 
 1706      20696E74 
 1706      00
ARM GAS  C:\Users\bolob\AppData\Local\Temp\ccDuT0Qg.s 			page 33


 1707              	.LASF16:
 1708 0206 45455F55 		.ascii	"EE_UREG\000"
 1708      52454700 
 1709              	.LASF60:
 1710 020e 45455F6F 		.ascii	"EE_oo_alarm_ROM_type\000"
 1710      6F5F616C 
 1710      61726D5F 
 1710      524F4D5F 
 1710      74797065 
 1711              	.LASF77:
 1712 0223 45455F41 		.ascii	"EE_ALARM_NAME\000"
 1712      4C41524D 
 1712      5F4E414D 
 1712      4500
 1713              	.LASF5:
 1714 0231 6C6F6E67 		.ascii	"long unsigned int\000"
 1714      20756E73 
 1714      69676E65 
 1714      6420696E 
 1714      7400
 1715              	.LASF95:
 1716 0243 45455F74 		.ascii	"EE_th_waswaiting\000"
 1716      685F7761 
 1716      73776169 
 1716      74696E67 
 1716      00
 1717              	.LASF14:
 1718 0254 45455F56 		.ascii	"EE_VOID_CALLBACK\000"
 1718      4F49445F 
 1718      43414C4C 
 1718      4241434B 
 1718      00
 1719              	.LASF62:
 1720 0265 45455F6F 		.ascii	"EE_oo_autostart_task_type\000"
 1720      6F5F6175 
 1720      746F7374 
 1720      6172745F 
 1720      7461736B 
 1721              	.LASF41:
 1722 027f 6B696E64 		.ascii	"kind\000"
 1722      00
 1723              	.LASF3:
 1724 0284 73686F72 		.ascii	"short unsigned int\000"
 1724      7420756E 
 1724      7369676E 
 1724      65642069 
 1724      6E7400
 1725              	.LASF104:
 1726 0297 45455F6F 		.ascii	"EE_oo_IRQ_disable_count\000"
 1726      6F5F4952 
 1726      515F6469 
 1726      7361626C 
 1726      655F636F 
 1727              	.LASF38:
 1728 02af 45455F6F 		.ascii	"EE_oo_counter_object_kind_type\000"
 1728      6F5F636F 
 1728      756E7465 
ARM GAS  C:\Users\bolob\AppData\Local\Temp\ccDuT0Qg.s 			page 34


 1728      725F6F62 
 1728      6A656374 
 1729              	.LASF80:
 1730 02ce 45455F74 		.ascii	"EE_th_status\000"
 1730      685F7374 
 1730      61747573 
 1730      00
 1731              	.LASF39:
 1732 02db 436F756E 		.ascii	"CounterObjectKindType\000"
 1732      7465724F 
 1732      626A6563 
 1732      744B696E 
 1732      64547970 
 1733              	.LASF73:
 1734 02f1 45455F74 		.ascii	"EE_th_dispatch_prio\000"
 1734      685F6469 
 1734      73706174 
 1734      63685F70 
 1734      72696F00 
 1735              	.LASF110:
 1736 0305 45455F63 		.ascii	"EE_cortex_mx_stack_4\000"
 1736      6F727465 
 1736      785F6D78 
 1736      5F737461 
 1736      636B5F34 
 1737              	.LASF111:
 1738 031a 45455F63 		.ascii	"EE_cortex_mx_stack_9\000"
 1738      6F727465 
 1738      785F6D78 
 1738      5F737461 
 1738      636B5F39 
 1739              	.LASF114:
 1740 032f 433A5C55 		.ascii	"C:\\Users\\bolob\\Documents\\PSoC Creator\\Clock\\E"
 1740      73657273 
 1740      5C626F6C 
 1740      6F625C44 
 1740      6F63756D 
 1741 035c 6C656374 		.ascii	"lectronic_Clock.cydsn\000"
 1741      726F6E69 
 1741      635F436C 
 1741      6F636B2E 
 1741      63796473 
 1742              	.LASF27:
 1743 0372 436F756E 		.ascii	"CounterType\000"
 1743      74657254 
 1743      79706500 
 1744              	.LASF98:
 1745 037e 45455F6F 		.ascii	"EE_oo_counter_object_ROM\000"
 1745      6F5F636F 
 1745      756E7465 
 1745      725F6F62 
 1745      6A656374 
 1746              	.LASF59:
 1747 0397 61637469 		.ascii	"action_id\000"
 1747      6F6E5F69 
 1747      6400
 1748              	.LASF106:
ARM GAS  C:\Users\bolob\AppData\Local\Temp\ccDuT0Qg.s 			page 35


 1749 03a1 45455F41 		.ascii	"EE_ApplicationMode\000"
 1749      70706C69 
 1749      63617469 
 1749      6F6E4D6F 
 1749      646500
 1750              	.LASF99:
 1751 03b4 45455F6F 		.ascii	"EE_oo_action_ROM\000"
 1751      6F5F6163 
 1751      74696F6E 
 1751      5F524F4D 
 1751      00
 1752              	.LASF21:
 1753 03c5 45455F54 		.ascii	"EE_TYPE_RQ_MASK\000"
 1753      5950455F 
 1753      52515F4D 
 1753      41534B00 
 1754              	.LASF64:
 1755 03d5 73697A65 		.ascii	"sizetype\000"
 1755      74797065 
 1755      00
 1756              	.LASF9:
 1757 03de 6C6F6E67 		.ascii	"long double\000"
 1757      20646F75 
 1757      626C6500 
 1758              	.LASF92:
 1759 03ea 45455F72 		.ascii	"EE_rq_free\000"
 1759      715F6672 
 1759      656500
 1760              	.LASF86:
 1761 03f5 45455F72 		.ascii	"EE_rq_link\000"
 1761      715F6C69 
 1761      6E6B00
 1762              	.LASF17:
 1763 0400 45455F53 		.ascii	"EE_SREG\000"
 1763      52454700 
 1764              	.LASF30:
 1765 0408 7469636B 		.ascii	"ticksperbase\000"
 1765      73706572 
 1765      62617365 
 1765      00
 1766              	.LASF43:
 1767 0415 75736564 		.ascii	"used\000"
 1767      00
 1768              	.LASF47:
 1769 041a 45455F6F 		.ascii	"EE_oo_counter_object_RAM_type\000"
 1769      6F5F636F 
 1769      756E7465 
 1769      725F6F62 
 1769      6A656374 
 1770              	.LASF97:
 1771 0438 45455F63 		.ascii	"EE_counter_ROM\000"
 1771      6F756E74 
 1771      65725F52 
 1771      4F4D00
 1772              	.LASF58:
 1773 0447 45455F6F 		.ascii	"EE_oo_action_ROM_type\000"
 1773      6F5F6163 
ARM GAS  C:\Users\bolob\AppData\Local\Temp\ccDuT0Qg.s 			page 36


 1773      74696F6E 
 1773      5F524F4D 
 1773      5F747970 
 1774              	.LASF10:
 1775 045d 45455F55 		.ascii	"EE_UINT16\000"
 1775      494E5431 
 1775      3600
 1776              	.LASF37:
 1777 0467 45455F53 		.ascii	"EE_SCHEDULETABLE\000"
 1777      43484544 
 1777      554C4554 
 1777      41424C45 
 1777      00
 1778              	.LASF69:
 1779 0478 45455F63 		.ascii	"EE_cortex_mx_system_tos\000"
 1779      6F727465 
 1779      785F6D78 
 1779      5F737973 
 1779      74656D5F 
 1780              	.LASF1:
 1781 0490 756E7369 		.ascii	"unsigned char\000"
 1781      676E6564 
 1781      20636861 
 1781      7200
 1782              	.LASF36:
 1783 049e 45455F41 		.ascii	"EE_ALARM\000"
 1783      4C41524D 
 1783      00
 1784              	.LASF81:
 1785 04a7 45455F74 		.ascii	"EE_th_next\000"
 1785      685F6E65 
 1785      787400
 1786              	.LASF68:
 1787 04b2 45455F74 		.ascii	"EE_terminate_real_th_body\000"
 1787      65726D69 
 1787      6E617465 
 1787      5F726561 
 1787      6C5F7468 
 1788              	.LASF57:
 1789 04cc 696E6363 		.ascii	"inccount\000"
 1789      6F756E74 
 1789      00
 1790              	.LASF2:
 1791 04d5 73686F72 		.ascii	"short int\000"
 1791      7420696E 
 1791      7400
 1792              	.LASF94:
 1793 04df 45455F74 		.ascii	"EE_th_event_waitmask\000"
 1793      685F6576 
 1793      656E745F 
 1793      77616974 
 1793      6D61736B 
 1794              	.LASF75:
 1795 04f4 45455F54 		.ascii	"EE_TASK_NAME\000"
 1795      41534B5F 
 1795      4E414D45 
 1795      00
ARM GAS  C:\Users\bolob\AppData\Local\Temp\ccDuT0Qg.s 			page 37


 1796              	.LASF32:
 1797 0501 45455F6F 		.ascii	"EE_oo_counter_ROM_type\000"
 1797      6F5F636F 
 1797      756E7465 
 1797      725F524F 
 1797      4D5F7479 
 1798              	.LASF112:
 1799 0518 474E5520 		.ascii	"GNU C11 5.4.1 20160609 (release) [ARM/embedded-5-br"
 1799      43313120 
 1799      352E342E 
 1799      31203230 
 1799      31363036 
 1800 054b 616E6368 		.ascii	"anch revision 237715] -mcpu=cortex-m3 -mthumb -g -O"
 1800      20726576 
 1800      6973696F 
 1800      6E203233 
 1800      37373135 
 1801 057e 67202D66 		.ascii	"g -ffunction-sections -ffat-lto-objects\000"
 1801      66756E63 
 1801      74696F6E 
 1801      2D736563 
 1801      74696F6E 
 1802              	.LASF56:
 1803 05a6 61637469 		.ascii	"action_mask\000"
 1803      6F6E5F6D 
 1803      61736B00 
 1804              	.LASF15:
 1805 05b2 45455F54 		.ascii	"EE_THREAD_PTR\000"
 1805      48524541 
 1805      445F5054 
 1805      5200
 1806              	.LASF88:
 1807 05c0 45455F72 		.ascii	"EE_rq_queues_tail\000"
 1807      715F7175 
 1807      65756573 
 1807      5F746169 
 1807      6C00
 1808              	.LASF66:
 1809 05d2 45455F73 		.ascii	"EE_std_thread_tos\000"
 1809      74645F74 
 1809      68726561 
 1809      645F746F 
 1809      7300
 1810              	.LASF51:
 1811 05e4 45455F41 		.ascii	"EE_ACTION_CALLBACK\000"
 1811      4354494F 
 1811      4E5F4341 
 1811      4C4C4241 
 1811      434B00
 1812              	.LASF91:
 1813 05f7 45455F72 		.ascii	"EE_rq_bitmask\000"
 1813      715F6269 
 1813      746D6173 
 1813      6B00
 1814              	.LASF34:
 1815 0605 66697273 		.ascii	"first\000"
 1815      7400
ARM GAS  C:\Users\bolob\AppData\Local\Temp\ccDuT0Qg.s 			page 38


 1816              	.LASF25:
 1817 060b 436F756E 		.ascii	"CounterObjectType\000"
 1817      7465724F 
 1817      626A6563 
 1817      74547970 
 1817      6500
 1818              	.LASF74:
 1819 061d 63686172 		.ascii	"char\000"
 1819      00
 1820              	.LASF48:
 1821 0622 45455F41 		.ascii	"EE_ACTION_TASK\000"
 1821      4354494F 
 1821      4E5F5441 
 1821      534B00
 1822              	.LASF71:
 1823 0631 45455F74 		.ascii	"EE_th_rnact_max\000"
 1823      685F726E 
 1823      6163745F 
 1823      6D617800 
 1824              	.LASF50:
 1825 0641 45455F41 		.ascii	"EE_ACTION_COUNTER\000"
 1825      4354494F 
 1825      4E5F434F 
 1825      554E5445 
 1825      5200
 1826              	.LASF101:
 1827 0653 45455F63 		.ascii	"EE_counter_RAM\000"
 1827      6F756E74 
 1827      65725F52 
 1827      414D00
 1828              	.LASF40:
 1829 0662 73706563 		.ascii	"spec_id\000"
 1829      5F696400 
 1830              	.LASF49:
 1831 066a 45455F41 		.ascii	"EE_ACTION_EVENT\000"
 1831      4354494F 
 1831      4E5F4556 
 1831      454E5400 
 1832              	.LASF65:
 1833 067a 45455F68 		.ascii	"EE_hal_thread_body\000"
 1833      616C5F74 
 1833      68726561 
 1833      645F626F 
 1833      647900
 1834              	.LASF85:
 1835 068d 45455F73 		.ascii	"EE_sys_ceiling\000"
 1835      79735F63 
 1835      65696C69 
 1835      6E6700
 1836              	.LASF54:
 1837 069c 61637469 		.ascii	"action_kind\000"
 1837      6F6E5F6B 
 1837      696E6400 
 1838              	.LASF63:
 1839 06a8 7461736B 		.ascii	"task\000"
 1839      00
 1840              	.LASF102:
ARM GAS  C:\Users\bolob\AppData\Local\Temp\ccDuT0Qg.s 			page 39


 1841 06ad 45455F6F 		.ascii	"EE_oo_counter_object_RAM\000"
 1841      6F5F636F 
 1841      756E7465 
 1841      725F6F62 
 1841      6A656374 
 1842              	.LASF53:
 1843 06c6 41637469 		.ascii	"ActionKindType\000"
 1843      6F6E4B69 
 1843      6E645479 
 1843      706500
 1844              	.LASF72:
 1845 06d5 45455F74 		.ascii	"EE_th_ready_prio\000"
 1845      685F7265 
 1845      6164795F 
 1845      7072696F 
 1845      00
 1846              	.LASF82:
 1847 06e6 45455F74 		.ascii	"EE_th_rnact\000"
 1847      685F726E 
 1847      61637400 
 1848              	.LASF90:
 1849 06f2 45455F72 		.ascii	"EE_rq_pairs_tid\000"
 1849      715F7061 
 1849      6972735F 
 1849      74696400 
 1850              	.LASF108:
 1851 0702 45455F49 		.ascii	"EE_IRQ_nesting_level\000"
 1851      52515F6E 
 1851      65737469 
 1851      6E675F6C 
 1851      6576656C 
 1852              	.LASF12:
 1853 0717 45455F55 		.ascii	"EE_UINT32\000"
 1853      494E5433 
 1853      3200
 1854              	.LASF11:
 1855 0721 45455F49 		.ascii	"EE_INT32\000"
 1855      4E543332 
 1855      00
 1856              	.LASF67:
 1857 072a 45455F74 		.ascii	"EE_terminate_data\000"
 1857      65726D69 
 1857      6E617465 
 1857      5F646174 
 1857      6100
 1858              	.LASF113:
 1859 073c 47656E65 		.ascii	"Generated_Source\\PSoC5\\ErikaOS_1_eecfg.c\000"
 1859      72617465 
 1859      645F536F 
 1859      75726365 
 1859      5C50536F 
 1860              	.LASF93:
 1861 0765 45455F74 		.ascii	"EE_th_event_active\000"
 1861      685F6576 
 1861      656E745F 
 1861      61637469 
 1861      766500
ARM GAS  C:\Users\bolob\AppData\Local\Temp\ccDuT0Qg.s 			page 40


 1862              	.LASF44:
 1863 0778 636E7463 		.ascii	"cntcycle\000"
 1863      79636C65 
 1863      00
 1864              	.LASF28:
 1865 0781 5359535F 		.ascii	"SYS_tos\000"
 1865      746F7300 
 1866              	.LASF55:
 1867 0789 61637469 		.ascii	"action_task\000"
 1867      6F6E5F74 
 1867      61736B00 
 1868              	.LASF13:
 1869 0795 45455F41 		.ascii	"EE_ADDR\000"
 1869      44445200 
 1870              	.LASF96:
 1871 079d 45455F74 		.ascii	"EE_th_is_extended\000"
 1871      685F6973 
 1871      5F657874 
 1871      656E6465 
 1871      6400
 1872              	.LASF18:
 1873 07af 45455F46 		.ascii	"EE_FREG\000"
 1873      52454700 
 1874              	.LASF103:
 1875 07b7 45455F6F 		.ascii	"EE_oo_autostart_task_data\000"
 1875      6F5F6175 
 1875      746F7374 
 1875      6172745F 
 1875      7461736B 
 1876              		.ident	"GCC: (GNU Tools for ARM Embedded Processors) 5.4.1 20160609 (release) [ARM/embedded-5-bran
