ARM GAS  C:\Users\bolob\AppData\Local\Temp\ccIMLjjH.s 			page 1


   1              		.syntax unified
   2              		.cpu cortex-m3
   3              		.fpu softvfp
   4              		.eabi_attribute 20, 1
   5              		.eabi_attribute 21, 1
   6              		.eabi_attribute 23, 3
   7              		.eabi_attribute 24, 1
   8              		.eabi_attribute 25, 1
   9              		.eabi_attribute 26, 1
  10              		.eabi_attribute 30, 1
  11              		.eabi_attribute 34, 1
  12              		.eabi_attribute 18, 4
  13              		.thumb
  14              		.syntax unified
  15              		.file	"sc_displaydata_type.c"
  16              		.text
  17              	.Ltext0:
  18              		.cfi_sections	.debug_frame
  19              		.section	.text.SC_DISPLAYDATA_driverIn,"ax",%progbits
  20              		.align	2
  21              		.global	SC_DISPLAYDATA_driverIn
  22              		.thumb
  23              		.thumb_func
  24              		.type	SC_DISPLAYDATA_driverIn, %function
  25              	SC_DISPLAYDATA_driverIn:
  26              	.LFB110:
  27              		.file 1 "source\\rte\\sc_displaydata_type.c"
   1:source\rte/sc_displaydata_type.c **** /*
   2:source\rte/sc_displaydata_type.c ****  * Filename: sc_displaydata_type.c
   3:source\rte/sc_displaydata_type.c ****  *
   4:source\rte/sc_displaydata_type.c ****  * Author: Autogenerated by H-DA RTE Generator, (c) Prof. Fromm
   5:source\rte/sc_displaydata_type.c ****  *
   6:source\rte/sc_displaydata_type.c ****  * description: Signalclass
   7:source\rte/sc_displaydata_type.c ****  * name: sc_displayData
   8:source\rte/sc_displaydata_type.c ****  * shortname: displayData
   9:source\rte/sc_displaydata_type.c ****  *
  10:source\rte/sc_displaydata_type.c ****  */
  11:source\rte/sc_displaydata_type.c **** 
  12:source\rte/sc_displaydata_type.c **** #include "project.h"
  13:source\rte/sc_displaydata_type.c **** #include "global.h"
  14:source\rte/sc_displaydata_type.c **** #include "rte.h"
  15:source\rte/sc_displaydata_type.c **** #include "rte_types.h"
  16:source\rte/sc_displaydata_type.c **** #include "sc_displaydata_type.h"
  17:source\rte/sc_displaydata_type.c **** 
  18:source\rte/sc_displaydata_type.c **** 
  19:source\rte/sc_displaydata_type.c **** 
  20:source\rte/sc_displaydata_type.c **** /* USER CODE START SC_DISPLAYDATA_INCLUDE */
  21:source\rte/sc_displaydata_type.c **** 
  22:source\rte/sc_displaydata_type.c **** /* USER CODE END SC_DISPLAYDATA_INCLUDE */
  23:source\rte/sc_displaydata_type.c **** 
  24:source\rte/sc_displaydata_type.c **** 
  25:source\rte/sc_displaydata_type.c **** 
  26:source\rte/sc_displaydata_type.c **** 
  27:source\rte/sc_displaydata_type.c **** /* USER CODE START SC_DISPLAYDATA_USERDEFINITIONS */
  28:source\rte/sc_displaydata_type.c **** 
  29:source\rte/sc_displaydata_type.c **** /* USER CODE END SC_DISPLAYDATA_USERDEFINITIONS */
  30:source\rte/sc_displaydata_type.c **** 
ARM GAS  C:\Users\bolob\AppData\Local\Temp\ccIMLjjH.s 			page 2


  31:source\rte/sc_displaydata_type.c **** 
  32:source\rte/sc_displaydata_type.c **** /*****************************************************************************************
  33:source\rte/sc_displaydata_type.c ****  *************** Port Wrapper Implementation for SC_DISPLAYDATA signal  ****************
  34:source\rte/sc_displaydata_type.c ****  *****************************************************************************************/
  35:source\rte/sc_displaydata_type.c ****  
  36:source\rte/sc_displaydata_type.c ****  
  37:source\rte/sc_displaydata_type.c **** 
  38:source\rte/sc_displaydata_type.c **** /**
  39:source\rte/sc_displaydata_type.c ****  * Default IN driver API
  40:source\rte/sc_displaydata_type.c ****  */
  41:source\rte/sc_displaydata_type.c **** inline RC_t SC_DISPLAYDATA_driverIn(SC_DISPLAYDATA_data_t *const data)
  42:source\rte/sc_displaydata_type.c **** {
  28              		.loc 1 42 0
  29              		.cfi_startproc
  30              		@ args = 0, pretend = 0, frame = 0
  31              		@ frame_needed = 0, uses_anonymous_args = 0
  32              		@ link register save eliminated.
  33              	.LVL0:
  43:source\rte/sc_displaydata_type.c **** 	/* USER CODE START driverInSC_DISPLAYDATA */
  44:source\rte/sc_displaydata_type.c ****     
  45:source\rte/sc_displaydata_type.c **** 	return RC_SUCCESS;
  46:source\rte/sc_displaydata_type.c **** 	/* USER CODE END driverInSC_DISPLAYDATA */
  47:source\rte/sc_displaydata_type.c **** }
  34              		.loc 1 47 0
  35 0000 0020     		movs	r0, #0
  36              	.LVL1:
  37 0002 7047     		bx	lr
  38              		.cfi_endproc
  39              	.LFE110:
  40              		.size	SC_DISPLAYDATA_driverIn, .-SC_DISPLAYDATA_driverIn
  41              		.section	.text.SC_DISPLAYDATA_driverOut,"ax",%progbits
  42              		.align	2
  43              		.global	SC_DISPLAYDATA_driverOut
  44              		.thumb
  45              		.thumb_func
  46              		.type	SC_DISPLAYDATA_driverOut, %function
  47              	SC_DISPLAYDATA_driverOut:
  48              	.LFB111:
  48:source\rte/sc_displaydata_type.c **** /**
  49:source\rte/sc_displaydata_type.c ****  * Default OUT driver API
  50:source\rte/sc_displaydata_type.c ****  */
  51:source\rte/sc_displaydata_type.c **** inline RC_t SC_DISPLAYDATA_driverOut(const SC_DISPLAYDATA_data_t  *const data)
  52:source\rte/sc_displaydata_type.c **** {
  49              		.loc 1 52 0
  50              		.cfi_startproc
  51              		@ args = 0, pretend = 0, frame = 0
  52              		@ frame_needed = 0, uses_anonymous_args = 0
  53              		@ link register save eliminated.
  54              	.LVL2:
  53:source\rte/sc_displaydata_type.c **** 	/* USER CODE START driverOutSC_DISPLAYDATA */
  54:source\rte/sc_displaydata_type.c **** 
  55:source\rte/sc_displaydata_type.c **** 	//Scale application data to drive format
  56:source\rte/sc_displaydata_type.c **** 
  57:source\rte/sc_displaydata_type.c **** 	//Write scaled data to driver
  58:source\rte/sc_displaydata_type.c **** 
  59:source\rte/sc_displaydata_type.c **** 	return RC_SUCCESS;
  60:source\rte/sc_displaydata_type.c **** 	/* USER CODE END driverOutSC_DISPLAYDATA */
ARM GAS  C:\Users\bolob\AppData\Local\Temp\ccIMLjjH.s 			page 3


  61:source\rte/sc_displaydata_type.c **** }
  55              		.loc 1 61 0
  56 0000 0020     		movs	r0, #0
  57              	.LVL3:
  58 0002 7047     		bx	lr
  59              		.cfi_endproc
  60              	.LFE111:
  61              		.size	SC_DISPLAYDATA_driverOut, .-SC_DISPLAYDATA_driverOut
  62              		.text
  63              	.Letext0:
  64              		.file 2 "c:\\program files (x86)\\cypress\\psoc creator\\4.4\\psoc creator\\import\\gnu\\arm\\5.4.
  65              		.file 3 "c:\\program files (x86)\\cypress\\psoc creator\\4.4\\psoc creator\\import\\gnu\\arm\\5.4.
  66              		.file 4 "Generated_Source\\PSoC5/ErikaOS_1_common_ee_types.inc"
  67              		.file 5 "Generated_Source\\PSoC5/ErikaOS_1_cortex_mx_ee_cpu.inc"
  68              		.file 6 ".\\source\\bsw/global.h"
  69              		.file 7 "source\\rte\\sc_displaydata_type.h"
  70              		.file 8 "Generated_Source\\PSoC5/ErikaOS_1_ee_oo_intfunc.inc"
  71              		.file 9 "Generated_Source\\PSoC5/ErikaOS_1_cortex_mx_ee_context.inc"
  72              		.file 10 "Generated_Source\\PSoC5/ErikaOS_1_common_ee_primitives.inc"
  73              		.file 11 "Generated_Source\\PSoC5/core_cm3.h"
  74              		.section	.debug_info,"",%progbits
  75              	.Ldebug_info0:
  76 0000 78020000 		.4byte	0x278
  77 0004 0400     		.2byte	0x4
  78 0006 00000000 		.4byte	.Ldebug_abbrev0
  79 000a 04       		.byte	0x4
  80 000b 01       		.uleb128 0x1
  81 000c E0020000 		.4byte	.LASF61
  82 0010 0C       		.byte	0xc
  83 0011 09010000 		.4byte	.LASF62
  84 0015 8A020000 		.4byte	.LASF63
  85 0019 00000000 		.4byte	.Ldebug_ranges0+0
  86 001d 00000000 		.4byte	0
  87 0021 00000000 		.4byte	.Ldebug_line0
  88 0025 02       		.uleb128 0x2
  89 0026 01       		.byte	0x1
  90 0027 06       		.byte	0x6
  91 0028 1F020000 		.4byte	.LASF0
  92 002c 02       		.uleb128 0x2
  93 002d 01       		.byte	0x1
  94 002e 08       		.byte	0x8
  95 002f FB010000 		.4byte	.LASF1
  96 0033 02       		.uleb128 0x2
  97 0034 02       		.byte	0x2
  98 0035 05       		.byte	0x5
  99 0036 3B000000 		.4byte	.LASF2
 100 003a 02       		.uleb128 0x2
 101 003b 02       		.byte	0x2
 102 003c 07       		.byte	0x7
 103 003d CD020000 		.4byte	.LASF3
 104 0041 03       		.uleb128 0x3
 105 0042 EE030000 		.4byte	.LASF9
 106 0046 02       		.byte	0x2
 107 0047 3F       		.byte	0x3f
 108 0048 4C000000 		.4byte	0x4c
 109 004c 02       		.uleb128 0x2
 110 004d 04       		.byte	0x4
ARM GAS  C:\Users\bolob\AppData\Local\Temp\ccIMLjjH.s 			page 4


 111 004e 05       		.byte	0x5
 112 004f 99010000 		.4byte	.LASF4
 113 0053 02       		.uleb128 0x2
 114 0054 04       		.byte	0x4
 115 0055 07       		.byte	0x7
 116 0056 BB030000 		.4byte	.LASF5
 117 005a 02       		.uleb128 0x2
 118 005b 08       		.byte	0x8
 119 005c 05       		.byte	0x5
 120 005d 43010000 		.4byte	.LASF6
 121 0061 02       		.uleb128 0x2
 122 0062 08       		.byte	0x8
 123 0063 07       		.byte	0x7
 124 0064 2B020000 		.4byte	.LASF7
 125 0068 04       		.uleb128 0x4
 126 0069 04       		.byte	0x4
 127 006a 05       		.byte	0x5
 128 006b 696E7400 		.ascii	"int\000"
 129 006f 02       		.uleb128 0x2
 130 0070 04       		.byte	0x4
 131 0071 07       		.byte	0x7
 132 0072 42020000 		.4byte	.LASF8
 133 0076 03       		.uleb128 0x3
 134 0077 88030000 		.4byte	.LASF10
 135 007b 03       		.byte	0x3
 136 007c 2C       		.byte	0x2c
 137 007d 41000000 		.4byte	0x41
 138 0081 02       		.uleb128 0x2
 139 0082 04       		.byte	0x4
 140 0083 04       		.byte	0x4
 141 0084 03010000 		.4byte	.LASF11
 142 0088 02       		.uleb128 0x2
 143 0089 08       		.byte	0x8
 144 008a 04       		.byte	0x4
 145 008b CD030000 		.4byte	.LASF12
 146 008f 02       		.uleb128 0x2
 147 0090 01       		.byte	0x1
 148 0091 08       		.byte	0x8
 149 0092 6E030000 		.4byte	.LASF13
 150 0096 02       		.uleb128 0x2
 151 0097 08       		.byte	0x8
 152 0098 04       		.byte	0x4
 153 0099 EF010000 		.4byte	.LASF14
 154 009d 02       		.uleb128 0x2
 155 009e 04       		.byte	0x4
 156 009f 07       		.byte	0x7
 157 00a0 6B000000 		.4byte	.LASF15
 158 00a4 03       		.uleb128 0x3
 159 00a5 81020000 		.4byte	.LASF16
 160 00a9 04       		.byte	0x4
 161 00aa 53       		.byte	0x53
 162 00ab 68000000 		.4byte	0x68
 163 00af 03       		.uleb128 0x3
 164 00b0 9E000000 		.4byte	.LASF17
 165 00b4 04       		.byte	0x4
 166 00b5 54       		.byte	0x54
 167 00b6 6F000000 		.4byte	0x6f
ARM GAS  C:\Users\bolob\AppData\Local\Temp\ccIMLjjH.s 			page 5


 168 00ba 03       		.uleb128 0x3
 169 00bb E6030000 		.4byte	.LASF18
 170 00bf 05       		.byte	0x5
 171 00c0 4D       		.byte	0x4d
 172 00c1 AF000000 		.4byte	0xaf
 173 00c5 03       		.uleb128 0x3
 174 00c6 82000000 		.4byte	.LASF19
 175 00ca 05       		.byte	0x5
 176 00cb 4F       		.byte	0x4f
 177 00cc AF000000 		.4byte	0xaf
 178 00d0 03       		.uleb128 0x3
 179 00d1 A8000000 		.4byte	.LASF20
 180 00d5 05       		.byte	0x5
 181 00d6 78       		.byte	0x78
 182 00d7 A4000000 		.4byte	0xa4
 183 00db 03       		.uleb128 0x3
 184 00dc E5010000 		.4byte	.LASF21
 185 00e0 06       		.byte	0x6
 186 00e1 9C       		.byte	0x9c
 187 00e2 2C000000 		.4byte	0x2c
 188 00e6 05       		.uleb128 0x5
 189 00e7 01       		.byte	0x1
 190 00e8 25000000 		.4byte	0x25
 191 00ec 06       		.byte	0x6
 192 00ed CF       		.byte	0xcf
 193 00ee 8F010000 		.4byte	0x18f
 194 00f2 06       		.uleb128 0x6
 195 00f3 1C000000 		.4byte	.LASF22
 196 00f7 00       		.byte	0
 197 00f8 07       		.uleb128 0x7
 198 00f9 2F040000 		.4byte	.LASF23
 199 00fd 7F       		.sleb128 -1
 200 00fe 07       		.uleb128 0x7
 201 00ff 5D020000 		.4byte	.LASF24
 202 0103 7E       		.sleb128 -2
 203 0104 07       		.uleb128 0x7
 204 0105 74000000 		.4byte	.LASF25
 205 0109 7D       		.sleb128 -3
 206 010a 07       		.uleb128 0x7
 207 010b 38040000 		.4byte	.LASF26
 208 010f 7C       		.sleb128 -4
 209 0110 07       		.uleb128 0x7
 210 0111 F4000000 		.4byte	.LASF27
 211 0115 7B       		.sleb128 -5
 212 0116 07       		.uleb128 0x7
 213 0117 45000000 		.4byte	.LASF28
 214 011b 7A       		.sleb128 -6
 215 011c 07       		.uleb128 0x7
 216 011d A2010000 		.4byte	.LASF29
 217 0121 79       		.sleb128 -7
 218 0122 07       		.uleb128 0x7
 219 0123 73030000 		.4byte	.LASF30
 220 0127 78       		.sleb128 -8
 221 0128 07       		.uleb128 0x7
 222 0129 6B020000 		.4byte	.LASF31
 223 012d 77       		.sleb128 -9
 224 012e 07       		.uleb128 0x7
ARM GAS  C:\Users\bolob\AppData\Local\Temp\ccIMLjjH.s 			page 6


 225 012f B4010000 		.4byte	.LASF32
 226 0133 76       		.sleb128 -10
 227 0134 07       		.uleb128 0x7
 228 0135 7E040000 		.4byte	.LASF33
 229 0139 75       		.sleb128 -11
 230 013a 07       		.uleb128 0x7
 231 013b 4F020000 		.4byte	.LASF34
 232 013f 74       		.sleb128 -12
 233 0140 07       		.uleb128 0x7
 234 0141 D4030000 		.4byte	.LASF35
 235 0145 73       		.sleb128 -13
 236 0146 07       		.uleb128 0x7
 237 0147 09000000 		.4byte	.LASF36
 238 014b 72       		.sleb128 -14
 239 014c 07       		.uleb128 0x7
 240 014d 27000000 		.4byte	.LASF37
 241 0151 71       		.sleb128 -15
 242 0152 07       		.uleb128 0x7
 243 0153 C2010000 		.4byte	.LASF38
 244 0157 70       		.sleb128 -16
 245 0158 07       		.uleb128 0x7
 246 0159 8A000000 		.4byte	.LASF39
 247 015d 6F       		.sleb128 -17
 248 015e 07       		.uleb128 0x7
 249 015f 56000000 		.4byte	.LASF40
 250 0163 6E       		.sleb128 -18
 251 0164 07       		.uleb128 0x7
 252 0165 6A010000 		.4byte	.LASF41
 253 0169 6D       		.sleb128 -19
 254 016a 07       		.uleb128 0x7
 255 016b 90030000 		.4byte	.LASF42
 256 016f 6C       		.sleb128 -20
 257 0170 07       		.uleb128 0x7
 258 0171 D3010000 		.4byte	.LASF43
 259 0175 6B       		.sleb128 -21
 260 0176 07       		.uleb128 0x7
 261 0177 10040000 		.4byte	.LASF44
 262 017b 6A       		.sleb128 -22
 263 017c 07       		.uleb128 0x7
 264 017d AF000000 		.4byte	.LASF45
 265 0181 69       		.sleb128 -23
 266 0182 07       		.uleb128 0x7
 267 0183 7D010000 		.4byte	.LASF46
 268 0187 68       		.sleb128 -24
 269 0188 07       		.uleb128 0x7
 270 0189 2A010000 		.4byte	.LASF47
 271 018d 67       		.sleb128 -25
 272 018e 00       		.byte	0
 273 018f 03       		.uleb128 0x3
 274 0190 79040000 		.4byte	.LASF48
 275 0194 06       		.byte	0x6
 276 0195 EA       		.byte	0xea
 277 0196 E6000000 		.4byte	0xe6
 278 019a 08       		.uleb128 0x8
 279 019b 02       		.byte	0x2
 280 019c 07       		.byte	0x7
 281 019d 21       		.byte	0x21
ARM GAS  C:\Users\bolob\AppData\Local\Temp\ccIMLjjH.s 			page 7


 282 019e BB010000 		.4byte	0x1bb
 283 01a2 09       		.uleb128 0x9
 284 01a3 00000000 		.4byte	.LASF49
 285 01a7 07       		.byte	0x7
 286 01a8 24       		.byte	0x24
 287 01a9 DB000000 		.4byte	0xdb
 288 01ad 00       		.byte	0
 289 01ae 09       		.uleb128 0x9
 290 01af 8E010000 		.4byte	.LASF50
 291 01b3 07       		.byte	0x7
 292 01b4 25       		.byte	0x25
 293 01b5 DB000000 		.4byte	0xdb
 294 01b9 01       		.byte	0x1
 295 01ba 00       		.byte	0
 296 01bb 03       		.uleb128 0x3
 297 01bc 09020000 		.4byte	.LASF51
 298 01c0 07       		.byte	0x7
 299 01c1 28       		.byte	0x28
 300 01c2 9A010000 		.4byte	0x19a
 301 01c6 0A       		.uleb128 0xa
 302 01c7 F8030000 		.4byte	.LASF52
 303 01cb 01       		.byte	0x1
 304 01cc 29       		.byte	0x29
 305 01cd 8F010000 		.4byte	0x18f
 306 01d1 00000000 		.4byte	.LFB110
 307 01d5 04000000 		.4byte	.LFE110-.LFB110
 308 01d9 01       		.uleb128 0x1
 309 01da 9C       		.byte	0x9c
 310 01db EF010000 		.4byte	0x1ef
 311 01df 0B       		.uleb128 0xb
 312 01e0 A3030000 		.4byte	.LASF54
 313 01e4 01       		.byte	0x1
 314 01e5 29       		.byte	0x29
 315 01e6 F5010000 		.4byte	0x1f5
 316 01ea 00000000 		.4byte	.LLST0
 317 01ee 00       		.byte	0
 318 01ef 0C       		.uleb128 0xc
 319 01f0 04       		.byte	0x4
 320 01f1 BB010000 		.4byte	0x1bb
 321 01f5 0D       		.uleb128 0xd
 322 01f6 EF010000 		.4byte	0x1ef
 323 01fa 0A       		.uleb128 0xa
 324 01fb 60040000 		.4byte	.LASF53
 325 01ff 01       		.byte	0x1
 326 0200 33       		.byte	0x33
 327 0201 8F010000 		.4byte	0x18f
 328 0205 00000000 		.4byte	.LFB111
 329 0209 04000000 		.4byte	.LFE111-.LFB111
 330 020d 01       		.uleb128 0x1
 331 020e 9C       		.byte	0x9c
 332 020f 23020000 		.4byte	0x223
 333 0213 0B       		.uleb128 0xb
 334 0214 A3030000 		.4byte	.LASF54
 335 0218 01       		.byte	0x1
 336 0219 33       		.byte	0x33
 337 021a 2E020000 		.4byte	0x22e
 338 021e 21000000 		.4byte	.LLST1
ARM GAS  C:\Users\bolob\AppData\Local\Temp\ccIMLjjH.s 			page 8


 339 0222 00       		.byte	0
 340 0223 0C       		.uleb128 0xc
 341 0224 04       		.byte	0x4
 342 0225 29020000 		.4byte	0x229
 343 0229 0D       		.uleb128 0xd
 344 022a BB010000 		.4byte	0x1bb
 345 022e 0D       		.uleb128 0xd
 346 022f 23020000 		.4byte	0x223
 347 0233 0E       		.uleb128 0xe
 348 0234 48040000 		.4byte	.LASF55
 349 0238 08       		.byte	0x8
 350 0239 40       		.byte	0x40
 351 023a BA000000 		.4byte	0xba
 352 023e 0E       		.uleb128 0xe
 353 023f 51010000 		.4byte	.LASF56
 354 0243 08       		.byte	0x8
 355 0244 47       		.byte	0x47
 356 0245 C5000000 		.4byte	0xc5
 357 0249 0E       		.uleb128 0xe
 358 024a A8030000 		.4byte	.LASF57
 359 024e 08       		.byte	0x8
 360 024f 4A       		.byte	0x4a
 361 0250 BA000000 		.4byte	0xba
 362 0254 0E       		.uleb128 0xe
 363 0255 DB000000 		.4byte	.LASF58
 364 0259 09       		.byte	0x9
 365 025a 48       		.byte	0x48
 366 025b D0000000 		.4byte	0xd0
 367 025f 0E       		.uleb128 0xe
 368 0260 C6000000 		.4byte	.LASF59
 369 0264 0A       		.byte	0xa
 370 0265 44       		.byte	0x44
 371 0266 BA000000 		.4byte	0xba
 372 026a 0F       		.uleb128 0xf
 373 026b 22040000 		.4byte	.LASF60
 374 026f 0B       		.byte	0xb
 375 0270 1207     		.2byte	0x712
 376 0272 76020000 		.4byte	0x276
 377 0276 10       		.uleb128 0x10
 378 0277 76000000 		.4byte	0x76
 379 027b 00       		.byte	0
 380              		.section	.debug_abbrev,"",%progbits
 381              	.Ldebug_abbrev0:
 382 0000 01       		.uleb128 0x1
 383 0001 11       		.uleb128 0x11
 384 0002 01       		.byte	0x1
 385 0003 25       		.uleb128 0x25
 386 0004 0E       		.uleb128 0xe
 387 0005 13       		.uleb128 0x13
 388 0006 0B       		.uleb128 0xb
 389 0007 03       		.uleb128 0x3
 390 0008 0E       		.uleb128 0xe
 391 0009 1B       		.uleb128 0x1b
 392 000a 0E       		.uleb128 0xe
 393 000b 55       		.uleb128 0x55
 394 000c 17       		.uleb128 0x17
 395 000d 11       		.uleb128 0x11
ARM GAS  C:\Users\bolob\AppData\Local\Temp\ccIMLjjH.s 			page 9


 396 000e 01       		.uleb128 0x1
 397 000f 10       		.uleb128 0x10
 398 0010 17       		.uleb128 0x17
 399 0011 00       		.byte	0
 400 0012 00       		.byte	0
 401 0013 02       		.uleb128 0x2
 402 0014 24       		.uleb128 0x24
 403 0015 00       		.byte	0
 404 0016 0B       		.uleb128 0xb
 405 0017 0B       		.uleb128 0xb
 406 0018 3E       		.uleb128 0x3e
 407 0019 0B       		.uleb128 0xb
 408 001a 03       		.uleb128 0x3
 409 001b 0E       		.uleb128 0xe
 410 001c 00       		.byte	0
 411 001d 00       		.byte	0
 412 001e 03       		.uleb128 0x3
 413 001f 16       		.uleb128 0x16
 414 0020 00       		.byte	0
 415 0021 03       		.uleb128 0x3
 416 0022 0E       		.uleb128 0xe
 417 0023 3A       		.uleb128 0x3a
 418 0024 0B       		.uleb128 0xb
 419 0025 3B       		.uleb128 0x3b
 420 0026 0B       		.uleb128 0xb
 421 0027 49       		.uleb128 0x49
 422 0028 13       		.uleb128 0x13
 423 0029 00       		.byte	0
 424 002a 00       		.byte	0
 425 002b 04       		.uleb128 0x4
 426 002c 24       		.uleb128 0x24
 427 002d 00       		.byte	0
 428 002e 0B       		.uleb128 0xb
 429 002f 0B       		.uleb128 0xb
 430 0030 3E       		.uleb128 0x3e
 431 0031 0B       		.uleb128 0xb
 432 0032 03       		.uleb128 0x3
 433 0033 08       		.uleb128 0x8
 434 0034 00       		.byte	0
 435 0035 00       		.byte	0
 436 0036 05       		.uleb128 0x5
 437 0037 04       		.uleb128 0x4
 438 0038 01       		.byte	0x1
 439 0039 0B       		.uleb128 0xb
 440 003a 0B       		.uleb128 0xb
 441 003b 49       		.uleb128 0x49
 442 003c 13       		.uleb128 0x13
 443 003d 3A       		.uleb128 0x3a
 444 003e 0B       		.uleb128 0xb
 445 003f 3B       		.uleb128 0x3b
 446 0040 0B       		.uleb128 0xb
 447 0041 01       		.uleb128 0x1
 448 0042 13       		.uleb128 0x13
 449 0043 00       		.byte	0
 450 0044 00       		.byte	0
 451 0045 06       		.uleb128 0x6
 452 0046 28       		.uleb128 0x28
ARM GAS  C:\Users\bolob\AppData\Local\Temp\ccIMLjjH.s 			page 10


 453 0047 00       		.byte	0
 454 0048 03       		.uleb128 0x3
 455 0049 0E       		.uleb128 0xe
 456 004a 1C       		.uleb128 0x1c
 457 004b 0B       		.uleb128 0xb
 458 004c 00       		.byte	0
 459 004d 00       		.byte	0
 460 004e 07       		.uleb128 0x7
 461 004f 28       		.uleb128 0x28
 462 0050 00       		.byte	0
 463 0051 03       		.uleb128 0x3
 464 0052 0E       		.uleb128 0xe
 465 0053 1C       		.uleb128 0x1c
 466 0054 0D       		.uleb128 0xd
 467 0055 00       		.byte	0
 468 0056 00       		.byte	0
 469 0057 08       		.uleb128 0x8
 470 0058 13       		.uleb128 0x13
 471 0059 01       		.byte	0x1
 472 005a 0B       		.uleb128 0xb
 473 005b 0B       		.uleb128 0xb
 474 005c 3A       		.uleb128 0x3a
 475 005d 0B       		.uleb128 0xb
 476 005e 3B       		.uleb128 0x3b
 477 005f 0B       		.uleb128 0xb
 478 0060 01       		.uleb128 0x1
 479 0061 13       		.uleb128 0x13
 480 0062 00       		.byte	0
 481 0063 00       		.byte	0
 482 0064 09       		.uleb128 0x9
 483 0065 0D       		.uleb128 0xd
 484 0066 00       		.byte	0
 485 0067 03       		.uleb128 0x3
 486 0068 0E       		.uleb128 0xe
 487 0069 3A       		.uleb128 0x3a
 488 006a 0B       		.uleb128 0xb
 489 006b 3B       		.uleb128 0x3b
 490 006c 0B       		.uleb128 0xb
 491 006d 49       		.uleb128 0x49
 492 006e 13       		.uleb128 0x13
 493 006f 38       		.uleb128 0x38
 494 0070 0B       		.uleb128 0xb
 495 0071 00       		.byte	0
 496 0072 00       		.byte	0
 497 0073 0A       		.uleb128 0xa
 498 0074 2E       		.uleb128 0x2e
 499 0075 01       		.byte	0x1
 500 0076 3F       		.uleb128 0x3f
 501 0077 19       		.uleb128 0x19
 502 0078 03       		.uleb128 0x3
 503 0079 0E       		.uleb128 0xe
 504 007a 3A       		.uleb128 0x3a
 505 007b 0B       		.uleb128 0xb
 506 007c 3B       		.uleb128 0x3b
 507 007d 0B       		.uleb128 0xb
 508 007e 27       		.uleb128 0x27
 509 007f 19       		.uleb128 0x19
ARM GAS  C:\Users\bolob\AppData\Local\Temp\ccIMLjjH.s 			page 11


 510 0080 49       		.uleb128 0x49
 511 0081 13       		.uleb128 0x13
 512 0082 11       		.uleb128 0x11
 513 0083 01       		.uleb128 0x1
 514 0084 12       		.uleb128 0x12
 515 0085 06       		.uleb128 0x6
 516 0086 40       		.uleb128 0x40
 517 0087 18       		.uleb128 0x18
 518 0088 9742     		.uleb128 0x2117
 519 008a 19       		.uleb128 0x19
 520 008b 01       		.uleb128 0x1
 521 008c 13       		.uleb128 0x13
 522 008d 00       		.byte	0
 523 008e 00       		.byte	0
 524 008f 0B       		.uleb128 0xb
 525 0090 05       		.uleb128 0x5
 526 0091 00       		.byte	0
 527 0092 03       		.uleb128 0x3
 528 0093 0E       		.uleb128 0xe
 529 0094 3A       		.uleb128 0x3a
 530 0095 0B       		.uleb128 0xb
 531 0096 3B       		.uleb128 0x3b
 532 0097 0B       		.uleb128 0xb
 533 0098 49       		.uleb128 0x49
 534 0099 13       		.uleb128 0x13
 535 009a 02       		.uleb128 0x2
 536 009b 17       		.uleb128 0x17
 537 009c 00       		.byte	0
 538 009d 00       		.byte	0
 539 009e 0C       		.uleb128 0xc
 540 009f 0F       		.uleb128 0xf
 541 00a0 00       		.byte	0
 542 00a1 0B       		.uleb128 0xb
 543 00a2 0B       		.uleb128 0xb
 544 00a3 49       		.uleb128 0x49
 545 00a4 13       		.uleb128 0x13
 546 00a5 00       		.byte	0
 547 00a6 00       		.byte	0
 548 00a7 0D       		.uleb128 0xd
 549 00a8 26       		.uleb128 0x26
 550 00a9 00       		.byte	0
 551 00aa 49       		.uleb128 0x49
 552 00ab 13       		.uleb128 0x13
 553 00ac 00       		.byte	0
 554 00ad 00       		.byte	0
 555 00ae 0E       		.uleb128 0xe
 556 00af 34       		.uleb128 0x34
 557 00b0 00       		.byte	0
 558 00b1 03       		.uleb128 0x3
 559 00b2 0E       		.uleb128 0xe
 560 00b3 3A       		.uleb128 0x3a
 561 00b4 0B       		.uleb128 0xb
 562 00b5 3B       		.uleb128 0x3b
 563 00b6 0B       		.uleb128 0xb
 564 00b7 49       		.uleb128 0x49
 565 00b8 13       		.uleb128 0x13
 566 00b9 3F       		.uleb128 0x3f
ARM GAS  C:\Users\bolob\AppData\Local\Temp\ccIMLjjH.s 			page 12


 567 00ba 19       		.uleb128 0x19
 568 00bb 3C       		.uleb128 0x3c
 569 00bc 19       		.uleb128 0x19
 570 00bd 00       		.byte	0
 571 00be 00       		.byte	0
 572 00bf 0F       		.uleb128 0xf
 573 00c0 34       		.uleb128 0x34
 574 00c1 00       		.byte	0
 575 00c2 03       		.uleb128 0x3
 576 00c3 0E       		.uleb128 0xe
 577 00c4 3A       		.uleb128 0x3a
 578 00c5 0B       		.uleb128 0xb
 579 00c6 3B       		.uleb128 0x3b
 580 00c7 05       		.uleb128 0x5
 581 00c8 49       		.uleb128 0x49
 582 00c9 13       		.uleb128 0x13
 583 00ca 3F       		.uleb128 0x3f
 584 00cb 19       		.uleb128 0x19
 585 00cc 3C       		.uleb128 0x3c
 586 00cd 19       		.uleb128 0x19
 587 00ce 00       		.byte	0
 588 00cf 00       		.byte	0
 589 00d0 10       		.uleb128 0x10
 590 00d1 35       		.uleb128 0x35
 591 00d2 00       		.byte	0
 592 00d3 49       		.uleb128 0x49
 593 00d4 13       		.uleb128 0x13
 594 00d5 00       		.byte	0
 595 00d6 00       		.byte	0
 596 00d7 00       		.byte	0
 597              		.section	.debug_loc,"",%progbits
 598              	.Ldebug_loc0:
 599              	.LLST0:
 600 0000 00000000 		.4byte	.LVL0
 601 0004 02000000 		.4byte	.LVL1
 602 0008 0100     		.2byte	0x1
 603 000a 50       		.byte	0x50
 604 000b 02000000 		.4byte	.LVL1
 605 000f 04000000 		.4byte	.LFE110
 606 0013 0400     		.2byte	0x4
 607 0015 F3       		.byte	0xf3
 608 0016 01       		.uleb128 0x1
 609 0017 50       		.byte	0x50
 610 0018 9F       		.byte	0x9f
 611 0019 00000000 		.4byte	0
 612 001d 00000000 		.4byte	0
 613              	.LLST1:
 614 0021 00000000 		.4byte	.LVL2
 615 0025 02000000 		.4byte	.LVL3
 616 0029 0100     		.2byte	0x1
 617 002b 50       		.byte	0x50
 618 002c 02000000 		.4byte	.LVL3
 619 0030 04000000 		.4byte	.LFE111
 620 0034 0400     		.2byte	0x4
 621 0036 F3       		.byte	0xf3
 622 0037 01       		.uleb128 0x1
 623 0038 50       		.byte	0x50
ARM GAS  C:\Users\bolob\AppData\Local\Temp\ccIMLjjH.s 			page 13


 624 0039 9F       		.byte	0x9f
 625 003a 00000000 		.4byte	0
 626 003e 00000000 		.4byte	0
 627              		.section	.debug_aranges,"",%progbits
 628 0000 24000000 		.4byte	0x24
 629 0004 0200     		.2byte	0x2
 630 0006 00000000 		.4byte	.Ldebug_info0
 631 000a 04       		.byte	0x4
 632 000b 00       		.byte	0
 633 000c 0000     		.2byte	0
 634 000e 0000     		.2byte	0
 635 0010 00000000 		.4byte	.LFB110
 636 0014 04000000 		.4byte	.LFE110-.LFB110
 637 0018 00000000 		.4byte	.LFB111
 638 001c 04000000 		.4byte	.LFE111-.LFB111
 639 0020 00000000 		.4byte	0
 640 0024 00000000 		.4byte	0
 641              		.section	.debug_ranges,"",%progbits
 642              	.Ldebug_ranges0:
 643 0000 00000000 		.4byte	.LFB110
 644 0004 04000000 		.4byte	.LFE110
 645 0008 00000000 		.4byte	.LFB111
 646 000c 04000000 		.4byte	.LFE111
 647 0010 00000000 		.4byte	0
 648 0014 00000000 		.4byte	0
 649              		.section	.debug_line,"",%progbits
 650              	.Ldebug_line0:
 651 0000 61020000 		.section	.debug_str,"MS",%progbits,1
 651      02003902 
 651      00000201 
 651      FB0E0D00 
 651      01010101 
 652              	.LASF49:
 653 0000 696E7648 		.ascii	"invHours\000"
 653      6F757273 
 653      00
 654              	.LASF36:
 655 0009 52435F45 		.ascii	"RC_ERROR_READ_ONLY\000"
 655      52524F52 
 655      5F524541 
 655      445F4F4E 
 655      4C5900
 656              	.LASF22:
 657 001c 52435F53 		.ascii	"RC_SUCCESS\000"
 657      55434345 
 657      535300
 658              	.LASF37:
 659 0027 52435F45 		.ascii	"RC_ERROR_WRITE_ONLY\000"
 659      52524F52 
 659      5F575249 
 659      54455F4F 
 659      4E4C5900 
 660              	.LASF2:
 661 003b 73686F72 		.ascii	"short int\000"
 661      7420696E 
 661      7400
 662              	.LASF28:
ARM GAS  C:\Users\bolob\AppData\Local\Temp\ccIMLjjH.s 			page 14


 663 0045 52435F45 		.ascii	"RC_ERROR_OVERRUN\000"
 663      52524F52 
 663      5F4F5645 
 663      5252554E 
 663      00
 664              	.LASF40:
 665 0056 52435F45 		.ascii	"RC_ERROR_WRITE_FAILS\000"
 665      52524F52 
 665      5F575249 
 665      54455F46 
 665      41494C53 
 666              	.LASF15:
 667 006b 73697A65 		.ascii	"sizetype\000"
 667      74797065 
 667      00
 668              	.LASF25:
 669 0074 52435F45 		.ascii	"RC_ERROR_ZERO\000"
 669      52524F52 
 669      5F5A4552 
 669      4F00
 670              	.LASF19:
 671 0082 45455F46 		.ascii	"EE_FREG\000"
 671      52454700 
 672              	.LASF39:
 673 008a 52435F45 		.ascii	"RC_ERROR_READ_FAILS\000"
 673      52524F52 
 673      5F524541 
 673      445F4641 
 673      494C5300 
 674              	.LASF17:
 675 009e 45455F55 		.ascii	"EE_UINT32\000"
 675      494E5433 
 675      3200
 676              	.LASF20:
 677 00a8 45455F54 		.ascii	"EE_TID\000"
 677      494400
 678              	.LASF45:
 679 00af 52435F45 		.ascii	"RC_ERROR_INVALID_STATE\000"
 679      52524F52 
 679      5F494E56 
 679      414C4944 
 679      5F535441 
 680              	.LASF59:
 681 00c6 45455F49 		.ascii	"EE_IRQ_nesting_level\000"
 681      52515F6E 
 681      65737469 
 681      6E675F6C 
 681      6576656C 
 682              	.LASF58:
 683 00db 45455F73 		.ascii	"EE_std_endcycle_next_tid\000"
 683      74645F65 
 683      6E646379 
 683      636C655F 
 683      6E657874 
 684              	.LASF27:
 685 00f4 52435F45 		.ascii	"RC_ERROR_RANGE\000"
 685      52524F52 
ARM GAS  C:\Users\bolob\AppData\Local\Temp\ccIMLjjH.s 			page 15


 685      5F52414E 
 685      474500
 686              	.LASF11:
 687 0103 666C6F61 		.ascii	"float\000"
 687      7400
 688              	.LASF62:
 689 0109 736F7572 		.ascii	"source\\rte\\sc_displaydata_type.c\000"
 689      63655C72 
 689      74655C73 
 689      635F6469 
 689      73706C61 
 690              	.LASF47:
 691 012a 52435F45 		.ascii	"RC_ERROR_NOT_IMPLEMENTED\000"
 691      52524F52 
 691      5F4E4F54 
 691      5F494D50 
 691      4C454D45 
 692              	.LASF6:
 693 0143 6C6F6E67 		.ascii	"long long int\000"
 693      206C6F6E 
 693      6720696E 
 693      7400
 694              	.LASF56:
 695 0151 45455F6F 		.ascii	"EE_oo_IRQ_suspend_status\000"
 695      6F5F4952 
 695      515F7375 
 695      7370656E 
 695      645F7374 
 696              	.LASF41:
 697 016a 52435F45 		.ascii	"RC_ERROR_NOT_MATCH\000"
 697      52524F52 
 697      5F4E4F54 
 697      5F4D4154 
 697      434800
 698              	.LASF46:
 699 017d 52435F45 		.ascii	"RC_ERROR_UNKNOWN\000"
 699      52524F52 
 699      5F554E4B 
 699      4E4F574E 
 699      00
 700              	.LASF50:
 701 018e 696E764D 		.ascii	"invMinutes\000"
 701      696E7574 
 701      657300
 702              	.LASF4:
 703 0199 6C6F6E67 		.ascii	"long int\000"
 703      20696E74 
 703      00
 704              	.LASF29:
 705 01a2 52435F45 		.ascii	"RC_ERROR_UNDERRUN\000"
 705      52524F52 
 705      5F554E44 
 705      45525255 
 705      4E00
 706              	.LASF32:
 707 01b4 52435F45 		.ascii	"RC_ERROR_BUSY\000"
 707      52524F52 
ARM GAS  C:\Users\bolob\AppData\Local\Temp\ccIMLjjH.s 			page 16


 707      5F425553 
 707      5900
 708              	.LASF38:
 709 01c2 52435F45 		.ascii	"RC_ERROR_INVALID\000"
 709      52524F52 
 709      5F494E56 
 709      414C4944 
 709      00
 710              	.LASF43:
 711 01d3 52435F45 		.ascii	"RC_ERROR_BAD_DATA\000"
 711      52524F52 
 711      5F424144 
 711      5F444154 
 711      4100
 712              	.LASF21:
 713 01e5 626F6F6C 		.ascii	"boolean_t\000"
 713      65616E5F 
 713      7400
 714              	.LASF14:
 715 01ef 6C6F6E67 		.ascii	"long double\000"
 715      20646F75 
 715      626C6500 
 716              	.LASF1:
 717 01fb 756E7369 		.ascii	"unsigned char\000"
 717      676E6564 
 717      20636861 
 717      7200
 718              	.LASF51:
 719 0209 53435F44 		.ascii	"SC_DISPLAYDATA_data_t\000"
 719      4953504C 
 719      41594441 
 719      54415F64 
 719      6174615F 
 720              	.LASF0:
 721 021f 7369676E 		.ascii	"signed char\000"
 721      65642063 
 721      68617200 
 722              	.LASF7:
 723 022b 6C6F6E67 		.ascii	"long long unsigned int\000"
 723      206C6F6E 
 723      6720756E 
 723      7369676E 
 723      65642069 
 724              	.LASF8:
 725 0242 756E7369 		.ascii	"unsigned int\000"
 725      676E6564 
 725      20696E74 
 725      00
 726              	.LASF34:
 727 024f 52435F45 		.ascii	"RC_ERROR_OPEN\000"
 727      52524F52 
 727      5F4F5045 
 727      4E00
 728              	.LASF24:
 729 025d 52435F45 		.ascii	"RC_ERROR_NULL\000"
 729      52524F52 
 729      5F4E554C 
ARM GAS  C:\Users\bolob\AppData\Local\Temp\ccIMLjjH.s 			page 17


 729      4C00
 730              	.LASF31:
 731 026b 52435F45 		.ascii	"RC_ERROR_BUFFER_EMTPY\000"
 731      52524F52 
 731      5F425546 
 731      4645525F 
 731      454D5450 
 732              	.LASF16:
 733 0281 45455F49 		.ascii	"EE_INT32\000"
 733      4E543332 
 733      00
 734              	.LASF63:
 735 028a 433A5C55 		.ascii	"C:\\Users\\bolob\\Documents\\PSoC Creator\\Clock\\E"
 735      73657273 
 735      5C626F6C 
 735      6F625C44 
 735      6F63756D 
 736 02b7 6C656374 		.ascii	"lectronic_Clock.cydsn\000"
 736      726F6E69 
 736      635F436C 
 736      6F636B2E 
 736      63796473 
 737              	.LASF3:
 738 02cd 73686F72 		.ascii	"short unsigned int\000"
 738      7420756E 
 738      7369676E 
 738      65642069 
 738      6E7400
 739              	.LASF61:
 740 02e0 474E5520 		.ascii	"GNU C11 5.4.1 20160609 (release) [ARM/embedded-5-br"
 740      43313120 
 740      352E342E 
 740      31203230 
 740      31363036 
 741 0313 616E6368 		.ascii	"anch revision 237715] -mcpu=cortex-m3 -mthumb -g -O"
 741      20726576 
 741      6973696F 
 741      6E203233 
 741      37373135 
 742 0346 67202D66 		.ascii	"g -ffunction-sections -ffat-lto-objects\000"
 742      66756E63 
 742      74696F6E 
 742      2D736563 
 742      74696F6E 
 743              	.LASF13:
 744 036e 63686172 		.ascii	"char\000"
 744      00
 745              	.LASF30:
 746 0373 52435F45 		.ascii	"RC_ERROR_BUFFER_FULL\000"
 746      52524F52 
 746      5F425546 
 746      4645525F 
 746      46554C4C 
 747              	.LASF10:
 748 0388 696E7433 		.ascii	"int32_t\000"
 748      325F7400 
 749              	.LASF42:
ARM GAS  C:\Users\bolob\AppData\Local\Temp\ccIMLjjH.s 			page 18


 750 0390 52435F45 		.ascii	"RC_ERROR_BAD_PARAM\000"
 750      52524F52 
 750      5F424144 
 750      5F504152 
 750      414D00
 751              	.LASF54:
 752 03a3 64617461 		.ascii	"data\000"
 752      00
 753              	.LASF57:
 754 03a8 45455F41 		.ascii	"EE_ApplicationMode\000"
 754      70706C69 
 754      63617469 
 754      6F6E4D6F 
 754      646500
 755              	.LASF5:
 756 03bb 6C6F6E67 		.ascii	"long unsigned int\000"
 756      20756E73 
 756      69676E65 
 756      6420696E 
 756      7400
 757              	.LASF12:
 758 03cd 646F7562 		.ascii	"double\000"
 758      6C6500
 759              	.LASF35:
 760 03d4 52435F45 		.ascii	"RC_ERROR_CHECKSUM\000"
 760      52524F52 
 760      5F434845 
 760      434B5355 
 760      4D00
 761              	.LASF18:
 762 03e6 45455F55 		.ascii	"EE_UREG\000"
 762      52454700 
 763              	.LASF9:
 764 03ee 5F5F696E 		.ascii	"__int32_t\000"
 764      7433325F 
 764      7400
 765              	.LASF52:
 766 03f8 53435F44 		.ascii	"SC_DISPLAYDATA_driverIn\000"
 766      4953504C 
 766      41594441 
 766      54415F64 
 766      72697665 
 767              	.LASF44:
 768 0410 52435F45 		.ascii	"RC_ERROR_CANCELED\000"
 768      52524F52 
 768      5F43414E 
 768      43454C45 
 768      4400
 769              	.LASF60:
 770 0422 49544D5F 		.ascii	"ITM_RxBuffer\000"
 770      52784275 
 770      66666572 
 770      00
 771              	.LASF23:
 772 042f 52435F45 		.ascii	"RC_ERROR\000"
 772      52524F52 
 772      00
ARM GAS  C:\Users\bolob\AppData\Local\Temp\ccIMLjjH.s 			page 19


 773              	.LASF26:
 774 0438 52435F45 		.ascii	"RC_ERROR_MEMORY\000"
 774      52524F52 
 774      5F4D454D 
 774      4F525900 
 775              	.LASF55:
 776 0448 45455F6F 		.ascii	"EE_oo_IRQ_disable_count\000"
 776      6F5F4952 
 776      515F6469 
 776      7361626C 
 776      655F636F 
 777              	.LASF53:
 778 0460 53435F44 		.ascii	"SC_DISPLAYDATA_driverOut\000"
 778      4953504C 
 778      41594441 
 778      54415F64 
 778      72697665 
 779              	.LASF48:
 780 0479 52435F74 		.ascii	"RC_t\000"
 780      00
 781              	.LASF33:
 782 047e 52435F45 		.ascii	"RC_ERROR_TIME_OUT\000"
 782      52524F52 
 782      5F54494D 
 782      455F4F55 
 782      5400
 783              		.ident	"GCC: (GNU Tools for ARM Embedded Processors) 5.4.1 20160609 (release) [ARM/embedded-5-bran
