ARM GAS  C:\Users\bolob\AppData\Local\Temp\cccgARgO.s 			page 1


   1              		.syntax unified
   2              		.cpu cortex-m3
   3              		.fpu softvfp
   4              		.eabi_attribute 20, 1
   5              		.eabi_attribute 21, 1
   6              		.eabi_attribute 23, 3
   7              		.eabi_attribute 24, 1
   8              		.eabi_attribute 25, 1
   9              		.eabi_attribute 26, 1
  10              		.eabi_attribute 30, 1
  11              		.eabi_attribute 34, 1
  12              		.eabi_attribute 18, 4
  13              		.thumb
  14              		.syntax unified
  15              		.file	"sc_event_type.c"
  16              		.text
  17              	.Ltext0:
  18              		.cfi_sections	.debug_frame
  19              		.section	.text.SC_EVENT_driverIn,"ax",%progbits
  20              		.align	2
  21              		.global	SC_EVENT_driverIn
  22              		.thumb
  23              		.thumb_func
  24              		.type	SC_EVENT_driverIn, %function
  25              	SC_EVENT_driverIn:
  26              	.LFB110:
  27              		.file 1 "source\\rte\\sc_event_type.c"
   1:source\rte/sc_event_type.c **** /*
   2:source\rte/sc_event_type.c ****  * Filename: sc_event_type.c
   3:source\rte/sc_event_type.c ****  *
   4:source\rte/sc_event_type.c ****  * Author: Autogenerated by H-DA RTE Generator, (c) Prof. Fromm
   5:source\rte/sc_event_type.c ****  *
   6:source\rte/sc_event_type.c ****  * description: Signalclass
   7:source\rte/sc_event_type.c ****  * name: sc_event
   8:source\rte/sc_event_type.c ****  * shortname: event
   9:source\rte/sc_event_type.c ****  *
  10:source\rte/sc_event_type.c ****  */
  11:source\rte/sc_event_type.c **** 
  12:source\rte/sc_event_type.c **** #include "project.h"
  13:source\rte/sc_event_type.c **** #include "global.h"
  14:source\rte/sc_event_type.c **** #include "rte.h"
  15:source\rte/sc_event_type.c **** #include "rte_types.h"
  16:source\rte/sc_event_type.c **** #include "sc_event_type.h"
  17:source\rte/sc_event_type.c **** 
  18:source\rte/sc_event_type.c **** 
  19:source\rte/sc_event_type.c **** 
  20:source\rte/sc_event_type.c **** /* USER CODE START SC_EVENT_INCLUDE */
  21:source\rte/sc_event_type.c **** #include "Button_3.h"
  22:source\rte/sc_event_type.c **** #include "Button_4.h"
  23:source\rte/sc_event_type.c **** /* USER CODE END SC_EVENT_INCLUDE */
  24:source\rte/sc_event_type.c **** 
  25:source\rte/sc_event_type.c **** 
  26:source\rte/sc_event_type.c **** 
  27:source\rte/sc_event_type.c **** 
  28:source\rte/sc_event_type.c **** /* USER CODE START SC_EVENT_USERDEFINITIONS */
  29:source\rte/sc_event_type.c **** #define LONG_PRESS_THRESHOLD    20      // 20 x 50ms = 1 second
  30:source\rte/sc_event_type.c **** #define EV_1MIN_THRESHOLD       1200    // 1200 x 50ms = 1 minute
ARM GAS  C:\Users\bolob\AppData\Local\Temp\cccgARgO.s 			page 2


  31:source\rte/sc_event_type.c **** #define EV_250MS_THRESHOLD      5       // 20 x 50ms = 1 second
  32:source\rte/sc_event_type.c **** /* USER CODE END SC_EVENT_USERDEFINITIONS */
  33:source\rte/sc_event_type.c **** 
  34:source\rte/sc_event_type.c **** 
  35:source\rte/sc_event_type.c **** /*****************************************************************************************
  36:source\rte/sc_event_type.c ****  *************** Port Wrapper Implementation for SC_EVENT signal  ****************
  37:source\rte/sc_event_type.c ****  *****************************************************************************************/
  38:source\rte/sc_event_type.c ****  
  39:source\rte/sc_event_type.c ****  
  40:source\rte/sc_event_type.c **** 
  41:source\rte/sc_event_type.c **** /**
  42:source\rte/sc_event_type.c ****  * Default IN driver API
  43:source\rte/sc_event_type.c ****  */
  44:source\rte/sc_event_type.c **** inline RC_t SC_EVENT_driverIn(SC_EVENT_data_t *const data)
  45:source\rte/sc_event_type.c **** {
  28              		.loc 1 45 0
  29              		.cfi_startproc
  30              		@ args = 0, pretend = 0, frame = 0
  31              		@ frame_needed = 0, uses_anonymous_args = 0
  32              	.LVL0:
  33 0000 38B5     		push	{r3, r4, r5, lr}
  34              		.cfi_def_cfa_offset 16
  35              		.cfi_offset 3, -16
  36              		.cfi_offset 4, -12
  37              		.cfi_offset 5, -8
  38              		.cfi_offset 14, -4
  39 0002 0446     		mov	r4, r0
  46:source\rte/sc_event_type.c **** 	/* USER CODE START driverInSC_EVENT */
  47:source\rte/sc_event_type.c ****     static boolean_t lastButton3State = FALSE;
  48:source\rte/sc_event_type.c ****     static boolean_t lastButton4State = FALSE;
  49:source\rte/sc_event_type.c ****     static uint16_t button4PressDuration = 0;
  50:source\rte/sc_event_type.c ****     static uint16_t tick250msCounter = 0;
  51:source\rte/sc_event_type.c ****     static uint32_t tick1minCounter = 0;
  52:source\rte/sc_event_type.c ****     
  53:source\rte/sc_event_type.c ****     boolean_t currentButton3State = Button_3_Read();
  40              		.loc 1 53 0
  41 0004 FFF7FEFF 		bl	Button_3_Read
  42              	.LVL1:
  43 0008 0546     		mov	r5, r0
  44              	.LVL2:
  54:source\rte/sc_event_type.c ****     boolean_t currentButton4State = Button_4_Read();
  45              		.loc 1 54 0
  46 000a FFF7FEFF 		bl	Button_4_Read
  47              	.LVL3:
  55:source\rte/sc_event_type.c **** 
  56:source\rte/sc_event_type.c ****     data->m_ev = EV_NONE;
  48              		.loc 1 56 0
  49 000e 0023     		movs	r3, #0
  50 0010 2370     		strb	r3, [r4]
  57:source\rte/sc_event_type.c **** 
  58:source\rte/sc_event_type.c ****     if (currentButton3State && !lastButton3State) {
  51              		.loc 1 58 0
  52 0012 25B1     		cbz	r5, .L2
  53              		.loc 1 58 0 is_stmt 0 discriminator 1
  54 0014 1A4B     		ldr	r3, .L10
  55 0016 1B78     		ldrb	r3, [r3]	@ zero_extendqisi2
  56 0018 0BB9     		cbnz	r3, .L2
ARM GAS  C:\Users\bolob\AppData\Local\Temp\cccgARgO.s 			page 3


  59:source\rte/sc_event_type.c ****         data->m_ev = EV_KEYLEFT;
  57              		.loc 1 59 0 is_stmt 1
  58 001a 0223     		movs	r3, #2
  59 001c 2370     		strb	r3, [r4]
  60              	.L2:
  60:source\rte/sc_event_type.c ****     }
  61:source\rte/sc_event_type.c **** 
  62:source\rte/sc_event_type.c ****     if (currentButton4State) {
  61              		.loc 1 62 0
  62 001e 20B1     		cbz	r0, .L3
  63:source\rte/sc_event_type.c ****         button4PressDuration++;
  63              		.loc 1 63 0
  64 0020 174A     		ldr	r2, .L10
  65 0022 5388     		ldrh	r3, [r2, #2]
  66 0024 0133     		adds	r3, r3, #1
  67 0026 5380     		strh	r3, [r2, #2]	@ movhi
  68 0028 0FE0     		b	.L4
  69              	.L3:
  64:source\rte/sc_event_type.c ****     } else {
  65:source\rte/sc_event_type.c ****         if (lastButton4State) {
  70              		.loc 1 65 0
  71 002a 154B     		ldr	r3, .L10
  72 002c 1B79     		ldrb	r3, [r3, #4]	@ zero_extendqisi2
  73 002e 63B1     		cbz	r3, .L4
  66:source\rte/sc_event_type.c ****             if (button4PressDuration >= LONG_PRESS_THRESHOLD) {
  74              		.loc 1 66 0
  75 0030 134B     		ldr	r3, .L10
  76 0032 5B88     		ldrh	r3, [r3, #2]
  77 0034 132B     		cmp	r3, #19
  78 0036 02D9     		bls	.L5
  67:source\rte/sc_event_type.c ****                 data->m_ev = EV_KEYRIGHTLONGPRESS;
  79              		.loc 1 67 0
  80 0038 0323     		movs	r3, #3
  81 003a 2370     		strb	r3, [r4]
  82 003c 02E0     		b	.L6
  83              	.L5:
  68:source\rte/sc_event_type.c ****             } else if (button4PressDuration > 0) {
  84              		.loc 1 68 0
  85 003e 0BB1     		cbz	r3, .L6
  69:source\rte/sc_event_type.c ****                 data->m_ev = EV_KEYRIGHT;
  86              		.loc 1 69 0
  87 0040 0123     		movs	r3, #1
  88 0042 2370     		strb	r3, [r4]
  89              	.L6:
  70:source\rte/sc_event_type.c ****             }
  71:source\rte/sc_event_type.c ****             button4PressDuration = 0;
  90              		.loc 1 71 0
  91 0044 0022     		movs	r2, #0
  92 0046 0E4B     		ldr	r3, .L10
  93 0048 5A80     		strh	r2, [r3, #2]	@ movhi
  94              	.L4:
  72:source\rte/sc_event_type.c ****         }
  73:source\rte/sc_event_type.c ****     }
  74:source\rte/sc_event_type.c **** 
  75:source\rte/sc_event_type.c ****     lastButton3State = currentButton3State;
  95              		.loc 1 75 0
  96 004a 0D4B     		ldr	r3, .L10
ARM GAS  C:\Users\bolob\AppData\Local\Temp\cccgARgO.s 			page 4


  97 004c 1D70     		strb	r5, [r3]
  76:source\rte/sc_event_type.c ****     lastButton4State = currentButton4State;
  98              		.loc 1 76 0
  99 004e 1871     		strb	r0, [r3, #4]
  77:source\rte/sc_event_type.c ****     
  78:source\rte/sc_event_type.c **** 
  79:source\rte/sc_event_type.c ****     if (tick250msCounter++ >= EV_250MS_THRESHOLD) {
 100              		.loc 1 79 0
 101 0050 DA88     		ldrh	r2, [r3, #6]
 102 0052 511C     		adds	r1, r2, #1
 103 0054 D980     		strh	r1, [r3, #6]	@ movhi
 104 0056 042A     		cmp	r2, #4
 105 0058 04D9     		bls	.L7
  80:source\rte/sc_event_type.c ****         data->m_ev = EV_250MS;
 106              		.loc 1 80 0
 107 005a 0423     		movs	r3, #4
 108 005c 2370     		strb	r3, [r4]
  81:source\rte/sc_event_type.c ****         tick250msCounter = 0;
 109              		.loc 1 81 0
 110 005e 0022     		movs	r2, #0
 111 0060 074B     		ldr	r3, .L10
 112 0062 DA80     		strh	r2, [r3, #6]	@ movhi
 113              	.L7:
  82:source\rte/sc_event_type.c ****     }
  83:source\rte/sc_event_type.c ****     
  84:source\rte/sc_event_type.c ****     if (tick1minCounter++ >= EV_1MIN_THRESHOLD) {
 114              		.loc 1 84 0
 115 0064 064A     		ldr	r2, .L10
 116 0066 9368     		ldr	r3, [r2, #8]
 117 0068 591C     		adds	r1, r3, #1
 118 006a 9160     		str	r1, [r2, #8]
 119 006c B3F5966F 		cmp	r3, #1200
 120 0070 04D3     		bcc	.L8
  85:source\rte/sc_event_type.c ****         data->m_ev = EV_1MIN;
 121              		.loc 1 85 0
 122 0072 0523     		movs	r3, #5
 123 0074 2370     		strb	r3, [r4]
  86:source\rte/sc_event_type.c ****         tick1minCounter = 0;
 124              		.loc 1 86 0
 125 0076 0022     		movs	r2, #0
 126 0078 014B     		ldr	r3, .L10
 127 007a 9A60     		str	r2, [r3, #8]
 128              	.L8:
  87:source\rte/sc_event_type.c ****     }
  88:source\rte/sc_event_type.c ****     
  89:source\rte/sc_event_type.c **** 	return RC_SUCCESS;
  90:source\rte/sc_event_type.c **** 	/* USER CODE END driverInSC_EVENT */
  91:source\rte/sc_event_type.c **** }
 129              		.loc 1 91 0
 130 007c 0020     		movs	r0, #0
 131              	.LVL4:
 132 007e 38BD     		pop	{r3, r4, r5, pc}
 133              	.LVL5:
 134              	.L11:
 135              		.align	2
 136              	.L10:
 137 0080 00000000 		.word	.LANCHOR0
ARM GAS  C:\Users\bolob\AppData\Local\Temp\cccgARgO.s 			page 5


 138              		.cfi_endproc
 139              	.LFE110:
 140              		.size	SC_EVENT_driverIn, .-SC_EVENT_driverIn
 141              		.section	.text.SC_EVENT_driverOut,"ax",%progbits
 142              		.align	2
 143              		.global	SC_EVENT_driverOut
 144              		.thumb
 145              		.thumb_func
 146              		.type	SC_EVENT_driverOut, %function
 147              	SC_EVENT_driverOut:
 148              	.LFB111:
  92:source\rte/sc_event_type.c **** /**
  93:source\rte/sc_event_type.c ****  * Default OUT driver API
  94:source\rte/sc_event_type.c ****  */
  95:source\rte/sc_event_type.c **** inline RC_t SC_EVENT_driverOut(const SC_EVENT_data_t  *const data)
  96:source\rte/sc_event_type.c **** {
 149              		.loc 1 96 0
 150              		.cfi_startproc
 151              		@ args = 0, pretend = 0, frame = 0
 152              		@ frame_needed = 0, uses_anonymous_args = 0
 153              		@ link register save eliminated.
 154              	.LVL6:
  97:source\rte/sc_event_type.c **** 	/* USER CODE START driverOutSC_EVENT */
  98:source\rte/sc_event_type.c **** 
  99:source\rte/sc_event_type.c **** 	//Scale application data to drive format
 100:source\rte/sc_event_type.c **** 
 101:source\rte/sc_event_type.c **** 	//Write scaled data to driver
 102:source\rte/sc_event_type.c **** 
 103:source\rte/sc_event_type.c **** 	return RC_SUCCESS;
 104:source\rte/sc_event_type.c **** 	/* USER CODE END driverOutSC_EVENT */
 105:source\rte/sc_event_type.c **** }
 155              		.loc 1 105 0
 156 0000 0020     		movs	r0, #0
 157              	.LVL7:
 158 0002 7047     		bx	lr
 159              		.cfi_endproc
 160              	.LFE111:
 161              		.size	SC_EVENT_driverOut, .-SC_EVENT_driverOut
 162              		.bss
 163              		.align	2
 164              		.set	.LANCHOR0,. + 0
 165              		.type	lastButton3State.6447, %object
 166              		.size	lastButton3State.6447, 1
 167              	lastButton3State.6447:
 168 0000 00       		.space	1
 169 0001 00       		.space	1
 170              		.type	button4PressDuration.6449, %object
 171              		.size	button4PressDuration.6449, 2
 172              	button4PressDuration.6449:
 173 0002 0000     		.space	2
 174              		.type	lastButton4State.6448, %object
 175              		.size	lastButton4State.6448, 1
 176              	lastButton4State.6448:
 177 0004 00       		.space	1
 178 0005 00       		.space	1
 179              		.type	tick250msCounter.6450, %object
 180              		.size	tick250msCounter.6450, 2
ARM GAS  C:\Users\bolob\AppData\Local\Temp\cccgARgO.s 			page 6


 181              	tick250msCounter.6450:
 182 0006 0000     		.space	2
 183              		.type	tick1minCounter.6451, %object
 184              		.size	tick1minCounter.6451, 4
 185              	tick1minCounter.6451:
 186 0008 00000000 		.space	4
 187              		.text
 188              	.Letext0:
 189              		.file 2 "c:\\program files (x86)\\cypress\\psoc creator\\4.4\\psoc creator\\import\\gnu\\arm\\5.4.
 190              		.file 3 "c:\\program files (x86)\\cypress\\psoc creator\\4.4\\psoc creator\\import\\gnu\\arm\\5.4.
 191              		.file 4 "Generated_Source\\PSoC5/ErikaOS_1_common_ee_types.inc"
 192              		.file 5 "Generated_Source\\PSoC5/ErikaOS_1_cortex_mx_ee_cpu.inc"
 193              		.file 6 ".\\source\\bsw/global.h"
 194              		.file 7 "source\\rte\\sc_event_type.h"
 195              		.file 8 "Generated_Source\\PSoC5/ErikaOS_1_ee_oo_intfunc.inc"
 196              		.file 9 "Generated_Source\\PSoC5/ErikaOS_1_cortex_mx_ee_context.inc"
 197              		.file 10 "Generated_Source\\PSoC5/ErikaOS_1_common_ee_primitives.inc"
 198              		.file 11 "Generated_Source\\PSoC5/core_cm3.h"
 199              		.file 12 "Generated_Source\\PSoC5/Button_3.h"
 200              		.file 13 "Generated_Source\\PSoC5/Button_4.h"
 201              		.section	.debug_info,"",%progbits
 202              	.Ldebug_info0:
 203 0000 6F030000 		.4byte	0x36f
 204 0004 0400     		.2byte	0x4
 205 0006 00000000 		.4byte	.Ldebug_abbrev0
 206 000a 04       		.byte	0x4
 207 000b 01       		.uleb128 0x1
 208 000c 20030000 		.4byte	.LASF79
 209 0010 0C       		.byte	0xc
 210 0011 38050000 		.4byte	.LASF80
 211 0015 CA020000 		.4byte	.LASF81
 212 0019 00000000 		.4byte	.Ldebug_ranges0+0
 213 001d 00000000 		.4byte	0
 214 0021 00000000 		.4byte	.Ldebug_line0
 215 0025 02       		.uleb128 0x2
 216 0026 01       		.byte	0x1
 217 0027 06       		.byte	0x6
 218 0028 40020000 		.4byte	.LASF0
 219 002c 02       		.uleb128 0x2
 220 002d 01       		.byte	0x1
 221 002e 08       		.byte	0x8
 222 002f 18020000 		.4byte	.LASF1
 223 0033 02       		.uleb128 0x2
 224 0034 02       		.byte	0x2
 225 0035 05       		.byte	0x5
 226 0036 47000000 		.4byte	.LASF2
 227 003a 03       		.uleb128 0x3
 228 003b D1000000 		.4byte	.LASF4
 229 003f 02       		.byte	0x2
 230 0040 2B       		.byte	0x2b
 231 0041 45000000 		.4byte	0x45
 232 0045 02       		.uleb128 0x2
 233 0046 02       		.byte	0x2
 234 0047 07       		.byte	0x7
 235 0048 0D030000 		.4byte	.LASF3
 236 004c 03       		.uleb128 0x3
 237 004d 89040000 		.4byte	.LASF5
ARM GAS  C:\Users\bolob\AppData\Local\Temp\cccgARgO.s 			page 7


 238 0051 02       		.byte	0x2
 239 0052 3F       		.byte	0x3f
 240 0053 57000000 		.4byte	0x57
 241 0057 02       		.uleb128 0x2
 242 0058 04       		.byte	0x4
 243 0059 05       		.byte	0x5
 244 005a B6010000 		.4byte	.LASF6
 245 005e 03       		.uleb128 0x3
 246 005f B2000000 		.4byte	.LASF7
 247 0063 02       		.byte	0x2
 248 0064 41       		.byte	0x41
 249 0065 69000000 		.4byte	0x69
 250 0069 02       		.uleb128 0x2
 251 006a 04       		.byte	0x4
 252 006b 07       		.byte	0x7
 253 006c 28040000 		.4byte	.LASF8
 254 0070 02       		.uleb128 0x2
 255 0071 08       		.byte	0x8
 256 0072 05       		.byte	0x5
 257 0073 66010000 		.4byte	.LASF9
 258 0077 02       		.uleb128 0x2
 259 0078 08       		.byte	0x8
 260 0079 07       		.byte	0x7
 261 007a 59020000 		.4byte	.LASF10
 262 007e 04       		.uleb128 0x4
 263 007f 04       		.byte	0x4
 264 0080 05       		.byte	0x5
 265 0081 696E7400 		.ascii	"int\000"
 266 0085 02       		.uleb128 0x2
 267 0086 04       		.byte	0x4
 268 0087 07       		.byte	0x7
 269 0088 79020000 		.4byte	.LASF11
 270 008c 03       		.uleb128 0x3
 271 008d 94020000 		.4byte	.LASF12
 272 0091 03       		.byte	0x3
 273 0092 24       		.byte	0x24
 274 0093 3A000000 		.4byte	0x3a
 275 0097 03       		.uleb128 0x3
 276 0098 DB030000 		.4byte	.LASF13
 277 009c 03       		.byte	0x3
 278 009d 2C       		.byte	0x2c
 279 009e 4C000000 		.4byte	0x4c
 280 00a2 03       		.uleb128 0x3
 281 00a3 70020000 		.4byte	.LASF14
 282 00a7 03       		.byte	0x3
 283 00a8 30       		.byte	0x30
 284 00a9 5E000000 		.4byte	0x5e
 285 00ad 02       		.uleb128 0x2
 286 00ae 04       		.byte	0x4
 287 00af 04       		.byte	0x4
 288 00b0 47010000 		.4byte	.LASF15
 289 00b4 02       		.uleb128 0x2
 290 00b5 08       		.byte	0x8
 291 00b6 04       		.byte	0x4
 292 00b7 3A040000 		.4byte	.LASF16
 293 00bb 02       		.uleb128 0x2
 294 00bc 01       		.byte	0x1
ARM GAS  C:\Users\bolob\AppData\Local\Temp\cccgARgO.s 			page 8


 295 00bd 08       		.byte	0x8
 296 00be AE030000 		.4byte	.LASF17
 297 00c2 02       		.uleb128 0x2
 298 00c3 08       		.byte	0x8
 299 00c4 04       		.byte	0x4
 300 00c5 0C020000 		.4byte	.LASF18
 301 00c9 02       		.uleb128 0x2
 302 00ca 04       		.byte	0x4
 303 00cb 07       		.byte	0x7
 304 00cc 7F000000 		.4byte	.LASF19
 305 00d0 03       		.uleb128 0x3
 306 00d1 C1020000 		.4byte	.LASF20
 307 00d5 04       		.byte	0x4
 308 00d6 53       		.byte	0x53
 309 00d7 7E000000 		.4byte	0x7e
 310 00db 03       		.uleb128 0x3
 311 00dc 36020000 		.4byte	.LASF21
 312 00e0 04       		.byte	0x4
 313 00e1 54       		.byte	0x54
 314 00e2 85000000 		.4byte	0x85
 315 00e6 03       		.uleb128 0x3
 316 00e7 64040000 		.4byte	.LASF22
 317 00eb 05       		.byte	0x5
 318 00ec 4D       		.byte	0x4d
 319 00ed DB000000 		.4byte	0xdb
 320 00f1 03       		.uleb128 0x3
 321 00f2 96000000 		.4byte	.LASF23
 322 00f6 05       		.byte	0x5
 323 00f7 4F       		.byte	0x4f
 324 00f8 DB000000 		.4byte	0xdb
 325 00fc 03       		.uleb128 0x3
 326 00fd DC000000 		.4byte	.LASF24
 327 0101 05       		.byte	0x5
 328 0102 78       		.byte	0x78
 329 0103 D0000000 		.4byte	0xd0
 330 0107 03       		.uleb128 0x3
 331 0108 02020000 		.4byte	.LASF25
 332 010c 06       		.byte	0x6
 333 010d 9C       		.byte	0x9c
 334 010e 2C000000 		.4byte	0x2c
 335 0112 05       		.uleb128 0x5
 336 0113 01       		.byte	0x1
 337 0114 25000000 		.4byte	0x25
 338 0118 06       		.byte	0x6
 339 0119 CF       		.byte	0xcf
 340 011a BB010000 		.4byte	0x1bb
 341 011e 06       		.uleb128 0x6
 342 011f 1C000000 		.4byte	.LASF26
 343 0123 00       		.byte	0
 344 0124 07       		.uleb128 0x7
 345 0125 07050000 		.4byte	.LASF27
 346 0129 7F       		.sleb128 -1
 347 012a 07       		.uleb128 0x7
 348 012b 9D020000 		.4byte	.LASF28
 349 012f 7E       		.sleb128 -2
 350 0130 07       		.uleb128 0x7
 351 0131 88000000 		.4byte	.LASF29
ARM GAS  C:\Users\bolob\AppData\Local\Temp\cccgARgO.s 			page 9


 352 0135 7D       		.sleb128 -3
 353 0136 07       		.uleb128 0x7
 354 0137 10050000 		.4byte	.LASF30
 355 013b 7C       		.sleb128 -4
 356 013c 07       		.uleb128 0x7
 357 013d 7A040000 		.4byte	.LASF31
 358 0141 7B       		.sleb128 -5
 359 0142 07       		.uleb128 0x7
 360 0143 51000000 		.4byte	.LASF32
 361 0147 7A       		.sleb128 -6
 362 0148 07       		.uleb128 0x7
 363 0149 BF010000 		.4byte	.LASF33
 364 014d 79       		.sleb128 -7
 365 014e 07       		.uleb128 0x7
 366 014f C6030000 		.4byte	.LASF34
 367 0153 78       		.sleb128 -8
 368 0154 07       		.uleb128 0x7
 369 0155 AB020000 		.4byte	.LASF35
 370 0159 77       		.sleb128 -9
 371 015a 07       		.uleb128 0x7
 372 015b D1010000 		.4byte	.LASF36
 373 015f 76       		.sleb128 -10
 374 0160 07       		.uleb128 0x7
 375 0161 6D050000 		.4byte	.LASF37
 376 0165 75       		.sleb128 -11
 377 0166 07       		.uleb128 0x7
 378 0167 86020000 		.4byte	.LASF38
 379 016b 74       		.sleb128 -12
 380 016c 07       		.uleb128 0x7
 381 016d 52040000 		.4byte	.LASF39
 382 0171 73       		.sleb128 -13
 383 0172 07       		.uleb128 0x7
 384 0173 09000000 		.4byte	.LASF40
 385 0177 72       		.sleb128 -14
 386 0178 07       		.uleb128 0x7
 387 0179 33000000 		.4byte	.LASF41
 388 017d 71       		.sleb128 -15
 389 017e 07       		.uleb128 0x7
 390 017f DF010000 		.4byte	.LASF42
 391 0183 70       		.sleb128 -16
 392 0184 07       		.uleb128 0x7
 393 0185 9E000000 		.4byte	.LASF43
 394 0189 6F       		.sleb128 -17
 395 018a 07       		.uleb128 0x7
 396 018b 62000000 		.4byte	.LASF44
 397 018f 6E       		.sleb128 -18
 398 0190 07       		.uleb128 0x7
 399 0191 92010000 		.4byte	.LASF45
 400 0195 6D       		.sleb128 -19
 401 0196 07       		.uleb128 0x7
 402 0197 EB030000 		.4byte	.LASF46
 403 019b 6C       		.sleb128 -20
 404 019c 07       		.uleb128 0x7
 405 019d F0010000 		.4byte	.LASF47
 406 01a1 6B       		.sleb128 -21
 407 01a2 07       		.uleb128 0x7
 408 01a3 D7040000 		.4byte	.LASF48
ARM GAS  C:\Users\bolob\AppData\Local\Temp\cccgARgO.s 			page 10


 409 01a7 6A       		.sleb128 -22
 410 01a8 07       		.uleb128 0x7
 411 01a9 E3000000 		.4byte	.LASF49
 412 01ad 69       		.sleb128 -23
 413 01ae 07       		.uleb128 0x7
 414 01af A5010000 		.4byte	.LASF50
 415 01b3 68       		.sleb128 -24
 416 01b4 07       		.uleb128 0x7
 417 01b5 4D010000 		.4byte	.LASF51
 418 01b9 67       		.sleb128 -25
 419 01ba 00       		.byte	0
 420 01bb 03       		.uleb128 0x3
 421 01bc 53050000 		.4byte	.LASF52
 422 01c0 06       		.byte	0x6
 423 01c1 EA       		.byte	0xea
 424 01c2 12010000 		.4byte	0x112
 425 01c6 05       		.uleb128 0x5
 426 01c7 01       		.byte	0x1
 427 01c8 2C000000 		.4byte	0x2c
 428 01cc 07       		.byte	0x7
 429 01cd 1C       		.byte	0x1c
 430 01ce F7010000 		.4byte	0x1f7
 431 01d2 06       		.uleb128 0x6
 432 01d3 E3030000 		.4byte	.LASF53
 433 01d7 00       		.byte	0
 434 01d8 06       		.uleb128 0x6
 435 01d9 27000000 		.4byte	.LASF54
 436 01dd 01       		.byte	0x1
 437 01de 06       		.uleb128 0x6
 438 01df BC040000 		.4byte	.LASF55
 439 01e3 02       		.byte	0x2
 440 01e4 06       		.uleb128 0x6
 441 01e5 A7040000 		.4byte	.LASF56
 442 01e9 03       		.byte	0x3
 443 01ea 06       		.uleb128 0x6
 444 01eb 00000000 		.4byte	.LASF57
 445 01ef 04       		.byte	0x4
 446 01f0 06       		.uleb128 0x6
 447 01f1 77000000 		.4byte	.LASF58
 448 01f5 05       		.byte	0x5
 449 01f6 00       		.byte	0
 450 01f7 03       		.uleb128 0x3
 451 01f8 4C020000 		.4byte	.LASF59
 452 01fc 07       		.byte	0x7
 453 01fd 23       		.byte	0x23
 454 01fe C6010000 		.4byte	0x1c6
 455 0202 08       		.uleb128 0x8
 456 0203 01       		.byte	0x1
 457 0204 07       		.byte	0x7
 458 0205 29       		.byte	0x29
 459 0206 17020000 		.4byte	0x217
 460 020a 09       		.uleb128 0x9
 461 020b 8D010000 		.4byte	.LASF82
 462 020f 07       		.byte	0x7
 463 0210 2B       		.byte	0x2b
 464 0211 F7010000 		.4byte	0x1f7
 465 0215 00       		.byte	0
ARM GAS  C:\Users\bolob\AppData\Local\Temp\cccgARgO.s 			page 11


 466 0216 00       		.byte	0
 467 0217 03       		.uleb128 0x3
 468 0218 26020000 		.4byte	.LASF60
 469 021c 07       		.byte	0x7
 470 021d 2E       		.byte	0x2e
 471 021e 02020000 		.4byte	0x202
 472 0222 0A       		.uleb128 0xa
 473 0223 FE030000 		.4byte	.LASF68
 474 0227 01       		.byte	0x1
 475 0228 2C       		.byte	0x2c
 476 0229 BB010000 		.4byte	0x1bb
 477 022d 00000000 		.4byte	.LFB110
 478 0231 84000000 		.4byte	.LFE110-.LFB110
 479 0235 01       		.uleb128 0x1
 480 0236 9C       		.byte	0x9c
 481 0237 D0020000 		.4byte	0x2d0
 482 023b 0B       		.uleb128 0xb
 483 023c 10040000 		.4byte	.LASF70
 484 0240 01       		.byte	0x1
 485 0241 2C       		.byte	0x2c
 486 0242 D6020000 		.4byte	0x2d6
 487 0246 00000000 		.4byte	.LLST0
 488 024a 0C       		.uleb128 0xc
 489 024b 41040000 		.4byte	.LASF61
 490 024f 01       		.byte	0x1
 491 0250 2F       		.byte	0x2f
 492 0251 07010000 		.4byte	0x107
 493 0255 05       		.uleb128 0x5
 494 0256 03       		.byte	0x3
 495 0257 00000000 		.4byte	lastButton3State.6447
 496 025b 0C       		.uleb128 0xc
 497 025c 0F010000 		.4byte	.LASF62
 498 0260 01       		.byte	0x1
 499 0261 30       		.byte	0x30
 500 0262 07010000 		.4byte	0x107
 501 0266 05       		.uleb128 0x5
 502 0267 03       		.byte	0x3
 503 0268 04000000 		.4byte	lastButton4State.6448
 504 026c 0C       		.uleb128 0xc
 505 026d 58050000 		.4byte	.LASF63
 506 0271 01       		.byte	0x1
 507 0272 31       		.byte	0x31
 508 0273 8C000000 		.4byte	0x8c
 509 0277 05       		.uleb128 0x5
 510 0278 03       		.byte	0x3
 511 0279 02000000 		.4byte	button4PressDuration.6449
 512 027d 0C       		.uleb128 0xc
 513 027e E9040000 		.4byte	.LASF64
 514 0282 01       		.byte	0x1
 515 0283 32       		.byte	0x32
 516 0284 8C000000 		.4byte	0x8c
 517 0288 05       		.uleb128 0x5
 518 0289 03       		.byte	0x3
 519 028a 06000000 		.4byte	tick250msCounter.6450
 520 028e 0C       		.uleb128 0xc
 521 028f C7040000 		.4byte	.LASF65
 522 0293 01       		.byte	0x1
ARM GAS  C:\Users\bolob\AppData\Local\Temp\cccgARgO.s 			page 12


 523 0294 33       		.byte	0x33
 524 0295 A2000000 		.4byte	0xa2
 525 0299 05       		.uleb128 0x5
 526 029a 03       		.byte	0x3
 527 029b 08000000 		.4byte	tick1minCounter.6451
 528 029f 0D       		.uleb128 0xd
 529 02a0 BD000000 		.4byte	.LASF66
 530 02a4 01       		.byte	0x1
 531 02a5 35       		.byte	0x35
 532 02a6 07010000 		.4byte	0x107
 533 02aa 2C000000 		.4byte	.LLST1
 534 02ae 0D       		.uleb128 0xd
 535 02af 93040000 		.4byte	.LASF67
 536 02b3 01       		.byte	0x1
 537 02b4 36       		.byte	0x36
 538 02b5 07010000 		.4byte	0x107
 539 02b9 4E000000 		.4byte	.LLST2
 540 02bd 0E       		.uleb128 0xe
 541 02be 08000000 		.4byte	.LVL1
 542 02c2 5C030000 		.4byte	0x35c
 543 02c6 0E       		.uleb128 0xe
 544 02c7 0E000000 		.4byte	.LVL3
 545 02cb 67030000 		.4byte	0x367
 546 02cf 00       		.byte	0
 547 02d0 0F       		.uleb128 0xf
 548 02d1 04       		.byte	0x4
 549 02d2 17020000 		.4byte	0x217
 550 02d6 10       		.uleb128 0x10
 551 02d7 D0020000 		.4byte	0x2d0
 552 02db 0A       		.uleb128 0xa
 553 02dc B3030000 		.4byte	.LASF69
 554 02e0 01       		.byte	0x1
 555 02e1 5F       		.byte	0x5f
 556 02e2 BB010000 		.4byte	0x1bb
 557 02e6 00000000 		.4byte	.LFB111
 558 02ea 04000000 		.4byte	.LFE111-.LFB111
 559 02ee 01       		.uleb128 0x1
 560 02ef 9C       		.byte	0x9c
 561 02f0 04030000 		.4byte	0x304
 562 02f4 0B       		.uleb128 0xb
 563 02f5 10040000 		.4byte	.LASF70
 564 02f9 01       		.byte	0x1
 565 02fa 5F       		.byte	0x5f
 566 02fb 0F030000 		.4byte	0x30f
 567 02ff 70000000 		.4byte	.LLST3
 568 0303 00       		.byte	0
 569 0304 0F       		.uleb128 0xf
 570 0305 04       		.byte	0x4
 571 0306 0A030000 		.4byte	0x30a
 572 030a 10       		.uleb128 0x10
 573 030b 17020000 		.4byte	0x217
 574 030f 10       		.uleb128 0x10
 575 0310 04030000 		.4byte	0x304
 576 0314 11       		.uleb128 0x11
 577 0315 20050000 		.4byte	.LASF71
 578 0319 08       		.byte	0x8
 579 031a 40       		.byte	0x40
ARM GAS  C:\Users\bolob\AppData\Local\Temp\cccgARgO.s 			page 13


 580 031b E6000000 		.4byte	0xe6
 581 031f 11       		.uleb128 0x11
 582 0320 74010000 		.4byte	.LASF72
 583 0324 08       		.byte	0x8
 584 0325 47       		.byte	0x47
 585 0326 F1000000 		.4byte	0xf1
 586 032a 11       		.uleb128 0x11
 587 032b 15040000 		.4byte	.LASF73
 588 032f 08       		.byte	0x8
 589 0330 4A       		.byte	0x4a
 590 0331 E6000000 		.4byte	0xe6
 591 0335 11       		.uleb128 0x11
 592 0336 20010000 		.4byte	.LASF74
 593 033a 09       		.byte	0x9
 594 033b 48       		.byte	0x48
 595 033c FC000000 		.4byte	0xfc
 596 0340 11       		.uleb128 0x11
 597 0341 FA000000 		.4byte	.LASF75
 598 0345 0A       		.byte	0xa
 599 0346 44       		.byte	0x44
 600 0347 E6000000 		.4byte	0xe6
 601 034b 12       		.uleb128 0x12
 602 034c FA040000 		.4byte	.LASF76
 603 0350 0B       		.byte	0xb
 604 0351 1207     		.2byte	0x712
 605 0353 57030000 		.4byte	0x357
 606 0357 13       		.uleb128 0x13
 607 0358 97000000 		.4byte	0x97
 608 035c 14       		.uleb128 0x14
 609 035d 6C040000 		.4byte	.LASF77
 610 0361 6C040000 		.4byte	.LASF77
 611 0365 0C       		.byte	0xc
 612 0366 29       		.byte	0x29
 613 0367 14       		.uleb128 0x14
 614 0368 39010000 		.4byte	.LASF78
 615 036c 39010000 		.4byte	.LASF78
 616 0370 0D       		.byte	0xd
 617 0371 29       		.byte	0x29
 618 0372 00       		.byte	0
 619              		.section	.debug_abbrev,"",%progbits
 620              	.Ldebug_abbrev0:
 621 0000 01       		.uleb128 0x1
 622 0001 11       		.uleb128 0x11
 623 0002 01       		.byte	0x1
 624 0003 25       		.uleb128 0x25
 625 0004 0E       		.uleb128 0xe
 626 0005 13       		.uleb128 0x13
 627 0006 0B       		.uleb128 0xb
 628 0007 03       		.uleb128 0x3
 629 0008 0E       		.uleb128 0xe
 630 0009 1B       		.uleb128 0x1b
 631 000a 0E       		.uleb128 0xe
 632 000b 55       		.uleb128 0x55
 633 000c 17       		.uleb128 0x17
 634 000d 11       		.uleb128 0x11
 635 000e 01       		.uleb128 0x1
 636 000f 10       		.uleb128 0x10
ARM GAS  C:\Users\bolob\AppData\Local\Temp\cccgARgO.s 			page 14


 637 0010 17       		.uleb128 0x17
 638 0011 00       		.byte	0
 639 0012 00       		.byte	0
 640 0013 02       		.uleb128 0x2
 641 0014 24       		.uleb128 0x24
 642 0015 00       		.byte	0
 643 0016 0B       		.uleb128 0xb
 644 0017 0B       		.uleb128 0xb
 645 0018 3E       		.uleb128 0x3e
 646 0019 0B       		.uleb128 0xb
 647 001a 03       		.uleb128 0x3
 648 001b 0E       		.uleb128 0xe
 649 001c 00       		.byte	0
 650 001d 00       		.byte	0
 651 001e 03       		.uleb128 0x3
 652 001f 16       		.uleb128 0x16
 653 0020 00       		.byte	0
 654 0021 03       		.uleb128 0x3
 655 0022 0E       		.uleb128 0xe
 656 0023 3A       		.uleb128 0x3a
 657 0024 0B       		.uleb128 0xb
 658 0025 3B       		.uleb128 0x3b
 659 0026 0B       		.uleb128 0xb
 660 0027 49       		.uleb128 0x49
 661 0028 13       		.uleb128 0x13
 662 0029 00       		.byte	0
 663 002a 00       		.byte	0
 664 002b 04       		.uleb128 0x4
 665 002c 24       		.uleb128 0x24
 666 002d 00       		.byte	0
 667 002e 0B       		.uleb128 0xb
 668 002f 0B       		.uleb128 0xb
 669 0030 3E       		.uleb128 0x3e
 670 0031 0B       		.uleb128 0xb
 671 0032 03       		.uleb128 0x3
 672 0033 08       		.uleb128 0x8
 673 0034 00       		.byte	0
 674 0035 00       		.byte	0
 675 0036 05       		.uleb128 0x5
 676 0037 04       		.uleb128 0x4
 677 0038 01       		.byte	0x1
 678 0039 0B       		.uleb128 0xb
 679 003a 0B       		.uleb128 0xb
 680 003b 49       		.uleb128 0x49
 681 003c 13       		.uleb128 0x13
 682 003d 3A       		.uleb128 0x3a
 683 003e 0B       		.uleb128 0xb
 684 003f 3B       		.uleb128 0x3b
 685 0040 0B       		.uleb128 0xb
 686 0041 01       		.uleb128 0x1
 687 0042 13       		.uleb128 0x13
 688 0043 00       		.byte	0
 689 0044 00       		.byte	0
 690 0045 06       		.uleb128 0x6
 691 0046 28       		.uleb128 0x28
 692 0047 00       		.byte	0
 693 0048 03       		.uleb128 0x3
ARM GAS  C:\Users\bolob\AppData\Local\Temp\cccgARgO.s 			page 15


 694 0049 0E       		.uleb128 0xe
 695 004a 1C       		.uleb128 0x1c
 696 004b 0B       		.uleb128 0xb
 697 004c 00       		.byte	0
 698 004d 00       		.byte	0
 699 004e 07       		.uleb128 0x7
 700 004f 28       		.uleb128 0x28
 701 0050 00       		.byte	0
 702 0051 03       		.uleb128 0x3
 703 0052 0E       		.uleb128 0xe
 704 0053 1C       		.uleb128 0x1c
 705 0054 0D       		.uleb128 0xd
 706 0055 00       		.byte	0
 707 0056 00       		.byte	0
 708 0057 08       		.uleb128 0x8
 709 0058 13       		.uleb128 0x13
 710 0059 01       		.byte	0x1
 711 005a 0B       		.uleb128 0xb
 712 005b 0B       		.uleb128 0xb
 713 005c 3A       		.uleb128 0x3a
 714 005d 0B       		.uleb128 0xb
 715 005e 3B       		.uleb128 0x3b
 716 005f 0B       		.uleb128 0xb
 717 0060 01       		.uleb128 0x1
 718 0061 13       		.uleb128 0x13
 719 0062 00       		.byte	0
 720 0063 00       		.byte	0
 721 0064 09       		.uleb128 0x9
 722 0065 0D       		.uleb128 0xd
 723 0066 00       		.byte	0
 724 0067 03       		.uleb128 0x3
 725 0068 0E       		.uleb128 0xe
 726 0069 3A       		.uleb128 0x3a
 727 006a 0B       		.uleb128 0xb
 728 006b 3B       		.uleb128 0x3b
 729 006c 0B       		.uleb128 0xb
 730 006d 49       		.uleb128 0x49
 731 006e 13       		.uleb128 0x13
 732 006f 38       		.uleb128 0x38
 733 0070 0B       		.uleb128 0xb
 734 0071 00       		.byte	0
 735 0072 00       		.byte	0
 736 0073 0A       		.uleb128 0xa
 737 0074 2E       		.uleb128 0x2e
 738 0075 01       		.byte	0x1
 739 0076 3F       		.uleb128 0x3f
 740 0077 19       		.uleb128 0x19
 741 0078 03       		.uleb128 0x3
 742 0079 0E       		.uleb128 0xe
 743 007a 3A       		.uleb128 0x3a
 744 007b 0B       		.uleb128 0xb
 745 007c 3B       		.uleb128 0x3b
 746 007d 0B       		.uleb128 0xb
 747 007e 27       		.uleb128 0x27
 748 007f 19       		.uleb128 0x19
 749 0080 49       		.uleb128 0x49
 750 0081 13       		.uleb128 0x13
ARM GAS  C:\Users\bolob\AppData\Local\Temp\cccgARgO.s 			page 16


 751 0082 11       		.uleb128 0x11
 752 0083 01       		.uleb128 0x1
 753 0084 12       		.uleb128 0x12
 754 0085 06       		.uleb128 0x6
 755 0086 40       		.uleb128 0x40
 756 0087 18       		.uleb128 0x18
 757 0088 9742     		.uleb128 0x2117
 758 008a 19       		.uleb128 0x19
 759 008b 01       		.uleb128 0x1
 760 008c 13       		.uleb128 0x13
 761 008d 00       		.byte	0
 762 008e 00       		.byte	0
 763 008f 0B       		.uleb128 0xb
 764 0090 05       		.uleb128 0x5
 765 0091 00       		.byte	0
 766 0092 03       		.uleb128 0x3
 767 0093 0E       		.uleb128 0xe
 768 0094 3A       		.uleb128 0x3a
 769 0095 0B       		.uleb128 0xb
 770 0096 3B       		.uleb128 0x3b
 771 0097 0B       		.uleb128 0xb
 772 0098 49       		.uleb128 0x49
 773 0099 13       		.uleb128 0x13
 774 009a 02       		.uleb128 0x2
 775 009b 17       		.uleb128 0x17
 776 009c 00       		.byte	0
 777 009d 00       		.byte	0
 778 009e 0C       		.uleb128 0xc
 779 009f 34       		.uleb128 0x34
 780 00a0 00       		.byte	0
 781 00a1 03       		.uleb128 0x3
 782 00a2 0E       		.uleb128 0xe
 783 00a3 3A       		.uleb128 0x3a
 784 00a4 0B       		.uleb128 0xb
 785 00a5 3B       		.uleb128 0x3b
 786 00a6 0B       		.uleb128 0xb
 787 00a7 49       		.uleb128 0x49
 788 00a8 13       		.uleb128 0x13
 789 00a9 02       		.uleb128 0x2
 790 00aa 18       		.uleb128 0x18
 791 00ab 00       		.byte	0
 792 00ac 00       		.byte	0
 793 00ad 0D       		.uleb128 0xd
 794 00ae 34       		.uleb128 0x34
 795 00af 00       		.byte	0
 796 00b0 03       		.uleb128 0x3
 797 00b1 0E       		.uleb128 0xe
 798 00b2 3A       		.uleb128 0x3a
 799 00b3 0B       		.uleb128 0xb
 800 00b4 3B       		.uleb128 0x3b
 801 00b5 0B       		.uleb128 0xb
 802 00b6 49       		.uleb128 0x49
 803 00b7 13       		.uleb128 0x13
 804 00b8 02       		.uleb128 0x2
 805 00b9 17       		.uleb128 0x17
 806 00ba 00       		.byte	0
 807 00bb 00       		.byte	0
ARM GAS  C:\Users\bolob\AppData\Local\Temp\cccgARgO.s 			page 17


 808 00bc 0E       		.uleb128 0xe
 809 00bd 898201   		.uleb128 0x4109
 810 00c0 00       		.byte	0
 811 00c1 11       		.uleb128 0x11
 812 00c2 01       		.uleb128 0x1
 813 00c3 31       		.uleb128 0x31
 814 00c4 13       		.uleb128 0x13
 815 00c5 00       		.byte	0
 816 00c6 00       		.byte	0
 817 00c7 0F       		.uleb128 0xf
 818 00c8 0F       		.uleb128 0xf
 819 00c9 00       		.byte	0
 820 00ca 0B       		.uleb128 0xb
 821 00cb 0B       		.uleb128 0xb
 822 00cc 49       		.uleb128 0x49
 823 00cd 13       		.uleb128 0x13
 824 00ce 00       		.byte	0
 825 00cf 00       		.byte	0
 826 00d0 10       		.uleb128 0x10
 827 00d1 26       		.uleb128 0x26
 828 00d2 00       		.byte	0
 829 00d3 49       		.uleb128 0x49
 830 00d4 13       		.uleb128 0x13
 831 00d5 00       		.byte	0
 832 00d6 00       		.byte	0
 833 00d7 11       		.uleb128 0x11
 834 00d8 34       		.uleb128 0x34
 835 00d9 00       		.byte	0
 836 00da 03       		.uleb128 0x3
 837 00db 0E       		.uleb128 0xe
 838 00dc 3A       		.uleb128 0x3a
 839 00dd 0B       		.uleb128 0xb
 840 00de 3B       		.uleb128 0x3b
 841 00df 0B       		.uleb128 0xb
 842 00e0 49       		.uleb128 0x49
 843 00e1 13       		.uleb128 0x13
 844 00e2 3F       		.uleb128 0x3f
 845 00e3 19       		.uleb128 0x19
 846 00e4 3C       		.uleb128 0x3c
 847 00e5 19       		.uleb128 0x19
 848 00e6 00       		.byte	0
 849 00e7 00       		.byte	0
 850 00e8 12       		.uleb128 0x12
 851 00e9 34       		.uleb128 0x34
 852 00ea 00       		.byte	0
 853 00eb 03       		.uleb128 0x3
 854 00ec 0E       		.uleb128 0xe
 855 00ed 3A       		.uleb128 0x3a
 856 00ee 0B       		.uleb128 0xb
 857 00ef 3B       		.uleb128 0x3b
 858 00f0 05       		.uleb128 0x5
 859 00f1 49       		.uleb128 0x49
 860 00f2 13       		.uleb128 0x13
 861 00f3 3F       		.uleb128 0x3f
 862 00f4 19       		.uleb128 0x19
 863 00f5 3C       		.uleb128 0x3c
 864 00f6 19       		.uleb128 0x19
ARM GAS  C:\Users\bolob\AppData\Local\Temp\cccgARgO.s 			page 18


 865 00f7 00       		.byte	0
 866 00f8 00       		.byte	0
 867 00f9 13       		.uleb128 0x13
 868 00fa 35       		.uleb128 0x35
 869 00fb 00       		.byte	0
 870 00fc 49       		.uleb128 0x49
 871 00fd 13       		.uleb128 0x13
 872 00fe 00       		.byte	0
 873 00ff 00       		.byte	0
 874 0100 14       		.uleb128 0x14
 875 0101 2E       		.uleb128 0x2e
 876 0102 00       		.byte	0
 877 0103 3F       		.uleb128 0x3f
 878 0104 19       		.uleb128 0x19
 879 0105 3C       		.uleb128 0x3c
 880 0106 19       		.uleb128 0x19
 881 0107 6E       		.uleb128 0x6e
 882 0108 0E       		.uleb128 0xe
 883 0109 03       		.uleb128 0x3
 884 010a 0E       		.uleb128 0xe
 885 010b 3A       		.uleb128 0x3a
 886 010c 0B       		.uleb128 0xb
 887 010d 3B       		.uleb128 0x3b
 888 010e 0B       		.uleb128 0xb
 889 010f 00       		.byte	0
 890 0110 00       		.byte	0
 891 0111 00       		.byte	0
 892              		.section	.debug_loc,"",%progbits
 893              	.Ldebug_loc0:
 894              	.LLST0:
 895 0000 00000000 		.4byte	.LVL0
 896 0004 07000000 		.4byte	.LVL1-1
 897 0008 0100     		.2byte	0x1
 898 000a 50       		.byte	0x50
 899 000b 07000000 		.4byte	.LVL1-1
 900 000f 80000000 		.4byte	.LVL5
 901 0013 0100     		.2byte	0x1
 902 0015 54       		.byte	0x54
 903 0016 80000000 		.4byte	.LVL5
 904 001a 84000000 		.4byte	.LFE110
 905 001e 0400     		.2byte	0x4
 906 0020 F3       		.byte	0xf3
 907 0021 01       		.uleb128 0x1
 908 0022 50       		.byte	0x50
 909 0023 9F       		.byte	0x9f
 910 0024 00000000 		.4byte	0
 911 0028 00000000 		.4byte	0
 912              	.LLST1:
 913 002c 0A000000 		.4byte	.LVL2
 914 0030 80000000 		.4byte	.LVL5
 915 0034 0100     		.2byte	0x1
 916 0036 55       		.byte	0x55
 917 0037 80000000 		.4byte	.LVL5
 918 003b 84000000 		.4byte	.LFE110
 919 003f 0500     		.2byte	0x5
 920 0041 03       		.byte	0x3
 921 0042 00000000 		.4byte	lastButton3State.6447
ARM GAS  C:\Users\bolob\AppData\Local\Temp\cccgARgO.s 			page 19


 922 0046 00000000 		.4byte	0
 923 004a 00000000 		.4byte	0
 924              	.LLST2:
 925 004e 0E000000 		.4byte	.LVL3
 926 0052 7E000000 		.4byte	.LVL4
 927 0056 0100     		.2byte	0x1
 928 0058 50       		.byte	0x50
 929 0059 7E000000 		.4byte	.LVL4
 930 005d 84000000 		.4byte	.LFE110
 931 0061 0500     		.2byte	0x5
 932 0063 03       		.byte	0x3
 933 0064 04000000 		.4byte	lastButton4State.6448
 934 0068 00000000 		.4byte	0
 935 006c 00000000 		.4byte	0
 936              	.LLST3:
 937 0070 00000000 		.4byte	.LVL6
 938 0074 02000000 		.4byte	.LVL7
 939 0078 0100     		.2byte	0x1
 940 007a 50       		.byte	0x50
 941 007b 02000000 		.4byte	.LVL7
 942 007f 04000000 		.4byte	.LFE111
 943 0083 0400     		.2byte	0x4
 944 0085 F3       		.byte	0xf3
 945 0086 01       		.uleb128 0x1
 946 0087 50       		.byte	0x50
 947 0088 9F       		.byte	0x9f
 948 0089 00000000 		.4byte	0
 949 008d 00000000 		.4byte	0
 950              		.section	.debug_aranges,"",%progbits
 951 0000 24000000 		.4byte	0x24
 952 0004 0200     		.2byte	0x2
 953 0006 00000000 		.4byte	.Ldebug_info0
 954 000a 04       		.byte	0x4
 955 000b 00       		.byte	0
 956 000c 0000     		.2byte	0
 957 000e 0000     		.2byte	0
 958 0010 00000000 		.4byte	.LFB110
 959 0014 84000000 		.4byte	.LFE110-.LFB110
 960 0018 00000000 		.4byte	.LFB111
 961 001c 04000000 		.4byte	.LFE111-.LFB111
 962 0020 00000000 		.4byte	0
 963 0024 00000000 		.4byte	0
 964              		.section	.debug_ranges,"",%progbits
 965              	.Ldebug_ranges0:
 966 0000 00000000 		.4byte	.LFB110
 967 0004 84000000 		.4byte	.LFE110
 968 0008 00000000 		.4byte	.LFB111
 969 000c 04000000 		.4byte	.LFE111
 970 0010 00000000 		.4byte	0
 971 0014 00000000 		.4byte	0
 972              		.section	.debug_line,"",%progbits
 973              	.Ldebug_line0:
 974 0000 8E020000 		.section	.debug_str,"MS",%progbits,1
 974      02004902 
 974      00000201 
 974      FB0E0D00 
 974      01010101 
ARM GAS  C:\Users\bolob\AppData\Local\Temp\cccgARgO.s 			page 20


 975              	.LASF57:
 976 0000 45565F32 		.ascii	"EV_250MS\000"
 976      35304D53 
 976      00
 977              	.LASF40:
 978 0009 52435F45 		.ascii	"RC_ERROR_READ_ONLY\000"
 978      52524F52 
 978      5F524541 
 978      445F4F4E 
 978      4C5900
 979              	.LASF26:
 980 001c 52435F53 		.ascii	"RC_SUCCESS\000"
 980      55434345 
 980      535300
 981              	.LASF54:
 982 0027 45565F4B 		.ascii	"EV_KEYRIGHT\000"
 982      45595249 
 982      47485400 
 983              	.LASF41:
 984 0033 52435F45 		.ascii	"RC_ERROR_WRITE_ONLY\000"
 984      52524F52 
 984      5F575249 
 984      54455F4F 
 984      4E4C5900 
 985              	.LASF2:
 986 0047 73686F72 		.ascii	"short int\000"
 986      7420696E 
 986      7400
 987              	.LASF32:
 988 0051 52435F45 		.ascii	"RC_ERROR_OVERRUN\000"
 988      52524F52 
 988      5F4F5645 
 988      5252554E 
 988      00
 989              	.LASF44:
 990 0062 52435F45 		.ascii	"RC_ERROR_WRITE_FAILS\000"
 990      52524F52 
 990      5F575249 
 990      54455F46 
 990      41494C53 
 991              	.LASF58:
 992 0077 45565F31 		.ascii	"EV_1MIN\000"
 992      4D494E00 
 993              	.LASF19:
 994 007f 73697A65 		.ascii	"sizetype\000"
 994      74797065 
 994      00
 995              	.LASF29:
 996 0088 52435F45 		.ascii	"RC_ERROR_ZERO\000"
 996      52524F52 
 996      5F5A4552 
 996      4F00
 997              	.LASF23:
 998 0096 45455F46 		.ascii	"EE_FREG\000"
 998      52454700 
 999              	.LASF43:
 1000 009e 52435F45 		.ascii	"RC_ERROR_READ_FAILS\000"
ARM GAS  C:\Users\bolob\AppData\Local\Temp\cccgARgO.s 			page 21


 1000      52524F52 
 1000      5F524541 
 1000      445F4641 
 1000      494C5300 
 1001              	.LASF7:
 1002 00b2 5F5F7569 		.ascii	"__uint32_t\000"
 1002      6E743332 
 1002      5F7400
 1003              	.LASF66:
 1004 00bd 63757272 		.ascii	"currentButton3State\000"
 1004      656E7442 
 1004      7574746F 
 1004      6E335374 
 1004      61746500 
 1005              	.LASF4:
 1006 00d1 5F5F7569 		.ascii	"__uint16_t\000"
 1006      6E743136 
 1006      5F7400
 1007              	.LASF24:
 1008 00dc 45455F54 		.ascii	"EE_TID\000"
 1008      494400
 1009              	.LASF49:
 1010 00e3 52435F45 		.ascii	"RC_ERROR_INVALID_STATE\000"
 1010      52524F52 
 1010      5F494E56 
 1010      414C4944 
 1010      5F535441 
 1011              	.LASF75:
 1012 00fa 45455F49 		.ascii	"EE_IRQ_nesting_level\000"
 1012      52515F6E 
 1012      65737469 
 1012      6E675F6C 
 1012      6576656C 
 1013              	.LASF62:
 1014 010f 6C617374 		.ascii	"lastButton4State\000"
 1014      42757474 
 1014      6F6E3453 
 1014      74617465 
 1014      00
 1015              	.LASF74:
 1016 0120 45455F73 		.ascii	"EE_std_endcycle_next_tid\000"
 1016      74645F65 
 1016      6E646379 
 1016      636C655F 
 1016      6E657874 
 1017              	.LASF78:
 1018 0139 42757474 		.ascii	"Button_4_Read\000"
 1018      6F6E5F34 
 1018      5F526561 
 1018      6400
 1019              	.LASF15:
 1020 0147 666C6F61 		.ascii	"float\000"
 1020      7400
 1021              	.LASF51:
 1022 014d 52435F45 		.ascii	"RC_ERROR_NOT_IMPLEMENTED\000"
 1022      52524F52 
 1022      5F4E4F54 
ARM GAS  C:\Users\bolob\AppData\Local\Temp\cccgARgO.s 			page 22


 1022      5F494D50 
 1022      4C454D45 
 1023              	.LASF9:
 1024 0166 6C6F6E67 		.ascii	"long long int\000"
 1024      206C6F6E 
 1024      6720696E 
 1024      7400
 1025              	.LASF72:
 1026 0174 45455F6F 		.ascii	"EE_oo_IRQ_suspend_status\000"
 1026      6F5F4952 
 1026      515F7375 
 1026      7370656E 
 1026      645F7374 
 1027              	.LASF82:
 1028 018d 6D5F6576 		.ascii	"m_ev\000"
 1028      00
 1029              	.LASF45:
 1030 0192 52435F45 		.ascii	"RC_ERROR_NOT_MATCH\000"
 1030      52524F52 
 1030      5F4E4F54 
 1030      5F4D4154 
 1030      434800
 1031              	.LASF50:
 1032 01a5 52435F45 		.ascii	"RC_ERROR_UNKNOWN\000"
 1032      52524F52 
 1032      5F554E4B 
 1032      4E4F574E 
 1032      00
 1033              	.LASF6:
 1034 01b6 6C6F6E67 		.ascii	"long int\000"
 1034      20696E74 
 1034      00
 1035              	.LASF33:
 1036 01bf 52435F45 		.ascii	"RC_ERROR_UNDERRUN\000"
 1036      52524F52 
 1036      5F554E44 
 1036      45525255 
 1036      4E00
 1037              	.LASF36:
 1038 01d1 52435F45 		.ascii	"RC_ERROR_BUSY\000"
 1038      52524F52 
 1038      5F425553 
 1038      5900
 1039              	.LASF42:
 1040 01df 52435F45 		.ascii	"RC_ERROR_INVALID\000"
 1040      52524F52 
 1040      5F494E56 
 1040      414C4944 
 1040      00
 1041              	.LASF47:
 1042 01f0 52435F45 		.ascii	"RC_ERROR_BAD_DATA\000"
 1042      52524F52 
 1042      5F424144 
 1042      5F444154 
 1042      4100
 1043              	.LASF25:
 1044 0202 626F6F6C 		.ascii	"boolean_t\000"
ARM GAS  C:\Users\bolob\AppData\Local\Temp\cccgARgO.s 			page 23


 1044      65616E5F 
 1044      7400
 1045              	.LASF18:
 1046 020c 6C6F6E67 		.ascii	"long double\000"
 1046      20646F75 
 1046      626C6500 
 1047              	.LASF1:
 1048 0218 756E7369 		.ascii	"unsigned char\000"
 1048      676E6564 
 1048      20636861 
 1048      7200
 1049              	.LASF60:
 1050 0226 53435F45 		.ascii	"SC_EVENT_data_t\000"
 1050      56454E54 
 1050      5F646174 
 1050      615F7400 
 1051              	.LASF21:
 1052 0236 45455F55 		.ascii	"EE_UINT32\000"
 1052      494E5433 
 1052      3200
 1053              	.LASF0:
 1054 0240 7369676E 		.ascii	"signed char\000"
 1054      65642063 
 1054      68617200 
 1055              	.LASF59:
 1056 024c 4556454E 		.ascii	"EVENT_enum_t\000"
 1056      545F656E 
 1056      756D5F74 
 1056      00
 1057              	.LASF10:
 1058 0259 6C6F6E67 		.ascii	"long long unsigned int\000"
 1058      206C6F6E 
 1058      6720756E 
 1058      7369676E 
 1058      65642069 
 1059              	.LASF14:
 1060 0270 75696E74 		.ascii	"uint32_t\000"
 1060      33325F74 
 1060      00
 1061              	.LASF11:
 1062 0279 756E7369 		.ascii	"unsigned int\000"
 1062      676E6564 
 1062      20696E74 
 1062      00
 1063              	.LASF38:
 1064 0286 52435F45 		.ascii	"RC_ERROR_OPEN\000"
 1064      52524F52 
 1064      5F4F5045 
 1064      4E00
 1065              	.LASF12:
 1066 0294 75696E74 		.ascii	"uint16_t\000"
 1066      31365F74 
 1066      00
 1067              	.LASF28:
 1068 029d 52435F45 		.ascii	"RC_ERROR_NULL\000"
 1068      52524F52 
 1068      5F4E554C 
ARM GAS  C:\Users\bolob\AppData\Local\Temp\cccgARgO.s 			page 24


 1068      4C00
 1069              	.LASF35:
 1070 02ab 52435F45 		.ascii	"RC_ERROR_BUFFER_EMTPY\000"
 1070      52524F52 
 1070      5F425546 
 1070      4645525F 
 1070      454D5450 
 1071              	.LASF20:
 1072 02c1 45455F49 		.ascii	"EE_INT32\000"
 1072      4E543332 
 1072      00
 1073              	.LASF81:
 1074 02ca 433A5C55 		.ascii	"C:\\Users\\bolob\\Documents\\PSoC Creator\\Clock\\E"
 1074      73657273 
 1074      5C626F6C 
 1074      6F625C44 
 1074      6F63756D 
 1075 02f7 6C656374 		.ascii	"lectronic_Clock.cydsn\000"
 1075      726F6E69 
 1075      635F436C 
 1075      6F636B2E 
 1075      63796473 
 1076              	.LASF3:
 1077 030d 73686F72 		.ascii	"short unsigned int\000"
 1077      7420756E 
 1077      7369676E 
 1077      65642069 
 1077      6E7400
 1078              	.LASF79:
 1079 0320 474E5520 		.ascii	"GNU C11 5.4.1 20160609 (release) [ARM/embedded-5-br"
 1079      43313120 
 1079      352E342E 
 1079      31203230 
 1079      31363036 
 1080 0353 616E6368 		.ascii	"anch revision 237715] -mcpu=cortex-m3 -mthumb -g -O"
 1080      20726576 
 1080      6973696F 
 1080      6E203233 
 1080      37373135 
 1081 0386 67202D66 		.ascii	"g -ffunction-sections -ffat-lto-objects\000"
 1081      66756E63 
 1081      74696F6E 
 1081      2D736563 
 1081      74696F6E 
 1082              	.LASF17:
 1083 03ae 63686172 		.ascii	"char\000"
 1083      00
 1084              	.LASF69:
 1085 03b3 53435F45 		.ascii	"SC_EVENT_driverOut\000"
 1085      56454E54 
 1085      5F647269 
 1085      7665724F 
 1085      757400
 1086              	.LASF34:
 1087 03c6 52435F45 		.ascii	"RC_ERROR_BUFFER_FULL\000"
 1087      52524F52 
 1087      5F425546 
ARM GAS  C:\Users\bolob\AppData\Local\Temp\cccgARgO.s 			page 25


 1087      4645525F 
 1087      46554C4C 
 1088              	.LASF13:
 1089 03db 696E7433 		.ascii	"int32_t\000"
 1089      325F7400 
 1090              	.LASF53:
 1091 03e3 45565F4E 		.ascii	"EV_NONE\000"
 1091      4F4E4500 
 1092              	.LASF46:
 1093 03eb 52435F45 		.ascii	"RC_ERROR_BAD_PARAM\000"
 1093      52524F52 
 1093      5F424144 
 1093      5F504152 
 1093      414D00
 1094              	.LASF68:
 1095 03fe 53435F45 		.ascii	"SC_EVENT_driverIn\000"
 1095      56454E54 
 1095      5F647269 
 1095      76657249 
 1095      6E00
 1096              	.LASF70:
 1097 0410 64617461 		.ascii	"data\000"
 1097      00
 1098              	.LASF73:
 1099 0415 45455F41 		.ascii	"EE_ApplicationMode\000"
 1099      70706C69 
 1099      63617469 
 1099      6F6E4D6F 
 1099      646500
 1100              	.LASF8:
 1101 0428 6C6F6E67 		.ascii	"long unsigned int\000"
 1101      20756E73 
 1101      69676E65 
 1101      6420696E 
 1101      7400
 1102              	.LASF16:
 1103 043a 646F7562 		.ascii	"double\000"
 1103      6C6500
 1104              	.LASF61:
 1105 0441 6C617374 		.ascii	"lastButton3State\000"
 1105      42757474 
 1105      6F6E3353 
 1105      74617465 
 1105      00
 1106              	.LASF39:
 1107 0452 52435F45 		.ascii	"RC_ERROR_CHECKSUM\000"
 1107      52524F52 
 1107      5F434845 
 1107      434B5355 
 1107      4D00
 1108              	.LASF22:
 1109 0464 45455F55 		.ascii	"EE_UREG\000"
 1109      52454700 
 1110              	.LASF77:
 1111 046c 42757474 		.ascii	"Button_3_Read\000"
 1111      6F6E5F33 
 1111      5F526561 
ARM GAS  C:\Users\bolob\AppData\Local\Temp\cccgARgO.s 			page 26


 1111      6400
 1112              	.LASF31:
 1113 047a 52435F45 		.ascii	"RC_ERROR_RANGE\000"
 1113      52524F52 
 1113      5F52414E 
 1113      474500
 1114              	.LASF5:
 1115 0489 5F5F696E 		.ascii	"__int32_t\000"
 1115      7433325F 
 1115      7400
 1116              	.LASF67:
 1117 0493 63757272 		.ascii	"currentButton4State\000"
 1117      656E7442 
 1117      7574746F 
 1117      6E345374 
 1117      61746500 
 1118              	.LASF56:
 1119 04a7 45565F4B 		.ascii	"EV_KEYRIGHTLONGPRESS\000"
 1119      45595249 
 1119      4748544C 
 1119      4F4E4750 
 1119      52455353 
 1120              	.LASF55:
 1121 04bc 45565F4B 		.ascii	"EV_KEYLEFT\000"
 1121      45594C45 
 1121      465400
 1122              	.LASF65:
 1123 04c7 7469636B 		.ascii	"tick1minCounter\000"
 1123      316D696E 
 1123      436F756E 
 1123      74657200 
 1124              	.LASF48:
 1125 04d7 52435F45 		.ascii	"RC_ERROR_CANCELED\000"
 1125      52524F52 
 1125      5F43414E 
 1125      43454C45 
 1125      4400
 1126              	.LASF64:
 1127 04e9 7469636B 		.ascii	"tick250msCounter\000"
 1127      3235306D 
 1127      73436F75 
 1127      6E746572 
 1127      00
 1128              	.LASF76:
 1129 04fa 49544D5F 		.ascii	"ITM_RxBuffer\000"
 1129      52784275 
 1129      66666572 
 1129      00
 1130              	.LASF27:
 1131 0507 52435F45 		.ascii	"RC_ERROR\000"
 1131      52524F52 
 1131      00
 1132              	.LASF30:
 1133 0510 52435F45 		.ascii	"RC_ERROR_MEMORY\000"
 1133      52524F52 
 1133      5F4D454D 
 1133      4F525900 
ARM GAS  C:\Users\bolob\AppData\Local\Temp\cccgARgO.s 			page 27


 1134              	.LASF71:
 1135 0520 45455F6F 		.ascii	"EE_oo_IRQ_disable_count\000"
 1135      6F5F4952 
 1135      515F6469 
 1135      7361626C 
 1135      655F636F 
 1136              	.LASF80:
 1137 0538 736F7572 		.ascii	"source\\rte\\sc_event_type.c\000"
 1137      63655C72 
 1137      74655C73 
 1137      635F6576 
 1137      656E745F 
 1138              	.LASF52:
 1139 0553 52435F74 		.ascii	"RC_t\000"
 1139      00
 1140              	.LASF63:
 1141 0558 62757474 		.ascii	"button4PressDuration\000"
 1141      6F6E3450 
 1141      72657373 
 1141      44757261 
 1141      74696F6E 
 1142              	.LASF37:
 1143 056d 52435F45 		.ascii	"RC_ERROR_TIME_OUT\000"
 1143      52524F52 
 1143      5F54494D 
 1143      455F4F55 
 1143      5400
 1144              		.ident	"GCC: (GNU Tools for ARM Embedded Processors) 5.4.1 20160609 (release) [ARM/embedded-5-bran
