ARM GAS  C:\Users\bolob\AppData\Local\Temp\ccnQ7qse.s 			page 1


   1              		.syntax unified
   2              		.cpu cortex-m3
   3              		.fpu softvfp
   4              		.eabi_attribute 20, 1
   5              		.eabi_attribute 21, 1
   6              		.eabi_attribute 23, 3
   7              		.eabi_attribute 24, 1
   8              		.eabi_attribute 25, 1
   9              		.eabi_attribute 26, 1
  10              		.eabi_attribute 30, 1
  11              		.eabi_attribute 34, 1
  12              		.eabi_attribute 18, 4
  13              		.thumb
  14              		.syntax unified
  15              		.file	"sc_joystick_type.c"
  16              		.text
  17              	.Ltext0:
  18              		.cfi_sections	.debug_frame
  19              		.section	.text.SC_JOYSTICK_driverIn,"ax",%progbits
  20              		.align	2
  21              		.global	SC_JOYSTICK_driverIn
  22              		.thumb
  23              		.thumb_func
  24              		.type	SC_JOYSTICK_driverIn, %function
  25              	SC_JOYSTICK_driverIn:
  26              	.LFB110:
  27              		.file 1 "source\\rte\\sc_joystick_type.c"
   1:source\rte/sc_joystick_type.c **** /*
   2:source\rte/sc_joystick_type.c ****  * Filename: sc_joystick_type.c
   3:source\rte/sc_joystick_type.c ****  *
   4:source\rte/sc_joystick_type.c ****  * Author: Autogenerated by H-DA RTE Generator, (c) Prof. Fromm
   5:source\rte/sc_joystick_type.c ****  *
   6:source\rte/sc_joystick_type.c ****  * description: Joystick representation
   7:source\rte/sc_joystick_type.c ****  * name: sc_joystick
   8:source\rte/sc_joystick_type.c ****  * shortname: joystick
   9:source\rte/sc_joystick_type.c ****  *
  10:source\rte/sc_joystick_type.c ****  */
  11:source\rte/sc_joystick_type.c **** 
  12:source\rte/sc_joystick_type.c **** #include "project.h"
  13:source\rte/sc_joystick_type.c **** #include "global.h"
  14:source\rte/sc_joystick_type.c **** #include "rte.h"
  15:source\rte/sc_joystick_type.c **** #include "rte_types.h"
  16:source\rte/sc_joystick_type.c **** #include "sc_joystick_type.h"
  17:source\rte/sc_joystick_type.c **** 
  18:source\rte/sc_joystick_type.c **** 
  19:source\rte/sc_joystick_type.c **** 
  20:source\rte/sc_joystick_type.c **** /* USER CODE START SC_JOYSTICK_INCLUDE */
  21:source\rte/sc_joystick_type.c **** 
  22:source\rte/sc_joystick_type.c **** /* USER CODE END SC_JOYSTICK_INCLUDE */
  23:source\rte/sc_joystick_type.c **** 
  24:source\rte/sc_joystick_type.c **** 
  25:source\rte/sc_joystick_type.c **** 
  26:source\rte/sc_joystick_type.c **** 
  27:source\rte/sc_joystick_type.c **** /* USER CODE START SC_JOYSTICK_USERDEFINITIONS */
  28:source\rte/sc_joystick_type.c **** 
  29:source\rte/sc_joystick_type.c **** /* USER CODE END SC_JOYSTICK_USERDEFINITIONS */
  30:source\rte/sc_joystick_type.c **** 
ARM GAS  C:\Users\bolob\AppData\Local\Temp\ccnQ7qse.s 			page 2


  31:source\rte/sc_joystick_type.c **** 
  32:source\rte/sc_joystick_type.c **** /*****************************************************************************************
  33:source\rte/sc_joystick_type.c ****  *************** Port Wrapper Implementation for SC_JOYSTICK signal  ****************
  34:source\rte/sc_joystick_type.c ****  *****************************************************************************************/
  35:source\rte/sc_joystick_type.c ****  
  36:source\rte/sc_joystick_type.c ****  
  37:source\rte/sc_joystick_type.c **** 
  38:source\rte/sc_joystick_type.c **** /**
  39:source\rte/sc_joystick_type.c ****  * Default IN driver API
  40:source\rte/sc_joystick_type.c ****  */
  41:source\rte/sc_joystick_type.c **** inline RC_t SC_JOYSTICK_driverIn(SC_JOYSTICK_data_t *const data)
  42:source\rte/sc_joystick_type.c **** {
  28              		.loc 1 42 0
  29              		.cfi_startproc
  30              		@ args = 0, pretend = 0, frame = 0
  31              		@ frame_needed = 0, uses_anonymous_args = 0
  32              	.LVL0:
  33 0000 38B5     		push	{r3, r4, r5, lr}
  34              		.cfi_def_cfa_offset 16
  35              		.cfi_offset 3, -16
  36              		.cfi_offset 4, -12
  37              		.cfi_offset 5, -8
  38              		.cfi_offset 14, -4
  39 0002 0546     		mov	r5, r0
  40              	.LVL1:
  41              	.L2:
  43:source\rte/sc_joystick_type.c **** 	/* USER CODE START driverInSC_JOYSTICK */
  44:source\rte/sc_joystick_type.c ****     
  45:source\rte/sc_joystick_type.c ****     // Wait for end of conversion
  46:source\rte/sc_joystick_type.c ****     while(ADC_SAR_Seq_1_IsEndConversion(ADC_SAR_Seq_1_WAIT_FOR_RESULT) == 0);
  42              		.loc 1 46 0 discriminator 1
  43 0004 0020     		movs	r0, #0
  44 0006 FFF7FEFF 		bl	ADC_SAR_Seq_1_IsEndConversion
  45              	.LVL2:
  46 000a 0028     		cmp	r0, #0
  47 000c FAD0     		beq	.L2
  47:source\rte/sc_joystick_type.c **** 
  48:source\rte/sc_joystick_type.c ****     // Read channels
  49:source\rte/sc_joystick_type.c ****     uint16_t posX =  ADC_SAR_Seq_1_GetResult16(0);
  48              		.loc 1 49 0
  49 000e 0020     		movs	r0, #0
  50 0010 FFF7FEFF 		bl	ADC_SAR_Seq_1_GetResult16
  51              	.LVL3:
  52 0014 84B2     		uxth	r4, r0
  53              	.LVL4:
  50:source\rte/sc_joystick_type.c ****     uint16_t posY =  ADC_SAR_Seq_1_GetResult16(1);
  54              		.loc 1 50 0
  55 0016 0120     		movs	r0, #1
  56 0018 FFF7FEFF 		bl	ADC_SAR_Seq_1_GetResult16
  57              	.LVL5:
  58 001c 80B2     		uxth	r0, r0
  59              	.LVL6:
  51:source\rte/sc_joystick_type.c **** 
  52:source\rte/sc_joystick_type.c **** 	// Convert to scaled 8bit signal
  53:source\rte/sc_joystick_type.c ****     (*data).x = (sint8_t)((2048 - posX) / 16);
  60              		.loc 1 53 0
  61 001e D4F50064 		rsbs	r4, r4, #2048
ARM GAS  C:\Users\bolob\AppData\Local\Temp\ccnQ7qse.s 			page 3


  62              	.LVL7:
  63 0022 00D5     		bpl	.L3
  64 0024 0F34     		adds	r4, r4, #15
  65              	.L3:
  66 0026 44F30714 		sbfx	r4, r4, #4, #8
  67 002a 2C70     		strb	r4, [r5]
  54:source\rte/sc_joystick_type.c ****     (*data).y = (sint8_t)((2048 - posY) / 16);
  68              		.loc 1 54 0
  69 002c D0F50060 		rsbs	r0, r0, #2048
  70              	.LVL8:
  71 0030 00D5     		bpl	.L4
  72 0032 0F30     		adds	r0, r0, #15
  73              	.L4:
  74 0034 40F30710 		sbfx	r0, r0, #4, #8
  75 0038 6870     		strb	r0, [r5, #1]
  55:source\rte/sc_joystick_type.c **** 
  56:source\rte/sc_joystick_type.c **** 	return RC_SUCCESS;
  57:source\rte/sc_joystick_type.c **** 	/* USER CODE END driverInSC_JOYSTICK */
  58:source\rte/sc_joystick_type.c **** }
  76              		.loc 1 58 0
  77 003a 0020     		movs	r0, #0
  78 003c 38BD     		pop	{r3, r4, r5, pc}
  79              		.cfi_endproc
  80              	.LFE110:
  81              		.size	SC_JOYSTICK_driverIn, .-SC_JOYSTICK_driverIn
  82 003e 00BF     		.section	.text.SC_JOYSTICK_driverOut,"ax",%progbits
  83              		.align	2
  84              		.global	SC_JOYSTICK_driverOut
  85              		.thumb
  86              		.thumb_func
  87              		.type	SC_JOYSTICK_driverOut, %function
  88              	SC_JOYSTICK_driverOut:
  89              	.LFB111:
  59:source\rte/sc_joystick_type.c **** /**
  60:source\rte/sc_joystick_type.c ****  * Default OUT driver API
  61:source\rte/sc_joystick_type.c ****  */
  62:source\rte/sc_joystick_type.c **** inline RC_t SC_JOYSTICK_driverOut(const SC_JOYSTICK_data_t  *const data)
  63:source\rte/sc_joystick_type.c **** {
  90              		.loc 1 63 0
  91              		.cfi_startproc
  92              		@ args = 0, pretend = 0, frame = 0
  93              		@ frame_needed = 0, uses_anonymous_args = 0
  94              		@ link register save eliminated.
  95              	.LVL9:
  64:source\rte/sc_joystick_type.c **** 	/* USER CODE START driverOutSC_JOYSTICK */
  65:source\rte/sc_joystick_type.c **** 
  66:source\rte/sc_joystick_type.c **** 	//Scale application data to drive format
  67:source\rte/sc_joystick_type.c **** 
  68:source\rte/sc_joystick_type.c **** 	//Write scaled data to driver
  69:source\rte/sc_joystick_type.c **** 
  70:source\rte/sc_joystick_type.c **** 	return RC_SUCCESS;
  71:source\rte/sc_joystick_type.c **** 	/* USER CODE END driverOutSC_JOYSTICK */
  72:source\rte/sc_joystick_type.c **** }
  96              		.loc 1 72 0
  97 0000 0020     		movs	r0, #0
  98              	.LVL10:
  99 0002 7047     		bx	lr
ARM GAS  C:\Users\bolob\AppData\Local\Temp\ccnQ7qse.s 			page 4


 100              		.cfi_endproc
 101              	.LFE111:
 102              		.size	SC_JOYSTICK_driverOut, .-SC_JOYSTICK_driverOut
 103              		.text
 104              	.Letext0:
 105              		.file 2 "c:\\program files (x86)\\cypress\\psoc creator\\4.4\\psoc creator\\import\\gnu\\arm\\5.4.
 106              		.file 3 "c:\\program files (x86)\\cypress\\psoc creator\\4.4\\psoc creator\\import\\gnu\\arm\\5.4.
 107              		.file 4 "Generated_Source\\PSoC5/ErikaOS_1_common_ee_types.inc"
 108              		.file 5 "Generated_Source\\PSoC5/ErikaOS_1_cortex_mx_ee_cpu.inc"
 109              		.file 6 ".\\source\\bsw/global.h"
 110              		.file 7 "source\\rte\\sc_joystick_type.h"
 111              		.file 8 "Generated_Source\\PSoC5/ErikaOS_1_ee_oo_intfunc.inc"
 112              		.file 9 "Generated_Source\\PSoC5/ErikaOS_1_cortex_mx_ee_context.inc"
 113              		.file 10 "Generated_Source\\PSoC5/ErikaOS_1_common_ee_primitives.inc"
 114              		.file 11 "Generated_Source\\PSoC5/core_cm3.h"
 115              		.file 12 "Generated_Source\\PSoC5/ADC_SAR_Seq_1.h"
 116              		.section	.debug_info,"",%progbits
 117              	.Ldebug_info0:
 118 0000 F3020000 		.4byte	0x2f3
 119 0004 0400     		.2byte	0x4
 120 0006 00000000 		.4byte	.Ldebug_abbrev0
 121 000a 04       		.byte	0x4
 122 000b 01       		.uleb128 0x1
 123 000c C7020000 		.4byte	.LASF65
 124 0010 0C       		.byte	0xc
 125 0011 77030000 		.4byte	.LASF66
 126 0015 71020000 		.4byte	.LASF67
 127 0019 00000000 		.4byte	.Ldebug_ranges0+0
 128 001d 00000000 		.4byte	0
 129 0021 00000000 		.4byte	.Ldebug_line0
 130 0025 02       		.uleb128 0x2
 131 0026 01       		.byte	0x1
 132 0027 06       		.byte	0x6
 133 0028 FD010000 		.4byte	.LASF0
 134 002c 02       		.uleb128 0x2
 135 002d 01       		.byte	0x1
 136 002e 08       		.byte	0x8
 137 002f DC010000 		.4byte	.LASF1
 138 0033 02       		.uleb128 0x2
 139 0034 02       		.byte	0x2
 140 0035 05       		.byte	0x5
 141 0036 32000000 		.4byte	.LASF2
 142 003a 03       		.uleb128 0x3
 143 003b 9F000000 		.4byte	.LASF4
 144 003f 02       		.byte	0x2
 145 0040 2B       		.byte	0x2b
 146 0041 45000000 		.4byte	0x45
 147 0045 02       		.uleb128 0x2
 148 0046 02       		.byte	0x2
 149 0047 07       		.byte	0x7
 150 0048 B4020000 		.4byte	.LASF3
 151 004c 03       		.uleb128 0x3
 152 004d F3030000 		.4byte	.LASF5
 153 0051 02       		.byte	0x2
 154 0052 3F       		.byte	0x3f
 155 0053 57000000 		.4byte	0x57
 156 0057 02       		.uleb128 0x2
ARM GAS  C:\Users\bolob\AppData\Local\Temp\ccnQ7qse.s 			page 5


 157 0058 04       		.byte	0x4
 158 0059 05       		.byte	0x5
 159 005a 6F010000 		.4byte	.LASF6
 160 005e 02       		.uleb128 0x2
 161 005f 04       		.byte	0x4
 162 0060 07       		.byte	0x7
 163 0061 C0030000 		.4byte	.LASF7
 164 0065 02       		.uleb128 0x2
 165 0066 08       		.byte	0x8
 166 0067 05       		.byte	0x5
 167 0068 24010000 		.4byte	.LASF8
 168 006c 02       		.uleb128 0x2
 169 006d 08       		.byte	0x8
 170 006e 07       		.byte	0x7
 171 006f 09020000 		.4byte	.LASF9
 172 0073 04       		.uleb128 0x4
 173 0074 04       		.byte	0x4
 174 0075 05       		.byte	0x5
 175 0076 696E7400 		.ascii	"int\000"
 176 007a 02       		.uleb128 0x2
 177 007b 04       		.byte	0x4
 178 007c 07       		.byte	0x7
 179 007d 20020000 		.4byte	.LASF10
 180 0081 03       		.uleb128 0x3
 181 0082 3B020000 		.4byte	.LASF11
 182 0086 03       		.byte	0x3
 183 0087 24       		.byte	0x24
 184 0088 3A000000 		.4byte	0x3a
 185 008c 03       		.uleb128 0x3
 186 008d 6F030000 		.4byte	.LASF12
 187 0091 03       		.byte	0x3
 188 0092 2C       		.byte	0x2c
 189 0093 4C000000 		.4byte	0x4c
 190 0097 02       		.uleb128 0x2
 191 0098 04       		.byte	0x4
 192 0099 04       		.byte	0x4
 193 009a 05010000 		.4byte	.LASF13
 194 009e 02       		.uleb128 0x2
 195 009f 08       		.byte	0x8
 196 00a0 04       		.byte	0x4
 197 00a1 D2030000 		.4byte	.LASF14
 198 00a5 02       		.uleb128 0x2
 199 00a6 01       		.byte	0x1
 200 00a7 08       		.byte	0x8
 201 00a8 55030000 		.4byte	.LASF15
 202 00ac 02       		.uleb128 0x2
 203 00ad 08       		.byte	0x8
 204 00ae 04       		.byte	0x4
 205 00af D0010000 		.4byte	.LASF16
 206 00b3 02       		.uleb128 0x2
 207 00b4 04       		.byte	0x4
 208 00b5 07       		.byte	0x7
 209 00b6 62000000 		.4byte	.LASF17
 210 00ba 03       		.uleb128 0x3
 211 00bb 68020000 		.4byte	.LASF18
 212 00bf 04       		.byte	0x4
 213 00c0 53       		.byte	0x53
ARM GAS  C:\Users\bolob\AppData\Local\Temp\ccnQ7qse.s 			page 6


 214 00c1 73000000 		.4byte	0x73
 215 00c5 03       		.uleb128 0x3
 216 00c6 95000000 		.4byte	.LASF19
 217 00ca 04       		.byte	0x4
 218 00cb 54       		.byte	0x54
 219 00cc 7A000000 		.4byte	0x7a
 220 00d0 03       		.uleb128 0x3
 221 00d1 EB030000 		.4byte	.LASF20
 222 00d5 05       		.byte	0x5
 223 00d6 4D       		.byte	0x4d
 224 00d7 C5000000 		.4byte	0xc5
 225 00db 03       		.uleb128 0x3
 226 00dc 79000000 		.4byte	.LASF21
 227 00e0 05       		.byte	0x5
 228 00e1 4F       		.byte	0x4f
 229 00e2 C5000000 		.4byte	0xc5
 230 00e6 03       		.uleb128 0x3
 231 00e7 AA000000 		.4byte	.LASF22
 232 00eb 05       		.byte	0x5
 233 00ec 78       		.byte	0x78
 234 00ed BA000000 		.4byte	0xba
 235 00f1 03       		.uleb128 0x3
 236 00f2 AA040000 		.4byte	.LASF23
 237 00f6 06       		.byte	0x6
 238 00f7 90       		.byte	0x90
 239 00f8 25000000 		.4byte	0x25
 240 00fc 05       		.uleb128 0x5
 241 00fd 01       		.byte	0x1
 242 00fe 25000000 		.4byte	0x25
 243 0102 06       		.byte	0x6
 244 0103 CF       		.byte	0xcf
 245 0104 A5010000 		.4byte	0x1a5
 246 0108 06       		.uleb128 0x6
 247 0109 13000000 		.4byte	.LASF24
 248 010d 00       		.byte	0
 249 010e 07       		.uleb128 0x7
 250 010f 56040000 		.4byte	.LASF25
 251 0113 7F       		.sleb128 -1
 252 0114 07       		.uleb128 0x7
 253 0115 44020000 		.4byte	.LASF26
 254 0119 7E       		.sleb128 -2
 255 011a 07       		.uleb128 0x7
 256 011b 6B000000 		.4byte	.LASF27
 257 011f 7D       		.sleb128 -3
 258 0120 07       		.uleb128 0x7
 259 0121 5F040000 		.4byte	.LASF28
 260 0125 7C       		.sleb128 -4
 261 0126 07       		.uleb128 0x7
 262 0127 F6000000 		.4byte	.LASF29
 263 012b 7B       		.sleb128 -5
 264 012c 07       		.uleb128 0x7
 265 012d 3C000000 		.4byte	.LASF30
 266 0131 7A       		.sleb128 -6
 267 0132 07       		.uleb128 0x7
 268 0133 78010000 		.4byte	.LASF31
 269 0137 79       		.sleb128 -7
 270 0138 07       		.uleb128 0x7
ARM GAS  C:\Users\bolob\AppData\Local\Temp\ccnQ7qse.s 			page 7


 271 0139 5A030000 		.4byte	.LASF32
 272 013d 78       		.sleb128 -8
 273 013e 07       		.uleb128 0x7
 274 013f 52020000 		.4byte	.LASF33
 275 0143 77       		.sleb128 -9
 276 0144 07       		.uleb128 0x7
 277 0145 8A010000 		.4byte	.LASF34
 278 0149 76       		.sleb128 -10
 279 014a 07       		.uleb128 0x7
 280 014b B2040000 		.4byte	.LASF35
 281 014f 75       		.sleb128 -11
 282 0150 07       		.uleb128 0x7
 283 0151 2D020000 		.4byte	.LASF36
 284 0155 74       		.sleb128 -12
 285 0156 07       		.uleb128 0x7
 286 0157 D9030000 		.4byte	.LASF37
 287 015b 73       		.sleb128 -13
 288 015c 07       		.uleb128 0x7
 289 015d 00000000 		.4byte	.LASF38
 290 0161 72       		.sleb128 -14
 291 0162 07       		.uleb128 0x7
 292 0163 1E000000 		.4byte	.LASF39
 293 0167 71       		.sleb128 -15
 294 0168 07       		.uleb128 0x7
 295 0169 98010000 		.4byte	.LASF40
 296 016d 70       		.sleb128 -16
 297 016e 07       		.uleb128 0x7
 298 016f 81000000 		.4byte	.LASF41
 299 0173 6F       		.sleb128 -17
 300 0174 07       		.uleb128 0x7
 301 0175 4D000000 		.4byte	.LASF42
 302 0179 6E       		.sleb128 -18
 303 017a 07       		.uleb128 0x7
 304 017b 4B010000 		.4byte	.LASF43
 305 017f 6D       		.sleb128 -19
 306 0180 07       		.uleb128 0x7
 307 0181 95030000 		.4byte	.LASF44
 308 0185 6C       		.sleb128 -20
 309 0186 07       		.uleb128 0x7
 310 0187 A9010000 		.4byte	.LASF45
 311 018b 6B       		.sleb128 -21
 312 018c 07       		.uleb128 0x7
 313 018d 17040000 		.4byte	.LASF46
 314 0191 6A       		.sleb128 -22
 315 0192 07       		.uleb128 0x7
 316 0193 B1000000 		.4byte	.LASF47
 317 0197 69       		.sleb128 -23
 318 0198 07       		.uleb128 0x7
 319 0199 5E010000 		.4byte	.LASF48
 320 019d 68       		.sleb128 -24
 321 019e 07       		.uleb128 0x7
 322 019f 0B010000 		.4byte	.LASF49
 323 01a3 67       		.sleb128 -25
 324 01a4 00       		.byte	0
 325 01a5 03       		.uleb128 0x3
 326 01a6 A5040000 		.4byte	.LASF50
 327 01aa 06       		.byte	0x6
ARM GAS  C:\Users\bolob\AppData\Local\Temp\ccnQ7qse.s 			page 8


 328 01ab EA       		.byte	0xea
 329 01ac FC000000 		.4byte	0xfc
 330 01b0 08       		.uleb128 0x8
 331 01b1 02       		.byte	0x2
 332 01b2 07       		.byte	0x7
 333 01b3 21       		.byte	0x21
 334 01b4 CD010000 		.4byte	0x1cd
 335 01b8 09       		.uleb128 0x9
 336 01b9 7800     		.ascii	"x\000"
 337 01bb 07       		.byte	0x7
 338 01bc 23       		.byte	0x23
 339 01bd F1000000 		.4byte	0xf1
 340 01c1 00       		.byte	0
 341 01c2 09       		.uleb128 0x9
 342 01c3 7900     		.ascii	"y\000"
 343 01c5 07       		.byte	0x7
 344 01c6 24       		.byte	0x24
 345 01c7 F1000000 		.4byte	0xf1
 346 01cb 01       		.byte	0x1
 347 01cc 00       		.byte	0
 348 01cd 03       		.uleb128 0x3
 349 01ce EA010000 		.4byte	.LASF51
 350 01d2 07       		.byte	0x7
 351 01d3 27       		.byte	0x27
 352 01d4 B0010000 		.4byte	0x1b0
 353 01d8 0A       		.uleb128 0xa
 354 01d9 BB010000 		.4byte	.LASF54
 355 01dd 01       		.byte	0x1
 356 01de 29       		.byte	0x29
 357 01df A5010000 		.4byte	0x1a5
 358 01e3 00000000 		.4byte	.LFB110
 359 01e7 3E000000 		.4byte	.LFE110-.LFB110
 360 01eb 01       		.uleb128 0x1
 361 01ec 9C       		.byte	0x9c
 362 01ed 54020000 		.4byte	0x254
 363 01f1 0B       		.uleb128 0xb
 364 01f2 A8030000 		.4byte	.LASF56
 365 01f6 01       		.byte	0x1
 366 01f7 29       		.byte	0x29
 367 01f8 5A020000 		.4byte	0x25a
 368 01fc 00000000 		.4byte	.LLST0
 369 0200 0C       		.uleb128 0xc
 370 0201 29040000 		.4byte	.LASF52
 371 0205 01       		.byte	0x1
 372 0206 31       		.byte	0x31
 373 0207 81000000 		.4byte	0x81
 374 020b 1E000000 		.4byte	.LLST1
 375 020f 0C       		.uleb128 0xc
 376 0210 2E040000 		.4byte	.LASF53
 377 0214 01       		.byte	0x1
 378 0215 32       		.byte	0x32
 379 0216 81000000 		.4byte	0x81
 380 021a 31000000 		.4byte	.LLST2
 381 021e 0D       		.uleb128 0xd
 382 021f 0A000000 		.4byte	.LVL2
 383 0223 E0020000 		.4byte	0x2e0
 384 0227 31020000 		.4byte	0x231
ARM GAS  C:\Users\bolob\AppData\Local\Temp\ccnQ7qse.s 			page 9


 385 022b 0E       		.uleb128 0xe
 386 022c 01       		.uleb128 0x1
 387 022d 50       		.byte	0x50
 388 022e 01       		.uleb128 0x1
 389 022f 30       		.byte	0x30
 390 0230 00       		.byte	0
 391 0231 0D       		.uleb128 0xd
 392 0232 14000000 		.4byte	.LVL3
 393 0236 EB020000 		.4byte	0x2eb
 394 023a 44020000 		.4byte	0x244
 395 023e 0E       		.uleb128 0xe
 396 023f 01       		.uleb128 0x1
 397 0240 50       		.byte	0x50
 398 0241 01       		.uleb128 0x1
 399 0242 30       		.byte	0x30
 400 0243 00       		.byte	0
 401 0244 0F       		.uleb128 0xf
 402 0245 1C000000 		.4byte	.LVL5
 403 0249 EB020000 		.4byte	0x2eb
 404 024d 0E       		.uleb128 0xe
 405 024e 01       		.uleb128 0x1
 406 024f 50       		.byte	0x50
 407 0250 01       		.uleb128 0x1
 408 0251 31       		.byte	0x31
 409 0252 00       		.byte	0
 410 0253 00       		.byte	0
 411 0254 10       		.uleb128 0x10
 412 0255 04       		.byte	0x4
 413 0256 CD010000 		.4byte	0x1cd
 414 025a 11       		.uleb128 0x11
 415 025b 54020000 		.4byte	0x254
 416 025f 0A       		.uleb128 0xa
 417 0260 33040000 		.4byte	.LASF55
 418 0264 01       		.byte	0x1
 419 0265 3E       		.byte	0x3e
 420 0266 A5010000 		.4byte	0x1a5
 421 026a 00000000 		.4byte	.LFB111
 422 026e 04000000 		.4byte	.LFE111-.LFB111
 423 0272 01       		.uleb128 0x1
 424 0273 9C       		.byte	0x9c
 425 0274 88020000 		.4byte	0x288
 426 0278 0B       		.uleb128 0xb
 427 0279 A8030000 		.4byte	.LASF56
 428 027d 01       		.byte	0x1
 429 027e 3E       		.byte	0x3e
 430 027f 93020000 		.4byte	0x293
 431 0283 44000000 		.4byte	.LLST3
 432 0287 00       		.byte	0
 433 0288 10       		.uleb128 0x10
 434 0289 04       		.byte	0x4
 435 028a 8E020000 		.4byte	0x28e
 436 028e 11       		.uleb128 0x11
 437 028f CD010000 		.4byte	0x1cd
 438 0293 11       		.uleb128 0x11
 439 0294 88020000 		.4byte	0x288
 440 0298 12       		.uleb128 0x12
 441 0299 6F040000 		.4byte	.LASF57
ARM GAS  C:\Users\bolob\AppData\Local\Temp\ccnQ7qse.s 			page 10


 442 029d 08       		.byte	0x8
 443 029e 40       		.byte	0x40
 444 029f D0000000 		.4byte	0xd0
 445 02a3 12       		.uleb128 0x12
 446 02a4 32010000 		.4byte	.LASF58
 447 02a8 08       		.byte	0x8
 448 02a9 47       		.byte	0x47
 449 02aa DB000000 		.4byte	0xdb
 450 02ae 12       		.uleb128 0x12
 451 02af AD030000 		.4byte	.LASF59
 452 02b3 08       		.byte	0x8
 453 02b4 4A       		.byte	0x4a
 454 02b5 D0000000 		.4byte	0xd0
 455 02b9 12       		.uleb128 0x12
 456 02ba DD000000 		.4byte	.LASF60
 457 02be 09       		.byte	0x9
 458 02bf 48       		.byte	0x48
 459 02c0 E6000000 		.4byte	0xe6
 460 02c4 12       		.uleb128 0x12
 461 02c5 C8000000 		.4byte	.LASF61
 462 02c9 0A       		.byte	0xa
 463 02ca 44       		.byte	0x44
 464 02cb D0000000 		.4byte	0xd0
 465 02cf 13       		.uleb128 0x13
 466 02d0 49040000 		.4byte	.LASF62
 467 02d4 0B       		.byte	0xb
 468 02d5 1207     		.2byte	0x712
 469 02d7 DB020000 		.4byte	0x2db
 470 02db 14       		.uleb128 0x14
 471 02dc 8C000000 		.4byte	0x8c
 472 02e0 15       		.uleb128 0x15
 473 02e1 87040000 		.4byte	.LASF63
 474 02e5 87040000 		.4byte	.LASF63
 475 02e9 0C       		.byte	0xc
 476 02ea 34       		.byte	0x34
 477 02eb 15       		.uleb128 0x15
 478 02ec FD030000 		.4byte	.LASF64
 479 02f0 FD030000 		.4byte	.LASF64
 480 02f4 0C       		.byte	0xc
 481 02f5 35       		.byte	0x35
 482 02f6 00       		.byte	0
 483              		.section	.debug_abbrev,"",%progbits
 484              	.Ldebug_abbrev0:
 485 0000 01       		.uleb128 0x1
 486 0001 11       		.uleb128 0x11
 487 0002 01       		.byte	0x1
 488 0003 25       		.uleb128 0x25
 489 0004 0E       		.uleb128 0xe
 490 0005 13       		.uleb128 0x13
 491 0006 0B       		.uleb128 0xb
 492 0007 03       		.uleb128 0x3
 493 0008 0E       		.uleb128 0xe
 494 0009 1B       		.uleb128 0x1b
 495 000a 0E       		.uleb128 0xe
 496 000b 55       		.uleb128 0x55
 497 000c 17       		.uleb128 0x17
 498 000d 11       		.uleb128 0x11
ARM GAS  C:\Users\bolob\AppData\Local\Temp\ccnQ7qse.s 			page 11


 499 000e 01       		.uleb128 0x1
 500 000f 10       		.uleb128 0x10
 501 0010 17       		.uleb128 0x17
 502 0011 00       		.byte	0
 503 0012 00       		.byte	0
 504 0013 02       		.uleb128 0x2
 505 0014 24       		.uleb128 0x24
 506 0015 00       		.byte	0
 507 0016 0B       		.uleb128 0xb
 508 0017 0B       		.uleb128 0xb
 509 0018 3E       		.uleb128 0x3e
 510 0019 0B       		.uleb128 0xb
 511 001a 03       		.uleb128 0x3
 512 001b 0E       		.uleb128 0xe
 513 001c 00       		.byte	0
 514 001d 00       		.byte	0
 515 001e 03       		.uleb128 0x3
 516 001f 16       		.uleb128 0x16
 517 0020 00       		.byte	0
 518 0021 03       		.uleb128 0x3
 519 0022 0E       		.uleb128 0xe
 520 0023 3A       		.uleb128 0x3a
 521 0024 0B       		.uleb128 0xb
 522 0025 3B       		.uleb128 0x3b
 523 0026 0B       		.uleb128 0xb
 524 0027 49       		.uleb128 0x49
 525 0028 13       		.uleb128 0x13
 526 0029 00       		.byte	0
 527 002a 00       		.byte	0
 528 002b 04       		.uleb128 0x4
 529 002c 24       		.uleb128 0x24
 530 002d 00       		.byte	0
 531 002e 0B       		.uleb128 0xb
 532 002f 0B       		.uleb128 0xb
 533 0030 3E       		.uleb128 0x3e
 534 0031 0B       		.uleb128 0xb
 535 0032 03       		.uleb128 0x3
 536 0033 08       		.uleb128 0x8
 537 0034 00       		.byte	0
 538 0035 00       		.byte	0
 539 0036 05       		.uleb128 0x5
 540 0037 04       		.uleb128 0x4
 541 0038 01       		.byte	0x1
 542 0039 0B       		.uleb128 0xb
 543 003a 0B       		.uleb128 0xb
 544 003b 49       		.uleb128 0x49
 545 003c 13       		.uleb128 0x13
 546 003d 3A       		.uleb128 0x3a
 547 003e 0B       		.uleb128 0xb
 548 003f 3B       		.uleb128 0x3b
 549 0040 0B       		.uleb128 0xb
 550 0041 01       		.uleb128 0x1
 551 0042 13       		.uleb128 0x13
 552 0043 00       		.byte	0
 553 0044 00       		.byte	0
 554 0045 06       		.uleb128 0x6
 555 0046 28       		.uleb128 0x28
ARM GAS  C:\Users\bolob\AppData\Local\Temp\ccnQ7qse.s 			page 12


 556 0047 00       		.byte	0
 557 0048 03       		.uleb128 0x3
 558 0049 0E       		.uleb128 0xe
 559 004a 1C       		.uleb128 0x1c
 560 004b 0B       		.uleb128 0xb
 561 004c 00       		.byte	0
 562 004d 00       		.byte	0
 563 004e 07       		.uleb128 0x7
 564 004f 28       		.uleb128 0x28
 565 0050 00       		.byte	0
 566 0051 03       		.uleb128 0x3
 567 0052 0E       		.uleb128 0xe
 568 0053 1C       		.uleb128 0x1c
 569 0054 0D       		.uleb128 0xd
 570 0055 00       		.byte	0
 571 0056 00       		.byte	0
 572 0057 08       		.uleb128 0x8
 573 0058 13       		.uleb128 0x13
 574 0059 01       		.byte	0x1
 575 005a 0B       		.uleb128 0xb
 576 005b 0B       		.uleb128 0xb
 577 005c 3A       		.uleb128 0x3a
 578 005d 0B       		.uleb128 0xb
 579 005e 3B       		.uleb128 0x3b
 580 005f 0B       		.uleb128 0xb
 581 0060 01       		.uleb128 0x1
 582 0061 13       		.uleb128 0x13
 583 0062 00       		.byte	0
 584 0063 00       		.byte	0
 585 0064 09       		.uleb128 0x9
 586 0065 0D       		.uleb128 0xd
 587 0066 00       		.byte	0
 588 0067 03       		.uleb128 0x3
 589 0068 08       		.uleb128 0x8
 590 0069 3A       		.uleb128 0x3a
 591 006a 0B       		.uleb128 0xb
 592 006b 3B       		.uleb128 0x3b
 593 006c 0B       		.uleb128 0xb
 594 006d 49       		.uleb128 0x49
 595 006e 13       		.uleb128 0x13
 596 006f 38       		.uleb128 0x38
 597 0070 0B       		.uleb128 0xb
 598 0071 00       		.byte	0
 599 0072 00       		.byte	0
 600 0073 0A       		.uleb128 0xa
 601 0074 2E       		.uleb128 0x2e
 602 0075 01       		.byte	0x1
 603 0076 3F       		.uleb128 0x3f
 604 0077 19       		.uleb128 0x19
 605 0078 03       		.uleb128 0x3
 606 0079 0E       		.uleb128 0xe
 607 007a 3A       		.uleb128 0x3a
 608 007b 0B       		.uleb128 0xb
 609 007c 3B       		.uleb128 0x3b
 610 007d 0B       		.uleb128 0xb
 611 007e 27       		.uleb128 0x27
 612 007f 19       		.uleb128 0x19
ARM GAS  C:\Users\bolob\AppData\Local\Temp\ccnQ7qse.s 			page 13


 613 0080 49       		.uleb128 0x49
 614 0081 13       		.uleb128 0x13
 615 0082 11       		.uleb128 0x11
 616 0083 01       		.uleb128 0x1
 617 0084 12       		.uleb128 0x12
 618 0085 06       		.uleb128 0x6
 619 0086 40       		.uleb128 0x40
 620 0087 18       		.uleb128 0x18
 621 0088 9742     		.uleb128 0x2117
 622 008a 19       		.uleb128 0x19
 623 008b 01       		.uleb128 0x1
 624 008c 13       		.uleb128 0x13
 625 008d 00       		.byte	0
 626 008e 00       		.byte	0
 627 008f 0B       		.uleb128 0xb
 628 0090 05       		.uleb128 0x5
 629 0091 00       		.byte	0
 630 0092 03       		.uleb128 0x3
 631 0093 0E       		.uleb128 0xe
 632 0094 3A       		.uleb128 0x3a
 633 0095 0B       		.uleb128 0xb
 634 0096 3B       		.uleb128 0x3b
 635 0097 0B       		.uleb128 0xb
 636 0098 49       		.uleb128 0x49
 637 0099 13       		.uleb128 0x13
 638 009a 02       		.uleb128 0x2
 639 009b 17       		.uleb128 0x17
 640 009c 00       		.byte	0
 641 009d 00       		.byte	0
 642 009e 0C       		.uleb128 0xc
 643 009f 34       		.uleb128 0x34
 644 00a0 00       		.byte	0
 645 00a1 03       		.uleb128 0x3
 646 00a2 0E       		.uleb128 0xe
 647 00a3 3A       		.uleb128 0x3a
 648 00a4 0B       		.uleb128 0xb
 649 00a5 3B       		.uleb128 0x3b
 650 00a6 0B       		.uleb128 0xb
 651 00a7 49       		.uleb128 0x49
 652 00a8 13       		.uleb128 0x13
 653 00a9 02       		.uleb128 0x2
 654 00aa 17       		.uleb128 0x17
 655 00ab 00       		.byte	0
 656 00ac 00       		.byte	0
 657 00ad 0D       		.uleb128 0xd
 658 00ae 898201   		.uleb128 0x4109
 659 00b1 01       		.byte	0x1
 660 00b2 11       		.uleb128 0x11
 661 00b3 01       		.uleb128 0x1
 662 00b4 31       		.uleb128 0x31
 663 00b5 13       		.uleb128 0x13
 664 00b6 01       		.uleb128 0x1
 665 00b7 13       		.uleb128 0x13
 666 00b8 00       		.byte	0
 667 00b9 00       		.byte	0
 668 00ba 0E       		.uleb128 0xe
 669 00bb 8A8201   		.uleb128 0x410a
ARM GAS  C:\Users\bolob\AppData\Local\Temp\ccnQ7qse.s 			page 14


 670 00be 00       		.byte	0
 671 00bf 02       		.uleb128 0x2
 672 00c0 18       		.uleb128 0x18
 673 00c1 9142     		.uleb128 0x2111
 674 00c3 18       		.uleb128 0x18
 675 00c4 00       		.byte	0
 676 00c5 00       		.byte	0
 677 00c6 0F       		.uleb128 0xf
 678 00c7 898201   		.uleb128 0x4109
 679 00ca 01       		.byte	0x1
 680 00cb 11       		.uleb128 0x11
 681 00cc 01       		.uleb128 0x1
 682 00cd 31       		.uleb128 0x31
 683 00ce 13       		.uleb128 0x13
 684 00cf 00       		.byte	0
 685 00d0 00       		.byte	0
 686 00d1 10       		.uleb128 0x10
 687 00d2 0F       		.uleb128 0xf
 688 00d3 00       		.byte	0
 689 00d4 0B       		.uleb128 0xb
 690 00d5 0B       		.uleb128 0xb
 691 00d6 49       		.uleb128 0x49
 692 00d7 13       		.uleb128 0x13
 693 00d8 00       		.byte	0
 694 00d9 00       		.byte	0
 695 00da 11       		.uleb128 0x11
 696 00db 26       		.uleb128 0x26
 697 00dc 00       		.byte	0
 698 00dd 49       		.uleb128 0x49
 699 00de 13       		.uleb128 0x13
 700 00df 00       		.byte	0
 701 00e0 00       		.byte	0
 702 00e1 12       		.uleb128 0x12
 703 00e2 34       		.uleb128 0x34
 704 00e3 00       		.byte	0
 705 00e4 03       		.uleb128 0x3
 706 00e5 0E       		.uleb128 0xe
 707 00e6 3A       		.uleb128 0x3a
 708 00e7 0B       		.uleb128 0xb
 709 00e8 3B       		.uleb128 0x3b
 710 00e9 0B       		.uleb128 0xb
 711 00ea 49       		.uleb128 0x49
 712 00eb 13       		.uleb128 0x13
 713 00ec 3F       		.uleb128 0x3f
 714 00ed 19       		.uleb128 0x19
 715 00ee 3C       		.uleb128 0x3c
 716 00ef 19       		.uleb128 0x19
 717 00f0 00       		.byte	0
 718 00f1 00       		.byte	0
 719 00f2 13       		.uleb128 0x13
 720 00f3 34       		.uleb128 0x34
 721 00f4 00       		.byte	0
 722 00f5 03       		.uleb128 0x3
 723 00f6 0E       		.uleb128 0xe
 724 00f7 3A       		.uleb128 0x3a
 725 00f8 0B       		.uleb128 0xb
 726 00f9 3B       		.uleb128 0x3b
ARM GAS  C:\Users\bolob\AppData\Local\Temp\ccnQ7qse.s 			page 15


 727 00fa 05       		.uleb128 0x5
 728 00fb 49       		.uleb128 0x49
 729 00fc 13       		.uleb128 0x13
 730 00fd 3F       		.uleb128 0x3f
 731 00fe 19       		.uleb128 0x19
 732 00ff 3C       		.uleb128 0x3c
 733 0100 19       		.uleb128 0x19
 734 0101 00       		.byte	0
 735 0102 00       		.byte	0
 736 0103 14       		.uleb128 0x14
 737 0104 35       		.uleb128 0x35
 738 0105 00       		.byte	0
 739 0106 49       		.uleb128 0x49
 740 0107 13       		.uleb128 0x13
 741 0108 00       		.byte	0
 742 0109 00       		.byte	0
 743 010a 15       		.uleb128 0x15
 744 010b 2E       		.uleb128 0x2e
 745 010c 00       		.byte	0
 746 010d 3F       		.uleb128 0x3f
 747 010e 19       		.uleb128 0x19
 748 010f 3C       		.uleb128 0x3c
 749 0110 19       		.uleb128 0x19
 750 0111 6E       		.uleb128 0x6e
 751 0112 0E       		.uleb128 0xe
 752 0113 03       		.uleb128 0x3
 753 0114 0E       		.uleb128 0xe
 754 0115 3A       		.uleb128 0x3a
 755 0116 0B       		.uleb128 0xb
 756 0117 3B       		.uleb128 0x3b
 757 0118 0B       		.uleb128 0xb
 758 0119 00       		.byte	0
 759 011a 00       		.byte	0
 760 011b 00       		.byte	0
 761              		.section	.debug_loc,"",%progbits
 762              	.Ldebug_loc0:
 763              	.LLST0:
 764 0000 00000000 		.4byte	.LVL0
 765 0004 04000000 		.4byte	.LVL1
 766 0008 0100     		.2byte	0x1
 767 000a 50       		.byte	0x50
 768 000b 04000000 		.4byte	.LVL1
 769 000f 3E000000 		.4byte	.LFE110
 770 0013 0100     		.2byte	0x1
 771 0015 55       		.byte	0x55
 772 0016 00000000 		.4byte	0
 773 001a 00000000 		.4byte	0
 774              	.LLST1:
 775 001e 16000000 		.4byte	.LVL4
 776 0022 22000000 		.4byte	.LVL7
 777 0026 0100     		.2byte	0x1
 778 0028 54       		.byte	0x54
 779 0029 00000000 		.4byte	0
 780 002d 00000000 		.4byte	0
 781              	.LLST2:
 782 0031 1E000000 		.4byte	.LVL6
 783 0035 30000000 		.4byte	.LVL8
ARM GAS  C:\Users\bolob\AppData\Local\Temp\ccnQ7qse.s 			page 16


 784 0039 0100     		.2byte	0x1
 785 003b 50       		.byte	0x50
 786 003c 00000000 		.4byte	0
 787 0040 00000000 		.4byte	0
 788              	.LLST3:
 789 0044 00000000 		.4byte	.LVL9
 790 0048 02000000 		.4byte	.LVL10
 791 004c 0100     		.2byte	0x1
 792 004e 50       		.byte	0x50
 793 004f 02000000 		.4byte	.LVL10
 794 0053 04000000 		.4byte	.LFE111
 795 0057 0400     		.2byte	0x4
 796 0059 F3       		.byte	0xf3
 797 005a 01       		.uleb128 0x1
 798 005b 50       		.byte	0x50
 799 005c 9F       		.byte	0x9f
 800 005d 00000000 		.4byte	0
 801 0061 00000000 		.4byte	0
 802              		.section	.debug_aranges,"",%progbits
 803 0000 24000000 		.4byte	0x24
 804 0004 0200     		.2byte	0x2
 805 0006 00000000 		.4byte	.Ldebug_info0
 806 000a 04       		.byte	0x4
 807 000b 00       		.byte	0
 808 000c 0000     		.2byte	0
 809 000e 0000     		.2byte	0
 810 0010 00000000 		.4byte	.LFB110
 811 0014 3E000000 		.4byte	.LFE110-.LFB110
 812 0018 00000000 		.4byte	.LFB111
 813 001c 04000000 		.4byte	.LFE111-.LFB111
 814 0020 00000000 		.4byte	0
 815 0024 00000000 		.4byte	0
 816              		.section	.debug_ranges,"",%progbits
 817              	.Ldebug_ranges0:
 818 0000 00000000 		.4byte	.LFB110
 819 0004 3E000000 		.4byte	.LFE110
 820 0008 00000000 		.4byte	.LFB111
 821 000c 04000000 		.4byte	.LFE111
 822 0010 00000000 		.4byte	0
 823 0014 00000000 		.4byte	0
 824              		.section	.debug_line,"",%progbits
 825              	.Ldebug_line0:
 826 0000 77020000 		.section	.debug_str,"MS",%progbits,1
 826      02004602 
 826      00000201 
 826      FB0E0D00 
 826      01010101 
 827              	.LASF38:
 828 0000 52435F45 		.ascii	"RC_ERROR_READ_ONLY\000"
 828      52524F52 
 828      5F524541 
 828      445F4F4E 
 828      4C5900
 829              	.LASF24:
 830 0013 52435F53 		.ascii	"RC_SUCCESS\000"
 830      55434345 
 830      535300
ARM GAS  C:\Users\bolob\AppData\Local\Temp\ccnQ7qse.s 			page 17


 831              	.LASF39:
 832 001e 52435F45 		.ascii	"RC_ERROR_WRITE_ONLY\000"
 832      52524F52 
 832      5F575249 
 832      54455F4F 
 832      4E4C5900 
 833              	.LASF2:
 834 0032 73686F72 		.ascii	"short int\000"
 834      7420696E 
 834      7400
 835              	.LASF30:
 836 003c 52435F45 		.ascii	"RC_ERROR_OVERRUN\000"
 836      52524F52 
 836      5F4F5645 
 836      5252554E 
 836      00
 837              	.LASF42:
 838 004d 52435F45 		.ascii	"RC_ERROR_WRITE_FAILS\000"
 838      52524F52 
 838      5F575249 
 838      54455F46 
 838      41494C53 
 839              	.LASF17:
 840 0062 73697A65 		.ascii	"sizetype\000"
 840      74797065 
 840      00
 841              	.LASF27:
 842 006b 52435F45 		.ascii	"RC_ERROR_ZERO\000"
 842      52524F52 
 842      5F5A4552 
 842      4F00
 843              	.LASF21:
 844 0079 45455F46 		.ascii	"EE_FREG\000"
 844      52454700 
 845              	.LASF41:
 846 0081 52435F45 		.ascii	"RC_ERROR_READ_FAILS\000"
 846      52524F52 
 846      5F524541 
 846      445F4641 
 846      494C5300 
 847              	.LASF19:
 848 0095 45455F55 		.ascii	"EE_UINT32\000"
 848      494E5433 
 848      3200
 849              	.LASF4:
 850 009f 5F5F7569 		.ascii	"__uint16_t\000"
 850      6E743136 
 850      5F7400
 851              	.LASF22:
 852 00aa 45455F54 		.ascii	"EE_TID\000"
 852      494400
 853              	.LASF47:
 854 00b1 52435F45 		.ascii	"RC_ERROR_INVALID_STATE\000"
 854      52524F52 
 854      5F494E56 
 854      414C4944 
 854      5F535441 
ARM GAS  C:\Users\bolob\AppData\Local\Temp\ccnQ7qse.s 			page 18


 855              	.LASF61:
 856 00c8 45455F49 		.ascii	"EE_IRQ_nesting_level\000"
 856      52515F6E 
 856      65737469 
 856      6E675F6C 
 856      6576656C 
 857              	.LASF60:
 858 00dd 45455F73 		.ascii	"EE_std_endcycle_next_tid\000"
 858      74645F65 
 858      6E646379 
 858      636C655F 
 858      6E657874 
 859              	.LASF29:
 860 00f6 52435F45 		.ascii	"RC_ERROR_RANGE\000"
 860      52524F52 
 860      5F52414E 
 860      474500
 861              	.LASF13:
 862 0105 666C6F61 		.ascii	"float\000"
 862      7400
 863              	.LASF49:
 864 010b 52435F45 		.ascii	"RC_ERROR_NOT_IMPLEMENTED\000"
 864      52524F52 
 864      5F4E4F54 
 864      5F494D50 
 864      4C454D45 
 865              	.LASF8:
 866 0124 6C6F6E67 		.ascii	"long long int\000"
 866      206C6F6E 
 866      6720696E 
 866      7400
 867              	.LASF58:
 868 0132 45455F6F 		.ascii	"EE_oo_IRQ_suspend_status\000"
 868      6F5F4952 
 868      515F7375 
 868      7370656E 
 868      645F7374 
 869              	.LASF43:
 870 014b 52435F45 		.ascii	"RC_ERROR_NOT_MATCH\000"
 870      52524F52 
 870      5F4E4F54 
 870      5F4D4154 
 870      434800
 871              	.LASF48:
 872 015e 52435F45 		.ascii	"RC_ERROR_UNKNOWN\000"
 872      52524F52 
 872      5F554E4B 
 872      4E4F574E 
 872      00
 873              	.LASF6:
 874 016f 6C6F6E67 		.ascii	"long int\000"
 874      20696E74 
 874      00
 875              	.LASF31:
 876 0178 52435F45 		.ascii	"RC_ERROR_UNDERRUN\000"
 876      52524F52 
 876      5F554E44 
ARM GAS  C:\Users\bolob\AppData\Local\Temp\ccnQ7qse.s 			page 19


 876      45525255 
 876      4E00
 877              	.LASF34:
 878 018a 52435F45 		.ascii	"RC_ERROR_BUSY\000"
 878      52524F52 
 878      5F425553 
 878      5900
 879              	.LASF40:
 880 0198 52435F45 		.ascii	"RC_ERROR_INVALID\000"
 880      52524F52 
 880      5F494E56 
 880      414C4944 
 880      00
 881              	.LASF45:
 882 01a9 52435F45 		.ascii	"RC_ERROR_BAD_DATA\000"
 882      52524F52 
 882      5F424144 
 882      5F444154 
 882      4100
 883              	.LASF54:
 884 01bb 53435F4A 		.ascii	"SC_JOYSTICK_driverIn\000"
 884      4F595354 
 884      49434B5F 
 884      64726976 
 884      6572496E 
 885              	.LASF16:
 886 01d0 6C6F6E67 		.ascii	"long double\000"
 886      20646F75 
 886      626C6500 
 887              	.LASF1:
 888 01dc 756E7369 		.ascii	"unsigned char\000"
 888      676E6564 
 888      20636861 
 888      7200
 889              	.LASF51:
 890 01ea 53435F4A 		.ascii	"SC_JOYSTICK_data_t\000"
 890      4F595354 
 890      49434B5F 
 890      64617461 
 890      5F7400
 891              	.LASF0:
 892 01fd 7369676E 		.ascii	"signed char\000"
 892      65642063 
 892      68617200 
 893              	.LASF9:
 894 0209 6C6F6E67 		.ascii	"long long unsigned int\000"
 894      206C6F6E 
 894      6720756E 
 894      7369676E 
 894      65642069 
 895              	.LASF10:
 896 0220 756E7369 		.ascii	"unsigned int\000"
 896      676E6564 
 896      20696E74 
 896      00
 897              	.LASF36:
 898 022d 52435F45 		.ascii	"RC_ERROR_OPEN\000"
ARM GAS  C:\Users\bolob\AppData\Local\Temp\ccnQ7qse.s 			page 20


 898      52524F52 
 898      5F4F5045 
 898      4E00
 899              	.LASF11:
 900 023b 75696E74 		.ascii	"uint16_t\000"
 900      31365F74 
 900      00
 901              	.LASF26:
 902 0244 52435F45 		.ascii	"RC_ERROR_NULL\000"
 902      52524F52 
 902      5F4E554C 
 902      4C00
 903              	.LASF33:
 904 0252 52435F45 		.ascii	"RC_ERROR_BUFFER_EMTPY\000"
 904      52524F52 
 904      5F425546 
 904      4645525F 
 904      454D5450 
 905              	.LASF18:
 906 0268 45455F49 		.ascii	"EE_INT32\000"
 906      4E543332 
 906      00
 907              	.LASF67:
 908 0271 433A5C55 		.ascii	"C:\\Users\\bolob\\Documents\\PSoC Creator\\Clock\\E"
 908      73657273 
 908      5C626F6C 
 908      6F625C44 
 908      6F63756D 
 909 029e 6C656374 		.ascii	"lectronic_Clock.cydsn\000"
 909      726F6E69 
 909      635F436C 
 909      6F636B2E 
 909      63796473 
 910              	.LASF3:
 911 02b4 73686F72 		.ascii	"short unsigned int\000"
 911      7420756E 
 911      7369676E 
 911      65642069 
 911      6E7400
 912              	.LASF65:
 913 02c7 474E5520 		.ascii	"GNU C11 5.4.1 20160609 (release) [ARM/embedded-5-br"
 913      43313120 
 913      352E342E 
 913      31203230 
 913      31363036 
 914 02fa 616E6368 		.ascii	"anch revision 237715] -mcpu=cortex-m3 -mthumb -g -O"
 914      20726576 
 914      6973696F 
 914      6E203233 
 914      37373135 
 915 032d 67202D66 		.ascii	"g -ffunction-sections -ffat-lto-objects\000"
 915      66756E63 
 915      74696F6E 
 915      2D736563 
 915      74696F6E 
 916              	.LASF15:
 917 0355 63686172 		.ascii	"char\000"
ARM GAS  C:\Users\bolob\AppData\Local\Temp\ccnQ7qse.s 			page 21


 917      00
 918              	.LASF32:
 919 035a 52435F45 		.ascii	"RC_ERROR_BUFFER_FULL\000"
 919      52524F52 
 919      5F425546 
 919      4645525F 
 919      46554C4C 
 920              	.LASF12:
 921 036f 696E7433 		.ascii	"int32_t\000"
 921      325F7400 
 922              	.LASF66:
 923 0377 736F7572 		.ascii	"source\\rte\\sc_joystick_type.c\000"
 923      63655C72 
 923      74655C73 
 923      635F6A6F 
 923      79737469 
 924              	.LASF44:
 925 0395 52435F45 		.ascii	"RC_ERROR_BAD_PARAM\000"
 925      52524F52 
 925      5F424144 
 925      5F504152 
 925      414D00
 926              	.LASF56:
 927 03a8 64617461 		.ascii	"data\000"
 927      00
 928              	.LASF59:
 929 03ad 45455F41 		.ascii	"EE_ApplicationMode\000"
 929      70706C69 
 929      63617469 
 929      6F6E4D6F 
 929      646500
 930              	.LASF7:
 931 03c0 6C6F6E67 		.ascii	"long unsigned int\000"
 931      20756E73 
 931      69676E65 
 931      6420696E 
 931      7400
 932              	.LASF14:
 933 03d2 646F7562 		.ascii	"double\000"
 933      6C6500
 934              	.LASF37:
 935 03d9 52435F45 		.ascii	"RC_ERROR_CHECKSUM\000"
 935      52524F52 
 935      5F434845 
 935      434B5355 
 935      4D00
 936              	.LASF20:
 937 03eb 45455F55 		.ascii	"EE_UREG\000"
 937      52454700 
 938              	.LASF5:
 939 03f3 5F5F696E 		.ascii	"__int32_t\000"
 939      7433325F 
 939      7400
 940              	.LASF64:
 941 03fd 4144435F 		.ascii	"ADC_SAR_Seq_1_GetResult16\000"
 941      5341525F 
 941      5365715F 
ARM GAS  C:\Users\bolob\AppData\Local\Temp\ccnQ7qse.s 			page 22


 941      315F4765 
 941      74526573 
 942              	.LASF46:
 943 0417 52435F45 		.ascii	"RC_ERROR_CANCELED\000"
 943      52524F52 
 943      5F43414E 
 943      43454C45 
 943      4400
 944              	.LASF52:
 945 0429 706F7358 		.ascii	"posX\000"
 945      00
 946              	.LASF53:
 947 042e 706F7359 		.ascii	"posY\000"
 947      00
 948              	.LASF55:
 949 0433 53435F4A 		.ascii	"SC_JOYSTICK_driverOut\000"
 949      4F595354 
 949      49434B5F 
 949      64726976 
 949      65724F75 
 950              	.LASF62:
 951 0449 49544D5F 		.ascii	"ITM_RxBuffer\000"
 951      52784275 
 951      66666572 
 951      00
 952              	.LASF25:
 953 0456 52435F45 		.ascii	"RC_ERROR\000"
 953      52524F52 
 953      00
 954              	.LASF28:
 955 045f 52435F45 		.ascii	"RC_ERROR_MEMORY\000"
 955      52524F52 
 955      5F4D454D 
 955      4F525900 
 956              	.LASF57:
 957 046f 45455F6F 		.ascii	"EE_oo_IRQ_disable_count\000"
 957      6F5F4952 
 957      515F6469 
 957      7361626C 
 957      655F636F 
 958              	.LASF63:
 959 0487 4144435F 		.ascii	"ADC_SAR_Seq_1_IsEndConversion\000"
 959      5341525F 
 959      5365715F 
 959      315F4973 
 959      456E6443 
 960              	.LASF50:
 961 04a5 52435F74 		.ascii	"RC_t\000"
 961      00
 962              	.LASF23:
 963 04aa 73696E74 		.ascii	"sint8_t\000"
 963      385F7400 
 964              	.LASF35:
 965 04b2 52435F45 		.ascii	"RC_ERROR_TIME_OUT\000"
 965      52524F52 
 965      5F54494D 
 965      455F4F55 
ARM GAS  C:\Users\bolob\AppData\Local\Temp\ccnQ7qse.s 			page 23


 965      5400
 966              		.ident	"GCC: (GNU Tools for ARM Embedded Processors) 5.4.1 20160609 (release) [ARM/embedded-5-bran
