ARM GAS  C:\Users\bolob\AppData\Local\Temp\ccttmKTG.s 			page 1


   1              		.syntax unified
   2              		.cpu cortex-m3
   3              		.fpu softvfp
   4              		.eabi_attribute 20, 1
   5              		.eabi_attribute 21, 1
   6              		.eabi_attribute 23, 3
   7              		.eabi_attribute 24, 1
   8              		.eabi_attribute 25, 1
   9              		.eabi_attribute 26, 1
  10              		.eabi_attribute 30, 1
  11              		.eabi_attribute 34, 1
  12              		.eabi_attribute 18, 4
  13              		.thumb
  14              		.syntax unified
  15              		.file	"sc_led_type.c"
  16              		.text
  17              	.Ltext0:
  18              		.cfi_sections	.debug_frame
  19              		.section	.text.SC_LED_driverIn,"ax",%progbits
  20              		.align	2
  21              		.global	SC_LED_driverIn
  22              		.thumb
  23              		.thumb_func
  24              		.type	SC_LED_driverIn, %function
  25              	SC_LED_driverIn:
  26              	.LFB110:
  27              		.file 1 "source\\rte\\sc_led_type.c"
   1:source\rte/sc_led_type.c **** /*
   2:source\rte/sc_led_type.c ****  * Filename: sc_led_type.c
   3:source\rte/sc_led_type.c ****  *
   4:source\rte/sc_led_type.c ****  * Author: Autogenerated by H-DA RTE Generator, (c) Prof. Fromm
   5:source\rte/sc_led_type.c ****  *
   6:source\rte/sc_led_type.c ****  * description: Signalclass
   7:source\rte/sc_led_type.c ****  * name: sc_led
   8:source\rte/sc_led_type.c ****  * shortname: led
   9:source\rte/sc_led_type.c ****  *
  10:source\rte/sc_led_type.c ****  */
  11:source\rte/sc_led_type.c **** 
  12:source\rte/sc_led_type.c **** #include "project.h"
  13:source\rte/sc_led_type.c **** #include "global.h"
  14:source\rte/sc_led_type.c **** #include "rte.h"
  15:source\rte/sc_led_type.c **** #include "rte_types.h"
  16:source\rte/sc_led_type.c **** #include "sc_led_type.h"
  17:source\rte/sc_led_type.c **** 
  18:source\rte/sc_led_type.c **** 
  19:source\rte/sc_led_type.c **** 
  20:source\rte/sc_led_type.c **** /* USER CODE START SC_LED_INCLUDE */
  21:source\rte/sc_led_type.c **** 
  22:source\rte/sc_led_type.c **** /* USER CODE END SC_LED_INCLUDE */
  23:source\rte/sc_led_type.c **** 
  24:source\rte/sc_led_type.c **** 
  25:source\rte/sc_led_type.c **** 
  26:source\rte/sc_led_type.c **** 
  27:source\rte/sc_led_type.c **** /* USER CODE START SC_LED_USERDEFINITIONS */
  28:source\rte/sc_led_type.c **** 
  29:source\rte/sc_led_type.c **** /* USER CODE END SC_LED_USERDEFINITIONS */
  30:source\rte/sc_led_type.c **** 
ARM GAS  C:\Users\bolob\AppData\Local\Temp\ccttmKTG.s 			page 2


  31:source\rte/sc_led_type.c **** 
  32:source\rte/sc_led_type.c **** /*****************************************************************************************
  33:source\rte/sc_led_type.c ****  *************** Port Wrapper Implementation for SC_LED signal  ****************
  34:source\rte/sc_led_type.c ****  *****************************************************************************************/
  35:source\rte/sc_led_type.c ****  
  36:source\rte/sc_led_type.c ****  
  37:source\rte/sc_led_type.c **** 
  38:source\rte/sc_led_type.c **** /**
  39:source\rte/sc_led_type.c ****  * Default IN driver API
  40:source\rte/sc_led_type.c ****  */
  41:source\rte/sc_led_type.c **** inline RC_t SC_LED_driverIn(SC_LED_data_t *const data)
  42:source\rte/sc_led_type.c **** {
  28              		.loc 1 42 0
  29              		.cfi_startproc
  30              		@ args = 0, pretend = 0, frame = 0
  31              		@ frame_needed = 0, uses_anonymous_args = 0
  32              		@ link register save eliminated.
  33              	.LVL0:
  43:source\rte/sc_led_type.c **** 	/* USER CODE START driverInSC_LED */
  44:source\rte/sc_led_type.c **** 
  45:source\rte/sc_led_type.c **** 	//Read data from the MCAL driver
  46:source\rte/sc_led_type.c **** 
  47:source\rte/sc_led_type.c **** 	//Scale it to the application type
  48:source\rte/sc_led_type.c **** 
  49:source\rte/sc_led_type.c **** 	return RC_SUCCESS;
  50:source\rte/sc_led_type.c **** 	/* USER CODE END driverInSC_LED */
  51:source\rte/sc_led_type.c **** }
  34              		.loc 1 51 0
  35 0000 0020     		movs	r0, #0
  36              	.LVL1:
  37 0002 7047     		bx	lr
  38              		.cfi_endproc
  39              	.LFE110:
  40              		.size	SC_LED_driverIn, .-SC_LED_driverIn
  41              		.section	.text.SC_LED_driverOut,"ax",%progbits
  42              		.align	2
  43              		.global	SC_LED_driverOut
  44              		.thumb
  45              		.thumb_func
  46              		.type	SC_LED_driverOut, %function
  47              	SC_LED_driverOut:
  48              	.LFB111:
  52:source\rte/sc_led_type.c **** /**
  53:source\rte/sc_led_type.c ****  * Default OUT driver API
  54:source\rte/sc_led_type.c ****  */
  55:source\rte/sc_led_type.c **** inline RC_t SC_LED_driverOut(const SC_LED_data_t  *const data)
  56:source\rte/sc_led_type.c **** {
  49              		.loc 1 56 0
  50              		.cfi_startproc
  51              		@ args = 0, pretend = 0, frame = 0
  52              		@ frame_needed = 0, uses_anonymous_args = 0
  53              	.LVL2:
  54 0000 10B5     		push	{r4, lr}
  55              		.cfi_def_cfa_offset 8
  56              		.cfi_offset 4, -8
  57              		.cfi_offset 14, -4
  58 0002 0446     		mov	r4, r0
ARM GAS  C:\Users\bolob\AppData\Local\Temp\ccttmKTG.s 			page 3


  57:source\rte/sc_led_type.c **** 	/* USER CODE START driverOutSC_LED */
  58:source\rte/sc_led_type.c **** 
  59:source\rte/sc_led_type.c **** 	//Scale application data to drive format
  60:source\rte/sc_led_type.c ****     red_LED_Write(data->brakeLight);
  59              		.loc 1 60 0
  60 0004 0078     		ldrb	r0, [r0]	@ zero_extendqisi2
  61              	.LVL3:
  62 0006 FFF7FEFF 		bl	red_LED_Write
  63              	.LVL4:
  61:source\rte/sc_led_type.c **** 
  62:source\rte/sc_led_type.c ****     // write the engine value to the green LED
  63:source\rte/sc_led_type.c ****     PWM_1_WriteCompare(data->engineControlValue);
  64              		.loc 1 63 0
  65 000a 6078     		ldrb	r0, [r4, #1]	@ zero_extendqisi2
  66 000c FFF7FEFF 		bl	PWM_1_WriteCompare
  67              	.LVL5:
  64:source\rte/sc_led_type.c **** 
  65:source\rte/sc_led_type.c **** 	return RC_SUCCESS;
  66:source\rte/sc_led_type.c **** 	/* USER CODE END driverOutSC_LED */
  67:source\rte/sc_led_type.c **** }
  68              		.loc 1 67 0
  69 0010 0020     		movs	r0, #0
  70 0012 10BD     		pop	{r4, pc}
  71              		.cfi_endproc
  72              	.LFE111:
  73              		.size	SC_LED_driverOut, .-SC_LED_driverOut
  74              		.text
  75              	.Letext0:
  76              		.file 2 "c:\\program files (x86)\\cypress\\psoc creator\\4.4\\psoc creator\\import\\gnu\\arm\\5.4.
  77              		.file 3 "c:\\program files (x86)\\cypress\\psoc creator\\4.4\\psoc creator\\import\\gnu\\arm\\5.4.
  78              		.file 4 "Generated_Source\\PSoC5/ErikaOS_1_common_ee_types.inc"
  79              		.file 5 "Generated_Source\\PSoC5/ErikaOS_1_cortex_mx_ee_cpu.inc"
  80              		.file 6 ".\\source\\bsw/global.h"
  81              		.file 7 "source\\rte\\sc_led_type.h"
  82              		.file 8 "Generated_Source\\PSoC5/ErikaOS_1_ee_oo_intfunc.inc"
  83              		.file 9 "Generated_Source\\PSoC5/ErikaOS_1_cortex_mx_ee_context.inc"
  84              		.file 10 "Generated_Source\\PSoC5/ErikaOS_1_common_ee_primitives.inc"
  85              		.file 11 "Generated_Source\\PSoC5/core_cm3.h"
  86              		.file 12 "Generated_Source\\PSoC5/red_LED.h"
  87              		.file 13 "Generated_Source\\PSoC5/PWM_1.h"
  88              		.section	.debug_info,"",%progbits
  89              	.Ldebug_info0:
  90 0000 B6020000 		.4byte	0x2b6
  91 0004 0400     		.2byte	0x4
  92 0006 00000000 		.4byte	.Ldebug_abbrev0
  93 000a 04       		.byte	0x4
  94 000b 01       		.uleb128 0x1
  95 000c F9020000 		.4byte	.LASF65
  96 0010 0C       		.byte	0xc
  97 0011 ED030000 		.4byte	.LASF66
  98 0015 A3020000 		.4byte	.LASF67
  99 0019 00000000 		.4byte	.Ldebug_ranges0+0
 100 001d 00000000 		.4byte	0
 101 0021 00000000 		.4byte	.Ldebug_line0
 102 0025 02       		.uleb128 0x2
 103 0026 01       		.byte	0x1
 104 0027 06       		.byte	0x6
ARM GAS  C:\Users\bolob\AppData\Local\Temp\ccttmKTG.s 			page 4


 105 0028 2D020000 		.4byte	.LASF0
 106 002c 03       		.uleb128 0x3
 107 002d A8010000 		.4byte	.LASF4
 108 0031 02       		.byte	0x2
 109 0032 1D       		.byte	0x1d
 110 0033 37000000 		.4byte	0x37
 111 0037 02       		.uleb128 0x2
 112 0038 01       		.byte	0x1
 113 0039 08       		.byte	0x8
 114 003a DF010000 		.4byte	.LASF1
 115 003e 02       		.uleb128 0x2
 116 003f 02       		.byte	0x2
 117 0040 05       		.byte	0x5
 118 0041 45000000 		.4byte	.LASF2
 119 0045 02       		.uleb128 0x2
 120 0046 02       		.byte	0x2
 121 0047 07       		.byte	0x7
 122 0048 E6020000 		.4byte	.LASF3
 123 004c 03       		.uleb128 0x3
 124 004d 2E040000 		.4byte	.LASF5
 125 0051 02       		.byte	0x2
 126 0052 3F       		.byte	0x3f
 127 0053 57000000 		.4byte	0x57
 128 0057 02       		.uleb128 0x2
 129 0058 04       		.byte	0x4
 130 0059 05       		.byte	0x5
 131 005a 7F010000 		.4byte	.LASF6
 132 005e 02       		.uleb128 0x2
 133 005f 04       		.byte	0x4
 134 0060 07       		.byte	0x7
 135 0061 D4030000 		.4byte	.LASF7
 136 0065 02       		.uleb128 0x2
 137 0066 08       		.byte	0x8
 138 0067 05       		.byte	0x5
 139 0068 34010000 		.4byte	.LASF8
 140 006c 02       		.uleb128 0x2
 141 006d 08       		.byte	0x8
 142 006e 07       		.byte	0x7
 143 006f 39020000 		.4byte	.LASF9
 144 0073 04       		.uleb128 0x4
 145 0074 04       		.byte	0x4
 146 0075 05       		.byte	0x5
 147 0076 696E7400 		.ascii	"int\000"
 148 007a 02       		.uleb128 0x2
 149 007b 04       		.byte	0x4
 150 007c 07       		.byte	0x7
 151 007d 50020000 		.4byte	.LASF10
 152 0081 03       		.uleb128 0x3
 153 0082 B9000000 		.4byte	.LASF11
 154 0086 03       		.byte	0x3
 155 0087 18       		.byte	0x18
 156 0088 2C000000 		.4byte	0x2c
 157 008c 03       		.uleb128 0x3
 158 008d A1030000 		.4byte	.LASF12
 159 0091 03       		.byte	0x3
 160 0092 2C       		.byte	0x2c
 161 0093 4C000000 		.4byte	0x4c
ARM GAS  C:\Users\bolob\AppData\Local\Temp\ccttmKTG.s 			page 5


 162 0097 02       		.uleb128 0x2
 163 0098 04       		.byte	0x4
 164 0099 04       		.byte	0x4
 165 009a 15010000 		.4byte	.LASF13
 166 009e 02       		.uleb128 0x2
 167 009f 08       		.byte	0x8
 168 00a0 04       		.byte	0x4
 169 00a1 E6030000 		.4byte	.LASF14
 170 00a5 02       		.uleb128 0x2
 171 00a6 01       		.byte	0x1
 172 00a7 08       		.byte	0x8
 173 00a8 87030000 		.4byte	.LASF15
 174 00ac 02       		.uleb128 0x2
 175 00ad 08       		.byte	0x8
 176 00ae 04       		.byte	0x4
 177 00af 00020000 		.4byte	.LASF16
 178 00b3 02       		.uleb128 0x2
 179 00b4 04       		.byte	0x4
 180 00b5 07       		.byte	0x7
 181 00b6 75000000 		.4byte	.LASF17
 182 00ba 03       		.uleb128 0x3
 183 00bb 9A020000 		.4byte	.LASF18
 184 00bf 04       		.byte	0x4
 185 00c0 53       		.byte	0x53
 186 00c1 73000000 		.4byte	0x73
 187 00c5 03       		.uleb128 0x3
 188 00c6 A8000000 		.4byte	.LASF19
 189 00ca 04       		.byte	0x4
 190 00cb 54       		.byte	0x54
 191 00cc 7A000000 		.4byte	0x7a
 192 00d0 03       		.uleb128 0x3
 193 00d1 18040000 		.4byte	.LASF20
 194 00d5 05       		.byte	0x5
 195 00d6 4D       		.byte	0x4d
 196 00d7 C5000000 		.4byte	0xc5
 197 00db 03       		.uleb128 0x3
 198 00dc 8C000000 		.4byte	.LASF21
 199 00e0 05       		.byte	0x5
 200 00e1 4F       		.byte	0x4f
 201 00e2 C5000000 		.4byte	0xc5
 202 00e6 03       		.uleb128 0x3
 203 00e7 B2000000 		.4byte	.LASF22
 204 00eb 05       		.byte	0x5
 205 00ec 78       		.byte	0x78
 206 00ed BA000000 		.4byte	0xba
 207 00f1 03       		.uleb128 0x3
 208 00f2 D5010000 		.4byte	.LASF23
 209 00f6 06       		.byte	0x6
 210 00f7 9C       		.byte	0x9c
 211 00f8 37000000 		.4byte	0x37
 212 00fc 05       		.uleb128 0x5
 213 00fd 01       		.byte	0x1
 214 00fe 25000000 		.4byte	0x25
 215 0102 06       		.byte	0x6
 216 0103 CF       		.byte	0xcf
 217 0104 A5010000 		.4byte	0x1a5
 218 0108 06       		.uleb128 0x6
ARM GAS  C:\Users\bolob\AppData\Local\Temp\ccttmKTG.s 			page 6


 219 0109 13000000 		.4byte	.LASF24
 220 010d 00       		.byte	0
 221 010e 07       		.uleb128 0x7
 222 010f 57040000 		.4byte	.LASF25
 223 0113 7F       		.sleb128 -1
 224 0114 07       		.uleb128 0x7
 225 0115 76020000 		.4byte	.LASF26
 226 0119 7E       		.sleb128 -2
 227 011a 07       		.uleb128 0x7
 228 011b 7E000000 		.4byte	.LASF27
 229 011f 7D       		.sleb128 -3
 230 0120 07       		.uleb128 0x7
 231 0121 60040000 		.4byte	.LASF28
 232 0125 7C       		.sleb128 -4
 233 0126 07       		.uleb128 0x7
 234 0127 06010000 		.4byte	.LASF29
 235 012b 7B       		.sleb128 -5
 236 012c 07       		.uleb128 0x7
 237 012d 4F000000 		.4byte	.LASF30
 238 0131 7A       		.sleb128 -6
 239 0132 07       		.uleb128 0x7
 240 0133 88010000 		.4byte	.LASF31
 241 0137 79       		.sleb128 -7
 242 0138 07       		.uleb128 0x7
 243 0139 8C030000 		.4byte	.LASF32
 244 013d 78       		.sleb128 -8
 245 013e 07       		.uleb128 0x7
 246 013f 84020000 		.4byte	.LASF33
 247 0143 77       		.sleb128 -9
 248 0144 07       		.uleb128 0x7
 249 0145 9A010000 		.4byte	.LASF34
 250 0149 76       		.sleb128 -10
 251 014a 07       		.uleb128 0x7
 252 014b 9B040000 		.4byte	.LASF35
 253 014f 75       		.sleb128 -11
 254 0150 07       		.uleb128 0x7
 255 0151 5D020000 		.4byte	.LASF36
 256 0155 74       		.sleb128 -12
 257 0156 07       		.uleb128 0x7
 258 0157 06040000 		.4byte	.LASF37
 259 015b 73       		.sleb128 -13
 260 015c 07       		.uleb128 0x7
 261 015d 00000000 		.4byte	.LASF38
 262 0161 72       		.sleb128 -14
 263 0162 07       		.uleb128 0x7
 264 0163 1E000000 		.4byte	.LASF39
 265 0167 71       		.sleb128 -15
 266 0168 07       		.uleb128 0x7
 267 0169 B2010000 		.4byte	.LASF40
 268 016d 70       		.sleb128 -16
 269 016e 07       		.uleb128 0x7
 270 016f 94000000 		.4byte	.LASF41
 271 0173 6F       		.sleb128 -17
 272 0174 07       		.uleb128 0x7
 273 0175 60000000 		.4byte	.LASF42
 274 0179 6E       		.sleb128 -18
 275 017a 07       		.uleb128 0x7
ARM GAS  C:\Users\bolob\AppData\Local\Temp\ccttmKTG.s 			page 7


 276 017b 5B010000 		.4byte	.LASF43
 277 017f 6D       		.sleb128 -19
 278 0180 07       		.uleb128 0x7
 279 0181 A9030000 		.4byte	.LASF44
 280 0185 6C       		.sleb128 -20
 281 0186 07       		.uleb128 0x7
 282 0187 C3010000 		.4byte	.LASF45
 283 018b 6B       		.sleb128 -21
 284 018c 07       		.uleb128 0x7
 285 018d 38040000 		.4byte	.LASF46
 286 0191 6A       		.sleb128 -22
 287 0192 07       		.uleb128 0x7
 288 0193 C1000000 		.4byte	.LASF47
 289 0197 69       		.sleb128 -23
 290 0198 07       		.uleb128 0x7
 291 0199 6E010000 		.4byte	.LASF48
 292 019d 68       		.sleb128 -24
 293 019e 07       		.uleb128 0x7
 294 019f 1B010000 		.4byte	.LASF49
 295 01a3 67       		.sleb128 -25
 296 01a4 00       		.byte	0
 297 01a5 03       		.uleb128 0x3
 298 01a6 96040000 		.4byte	.LASF50
 299 01aa 06       		.byte	0x6
 300 01ab EA       		.byte	0xea
 301 01ac FC000000 		.4byte	0xfc
 302 01b0 08       		.uleb128 0x8
 303 01b1 02       		.byte	0x2
 304 01b2 07       		.byte	0x7
 305 01b3 21       		.byte	0x21
 306 01b4 D1010000 		.4byte	0x1d1
 307 01b8 09       		.uleb128 0x9
 308 01b9 6B020000 		.4byte	.LASF51
 309 01bd 07       		.byte	0x7
 310 01be 23       		.byte	0x23
 311 01bf F1000000 		.4byte	0xf1
 312 01c3 00       		.byte	0
 313 01c4 09       		.uleb128 0x9
 314 01c5 32000000 		.4byte	.LASF52
 315 01c9 07       		.byte	0x7
 316 01ca 24       		.byte	0x24
 317 01cb 81000000 		.4byte	0x81
 318 01cf 01       		.byte	0x1
 319 01d0 00       		.byte	0
 320 01d1 03       		.uleb128 0x3
 321 01d2 20040000 		.4byte	.LASF53
 322 01d6 07       		.byte	0x7
 323 01d7 27       		.byte	0x27
 324 01d8 B0010000 		.4byte	0x1b0
 325 01dc 0A       		.uleb128 0xa
 326 01dd 0C020000 		.4byte	.LASF54
 327 01e1 01       		.byte	0x1
 328 01e2 29       		.byte	0x29
 329 01e3 A5010000 		.4byte	0x1a5
 330 01e7 00000000 		.4byte	.LFB110
 331 01eb 04000000 		.4byte	.LFE110-.LFB110
 332 01ef 01       		.uleb128 0x1
ARM GAS  C:\Users\bolob\AppData\Local\Temp\ccttmKTG.s 			page 8


 333 01f0 9C       		.byte	0x9c
 334 01f1 05020000 		.4byte	0x205
 335 01f5 0B       		.uleb128 0xb
 336 01f6 BC030000 		.4byte	.LASF56
 337 01fa 01       		.byte	0x1
 338 01fb 29       		.byte	0x29
 339 01fc 0B020000 		.4byte	0x20b
 340 0200 00000000 		.4byte	.LLST0
 341 0204 00       		.byte	0
 342 0205 0C       		.uleb128 0xc
 343 0206 04       		.byte	0x4
 344 0207 D1010000 		.4byte	0x1d1
 345 020b 0D       		.uleb128 0xd
 346 020c 05020000 		.4byte	0x205
 347 0210 0A       		.uleb128 0xa
 348 0211 1C020000 		.4byte	.LASF55
 349 0215 01       		.byte	0x1
 350 0216 37       		.byte	0x37
 351 0217 A5010000 		.4byte	0x1a5
 352 021b 00000000 		.4byte	.LFB111
 353 021f 14000000 		.4byte	.LFE111-.LFB111
 354 0223 01       		.uleb128 0x1
 355 0224 9C       		.byte	0x9c
 356 0225 4B020000 		.4byte	0x24b
 357 0229 0B       		.uleb128 0xb
 358 022a BC030000 		.4byte	.LASF56
 359 022e 01       		.byte	0x1
 360 022f 37       		.byte	0x37
 361 0230 56020000 		.4byte	0x256
 362 0234 21000000 		.4byte	.LLST1
 363 0238 0E       		.uleb128 0xe
 364 0239 0A000000 		.4byte	.LVL4
 365 023d A3020000 		.4byte	0x2a3
 366 0241 0E       		.uleb128 0xe
 367 0242 10000000 		.4byte	.LVL5
 368 0246 AE020000 		.4byte	0x2ae
 369 024a 00       		.byte	0
 370 024b 0C       		.uleb128 0xc
 371 024c 04       		.byte	0x4
 372 024d 51020000 		.4byte	0x251
 373 0251 0D       		.uleb128 0xd
 374 0252 D1010000 		.4byte	0x1d1
 375 0256 0D       		.uleb128 0xd
 376 0257 4B020000 		.4byte	0x24b
 377 025b 0F       		.uleb128 0xf
 378 025c 70040000 		.4byte	.LASF57
 379 0260 08       		.byte	0x8
 380 0261 40       		.byte	0x40
 381 0262 D0000000 		.4byte	0xd0
 382 0266 0F       		.uleb128 0xf
 383 0267 42010000 		.4byte	.LASF58
 384 026b 08       		.byte	0x8
 385 026c 47       		.byte	0x47
 386 026d DB000000 		.4byte	0xdb
 387 0271 0F       		.uleb128 0xf
 388 0272 C1030000 		.4byte	.LASF59
 389 0276 08       		.byte	0x8
ARM GAS  C:\Users\bolob\AppData\Local\Temp\ccttmKTG.s 			page 9


 390 0277 4A       		.byte	0x4a
 391 0278 D0000000 		.4byte	0xd0
 392 027c 0F       		.uleb128 0xf
 393 027d ED000000 		.4byte	.LASF60
 394 0281 09       		.byte	0x9
 395 0282 48       		.byte	0x48
 396 0283 E6000000 		.4byte	0xe6
 397 0287 0F       		.uleb128 0xf
 398 0288 D8000000 		.4byte	.LASF61
 399 028c 0A       		.byte	0xa
 400 028d 44       		.byte	0x44
 401 028e D0000000 		.4byte	0xd0
 402 0292 10       		.uleb128 0x10
 403 0293 4A040000 		.4byte	.LASF62
 404 0297 0B       		.byte	0xb
 405 0298 1207     		.2byte	0x712
 406 029a 9E020000 		.4byte	0x29e
 407 029e 11       		.uleb128 0x11
 408 029f 8C000000 		.4byte	0x8c
 409 02a3 12       		.uleb128 0x12
 410 02a4 88040000 		.4byte	.LASF63
 411 02a8 88040000 		.4byte	.LASF63
 412 02ac 0C       		.byte	0xc
 413 02ad 26       		.byte	0x26
 414 02ae 12       		.uleb128 0x12
 415 02af ED010000 		.4byte	.LASF64
 416 02b3 ED010000 		.4byte	.LASF64
 417 02b7 0D       		.byte	0xd
 418 02b8 C3       		.byte	0xc3
 419 02b9 00       		.byte	0
 420              		.section	.debug_abbrev,"",%progbits
 421              	.Ldebug_abbrev0:
 422 0000 01       		.uleb128 0x1
 423 0001 11       		.uleb128 0x11
 424 0002 01       		.byte	0x1
 425 0003 25       		.uleb128 0x25
 426 0004 0E       		.uleb128 0xe
 427 0005 13       		.uleb128 0x13
 428 0006 0B       		.uleb128 0xb
 429 0007 03       		.uleb128 0x3
 430 0008 0E       		.uleb128 0xe
 431 0009 1B       		.uleb128 0x1b
 432 000a 0E       		.uleb128 0xe
 433 000b 55       		.uleb128 0x55
 434 000c 17       		.uleb128 0x17
 435 000d 11       		.uleb128 0x11
 436 000e 01       		.uleb128 0x1
 437 000f 10       		.uleb128 0x10
 438 0010 17       		.uleb128 0x17
 439 0011 00       		.byte	0
 440 0012 00       		.byte	0
 441 0013 02       		.uleb128 0x2
 442 0014 24       		.uleb128 0x24
 443 0015 00       		.byte	0
 444 0016 0B       		.uleb128 0xb
 445 0017 0B       		.uleb128 0xb
 446 0018 3E       		.uleb128 0x3e
ARM GAS  C:\Users\bolob\AppData\Local\Temp\ccttmKTG.s 			page 10


 447 0019 0B       		.uleb128 0xb
 448 001a 03       		.uleb128 0x3
 449 001b 0E       		.uleb128 0xe
 450 001c 00       		.byte	0
 451 001d 00       		.byte	0
 452 001e 03       		.uleb128 0x3
 453 001f 16       		.uleb128 0x16
 454 0020 00       		.byte	0
 455 0021 03       		.uleb128 0x3
 456 0022 0E       		.uleb128 0xe
 457 0023 3A       		.uleb128 0x3a
 458 0024 0B       		.uleb128 0xb
 459 0025 3B       		.uleb128 0x3b
 460 0026 0B       		.uleb128 0xb
 461 0027 49       		.uleb128 0x49
 462 0028 13       		.uleb128 0x13
 463 0029 00       		.byte	0
 464 002a 00       		.byte	0
 465 002b 04       		.uleb128 0x4
 466 002c 24       		.uleb128 0x24
 467 002d 00       		.byte	0
 468 002e 0B       		.uleb128 0xb
 469 002f 0B       		.uleb128 0xb
 470 0030 3E       		.uleb128 0x3e
 471 0031 0B       		.uleb128 0xb
 472 0032 03       		.uleb128 0x3
 473 0033 08       		.uleb128 0x8
 474 0034 00       		.byte	0
 475 0035 00       		.byte	0
 476 0036 05       		.uleb128 0x5
 477 0037 04       		.uleb128 0x4
 478 0038 01       		.byte	0x1
 479 0039 0B       		.uleb128 0xb
 480 003a 0B       		.uleb128 0xb
 481 003b 49       		.uleb128 0x49
 482 003c 13       		.uleb128 0x13
 483 003d 3A       		.uleb128 0x3a
 484 003e 0B       		.uleb128 0xb
 485 003f 3B       		.uleb128 0x3b
 486 0040 0B       		.uleb128 0xb
 487 0041 01       		.uleb128 0x1
 488 0042 13       		.uleb128 0x13
 489 0043 00       		.byte	0
 490 0044 00       		.byte	0
 491 0045 06       		.uleb128 0x6
 492 0046 28       		.uleb128 0x28
 493 0047 00       		.byte	0
 494 0048 03       		.uleb128 0x3
 495 0049 0E       		.uleb128 0xe
 496 004a 1C       		.uleb128 0x1c
 497 004b 0B       		.uleb128 0xb
 498 004c 00       		.byte	0
 499 004d 00       		.byte	0
 500 004e 07       		.uleb128 0x7
 501 004f 28       		.uleb128 0x28
 502 0050 00       		.byte	0
 503 0051 03       		.uleb128 0x3
ARM GAS  C:\Users\bolob\AppData\Local\Temp\ccttmKTG.s 			page 11


 504 0052 0E       		.uleb128 0xe
 505 0053 1C       		.uleb128 0x1c
 506 0054 0D       		.uleb128 0xd
 507 0055 00       		.byte	0
 508 0056 00       		.byte	0
 509 0057 08       		.uleb128 0x8
 510 0058 13       		.uleb128 0x13
 511 0059 01       		.byte	0x1
 512 005a 0B       		.uleb128 0xb
 513 005b 0B       		.uleb128 0xb
 514 005c 3A       		.uleb128 0x3a
 515 005d 0B       		.uleb128 0xb
 516 005e 3B       		.uleb128 0x3b
 517 005f 0B       		.uleb128 0xb
 518 0060 01       		.uleb128 0x1
 519 0061 13       		.uleb128 0x13
 520 0062 00       		.byte	0
 521 0063 00       		.byte	0
 522 0064 09       		.uleb128 0x9
 523 0065 0D       		.uleb128 0xd
 524 0066 00       		.byte	0
 525 0067 03       		.uleb128 0x3
 526 0068 0E       		.uleb128 0xe
 527 0069 3A       		.uleb128 0x3a
 528 006a 0B       		.uleb128 0xb
 529 006b 3B       		.uleb128 0x3b
 530 006c 0B       		.uleb128 0xb
 531 006d 49       		.uleb128 0x49
 532 006e 13       		.uleb128 0x13
 533 006f 38       		.uleb128 0x38
 534 0070 0B       		.uleb128 0xb
 535 0071 00       		.byte	0
 536 0072 00       		.byte	0
 537 0073 0A       		.uleb128 0xa
 538 0074 2E       		.uleb128 0x2e
 539 0075 01       		.byte	0x1
 540 0076 3F       		.uleb128 0x3f
 541 0077 19       		.uleb128 0x19
 542 0078 03       		.uleb128 0x3
 543 0079 0E       		.uleb128 0xe
 544 007a 3A       		.uleb128 0x3a
 545 007b 0B       		.uleb128 0xb
 546 007c 3B       		.uleb128 0x3b
 547 007d 0B       		.uleb128 0xb
 548 007e 27       		.uleb128 0x27
 549 007f 19       		.uleb128 0x19
 550 0080 49       		.uleb128 0x49
 551 0081 13       		.uleb128 0x13
 552 0082 11       		.uleb128 0x11
 553 0083 01       		.uleb128 0x1
 554 0084 12       		.uleb128 0x12
 555 0085 06       		.uleb128 0x6
 556 0086 40       		.uleb128 0x40
 557 0087 18       		.uleb128 0x18
 558 0088 9742     		.uleb128 0x2117
 559 008a 19       		.uleb128 0x19
 560 008b 01       		.uleb128 0x1
ARM GAS  C:\Users\bolob\AppData\Local\Temp\ccttmKTG.s 			page 12


 561 008c 13       		.uleb128 0x13
 562 008d 00       		.byte	0
 563 008e 00       		.byte	0
 564 008f 0B       		.uleb128 0xb
 565 0090 05       		.uleb128 0x5
 566 0091 00       		.byte	0
 567 0092 03       		.uleb128 0x3
 568 0093 0E       		.uleb128 0xe
 569 0094 3A       		.uleb128 0x3a
 570 0095 0B       		.uleb128 0xb
 571 0096 3B       		.uleb128 0x3b
 572 0097 0B       		.uleb128 0xb
 573 0098 49       		.uleb128 0x49
 574 0099 13       		.uleb128 0x13
 575 009a 02       		.uleb128 0x2
 576 009b 17       		.uleb128 0x17
 577 009c 00       		.byte	0
 578 009d 00       		.byte	0
 579 009e 0C       		.uleb128 0xc
 580 009f 0F       		.uleb128 0xf
 581 00a0 00       		.byte	0
 582 00a1 0B       		.uleb128 0xb
 583 00a2 0B       		.uleb128 0xb
 584 00a3 49       		.uleb128 0x49
 585 00a4 13       		.uleb128 0x13
 586 00a5 00       		.byte	0
 587 00a6 00       		.byte	0
 588 00a7 0D       		.uleb128 0xd
 589 00a8 26       		.uleb128 0x26
 590 00a9 00       		.byte	0
 591 00aa 49       		.uleb128 0x49
 592 00ab 13       		.uleb128 0x13
 593 00ac 00       		.byte	0
 594 00ad 00       		.byte	0
 595 00ae 0E       		.uleb128 0xe
 596 00af 898201   		.uleb128 0x4109
 597 00b2 00       		.byte	0
 598 00b3 11       		.uleb128 0x11
 599 00b4 01       		.uleb128 0x1
 600 00b5 31       		.uleb128 0x31
 601 00b6 13       		.uleb128 0x13
 602 00b7 00       		.byte	0
 603 00b8 00       		.byte	0
 604 00b9 0F       		.uleb128 0xf
 605 00ba 34       		.uleb128 0x34
 606 00bb 00       		.byte	0
 607 00bc 03       		.uleb128 0x3
 608 00bd 0E       		.uleb128 0xe
 609 00be 3A       		.uleb128 0x3a
 610 00bf 0B       		.uleb128 0xb
 611 00c0 3B       		.uleb128 0x3b
 612 00c1 0B       		.uleb128 0xb
 613 00c2 49       		.uleb128 0x49
 614 00c3 13       		.uleb128 0x13
 615 00c4 3F       		.uleb128 0x3f
 616 00c5 19       		.uleb128 0x19
 617 00c6 3C       		.uleb128 0x3c
ARM GAS  C:\Users\bolob\AppData\Local\Temp\ccttmKTG.s 			page 13


 618 00c7 19       		.uleb128 0x19
 619 00c8 00       		.byte	0
 620 00c9 00       		.byte	0
 621 00ca 10       		.uleb128 0x10
 622 00cb 34       		.uleb128 0x34
 623 00cc 00       		.byte	0
 624 00cd 03       		.uleb128 0x3
 625 00ce 0E       		.uleb128 0xe
 626 00cf 3A       		.uleb128 0x3a
 627 00d0 0B       		.uleb128 0xb
 628 00d1 3B       		.uleb128 0x3b
 629 00d2 05       		.uleb128 0x5
 630 00d3 49       		.uleb128 0x49
 631 00d4 13       		.uleb128 0x13
 632 00d5 3F       		.uleb128 0x3f
 633 00d6 19       		.uleb128 0x19
 634 00d7 3C       		.uleb128 0x3c
 635 00d8 19       		.uleb128 0x19
 636 00d9 00       		.byte	0
 637 00da 00       		.byte	0
 638 00db 11       		.uleb128 0x11
 639 00dc 35       		.uleb128 0x35
 640 00dd 00       		.byte	0
 641 00de 49       		.uleb128 0x49
 642 00df 13       		.uleb128 0x13
 643 00e0 00       		.byte	0
 644 00e1 00       		.byte	0
 645 00e2 12       		.uleb128 0x12
 646 00e3 2E       		.uleb128 0x2e
 647 00e4 00       		.byte	0
 648 00e5 3F       		.uleb128 0x3f
 649 00e6 19       		.uleb128 0x19
 650 00e7 3C       		.uleb128 0x3c
 651 00e8 19       		.uleb128 0x19
 652 00e9 6E       		.uleb128 0x6e
 653 00ea 0E       		.uleb128 0xe
 654 00eb 03       		.uleb128 0x3
 655 00ec 0E       		.uleb128 0xe
 656 00ed 3A       		.uleb128 0x3a
 657 00ee 0B       		.uleb128 0xb
 658 00ef 3B       		.uleb128 0x3b
 659 00f0 0B       		.uleb128 0xb
 660 00f1 00       		.byte	0
 661 00f2 00       		.byte	0
 662 00f3 00       		.byte	0
 663              		.section	.debug_loc,"",%progbits
 664              	.Ldebug_loc0:
 665              	.LLST0:
 666 0000 00000000 		.4byte	.LVL0
 667 0004 02000000 		.4byte	.LVL1
 668 0008 0100     		.2byte	0x1
 669 000a 50       		.byte	0x50
 670 000b 02000000 		.4byte	.LVL1
 671 000f 04000000 		.4byte	.LFE110
 672 0013 0400     		.2byte	0x4
 673 0015 F3       		.byte	0xf3
 674 0016 01       		.uleb128 0x1
ARM GAS  C:\Users\bolob\AppData\Local\Temp\ccttmKTG.s 			page 14


 675 0017 50       		.byte	0x50
 676 0018 9F       		.byte	0x9f
 677 0019 00000000 		.4byte	0
 678 001d 00000000 		.4byte	0
 679              	.LLST1:
 680 0021 00000000 		.4byte	.LVL2
 681 0025 06000000 		.4byte	.LVL3
 682 0029 0100     		.2byte	0x1
 683 002b 50       		.byte	0x50
 684 002c 06000000 		.4byte	.LVL3
 685 0030 14000000 		.4byte	.LFE111
 686 0034 0100     		.2byte	0x1
 687 0036 54       		.byte	0x54
 688 0037 00000000 		.4byte	0
 689 003b 00000000 		.4byte	0
 690              		.section	.debug_aranges,"",%progbits
 691 0000 24000000 		.4byte	0x24
 692 0004 0200     		.2byte	0x2
 693 0006 00000000 		.4byte	.Ldebug_info0
 694 000a 04       		.byte	0x4
 695 000b 00       		.byte	0
 696 000c 0000     		.2byte	0
 697 000e 0000     		.2byte	0
 698 0010 00000000 		.4byte	.LFB110
 699 0014 04000000 		.4byte	.LFE110-.LFB110
 700 0018 00000000 		.4byte	.LFB111
 701 001c 14000000 		.4byte	.LFE111-.LFB111
 702 0020 00000000 		.4byte	0
 703 0024 00000000 		.4byte	0
 704              		.section	.debug_ranges,"",%progbits
 705              	.Ldebug_ranges0:
 706 0000 00000000 		.4byte	.LFB110
 707 0004 04000000 		.4byte	.LFE110
 708 0008 00000000 		.4byte	.LFB111
 709 000c 14000000 		.4byte	.LFE111
 710 0010 00000000 		.4byte	0
 711 0014 00000000 		.4byte	0
 712              		.section	.debug_line,"",%progbits
 713              	.Ldebug_line0:
 714 0000 6B020000 		.section	.debug_str,"MS",%progbits,1
 714      02004102 
 714      00000201 
 714      FB0E0D00 
 714      01010101 
 715              	.LASF38:
 716 0000 52435F45 		.ascii	"RC_ERROR_READ_ONLY\000"
 716      52524F52 
 716      5F524541 
 716      445F4F4E 
 716      4C5900
 717              	.LASF24:
 718 0013 52435F53 		.ascii	"RC_SUCCESS\000"
 718      55434345 
 718      535300
 719              	.LASF39:
 720 001e 52435F45 		.ascii	"RC_ERROR_WRITE_ONLY\000"
 720      52524F52 
ARM GAS  C:\Users\bolob\AppData\Local\Temp\ccttmKTG.s 			page 15


 720      5F575249 
 720      54455F4F 
 720      4E4C5900 
 721              	.LASF52:
 722 0032 656E6769 		.ascii	"engineControlValue\000"
 722      6E65436F 
 722      6E74726F 
 722      6C56616C 
 722      756500
 723              	.LASF2:
 724 0045 73686F72 		.ascii	"short int\000"
 724      7420696E 
 724      7400
 725              	.LASF30:
 726 004f 52435F45 		.ascii	"RC_ERROR_OVERRUN\000"
 726      52524F52 
 726      5F4F5645 
 726      5252554E 
 726      00
 727              	.LASF42:
 728 0060 52435F45 		.ascii	"RC_ERROR_WRITE_FAILS\000"
 728      52524F52 
 728      5F575249 
 728      54455F46 
 728      41494C53 
 729              	.LASF17:
 730 0075 73697A65 		.ascii	"sizetype\000"
 730      74797065 
 730      00
 731              	.LASF27:
 732 007e 52435F45 		.ascii	"RC_ERROR_ZERO\000"
 732      52524F52 
 732      5F5A4552 
 732      4F00
 733              	.LASF21:
 734 008c 45455F46 		.ascii	"EE_FREG\000"
 734      52454700 
 735              	.LASF41:
 736 0094 52435F45 		.ascii	"RC_ERROR_READ_FAILS\000"
 736      52524F52 
 736      5F524541 
 736      445F4641 
 736      494C5300 
 737              	.LASF19:
 738 00a8 45455F55 		.ascii	"EE_UINT32\000"
 738      494E5433 
 738      3200
 739              	.LASF22:
 740 00b2 45455F54 		.ascii	"EE_TID\000"
 740      494400
 741              	.LASF11:
 742 00b9 75696E74 		.ascii	"uint8_t\000"
 742      385F7400 
 743              	.LASF47:
 744 00c1 52435F45 		.ascii	"RC_ERROR_INVALID_STATE\000"
 744      52524F52 
 744      5F494E56 
ARM GAS  C:\Users\bolob\AppData\Local\Temp\ccttmKTG.s 			page 16


 744      414C4944 
 744      5F535441 
 745              	.LASF61:
 746 00d8 45455F49 		.ascii	"EE_IRQ_nesting_level\000"
 746      52515F6E 
 746      65737469 
 746      6E675F6C 
 746      6576656C 
 747              	.LASF60:
 748 00ed 45455F73 		.ascii	"EE_std_endcycle_next_tid\000"
 748      74645F65 
 748      6E646379 
 748      636C655F 
 748      6E657874 
 749              	.LASF29:
 750 0106 52435F45 		.ascii	"RC_ERROR_RANGE\000"
 750      52524F52 
 750      5F52414E 
 750      474500
 751              	.LASF13:
 752 0115 666C6F61 		.ascii	"float\000"
 752      7400
 753              	.LASF49:
 754 011b 52435F45 		.ascii	"RC_ERROR_NOT_IMPLEMENTED\000"
 754      52524F52 
 754      5F4E4F54 
 754      5F494D50 
 754      4C454D45 
 755              	.LASF8:
 756 0134 6C6F6E67 		.ascii	"long long int\000"
 756      206C6F6E 
 756      6720696E 
 756      7400
 757              	.LASF58:
 758 0142 45455F6F 		.ascii	"EE_oo_IRQ_suspend_status\000"
 758      6F5F4952 
 758      515F7375 
 758      7370656E 
 758      645F7374 
 759              	.LASF43:
 760 015b 52435F45 		.ascii	"RC_ERROR_NOT_MATCH\000"
 760      52524F52 
 760      5F4E4F54 
 760      5F4D4154 
 760      434800
 761              	.LASF48:
 762 016e 52435F45 		.ascii	"RC_ERROR_UNKNOWN\000"
 762      52524F52 
 762      5F554E4B 
 762      4E4F574E 
 762      00
 763              	.LASF6:
 764 017f 6C6F6E67 		.ascii	"long int\000"
 764      20696E74 
 764      00
 765              	.LASF31:
 766 0188 52435F45 		.ascii	"RC_ERROR_UNDERRUN\000"
ARM GAS  C:\Users\bolob\AppData\Local\Temp\ccttmKTG.s 			page 17


 766      52524F52 
 766      5F554E44 
 766      45525255 
 766      4E00
 767              	.LASF34:
 768 019a 52435F45 		.ascii	"RC_ERROR_BUSY\000"
 768      52524F52 
 768      5F425553 
 768      5900
 769              	.LASF4:
 770 01a8 5F5F7569 		.ascii	"__uint8_t\000"
 770      6E74385F 
 770      7400
 771              	.LASF40:
 772 01b2 52435F45 		.ascii	"RC_ERROR_INVALID\000"
 772      52524F52 
 772      5F494E56 
 772      414C4944 
 772      00
 773              	.LASF45:
 774 01c3 52435F45 		.ascii	"RC_ERROR_BAD_DATA\000"
 774      52524F52 
 774      5F424144 
 774      5F444154 
 774      4100
 775              	.LASF23:
 776 01d5 626F6F6C 		.ascii	"boolean_t\000"
 776      65616E5F 
 776      7400
 777              	.LASF1:
 778 01df 756E7369 		.ascii	"unsigned char\000"
 778      676E6564 
 778      20636861 
 778      7200
 779              	.LASF64:
 780 01ed 50574D5F 		.ascii	"PWM_1_WriteCompare\000"
 780      315F5772 
 780      69746543 
 780      6F6D7061 
 780      726500
 781              	.LASF16:
 782 0200 6C6F6E67 		.ascii	"long double\000"
 782      20646F75 
 782      626C6500 
 783              	.LASF54:
 784 020c 53435F4C 		.ascii	"SC_LED_driverIn\000"
 784      45445F64 
 784      72697665 
 784      72496E00 
 785              	.LASF55:
 786 021c 53435F4C 		.ascii	"SC_LED_driverOut\000"
 786      45445F64 
 786      72697665 
 786      724F7574 
 786      00
 787              	.LASF0:
 788 022d 7369676E 		.ascii	"signed char\000"
ARM GAS  C:\Users\bolob\AppData\Local\Temp\ccttmKTG.s 			page 18


 788      65642063 
 788      68617200 
 789              	.LASF9:
 790 0239 6C6F6E67 		.ascii	"long long unsigned int\000"
 790      206C6F6E 
 790      6720756E 
 790      7369676E 
 790      65642069 
 791              	.LASF10:
 792 0250 756E7369 		.ascii	"unsigned int\000"
 792      676E6564 
 792      20696E74 
 792      00
 793              	.LASF36:
 794 025d 52435F45 		.ascii	"RC_ERROR_OPEN\000"
 794      52524F52 
 794      5F4F5045 
 794      4E00
 795              	.LASF51:
 796 026b 6272616B 		.ascii	"brakeLight\000"
 796      654C6967 
 796      687400
 797              	.LASF26:
 798 0276 52435F45 		.ascii	"RC_ERROR_NULL\000"
 798      52524F52 
 798      5F4E554C 
 798      4C00
 799              	.LASF33:
 800 0284 52435F45 		.ascii	"RC_ERROR_BUFFER_EMTPY\000"
 800      52524F52 
 800      5F425546 
 800      4645525F 
 800      454D5450 
 801              	.LASF18:
 802 029a 45455F49 		.ascii	"EE_INT32\000"
 802      4E543332 
 802      00
 803              	.LASF67:
 804 02a3 433A5C55 		.ascii	"C:\\Users\\bolob\\Documents\\PSoC Creator\\Clock\\E"
 804      73657273 
 804      5C626F6C 
 804      6F625C44 
 804      6F63756D 
 805 02d0 6C656374 		.ascii	"lectronic_Clock.cydsn\000"
 805      726F6E69 
 805      635F436C 
 805      6F636B2E 
 805      63796473 
 806              	.LASF3:
 807 02e6 73686F72 		.ascii	"short unsigned int\000"
 807      7420756E 
 807      7369676E 
 807      65642069 
 807      6E7400
 808              	.LASF65:
 809 02f9 474E5520 		.ascii	"GNU C11 5.4.1 20160609 (release) [ARM/embedded-5-br"
 809      43313120 
ARM GAS  C:\Users\bolob\AppData\Local\Temp\ccttmKTG.s 			page 19


 809      352E342E 
 809      31203230 
 809      31363036 
 810 032c 616E6368 		.ascii	"anch revision 237715] -mcpu=cortex-m3 -mthumb -g -O"
 810      20726576 
 810      6973696F 
 810      6E203233 
 810      37373135 
 811 035f 67202D66 		.ascii	"g -ffunction-sections -ffat-lto-objects\000"
 811      66756E63 
 811      74696F6E 
 811      2D736563 
 811      74696F6E 
 812              	.LASF15:
 813 0387 63686172 		.ascii	"char\000"
 813      00
 814              	.LASF32:
 815 038c 52435F45 		.ascii	"RC_ERROR_BUFFER_FULL\000"
 815      52524F52 
 815      5F425546 
 815      4645525F 
 815      46554C4C 
 816              	.LASF12:
 817 03a1 696E7433 		.ascii	"int32_t\000"
 817      325F7400 
 818              	.LASF44:
 819 03a9 52435F45 		.ascii	"RC_ERROR_BAD_PARAM\000"
 819      52524F52 
 819      5F424144 
 819      5F504152 
 819      414D00
 820              	.LASF56:
 821 03bc 64617461 		.ascii	"data\000"
 821      00
 822              	.LASF59:
 823 03c1 45455F41 		.ascii	"EE_ApplicationMode\000"
 823      70706C69 
 823      63617469 
 823      6F6E4D6F 
 823      646500
 824              	.LASF7:
 825 03d4 6C6F6E67 		.ascii	"long unsigned int\000"
 825      20756E73 
 825      69676E65 
 825      6420696E 
 825      7400
 826              	.LASF14:
 827 03e6 646F7562 		.ascii	"double\000"
 827      6C6500
 828              	.LASF66:
 829 03ed 736F7572 		.ascii	"source\\rte\\sc_led_type.c\000"
 829      63655C72 
 829      74655C73 
 829      635F6C65 
 829      645F7479 
 830              	.LASF37:
 831 0406 52435F45 		.ascii	"RC_ERROR_CHECKSUM\000"
ARM GAS  C:\Users\bolob\AppData\Local\Temp\ccttmKTG.s 			page 20


 831      52524F52 
 831      5F434845 
 831      434B5355 
 831      4D00
 832              	.LASF20:
 833 0418 45455F55 		.ascii	"EE_UREG\000"
 833      52454700 
 834              	.LASF53:
 835 0420 53435F4C 		.ascii	"SC_LED_data_t\000"
 835      45445F64 
 835      6174615F 
 835      7400
 836              	.LASF5:
 837 042e 5F5F696E 		.ascii	"__int32_t\000"
 837      7433325F 
 837      7400
 838              	.LASF46:
 839 0438 52435F45 		.ascii	"RC_ERROR_CANCELED\000"
 839      52524F52 
 839      5F43414E 
 839      43454C45 
 839      4400
 840              	.LASF62:
 841 044a 49544D5F 		.ascii	"ITM_RxBuffer\000"
 841      52784275 
 841      66666572 
 841      00
 842              	.LASF25:
 843 0457 52435F45 		.ascii	"RC_ERROR\000"
 843      52524F52 
 843      00
 844              	.LASF28:
 845 0460 52435F45 		.ascii	"RC_ERROR_MEMORY\000"
 845      52524F52 
 845      5F4D454D 
 845      4F525900 
 846              	.LASF57:
 847 0470 45455F6F 		.ascii	"EE_oo_IRQ_disable_count\000"
 847      6F5F4952 
 847      515F6469 
 847      7361626C 
 847      655F636F 
 848              	.LASF63:
 849 0488 7265645F 		.ascii	"red_LED_Write\000"
 849      4C45445F 
 849      57726974 
 849      6500
 850              	.LASF50:
 851 0496 52435F74 		.ascii	"RC_t\000"
 851      00
 852              	.LASF35:
 853 049b 52435F45 		.ascii	"RC_ERROR_TIME_OUT\000"
 853      52524F52 
 853      5F54494D 
 853      455F4F55 
 853      5400
 854              		.ident	"GCC: (GNU Tools for ARM Embedded Processors) 5.4.1 20160609 (release) [ARM/embedded-5-bran
ARM GAS  C:\Users\bolob\AppData\Local\Temp\ccttmKTG.s 			page 21


