ARM GAS  C:\Users\bolob\AppData\Local\Temp\cc9UCG2m.s 			page 1


   1              		.syntax unified
   2              		.cpu cortex-m3
   3              		.fpu softvfp
   4              		.eabi_attribute 20, 1
   5              		.eabi_attribute 21, 1
   6              		.eabi_attribute 23, 3
   7              		.eabi_attribute 24, 1
   8              		.eabi_attribute 25, 1
   9              		.eabi_attribute 26, 1
  10              		.eabi_attribute 30, 1
  11              		.eabi_attribute 34, 1
  12              		.eabi_attribute 18, 4
  13              		.thumb
  14              		.syntax unified
  15              		.file	"sc_speed_type.c"
  16              		.text
  17              	.Ltext0:
  18              		.cfi_sections	.debug_frame
  19              		.section	.text.SC_SPEED_driverIn,"ax",%progbits
  20              		.align	2
  21              		.global	SC_SPEED_driverIn
  22              		.thumb
  23              		.thumb_func
  24              		.type	SC_SPEED_driverIn, %function
  25              	SC_SPEED_driverIn:
  26              	.LFB110:
  27              		.file 1 "source\\rte\\sc_speed_type.c"
   1:source\rte/sc_speed_type.c **** /*
   2:source\rte/sc_speed_type.c ****  * Filename: sc_speed_type.c
   3:source\rte/sc_speed_type.c ****  *
   4:source\rte/sc_speed_type.c ****  * Author: Autogenerated by H-DA RTE Generator, (c) Prof. Fromm
   5:source\rte/sc_speed_type.c ****  *
   6:source\rte/sc_speed_type.c ****  * description: Any speed data type, e.g. control, target, current
   7:source\rte/sc_speed_type.c ****  * name: sc_speed
   8:source\rte/sc_speed_type.c ****  * shortname: speed
   9:source\rte/sc_speed_type.c ****  *
  10:source\rte/sc_speed_type.c ****  */
  11:source\rte/sc_speed_type.c **** 
  12:source\rte/sc_speed_type.c **** #include "project.h"
  13:source\rte/sc_speed_type.c **** #include "global.h"
  14:source\rte/sc_speed_type.c **** #include "rte.h"
  15:source\rte/sc_speed_type.c **** #include "rte_types.h"
  16:source\rte/sc_speed_type.c **** #include "sc_speed_type.h"
  17:source\rte/sc_speed_type.c **** 
  18:source\rte/sc_speed_type.c **** 
  19:source\rte/sc_speed_type.c **** 
  20:source\rte/sc_speed_type.c **** /* USER CODE START SC_SPEED_INCLUDE */
  21:source\rte/sc_speed_type.c **** 
  22:source\rte/sc_speed_type.c **** /* USER CODE END SC_SPEED_INCLUDE */
  23:source\rte/sc_speed_type.c **** 
  24:source\rte/sc_speed_type.c **** 
  25:source\rte/sc_speed_type.c **** 
  26:source\rte/sc_speed_type.c **** 
  27:source\rte/sc_speed_type.c **** /* USER CODE START SC_SPEED_USERDEFINITIONS */
  28:source\rte/sc_speed_type.c **** 
  29:source\rte/sc_speed_type.c **** /* USER CODE END SC_SPEED_USERDEFINITIONS */
  30:source\rte/sc_speed_type.c **** 
ARM GAS  C:\Users\bolob\AppData\Local\Temp\cc9UCG2m.s 			page 2


  31:source\rte/sc_speed_type.c **** 
  32:source\rte/sc_speed_type.c **** /*****************************************************************************************
  33:source\rte/sc_speed_type.c ****  *************** Port Wrapper Implementation for SC_SPEED signal  ****************
  34:source\rte/sc_speed_type.c ****  *****************************************************************************************/
  35:source\rte/sc_speed_type.c ****  
  36:source\rte/sc_speed_type.c ****  
  37:source\rte/sc_speed_type.c **** 
  38:source\rte/sc_speed_type.c **** /**
  39:source\rte/sc_speed_type.c ****  * Default IN driver API
  40:source\rte/sc_speed_type.c ****  */
  41:source\rte/sc_speed_type.c **** inline RC_t SC_SPEED_driverIn(SC_SPEED_data_t *const data)
  42:source\rte/sc_speed_type.c **** {
  28              		.loc 1 42 0
  29              		.cfi_startproc
  30              		@ args = 0, pretend = 0, frame = 0
  31              		@ frame_needed = 0, uses_anonymous_args = 0
  32              		@ link register save eliminated.
  33              	.LVL0:
  43:source\rte/sc_speed_type.c **** 	/* USER CODE START driverInSC_SPEED */
  44:source\rte/sc_speed_type.c **** 
  45:source\rte/sc_speed_type.c **** 	//Read data from the MCAL driver
  46:source\rte/sc_speed_type.c **** 
  47:source\rte/sc_speed_type.c **** 	//Scale it to the application type
  48:source\rte/sc_speed_type.c **** 
  49:source\rte/sc_speed_type.c **** 	return RC_SUCCESS;
  50:source\rte/sc_speed_type.c **** 	/* USER CODE END driverInSC_SPEED */
  51:source\rte/sc_speed_type.c **** }
  34              		.loc 1 51 0
  35 0000 0020     		movs	r0, #0
  36              	.LVL1:
  37 0002 7047     		bx	lr
  38              		.cfi_endproc
  39              	.LFE110:
  40              		.size	SC_SPEED_driverIn, .-SC_SPEED_driverIn
  41              		.section	.text.SC_SPEED_driverOut,"ax",%progbits
  42              		.align	2
  43              		.global	SC_SPEED_driverOut
  44              		.thumb
  45              		.thumb_func
  46              		.type	SC_SPEED_driverOut, %function
  47              	SC_SPEED_driverOut:
  48              	.LFB111:
  52:source\rte/sc_speed_type.c **** /**
  53:source\rte/sc_speed_type.c ****  * Default OUT driver API
  54:source\rte/sc_speed_type.c ****  */
  55:source\rte/sc_speed_type.c **** inline RC_t SC_SPEED_driverOut(const SC_SPEED_data_t  *const data)
  56:source\rte/sc_speed_type.c **** {
  49              		.loc 1 56 0
  50              		.cfi_startproc
  51              		@ args = 0, pretend = 0, frame = 0
  52              		@ frame_needed = 0, uses_anonymous_args = 0
  53              		@ link register save eliminated.
  54              	.LVL2:
  57:source\rte/sc_speed_type.c **** 	/* USER CODE START driverOutSC_SPEED */
  58:source\rte/sc_speed_type.c **** 
  59:source\rte/sc_speed_type.c **** 	//Scale application data to drive format
  60:source\rte/sc_speed_type.c **** 
ARM GAS  C:\Users\bolob\AppData\Local\Temp\cc9UCG2m.s 			page 3


  61:source\rte/sc_speed_type.c **** 	//Write scaled data to driver
  62:source\rte/sc_speed_type.c **** 
  63:source\rte/sc_speed_type.c **** 	return RC_SUCCESS;
  64:source\rte/sc_speed_type.c **** 	/* USER CODE END driverOutSC_SPEED */
  65:source\rte/sc_speed_type.c **** }
  55              		.loc 1 65 0
  56 0000 0020     		movs	r0, #0
  57              	.LVL3:
  58 0002 7047     		bx	lr
  59              		.cfi_endproc
  60              	.LFE111:
  61              		.size	SC_SPEED_driverOut, .-SC_SPEED_driverOut
  62              		.text
  63              	.Letext0:
  64              		.file 2 "c:\\program files (x86)\\cypress\\psoc creator\\4.4\\psoc creator\\import\\gnu\\arm\\5.4.
  65              		.file 3 "c:\\program files (x86)\\cypress\\psoc creator\\4.4\\psoc creator\\import\\gnu\\arm\\5.4.
  66              		.file 4 "Generated_Source\\PSoC5/ErikaOS_1_common_ee_types.inc"
  67              		.file 5 "Generated_Source\\PSoC5/ErikaOS_1_cortex_mx_ee_cpu.inc"
  68              		.file 6 ".\\source\\bsw/global.h"
  69              		.file 7 "source\\rte\\sc_speed_type.h"
  70              		.file 8 "Generated_Source\\PSoC5/ErikaOS_1_ee_oo_intfunc.inc"
  71              		.file 9 "Generated_Source\\PSoC5/ErikaOS_1_cortex_mx_ee_context.inc"
  72              		.file 10 "Generated_Source\\PSoC5/ErikaOS_1_common_ee_primitives.inc"
  73              		.file 11 "Generated_Source\\PSoC5/core_cm3.h"
  74              		.section	.debug_info,"",%progbits
  75              	.Ldebug_info0:
  76 0000 77020000 		.4byte	0x277
  77 0004 0400     		.2byte	0x4
  78 0006 00000000 		.4byte	.Ldebug_abbrev0
  79 000a 04       		.byte	0x4
  80 000b 01       		.uleb128 0x1
  81 000c B0020000 		.4byte	.LASF60
  82 0010 0C       		.byte	0xc
  83 0011 87030000 		.4byte	.LASF61
  84 0015 5A020000 		.4byte	.LASF62
  85 0019 00000000 		.4byte	.Ldebug_ranges0+0
  86 001d 00000000 		.4byte	0
  87 0021 00000000 		.4byte	.Ldebug_line0
  88 0025 02       		.uleb128 0x2
  89 0026 01       		.byte	0x1
  90 0027 06       		.byte	0x6
  91 0028 EF010000 		.4byte	.LASF0
  92 002c 03       		.uleb128 0x3
  93 002d 96010000 		.4byte	.LASF4
  94 0031 02       		.byte	0x2
  95 0032 1D       		.byte	0x1d
  96 0033 37000000 		.4byte	0x37
  97 0037 02       		.uleb128 0x2
  98 0038 01       		.byte	0x1
  99 0039 08       		.byte	0x8
 100 003a CF010000 		.4byte	.LASF1
 101 003e 02       		.uleb128 0x2
 102 003f 02       		.byte	0x2
 103 0040 05       		.byte	0x5
 104 0041 32000000 		.4byte	.LASF2
 105 0045 02       		.uleb128 0x2
 106 0046 02       		.byte	0x2
ARM GAS  C:\Users\bolob\AppData\Local\Temp\cc9UCG2m.s 			page 4


 107 0047 07       		.byte	0x7
 108 0048 9D020000 		.4byte	.LASF3
 109 004c 03       		.uleb128 0x3
 110 004d ED030000 		.4byte	.LASF5
 111 0051 02       		.byte	0x2
 112 0052 3F       		.byte	0x3f
 113 0053 57000000 		.4byte	0x57
 114 0057 02       		.uleb128 0x2
 115 0058 04       		.byte	0x4
 116 0059 05       		.byte	0x5
 117 005a 6D010000 		.4byte	.LASF6
 118 005e 02       		.uleb128 0x2
 119 005f 04       		.byte	0x4
 120 0060 07       		.byte	0x7
 121 0061 BA030000 		.4byte	.LASF7
 122 0065 02       		.uleb128 0x2
 123 0066 08       		.byte	0x8
 124 0067 05       		.byte	0x5
 125 0068 22010000 		.4byte	.LASF8
 126 006c 02       		.uleb128 0x2
 127 006d 08       		.byte	0x8
 128 006e 07       		.byte	0x7
 129 006f FB010000 		.4byte	.LASF9
 130 0073 04       		.uleb128 0x4
 131 0074 04       		.byte	0x4
 132 0075 05       		.byte	0x5
 133 0076 696E7400 		.ascii	"int\000"
 134 007a 02       		.uleb128 0x2
 135 007b 04       		.byte	0x4
 136 007c 07       		.byte	0x7
 137 007d 12020000 		.4byte	.LASF10
 138 0081 03       		.uleb128 0x3
 139 0082 F7030000 		.4byte	.LASF11
 140 0086 03       		.byte	0x3
 141 0087 18       		.byte	0x18
 142 0088 2C000000 		.4byte	0x2c
 143 008c 03       		.uleb128 0x3
 144 008d 58030000 		.4byte	.LASF12
 145 0091 03       		.byte	0x3
 146 0092 2C       		.byte	0x2c
 147 0093 4C000000 		.4byte	0x4c
 148 0097 02       		.uleb128 0x2
 149 0098 04       		.byte	0x4
 150 0099 04       		.byte	0x4
 151 009a 03010000 		.4byte	.LASF13
 152 009e 02       		.uleb128 0x2
 153 009f 08       		.byte	0x8
 154 00a0 04       		.byte	0x4
 155 00a1 CC030000 		.4byte	.LASF14
 156 00a5 02       		.uleb128 0x2
 157 00a6 01       		.byte	0x1
 158 00a7 08       		.byte	0x8
 159 00a8 3E030000 		.4byte	.LASF15
 160 00ac 02       		.uleb128 0x2
 161 00ad 08       		.byte	0x8
 162 00ae 04       		.byte	0x4
 163 00af C3010000 		.4byte	.LASF16
ARM GAS  C:\Users\bolob\AppData\Local\Temp\cc9UCG2m.s 			page 5


 164 00b3 02       		.uleb128 0x2
 165 00b4 04       		.byte	0x4
 166 00b5 07       		.byte	0x7
 167 00b6 62000000 		.4byte	.LASF17
 168 00ba 03       		.uleb128 0x3
 169 00bb 51020000 		.4byte	.LASF18
 170 00bf 04       		.byte	0x4
 171 00c0 53       		.byte	0x53
 172 00c1 73000000 		.4byte	0x73
 173 00c5 03       		.uleb128 0x3
 174 00c6 8E000000 		.4byte	.LASF19
 175 00ca 04       		.byte	0x4
 176 00cb 54       		.byte	0x54
 177 00cc 7A000000 		.4byte	0x7a
 178 00d0 03       		.uleb128 0x3
 179 00d1 E5030000 		.4byte	.LASF20
 180 00d5 05       		.byte	0x5
 181 00d6 4D       		.byte	0x4d
 182 00d7 C5000000 		.4byte	0xc5
 183 00db 03       		.uleb128 0x3
 184 00dc 79000000 		.4byte	.LASF21
 185 00e0 05       		.byte	0x5
 186 00e1 4F       		.byte	0x4f
 187 00e2 C5000000 		.4byte	0xc5
 188 00e6 03       		.uleb128 0x3
 189 00e7 98000000 		.4byte	.LASF22
 190 00eb 05       		.byte	0x5
 191 00ec 78       		.byte	0x78
 192 00ed BA000000 		.4byte	0xba
 193 00f1 05       		.uleb128 0x5
 194 00f2 01       		.byte	0x1
 195 00f3 25000000 		.4byte	0x25
 196 00f7 06       		.byte	0x6
 197 00f8 CF       		.byte	0xcf
 198 00f9 9A010000 		.4byte	0x19a
 199 00fd 06       		.uleb128 0x6
 200 00fe 13000000 		.4byte	.LASF23
 201 0102 00       		.byte	0
 202 0103 07       		.uleb128 0x7
 203 0104 1E040000 		.4byte	.LASF24
 204 0108 7F       		.sleb128 -1
 205 0109 07       		.uleb128 0x7
 206 010a 2D020000 		.4byte	.LASF25
 207 010e 7E       		.sleb128 -2
 208 010f 07       		.uleb128 0x7
 209 0110 6B000000 		.4byte	.LASF26
 210 0114 7D       		.sleb128 -3
 211 0115 07       		.uleb128 0x7
 212 0116 27040000 		.4byte	.LASF27
 213 011a 7C       		.sleb128 -4
 214 011b 07       		.uleb128 0x7
 215 011c F4000000 		.4byte	.LASF28
 216 0120 7B       		.sleb128 -5
 217 0121 07       		.uleb128 0x7
 218 0122 3C000000 		.4byte	.LASF29
 219 0126 7A       		.sleb128 -6
 220 0127 07       		.uleb128 0x7
ARM GAS  C:\Users\bolob\AppData\Local\Temp\cc9UCG2m.s 			page 6


 221 0128 76010000 		.4byte	.LASF30
 222 012c 79       		.sleb128 -7
 223 012d 07       		.uleb128 0x7
 224 012e 43030000 		.4byte	.LASF31
 225 0132 78       		.sleb128 -8
 226 0133 07       		.uleb128 0x7
 227 0134 3B020000 		.4byte	.LASF32
 228 0138 77       		.sleb128 -9
 229 0139 07       		.uleb128 0x7
 230 013a 88010000 		.4byte	.LASF33
 231 013e 76       		.sleb128 -10
 232 013f 07       		.uleb128 0x7
 233 0140 67040000 		.4byte	.LASF34
 234 0144 75       		.sleb128 -11
 235 0145 07       		.uleb128 0x7
 236 0146 1F020000 		.4byte	.LASF35
 237 014a 74       		.sleb128 -12
 238 014b 07       		.uleb128 0x7
 239 014c D3030000 		.4byte	.LASF36
 240 0150 73       		.sleb128 -13
 241 0151 07       		.uleb128 0x7
 242 0152 00000000 		.4byte	.LASF37
 243 0156 72       		.sleb128 -14
 244 0157 07       		.uleb128 0x7
 245 0158 1E000000 		.4byte	.LASF38
 246 015c 71       		.sleb128 -15
 247 015d 07       		.uleb128 0x7
 248 015e A0010000 		.4byte	.LASF39
 249 0162 70       		.sleb128 -16
 250 0163 07       		.uleb128 0x7
 251 0164 60030000 		.4byte	.LASF40
 252 0168 6F       		.sleb128 -17
 253 0169 07       		.uleb128 0x7
 254 016a 4D000000 		.4byte	.LASF41
 255 016e 6E       		.sleb128 -18
 256 016f 07       		.uleb128 0x7
 257 0170 49010000 		.4byte	.LASF42
 258 0174 6D       		.sleb128 -19
 259 0175 07       		.uleb128 0x7
 260 0176 74030000 		.4byte	.LASF43
 261 017a 6C       		.sleb128 -20
 262 017b 07       		.uleb128 0x7
 263 017c B1010000 		.4byte	.LASF44
 264 0180 6B       		.sleb128 -21
 265 0181 07       		.uleb128 0x7
 266 0182 FF030000 		.4byte	.LASF45
 267 0186 6A       		.sleb128 -22
 268 0187 07       		.uleb128 0x7
 269 0188 AF000000 		.4byte	.LASF46
 270 018c 69       		.sleb128 -23
 271 018d 07       		.uleb128 0x7
 272 018e 5C010000 		.4byte	.LASF47
 273 0192 68       		.sleb128 -24
 274 0193 07       		.uleb128 0x7
 275 0194 09010000 		.4byte	.LASF48
 276 0198 67       		.sleb128 -25
 277 0199 00       		.byte	0
ARM GAS  C:\Users\bolob\AppData\Local\Temp\cc9UCG2m.s 			page 7


 278 019a 03       		.uleb128 0x3
 279 019b 62040000 		.4byte	.LASF49
 280 019f 06       		.byte	0x6
 281 01a0 EA       		.byte	0xea
 282 01a1 F1000000 		.4byte	0xf1
 283 01a5 08       		.uleb128 0x8
 284 01a6 01       		.byte	0x1
 285 01a7 07       		.byte	0x7
 286 01a8 21       		.byte	0x21
 287 01a9 BA010000 		.4byte	0x1ba
 288 01ad 09       		.uleb128 0x9
 289 01ae 81000000 		.4byte	.LASF63
 290 01b2 07       		.byte	0x7
 291 01b3 23       		.byte	0x23
 292 01b4 81000000 		.4byte	0x81
 293 01b8 00       		.byte	0
 294 01b9 00       		.byte	0
 295 01ba 03       		.uleb128 0x3
 296 01bb 9F000000 		.4byte	.LASF50
 297 01bf 07       		.byte	0x7
 298 01c0 26       		.byte	0x26
 299 01c1 A5010000 		.4byte	0x1a5
 300 01c5 0A       		.uleb128 0xa
 301 01c6 DD010000 		.4byte	.LASF51
 302 01ca 01       		.byte	0x1
 303 01cb 29       		.byte	0x29
 304 01cc 9A010000 		.4byte	0x19a
 305 01d0 00000000 		.4byte	.LFB110
 306 01d4 04000000 		.4byte	.LFE110-.LFB110
 307 01d8 01       		.uleb128 0x1
 308 01d9 9C       		.byte	0x9c
 309 01da EE010000 		.4byte	0x1ee
 310 01de 0B       		.uleb128 0xb
 311 01df A2030000 		.4byte	.LASF53
 312 01e3 01       		.byte	0x1
 313 01e4 29       		.byte	0x29
 314 01e5 F4010000 		.4byte	0x1f4
 315 01e9 00000000 		.4byte	.LLST0
 316 01ed 00       		.byte	0
 317 01ee 0C       		.uleb128 0xc
 318 01ef 04       		.byte	0x4
 319 01f0 BA010000 		.4byte	0x1ba
 320 01f4 0D       		.uleb128 0xd
 321 01f5 EE010000 		.4byte	0x1ee
 322 01f9 0A       		.uleb128 0xa
 323 01fa 4F040000 		.4byte	.LASF52
 324 01fe 01       		.byte	0x1
 325 01ff 37       		.byte	0x37
 326 0200 9A010000 		.4byte	0x19a
 327 0204 00000000 		.4byte	.LFB111
 328 0208 04000000 		.4byte	.LFE111-.LFB111
 329 020c 01       		.uleb128 0x1
 330 020d 9C       		.byte	0x9c
 331 020e 22020000 		.4byte	0x222
 332 0212 0B       		.uleb128 0xb
 333 0213 A2030000 		.4byte	.LASF53
 334 0217 01       		.byte	0x1
ARM GAS  C:\Users\bolob\AppData\Local\Temp\cc9UCG2m.s 			page 8


 335 0218 37       		.byte	0x37
 336 0219 2D020000 		.4byte	0x22d
 337 021d 21000000 		.4byte	.LLST1
 338 0221 00       		.byte	0
 339 0222 0C       		.uleb128 0xc
 340 0223 04       		.byte	0x4
 341 0224 28020000 		.4byte	0x228
 342 0228 0D       		.uleb128 0xd
 343 0229 BA010000 		.4byte	0x1ba
 344 022d 0D       		.uleb128 0xd
 345 022e 22020000 		.4byte	0x222
 346 0232 0E       		.uleb128 0xe
 347 0233 37040000 		.4byte	.LASF54
 348 0237 08       		.byte	0x8
 349 0238 40       		.byte	0x40
 350 0239 D0000000 		.4byte	0xd0
 351 023d 0E       		.uleb128 0xe
 352 023e 30010000 		.4byte	.LASF55
 353 0242 08       		.byte	0x8
 354 0243 47       		.byte	0x47
 355 0244 DB000000 		.4byte	0xdb
 356 0248 0E       		.uleb128 0xe
 357 0249 A7030000 		.4byte	.LASF56
 358 024d 08       		.byte	0x8
 359 024e 4A       		.byte	0x4a
 360 024f D0000000 		.4byte	0xd0
 361 0253 0E       		.uleb128 0xe
 362 0254 DB000000 		.4byte	.LASF57
 363 0258 09       		.byte	0x9
 364 0259 48       		.byte	0x48
 365 025a E6000000 		.4byte	0xe6
 366 025e 0E       		.uleb128 0xe
 367 025f C6000000 		.4byte	.LASF58
 368 0263 0A       		.byte	0xa
 369 0264 44       		.byte	0x44
 370 0265 D0000000 		.4byte	0xd0
 371 0269 0F       		.uleb128 0xf
 372 026a 11040000 		.4byte	.LASF59
 373 026e 0B       		.byte	0xb
 374 026f 1207     		.2byte	0x712
 375 0271 75020000 		.4byte	0x275
 376 0275 10       		.uleb128 0x10
 377 0276 8C000000 		.4byte	0x8c
 378 027a 00       		.byte	0
 379              		.section	.debug_abbrev,"",%progbits
 380              	.Ldebug_abbrev0:
 381 0000 01       		.uleb128 0x1
 382 0001 11       		.uleb128 0x11
 383 0002 01       		.byte	0x1
 384 0003 25       		.uleb128 0x25
 385 0004 0E       		.uleb128 0xe
 386 0005 13       		.uleb128 0x13
 387 0006 0B       		.uleb128 0xb
 388 0007 03       		.uleb128 0x3
 389 0008 0E       		.uleb128 0xe
 390 0009 1B       		.uleb128 0x1b
 391 000a 0E       		.uleb128 0xe
ARM GAS  C:\Users\bolob\AppData\Local\Temp\cc9UCG2m.s 			page 9


 392 000b 55       		.uleb128 0x55
 393 000c 17       		.uleb128 0x17
 394 000d 11       		.uleb128 0x11
 395 000e 01       		.uleb128 0x1
 396 000f 10       		.uleb128 0x10
 397 0010 17       		.uleb128 0x17
 398 0011 00       		.byte	0
 399 0012 00       		.byte	0
 400 0013 02       		.uleb128 0x2
 401 0014 24       		.uleb128 0x24
 402 0015 00       		.byte	0
 403 0016 0B       		.uleb128 0xb
 404 0017 0B       		.uleb128 0xb
 405 0018 3E       		.uleb128 0x3e
 406 0019 0B       		.uleb128 0xb
 407 001a 03       		.uleb128 0x3
 408 001b 0E       		.uleb128 0xe
 409 001c 00       		.byte	0
 410 001d 00       		.byte	0
 411 001e 03       		.uleb128 0x3
 412 001f 16       		.uleb128 0x16
 413 0020 00       		.byte	0
 414 0021 03       		.uleb128 0x3
 415 0022 0E       		.uleb128 0xe
 416 0023 3A       		.uleb128 0x3a
 417 0024 0B       		.uleb128 0xb
 418 0025 3B       		.uleb128 0x3b
 419 0026 0B       		.uleb128 0xb
 420 0027 49       		.uleb128 0x49
 421 0028 13       		.uleb128 0x13
 422 0029 00       		.byte	0
 423 002a 00       		.byte	0
 424 002b 04       		.uleb128 0x4
 425 002c 24       		.uleb128 0x24
 426 002d 00       		.byte	0
 427 002e 0B       		.uleb128 0xb
 428 002f 0B       		.uleb128 0xb
 429 0030 3E       		.uleb128 0x3e
 430 0031 0B       		.uleb128 0xb
 431 0032 03       		.uleb128 0x3
 432 0033 08       		.uleb128 0x8
 433 0034 00       		.byte	0
 434 0035 00       		.byte	0
 435 0036 05       		.uleb128 0x5
 436 0037 04       		.uleb128 0x4
 437 0038 01       		.byte	0x1
 438 0039 0B       		.uleb128 0xb
 439 003a 0B       		.uleb128 0xb
 440 003b 49       		.uleb128 0x49
 441 003c 13       		.uleb128 0x13
 442 003d 3A       		.uleb128 0x3a
 443 003e 0B       		.uleb128 0xb
 444 003f 3B       		.uleb128 0x3b
 445 0040 0B       		.uleb128 0xb
 446 0041 01       		.uleb128 0x1
 447 0042 13       		.uleb128 0x13
 448 0043 00       		.byte	0
ARM GAS  C:\Users\bolob\AppData\Local\Temp\cc9UCG2m.s 			page 10


 449 0044 00       		.byte	0
 450 0045 06       		.uleb128 0x6
 451 0046 28       		.uleb128 0x28
 452 0047 00       		.byte	0
 453 0048 03       		.uleb128 0x3
 454 0049 0E       		.uleb128 0xe
 455 004a 1C       		.uleb128 0x1c
 456 004b 0B       		.uleb128 0xb
 457 004c 00       		.byte	0
 458 004d 00       		.byte	0
 459 004e 07       		.uleb128 0x7
 460 004f 28       		.uleb128 0x28
 461 0050 00       		.byte	0
 462 0051 03       		.uleb128 0x3
 463 0052 0E       		.uleb128 0xe
 464 0053 1C       		.uleb128 0x1c
 465 0054 0D       		.uleb128 0xd
 466 0055 00       		.byte	0
 467 0056 00       		.byte	0
 468 0057 08       		.uleb128 0x8
 469 0058 13       		.uleb128 0x13
 470 0059 01       		.byte	0x1
 471 005a 0B       		.uleb128 0xb
 472 005b 0B       		.uleb128 0xb
 473 005c 3A       		.uleb128 0x3a
 474 005d 0B       		.uleb128 0xb
 475 005e 3B       		.uleb128 0x3b
 476 005f 0B       		.uleb128 0xb
 477 0060 01       		.uleb128 0x1
 478 0061 13       		.uleb128 0x13
 479 0062 00       		.byte	0
 480 0063 00       		.byte	0
 481 0064 09       		.uleb128 0x9
 482 0065 0D       		.uleb128 0xd
 483 0066 00       		.byte	0
 484 0067 03       		.uleb128 0x3
 485 0068 0E       		.uleb128 0xe
 486 0069 3A       		.uleb128 0x3a
 487 006a 0B       		.uleb128 0xb
 488 006b 3B       		.uleb128 0x3b
 489 006c 0B       		.uleb128 0xb
 490 006d 49       		.uleb128 0x49
 491 006e 13       		.uleb128 0x13
 492 006f 38       		.uleb128 0x38
 493 0070 0B       		.uleb128 0xb
 494 0071 00       		.byte	0
 495 0072 00       		.byte	0
 496 0073 0A       		.uleb128 0xa
 497 0074 2E       		.uleb128 0x2e
 498 0075 01       		.byte	0x1
 499 0076 3F       		.uleb128 0x3f
 500 0077 19       		.uleb128 0x19
 501 0078 03       		.uleb128 0x3
 502 0079 0E       		.uleb128 0xe
 503 007a 3A       		.uleb128 0x3a
 504 007b 0B       		.uleb128 0xb
 505 007c 3B       		.uleb128 0x3b
ARM GAS  C:\Users\bolob\AppData\Local\Temp\cc9UCG2m.s 			page 11


 506 007d 0B       		.uleb128 0xb
 507 007e 27       		.uleb128 0x27
 508 007f 19       		.uleb128 0x19
 509 0080 49       		.uleb128 0x49
 510 0081 13       		.uleb128 0x13
 511 0082 11       		.uleb128 0x11
 512 0083 01       		.uleb128 0x1
 513 0084 12       		.uleb128 0x12
 514 0085 06       		.uleb128 0x6
 515 0086 40       		.uleb128 0x40
 516 0087 18       		.uleb128 0x18
 517 0088 9742     		.uleb128 0x2117
 518 008a 19       		.uleb128 0x19
 519 008b 01       		.uleb128 0x1
 520 008c 13       		.uleb128 0x13
 521 008d 00       		.byte	0
 522 008e 00       		.byte	0
 523 008f 0B       		.uleb128 0xb
 524 0090 05       		.uleb128 0x5
 525 0091 00       		.byte	0
 526 0092 03       		.uleb128 0x3
 527 0093 0E       		.uleb128 0xe
 528 0094 3A       		.uleb128 0x3a
 529 0095 0B       		.uleb128 0xb
 530 0096 3B       		.uleb128 0x3b
 531 0097 0B       		.uleb128 0xb
 532 0098 49       		.uleb128 0x49
 533 0099 13       		.uleb128 0x13
 534 009a 02       		.uleb128 0x2
 535 009b 17       		.uleb128 0x17
 536 009c 00       		.byte	0
 537 009d 00       		.byte	0
 538 009e 0C       		.uleb128 0xc
 539 009f 0F       		.uleb128 0xf
 540 00a0 00       		.byte	0
 541 00a1 0B       		.uleb128 0xb
 542 00a2 0B       		.uleb128 0xb
 543 00a3 49       		.uleb128 0x49
 544 00a4 13       		.uleb128 0x13
 545 00a5 00       		.byte	0
 546 00a6 00       		.byte	0
 547 00a7 0D       		.uleb128 0xd
 548 00a8 26       		.uleb128 0x26
 549 00a9 00       		.byte	0
 550 00aa 49       		.uleb128 0x49
 551 00ab 13       		.uleb128 0x13
 552 00ac 00       		.byte	0
 553 00ad 00       		.byte	0
 554 00ae 0E       		.uleb128 0xe
 555 00af 34       		.uleb128 0x34
 556 00b0 00       		.byte	0
 557 00b1 03       		.uleb128 0x3
 558 00b2 0E       		.uleb128 0xe
 559 00b3 3A       		.uleb128 0x3a
 560 00b4 0B       		.uleb128 0xb
 561 00b5 3B       		.uleb128 0x3b
 562 00b6 0B       		.uleb128 0xb
ARM GAS  C:\Users\bolob\AppData\Local\Temp\cc9UCG2m.s 			page 12


 563 00b7 49       		.uleb128 0x49
 564 00b8 13       		.uleb128 0x13
 565 00b9 3F       		.uleb128 0x3f
 566 00ba 19       		.uleb128 0x19
 567 00bb 3C       		.uleb128 0x3c
 568 00bc 19       		.uleb128 0x19
 569 00bd 00       		.byte	0
 570 00be 00       		.byte	0
 571 00bf 0F       		.uleb128 0xf
 572 00c0 34       		.uleb128 0x34
 573 00c1 00       		.byte	0
 574 00c2 03       		.uleb128 0x3
 575 00c3 0E       		.uleb128 0xe
 576 00c4 3A       		.uleb128 0x3a
 577 00c5 0B       		.uleb128 0xb
 578 00c6 3B       		.uleb128 0x3b
 579 00c7 05       		.uleb128 0x5
 580 00c8 49       		.uleb128 0x49
 581 00c9 13       		.uleb128 0x13
 582 00ca 3F       		.uleb128 0x3f
 583 00cb 19       		.uleb128 0x19
 584 00cc 3C       		.uleb128 0x3c
 585 00cd 19       		.uleb128 0x19
 586 00ce 00       		.byte	0
 587 00cf 00       		.byte	0
 588 00d0 10       		.uleb128 0x10
 589 00d1 35       		.uleb128 0x35
 590 00d2 00       		.byte	0
 591 00d3 49       		.uleb128 0x49
 592 00d4 13       		.uleb128 0x13
 593 00d5 00       		.byte	0
 594 00d6 00       		.byte	0
 595 00d7 00       		.byte	0
 596              		.section	.debug_loc,"",%progbits
 597              	.Ldebug_loc0:
 598              	.LLST0:
 599 0000 00000000 		.4byte	.LVL0
 600 0004 02000000 		.4byte	.LVL1
 601 0008 0100     		.2byte	0x1
 602 000a 50       		.byte	0x50
 603 000b 02000000 		.4byte	.LVL1
 604 000f 04000000 		.4byte	.LFE110
 605 0013 0400     		.2byte	0x4
 606 0015 F3       		.byte	0xf3
 607 0016 01       		.uleb128 0x1
 608 0017 50       		.byte	0x50
 609 0018 9F       		.byte	0x9f
 610 0019 00000000 		.4byte	0
 611 001d 00000000 		.4byte	0
 612              	.LLST1:
 613 0021 00000000 		.4byte	.LVL2
 614 0025 02000000 		.4byte	.LVL3
 615 0029 0100     		.2byte	0x1
 616 002b 50       		.byte	0x50
 617 002c 02000000 		.4byte	.LVL3
 618 0030 04000000 		.4byte	.LFE111
 619 0034 0400     		.2byte	0x4
ARM GAS  C:\Users\bolob\AppData\Local\Temp\cc9UCG2m.s 			page 13


 620 0036 F3       		.byte	0xf3
 621 0037 01       		.uleb128 0x1
 622 0038 50       		.byte	0x50
 623 0039 9F       		.byte	0x9f
 624 003a 00000000 		.4byte	0
 625 003e 00000000 		.4byte	0
 626              		.section	.debug_aranges,"",%progbits
 627 0000 24000000 		.4byte	0x24
 628 0004 0200     		.2byte	0x2
 629 0006 00000000 		.4byte	.Ldebug_info0
 630 000a 04       		.byte	0x4
 631 000b 00       		.byte	0
 632 000c 0000     		.2byte	0
 633 000e 0000     		.2byte	0
 634 0010 00000000 		.4byte	.LFB110
 635 0014 04000000 		.4byte	.LFE110-.LFB110
 636 0018 00000000 		.4byte	.LFB111
 637 001c 04000000 		.4byte	.LFE111-.LFB111
 638 0020 00000000 		.4byte	0
 639 0024 00000000 		.4byte	0
 640              		.section	.debug_ranges,"",%progbits
 641              	.Ldebug_ranges0:
 642 0000 00000000 		.4byte	.LFB110
 643 0004 04000000 		.4byte	.LFE110
 644 0008 00000000 		.4byte	.LFB111
 645 000c 04000000 		.4byte	.LFE111
 646 0010 00000000 		.4byte	0
 647 0014 00000000 		.4byte	0
 648              		.section	.debug_line,"",%progbits
 649              	.Ldebug_line0:
 650 0000 57020000 		.section	.debug_str,"MS",%progbits,1
 650      02002D02 
 650      00000201 
 650      FB0E0D00 
 650      01010101 
 651              	.LASF37:
 652 0000 52435F45 		.ascii	"RC_ERROR_READ_ONLY\000"
 652      52524F52 
 652      5F524541 
 652      445F4F4E 
 652      4C5900
 653              	.LASF23:
 654 0013 52435F53 		.ascii	"RC_SUCCESS\000"
 654      55434345 
 654      535300
 655              	.LASF38:
 656 001e 52435F45 		.ascii	"RC_ERROR_WRITE_ONLY\000"
 656      52524F52 
 656      5F575249 
 656      54455F4F 
 656      4E4C5900 
 657              	.LASF2:
 658 0032 73686F72 		.ascii	"short int\000"
 658      7420696E 
 658      7400
 659              	.LASF29:
 660 003c 52435F45 		.ascii	"RC_ERROR_OVERRUN\000"
ARM GAS  C:\Users\bolob\AppData\Local\Temp\cc9UCG2m.s 			page 14


 660      52524F52 
 660      5F4F5645 
 660      5252554E 
 660      00
 661              	.LASF41:
 662 004d 52435F45 		.ascii	"RC_ERROR_WRITE_FAILS\000"
 662      52524F52 
 662      5F575249 
 662      54455F46 
 662      41494C53 
 663              	.LASF17:
 664 0062 73697A65 		.ascii	"sizetype\000"
 664      74797065 
 664      00
 665              	.LASF26:
 666 006b 52435F45 		.ascii	"RC_ERROR_ZERO\000"
 666      52524F52 
 666      5F5A4552 
 666      4F00
 667              	.LASF21:
 668 0079 45455F46 		.ascii	"EE_FREG\000"
 668      52454700 
 669              	.LASF63:
 670 0081 63757272 		.ascii	"currentSpeed\000"
 670      656E7453 
 670      70656564 
 670      00
 671              	.LASF19:
 672 008e 45455F55 		.ascii	"EE_UINT32\000"
 672      494E5433 
 672      3200
 673              	.LASF22:
 674 0098 45455F54 		.ascii	"EE_TID\000"
 674      494400
 675              	.LASF50:
 676 009f 53435F53 		.ascii	"SC_SPEED_data_t\000"
 676      50454544 
 676      5F646174 
 676      615F7400 
 677              	.LASF46:
 678 00af 52435F45 		.ascii	"RC_ERROR_INVALID_STATE\000"
 678      52524F52 
 678      5F494E56 
 678      414C4944 
 678      5F535441 
 679              	.LASF58:
 680 00c6 45455F49 		.ascii	"EE_IRQ_nesting_level\000"
 680      52515F6E 
 680      65737469 
 680      6E675F6C 
 680      6576656C 
 681              	.LASF57:
 682 00db 45455F73 		.ascii	"EE_std_endcycle_next_tid\000"
 682      74645F65 
 682      6E646379 
 682      636C655F 
 682      6E657874 
ARM GAS  C:\Users\bolob\AppData\Local\Temp\cc9UCG2m.s 			page 15


 683              	.LASF28:
 684 00f4 52435F45 		.ascii	"RC_ERROR_RANGE\000"
 684      52524F52 
 684      5F52414E 
 684      474500
 685              	.LASF13:
 686 0103 666C6F61 		.ascii	"float\000"
 686      7400
 687              	.LASF48:
 688 0109 52435F45 		.ascii	"RC_ERROR_NOT_IMPLEMENTED\000"
 688      52524F52 
 688      5F4E4F54 
 688      5F494D50 
 688      4C454D45 
 689              	.LASF8:
 690 0122 6C6F6E67 		.ascii	"long long int\000"
 690      206C6F6E 
 690      6720696E 
 690      7400
 691              	.LASF55:
 692 0130 45455F6F 		.ascii	"EE_oo_IRQ_suspend_status\000"
 692      6F5F4952 
 692      515F7375 
 692      7370656E 
 692      645F7374 
 693              	.LASF42:
 694 0149 52435F45 		.ascii	"RC_ERROR_NOT_MATCH\000"
 694      52524F52 
 694      5F4E4F54 
 694      5F4D4154 
 694      434800
 695              	.LASF47:
 696 015c 52435F45 		.ascii	"RC_ERROR_UNKNOWN\000"
 696      52524F52 
 696      5F554E4B 
 696      4E4F574E 
 696      00
 697              	.LASF6:
 698 016d 6C6F6E67 		.ascii	"long int\000"
 698      20696E74 
 698      00
 699              	.LASF30:
 700 0176 52435F45 		.ascii	"RC_ERROR_UNDERRUN\000"
 700      52524F52 
 700      5F554E44 
 700      45525255 
 700      4E00
 701              	.LASF33:
 702 0188 52435F45 		.ascii	"RC_ERROR_BUSY\000"
 702      52524F52 
 702      5F425553 
 702      5900
 703              	.LASF4:
 704 0196 5F5F7569 		.ascii	"__uint8_t\000"
 704      6E74385F 
 704      7400
 705              	.LASF39:
ARM GAS  C:\Users\bolob\AppData\Local\Temp\cc9UCG2m.s 			page 16


 706 01a0 52435F45 		.ascii	"RC_ERROR_INVALID\000"
 706      52524F52 
 706      5F494E56 
 706      414C4944 
 706      00
 707              	.LASF44:
 708 01b1 52435F45 		.ascii	"RC_ERROR_BAD_DATA\000"
 708      52524F52 
 708      5F424144 
 708      5F444154 
 708      4100
 709              	.LASF16:
 710 01c3 6C6F6E67 		.ascii	"long double\000"
 710      20646F75 
 710      626C6500 
 711              	.LASF1:
 712 01cf 756E7369 		.ascii	"unsigned char\000"
 712      676E6564 
 712      20636861 
 712      7200
 713              	.LASF51:
 714 01dd 53435F53 		.ascii	"SC_SPEED_driverIn\000"
 714      50454544 
 714      5F647269 
 714      76657249 
 714      6E00
 715              	.LASF0:
 716 01ef 7369676E 		.ascii	"signed char\000"
 716      65642063 
 716      68617200 
 717              	.LASF9:
 718 01fb 6C6F6E67 		.ascii	"long long unsigned int\000"
 718      206C6F6E 
 718      6720756E 
 718      7369676E 
 718      65642069 
 719              	.LASF10:
 720 0212 756E7369 		.ascii	"unsigned int\000"
 720      676E6564 
 720      20696E74 
 720      00
 721              	.LASF35:
 722 021f 52435F45 		.ascii	"RC_ERROR_OPEN\000"
 722      52524F52 
 722      5F4F5045 
 722      4E00
 723              	.LASF25:
 724 022d 52435F45 		.ascii	"RC_ERROR_NULL\000"
 724      52524F52 
 724      5F4E554C 
 724      4C00
 725              	.LASF32:
 726 023b 52435F45 		.ascii	"RC_ERROR_BUFFER_EMTPY\000"
 726      52524F52 
 726      5F425546 
 726      4645525F 
 726      454D5450 
ARM GAS  C:\Users\bolob\AppData\Local\Temp\cc9UCG2m.s 			page 17


 727              	.LASF18:
 728 0251 45455F49 		.ascii	"EE_INT32\000"
 728      4E543332 
 728      00
 729              	.LASF62:
 730 025a 433A5C55 		.ascii	"C:\\Users\\bolob\\Documents\\PSoC Creator\\Clock\\E"
 730      73657273 
 730      5C626F6C 
 730      6F625C44 
 730      6F63756D 
 731 0287 6C656374 		.ascii	"lectronic_Clock.cydsn\000"
 731      726F6E69 
 731      635F436C 
 731      6F636B2E 
 731      63796473 
 732              	.LASF3:
 733 029d 73686F72 		.ascii	"short unsigned int\000"
 733      7420756E 
 733      7369676E 
 733      65642069 
 733      6E7400
 734              	.LASF60:
 735 02b0 474E5520 		.ascii	"GNU C11 5.4.1 20160609 (release) [ARM/embedded-5-br"
 735      43313120 
 735      352E342E 
 735      31203230 
 735      31363036 
 736 02e3 616E6368 		.ascii	"anch revision 237715] -mcpu=cortex-m3 -mthumb -g -O"
 736      20726576 
 736      6973696F 
 736      6E203233 
 736      37373135 
 737 0316 67202D66 		.ascii	"g -ffunction-sections -ffat-lto-objects\000"
 737      66756E63 
 737      74696F6E 
 737      2D736563 
 737      74696F6E 
 738              	.LASF15:
 739 033e 63686172 		.ascii	"char\000"
 739      00
 740              	.LASF31:
 741 0343 52435F45 		.ascii	"RC_ERROR_BUFFER_FULL\000"
 741      52524F52 
 741      5F425546 
 741      4645525F 
 741      46554C4C 
 742              	.LASF12:
 743 0358 696E7433 		.ascii	"int32_t\000"
 743      325F7400 
 744              	.LASF40:
 745 0360 52435F45 		.ascii	"RC_ERROR_READ_FAILS\000"
 745      52524F52 
 745      5F524541 
 745      445F4641 
 745      494C5300 
 746              	.LASF43:
 747 0374 52435F45 		.ascii	"RC_ERROR_BAD_PARAM\000"
ARM GAS  C:\Users\bolob\AppData\Local\Temp\cc9UCG2m.s 			page 18


 747      52524F52 
 747      5F424144 
 747      5F504152 
 747      414D00
 748              	.LASF61:
 749 0387 736F7572 		.ascii	"source\\rte\\sc_speed_type.c\000"
 749      63655C72 
 749      74655C73 
 749      635F7370 
 749      6565645F 
 750              	.LASF53:
 751 03a2 64617461 		.ascii	"data\000"
 751      00
 752              	.LASF56:
 753 03a7 45455F41 		.ascii	"EE_ApplicationMode\000"
 753      70706C69 
 753      63617469 
 753      6F6E4D6F 
 753      646500
 754              	.LASF7:
 755 03ba 6C6F6E67 		.ascii	"long unsigned int\000"
 755      20756E73 
 755      69676E65 
 755      6420696E 
 755      7400
 756              	.LASF14:
 757 03cc 646F7562 		.ascii	"double\000"
 757      6C6500
 758              	.LASF36:
 759 03d3 52435F45 		.ascii	"RC_ERROR_CHECKSUM\000"
 759      52524F52 
 759      5F434845 
 759      434B5355 
 759      4D00
 760              	.LASF20:
 761 03e5 45455F55 		.ascii	"EE_UREG\000"
 761      52454700 
 762              	.LASF5:
 763 03ed 5F5F696E 		.ascii	"__int32_t\000"
 763      7433325F 
 763      7400
 764              	.LASF11:
 765 03f7 75696E74 		.ascii	"uint8_t\000"
 765      385F7400 
 766              	.LASF45:
 767 03ff 52435F45 		.ascii	"RC_ERROR_CANCELED\000"
 767      52524F52 
 767      5F43414E 
 767      43454C45 
 767      4400
 768              	.LASF59:
 769 0411 49544D5F 		.ascii	"ITM_RxBuffer\000"
 769      52784275 
 769      66666572 
 769      00
 770              	.LASF24:
 771 041e 52435F45 		.ascii	"RC_ERROR\000"
ARM GAS  C:\Users\bolob\AppData\Local\Temp\cc9UCG2m.s 			page 19


 771      52524F52 
 771      00
 772              	.LASF27:
 773 0427 52435F45 		.ascii	"RC_ERROR_MEMORY\000"
 773      52524F52 
 773      5F4D454D 
 773      4F525900 
 774              	.LASF54:
 775 0437 45455F6F 		.ascii	"EE_oo_IRQ_disable_count\000"
 775      6F5F4952 
 775      515F6469 
 775      7361626C 
 775      655F636F 
 776              	.LASF52:
 777 044f 53435F53 		.ascii	"SC_SPEED_driverOut\000"
 777      50454544 
 777      5F647269 
 777      7665724F 
 777      757400
 778              	.LASF49:
 779 0462 52435F74 		.ascii	"RC_t\000"
 779      00
 780              	.LASF34:
 781 0467 52435F45 		.ascii	"RC_ERROR_TIME_OUT\000"
 781      52524F52 
 781      5F54494D 
 781      455F4F55 
 781      5400
 782              		.ident	"GCC: (GNU Tools for ARM Embedded Processors) 5.4.1 20160609 (release) [ARM/embedded-5-bran
