ARM GAS  C:\Users\bolob\AppData\Local\Temp\ccNXPyM2.s 			page 1


   1              		.syntax unified
   2              		.cpu cortex-m3
   3              		.fpu softvfp
   4              		.eabi_attribute 20, 1
   5              		.eabi_attribute 21, 1
   6              		.eabi_attribute 23, 3
   7              		.eabi_attribute 24, 1
   8              		.eabi_attribute 25, 1
   9              		.eabi_attribute 26, 1
  10              		.eabi_attribute 30, 1
  11              		.eabi_attribute 34, 1
  12              		.eabi_attribute 18, 4
  13              		.thumb
  14              		.syntax unified
  15              		.file	"tsk_control.c"
  16              		.text
  17              	.Ltext0:
  18              		.cfi_sections	.debug_frame
  19              		.section	.text.Functsk_control,"ax",%progbits
  20              		.align	2
  21              		.global	Functsk_control
  22              		.thumb
  23              		.thumb_func
  24              		.type	Functsk_control, %function
  25              	Functsk_control:
  26              	.LFB133:
  27              		.file 1 "source\\asw\\tsk_control.c"
   1:source\asw/tsk_control.c **** /*
   2:source\asw/tsk_control.c ****  * Filename: tsk_control.c
   3:source\asw/tsk_control.c ****  *
   4:source\asw/tsk_control.c ****  * Author: Autogenerated by H-DA RTE Generator, (c) Prof. Fromm
   5:source\asw/tsk_control.c ****  *
   6:source\asw/tsk_control.c ****  * description: Task will call the application code (control algorithm, ADAS functions,..)
   7:source\asw/tsk_control.c ****  * events: ev_event_onData
   8:source\asw/tsk_control.c ****  * mode: Event
   9:source\asw/tsk_control.c ****  * name: tsk_control
  10:source\asw/tsk_control.c ****  * shortname: control
  11:source\asw/tsk_control.c ****  * signalpoolsRO: sp_common
  12:source\asw/tsk_control.c ****  * signalpoolsRW: sp_common
  13:source\asw/tsk_control.c ****  * tickEvent: 0
  14:source\asw/tsk_control.c ****  * timertickperiod: 1
  15:source\asw/tsk_control.c ****  *
  16:source\asw/tsk_control.c ****  */
  17:source\asw/tsk_control.c **** 
  18:source\asw/tsk_control.c **** #include "project.h"
  19:source\asw/tsk_control.c **** #include "global.h"
  20:source\asw/tsk_control.c **** #include "rte.h"
  21:source\asw/tsk_control.c **** #include "rte_types.h"
  22:source\asw/tsk_control.c **** #include "tsk_control.h"
  23:source\asw/tsk_control.c **** 
  24:source\asw/tsk_control.c **** 
  25:source\asw/tsk_control.c **** 
  26:source\asw/tsk_control.c **** /* USER CODE START TSK_CONTROL_INCLUDE */
  27:source\asw/tsk_control.c **** 
  28:source\asw/tsk_control.c **** /* USER CODE END TSK_CONTROL_INCLUDE */
  29:source\asw/tsk_control.c **** 
  30:source\asw/tsk_control.c **** #include "swc_clock.h"
ARM GAS  C:\Users\bolob\AppData\Local\Temp\ccNXPyM2.s 			page 2


  31:source\asw/tsk_control.c **** 
  32:source\asw/tsk_control.c **** 
  33:source\asw/tsk_control.c **** 
  34:source\asw/tsk_control.c **** /* USER CODE START TSK_CONTROL_USERDEFINITIONS */
  35:source\asw/tsk_control.c **** 
  36:source\asw/tsk_control.c **** /* USER CODE END TSK_CONTROL_USERDEFINITIONS */
  37:source\asw/tsk_control.c **** 
  38:source\asw/tsk_control.c **** /*******************************************************************************
  39:source\asw/tsk_control.c ****  * Runnable Tables from Activation Engine
  40:source\asw/tsk_control.c ****  *******************************************************************************/
  41:source\asw/tsk_control.c **** 
  42:source\asw/tsk_control.c **** /* Event Table */
  43:source\asw/tsk_control.c **** const RTE_eventTable_t RTE_eventActivationTable_tsk_control[] = {
  44:source\asw/tsk_control.c ****     { CLOCK_contol_run, ev_event_onData },  //Statemachine runnable
  45:source\asw/tsk_control.c **** }; 
  46:source\asw/tsk_control.c **** const uint16_t RTE_eventActivation_tsk_control_size = sizeof (RTE_eventActivationTable_tsk_control)
  47:source\asw/tsk_control.c **** 
  48:source\asw/tsk_control.c **** /*******************************************************************************
  49:source\asw/tsk_control.c ****  * Task Body
  50:source\asw/tsk_control.c ****  *******************************************************************************/
  51:source\asw/tsk_control.c **** 
  52:source\asw/tsk_control.c **** 
  53:source\asw/tsk_control.c **** /*
  54:source\asw/tsk_control.c ****  * description: Task will call the application code (control algorithm, ADAS functions,..)
  55:source\asw/tsk_control.c ****  * events: ev_event_onData
  56:source\asw/tsk_control.c ****  * mode: Event
  57:source\asw/tsk_control.c ****  * name: tsk_control
  58:source\asw/tsk_control.c ****  * shortname: control
  59:source\asw/tsk_control.c ****  * signalpoolsRO: sp_common
  60:source\asw/tsk_control.c ****  * signalpoolsRW: sp_common
  61:source\asw/tsk_control.c ****  * tickEvent: 0
  62:source\asw/tsk_control.c ****  * timertickperiod: 1
  63:source\asw/tsk_control.c ****  */
  64:source\asw/tsk_control.c **** TASK(tsk_control)
  65:source\asw/tsk_control.c **** {
  28              		.loc 1 65 0
  29              		.cfi_startproc
  30              		@ args = 0, pretend = 0, frame = 8
  31              		@ frame_needed = 0, uses_anonymous_args = 0
  32 0000 00B5     		push	{lr}
  33              		.cfi_def_cfa_offset 4
  34              		.cfi_offset 14, -4
  35 0002 83B0     		sub	sp, sp, #12
  36              		.cfi_def_cfa_offset 16
  66:source\asw/tsk_control.c ****     EventMaskType ev = 0;
  37              		.loc 1 66 0
  38 0004 0023     		movs	r3, #0
  39 0006 0193     		str	r3, [sp, #4]
  40              	.L2:
  67:source\asw/tsk_control.c ****     
  68:source\asw/tsk_control.c **** 	/* USER CODE START TSK_CONTROL_INIT */
  69:source\asw/tsk_control.c **** 
  70:source\asw/tsk_control.c **** 	/* USER CODE END TSK_CONTROL_INIT */
  71:source\asw/tsk_control.c **** 	
  72:source\asw/tsk_control.c ****     while(1)
  73:source\asw/tsk_control.c ****     {
  74:source\asw/tsk_control.c ****         //Wait, read and clear the event
ARM GAS  C:\Users\bolob\AppData\Local\Temp\ccNXPyM2.s 			page 3


  75:source\asw/tsk_control.c ****         WaitEvent(ev_event_onData);
  41              		.loc 1 75 0 discriminator 1
  42 0008 0120     		movs	r0, #1
  43 000a FFF7FEFF 		bl	EE_oo_WaitEvent
  44              	.LVL0:
  76:source\asw/tsk_control.c ****         GetEvent(tsk_control,&ev);
  45              		.loc 1 76 0 discriminator 1
  46 000e 01A9     		add	r1, sp, #4
  47 0010 0320     		movs	r0, #3
  48 0012 FFF7FEFF 		bl	EE_oo_GetEvent
  49              	.LVL1:
  77:source\asw/tsk_control.c ****         ClearEvent(ev);
  50              		.loc 1 77 0 discriminator 1
  51 0016 0198     		ldr	r0, [sp, #4]
  52 0018 FFF7FEFF 		bl	EE_oo_ClearEvent
  53              	.LVL2:
  78:source\asw/tsk_control.c **** 		
  79:source\asw/tsk_control.c **** 		/* USER CODE START TSK_CONTROL_TASKBODY_PRE */
  80:source\asw/tsk_control.c **** 
  81:source\asw/tsk_control.c **** 		/* USER CODE END TSK_CONTROL_TASKBODY_PRE */
  82:source\asw/tsk_control.c ****     
  83:source\asw/tsk_control.c **** 
  84:source\asw/tsk_control.c ****         //Process Event table on event
  85:source\asw/tsk_control.c ****         RTE_ProcessEventTable(RTE_eventActivationTable_tsk_control, RTE_eventActivation_tsk_control
  54              		.loc 1 85 0 discriminator 1
  55 001c 019A     		ldr	r2, [sp, #4]
  56 001e 0121     		movs	r1, #1
  57 0020 0148     		ldr	r0, .L4
  58 0022 FFF7FEFF 		bl	RTE_ProcessEventTable
  59              	.LVL3:
  60 0026 EFE7     		b	.L2
  61              	.L5:
  62              		.align	2
  63              	.L4:
  64 0028 00000000 		.word	.LANCHOR0
  65              		.cfi_endproc
  66              	.LFE133:
  67              		.size	Functsk_control, .-Functsk_control
  68              		.global	RTE_eventActivation_tsk_control_size
  69              		.global	RTE_eventActivationTable_tsk_control
  70              		.section	.rodata
  71              		.align	2
  72              		.set	.LANCHOR0,. + 0
  73              		.type	RTE_eventActivationTable_tsk_control, %object
  74              		.size	RTE_eventActivationTable_tsk_control, 8
  75              	RTE_eventActivationTable_tsk_control:
  76 0000 00000000 		.word	CLOCK_contol_run
  77 0004 01000000 		.word	1
  78              		.type	RTE_eventActivation_tsk_control_size, %object
  79              		.size	RTE_eventActivation_tsk_control_size, 2
  80              	RTE_eventActivation_tsk_control_size:
  81 0008 0100     		.short	1
  82              		.text
  83              	.Letext0:
  84              		.file 2 "c:\\program files (x86)\\cypress\\psoc creator\\4.4\\psoc creator\\import\\gnu\\arm\\5.4.
  85              		.file 3 "c:\\program files (x86)\\cypress\\psoc creator\\4.4\\psoc creator\\import\\gnu\\arm\\5.4.
  86              		.file 4 "Generated_Source\\PSoC5/ErikaOS_1_common_ee_types.inc"
ARM GAS  C:\Users\bolob\AppData\Local\Temp\ccNXPyM2.s 			page 4


  87              		.file 5 "Generated_Source\\PSoC5/ErikaOS_1_cortex_mx_ee_cpu.inc"
  88              		.file 6 "Generated_Source\\PSoC5/ErikaOS_1_ee_oo_common.inc"
  89              		.file 7 ".\\source\\rte/rte_types.h"
  90              		.file 8 ".\\source\\rte/rte.h"
  91              		.file 9 "Generated_Source\\PSoC5/ErikaOS_1_ee_oo_intfunc.inc"
  92              		.file 10 "Generated_Source\\PSoC5/ErikaOS_1_cortex_mx_ee_context.inc"
  93              		.file 11 "Generated_Source\\PSoC5/ErikaOS_1_common_ee_primitives.inc"
  94              		.file 12 "Generated_Source\\PSoC5/core_cm3.h"
  95              		.file 13 "Generated_Source\\PSoC5/ErikaOS_1_ee_oo_kernel.inc"
  96              		.section	.debug_info,"",%progbits
  97              	.Ldebug_info0:
  98 0000 75020000 		.4byte	0x275
  99 0004 0400     		.2byte	0x4
 100 0006 00000000 		.4byte	.Ldebug_abbrev0
 101 000a 04       		.byte	0x4
 102 000b 01       		.uleb128 0x1
 103 000c F3000000 		.4byte	.LASF40
 104 0010 0C       		.byte	0xc
 105 0011 77020000 		.4byte	.LASF41
 106 0015 FE020000 		.4byte	.LASF42
 107 0019 00000000 		.4byte	.Ldebug_ranges0+0
 108 001d 00000000 		.4byte	0
 109 0021 00000000 		.4byte	.Ldebug_line0
 110 0025 02       		.uleb128 0x2
 111 0026 01       		.byte	0x1
 112 0027 06       		.byte	0x6
 113 0028 D5020000 		.4byte	.LASF0
 114 002c 02       		.uleb128 0x2
 115 002d 01       		.byte	0x1
 116 002e 08       		.byte	0x8
 117 002f E5000000 		.4byte	.LASF1
 118 0033 02       		.uleb128 0x2
 119 0034 02       		.byte	0x2
 120 0035 05       		.byte	0x5
 121 0036 AD020000 		.4byte	.LASF2
 122 003a 03       		.uleb128 0x3
 123 003b D4010000 		.4byte	.LASF4
 124 003f 02       		.byte	0x2
 125 0040 2B       		.byte	0x2b
 126 0041 45000000 		.4byte	0x45
 127 0045 02       		.uleb128 0x2
 128 0046 02       		.byte	0x2
 129 0047 07       		.byte	0x7
 130 0048 9C010000 		.4byte	.LASF3
 131 004c 03       		.uleb128 0x3
 132 004d 3F000000 		.4byte	.LASF5
 133 0051 02       		.byte	0x2
 134 0052 3F       		.byte	0x3f
 135 0053 57000000 		.4byte	0x57
 136 0057 02       		.uleb128 0x2
 137 0058 04       		.byte	0x4
 138 0059 05       		.byte	0x5
 139 005a C0020000 		.4byte	.LASF6
 140 005e 02       		.uleb128 0x2
 141 005f 04       		.byte	0x4
 142 0060 07       		.byte	0x7
 143 0061 8A010000 		.4byte	.LASF7
ARM GAS  C:\Users\bolob\AppData\Local\Temp\ccNXPyM2.s 			page 5


 144 0065 02       		.uleb128 0x2
 145 0066 08       		.byte	0x8
 146 0067 05       		.byte	0x5
 147 0068 00000000 		.4byte	.LASF8
 148 006c 02       		.uleb128 0x2
 149 006d 08       		.byte	0x8
 150 006e 07       		.byte	0x7
 151 006f CE000000 		.4byte	.LASF9
 152 0073 04       		.uleb128 0x4
 153 0074 04       		.byte	0x4
 154 0075 05       		.byte	0x5
 155 0076 696E7400 		.ascii	"int\000"
 156 007a 02       		.uleb128 0x2
 157 007b 04       		.byte	0x4
 158 007c 07       		.byte	0x7
 159 007d 19020000 		.4byte	.LASF10
 160 0081 03       		.uleb128 0x3
 161 0082 B7020000 		.4byte	.LASF11
 162 0086 03       		.byte	0x3
 163 0087 24       		.byte	0x24
 164 0088 3A000000 		.4byte	0x3a
 165 008c 03       		.uleb128 0x3
 166 008d 66020000 		.4byte	.LASF12
 167 0091 03       		.byte	0x3
 168 0092 2C       		.byte	0x2c
 169 0093 4C000000 		.4byte	0x4c
 170 0097 02       		.uleb128 0x2
 171 0098 04       		.byte	0x4
 172 0099 04       		.byte	0x4
 173 009a A3000000 		.4byte	.LASF13
 174 009e 02       		.uleb128 0x2
 175 009f 08       		.byte	0x8
 176 00a0 04       		.byte	0x4
 177 00a1 7C000000 		.4byte	.LASF14
 178 00a5 02       		.uleb128 0x2
 179 00a6 01       		.byte	0x1
 180 00a7 08       		.byte	0x8
 181 00a8 38020000 		.4byte	.LASF15
 182 00ac 02       		.uleb128 0x2
 183 00ad 08       		.byte	0x8
 184 00ae 04       		.byte	0x4
 185 00af C9020000 		.4byte	.LASF16
 186 00b3 02       		.uleb128 0x2
 187 00b4 04       		.byte	0x4
 188 00b5 07       		.byte	0x7
 189 00b6 6E020000 		.4byte	.LASF17
 190 00ba 03       		.uleb128 0x3
 191 00bb 81010000 		.4byte	.LASF18
 192 00bf 04       		.byte	0x4
 193 00c0 53       		.byte	0x53
 194 00c1 73000000 		.4byte	0x73
 195 00c5 03       		.uleb128 0x3
 196 00c6 2E020000 		.4byte	.LASF19
 197 00ca 04       		.byte	0x4
 198 00cb 54       		.byte	0x54
 199 00cc 7A000000 		.4byte	0x7a
 200 00d0 03       		.uleb128 0x3
ARM GAS  C:\Users\bolob\AppData\Local\Temp\ccNXPyM2.s 			page 6


 201 00d1 90020000 		.4byte	.LASF20
 202 00d5 05       		.byte	0x5
 203 00d6 4D       		.byte	0x4d
 204 00d7 C5000000 		.4byte	0xc5
 205 00db 03       		.uleb128 0x3
 206 00dc 26020000 		.4byte	.LASF21
 207 00e0 05       		.byte	0x5
 208 00e1 4F       		.byte	0x4f
 209 00e2 C5000000 		.4byte	0xc5
 210 00e6 03       		.uleb128 0x3
 211 00e7 9C000000 		.4byte	.LASF22
 212 00eb 05       		.byte	0x5
 213 00ec 78       		.byte	0x78
 214 00ed BA000000 		.4byte	0xba
 215 00f1 05       		.uleb128 0x5
 216 00f2 49000000 		.4byte	.LASF23
 217 00f6 06       		.byte	0x6
 218 00f7 2C02     		.2byte	0x22c
 219 00f9 D0000000 		.4byte	0xd0
 220 00fd 03       		.uleb128 0x3
 221 00fe DF010000 		.4byte	.LASF24
 222 0102 07       		.byte	0x7
 223 0103 21       		.byte	0x21
 224 0104 F1000000 		.4byte	0xf1
 225 0108 03       		.uleb128 0x3
 226 0109 E1020000 		.4byte	.LASF25
 227 010d 08       		.byte	0x8
 228 010e 66       		.byte	0x66
 229 010f 13010000 		.4byte	0x113
 230 0113 06       		.uleb128 0x6
 231 0114 04       		.byte	0x4
 232 0115 19010000 		.4byte	0x119
 233 0119 07       		.uleb128 0x7
 234 011a 24010000 		.4byte	0x124
 235 011e 08       		.uleb128 0x8
 236 011f FD000000 		.4byte	0xfd
 237 0123 00       		.byte	0
 238 0124 09       		.uleb128 0x9
 239 0125 08       		.byte	0x8
 240 0126 08       		.byte	0x8
 241 0127 74       		.byte	0x74
 242 0128 45010000 		.4byte	0x145
 243 012c 0A       		.uleb128 0xa
 244 012d 72756E00 		.ascii	"run\000"
 245 0131 08       		.byte	0x8
 246 0132 76       		.byte	0x76
 247 0133 08010000 		.4byte	0x108
 248 0137 00       		.byte	0
 249 0138 0B       		.uleb128 0xb
 250 0139 FA010000 		.4byte	.LASF26
 251 013d 08       		.byte	0x8
 252 013e 77       		.byte	0x77
 253 013f F1000000 		.4byte	0xf1
 254 0143 04       		.byte	0x4
 255 0144 00       		.byte	0
 256 0145 03       		.uleb128 0x3
 257 0146 2E000000 		.4byte	.LASF27
ARM GAS  C:\Users\bolob\AppData\Local\Temp\ccNXPyM2.s 			page 7


 258 014a 08       		.byte	0x8
 259 014b 78       		.byte	0x78
 260 014c 24010000 		.4byte	0x124
 261 0150 0C       		.uleb128 0xc
 262 0151 81000000 		.4byte	0x81
 263 0155 0D       		.uleb128 0xd
 264 0156 0E000000 		.4byte	.LASF43
 265 015a 01       		.byte	0x1
 266 015b 40       		.byte	0x40
 267 015c 00000000 		.4byte	.LFB133
 268 0160 2C000000 		.4byte	.LFE133-.LFB133
 269 0164 01       		.uleb128 0x1
 270 0165 9C       		.byte	0x9c
 271 0166 C5010000 		.4byte	0x1c5
 272 016a 0E       		.uleb128 0xe
 273 016b 657600   		.ascii	"ev\000"
 274 016e 01       		.byte	0x1
 275 016f 42       		.byte	0x42
 276 0170 F1000000 		.4byte	0xf1
 277 0174 02       		.uleb128 0x2
 278 0175 91       		.byte	0x91
 279 0176 74       		.sleb128 -12
 280 0177 0F       		.uleb128 0xf
 281 0178 0E000000 		.4byte	.LVL0
 282 017c 49020000 		.4byte	0x249
 283 0180 8A010000 		.4byte	0x18a
 284 0184 10       		.uleb128 0x10
 285 0185 01       		.uleb128 0x1
 286 0186 50       		.byte	0x50
 287 0187 01       		.uleb128 0x1
 288 0188 31       		.byte	0x31
 289 0189 00       		.byte	0
 290 018a 0F       		.uleb128 0xf
 291 018b 16000000 		.4byte	.LVL1
 292 018f 55020000 		.4byte	0x255
 293 0193 A3010000 		.4byte	0x1a3
 294 0197 10       		.uleb128 0x10
 295 0198 01       		.uleb128 0x1
 296 0199 50       		.byte	0x50
 297 019a 01       		.uleb128 0x1
 298 019b 33       		.byte	0x33
 299 019c 10       		.uleb128 0x10
 300 019d 01       		.uleb128 0x1
 301 019e 51       		.byte	0x51
 302 019f 02       		.uleb128 0x2
 303 01a0 91       		.byte	0x91
 304 01a1 74       		.sleb128 -12
 305 01a2 00       		.byte	0
 306 01a3 11       		.uleb128 0x11
 307 01a4 1C000000 		.4byte	.LVL2
 308 01a8 61020000 		.4byte	0x261
 309 01ac 12       		.uleb128 0x12
 310 01ad 26000000 		.4byte	.LVL3
 311 01b1 6D020000 		.4byte	0x26d
 312 01b5 10       		.uleb128 0x10
 313 01b6 01       		.uleb128 0x1
 314 01b7 50       		.byte	0x50
ARM GAS  C:\Users\bolob\AppData\Local\Temp\ccNXPyM2.s 			page 8


 315 01b8 05       		.uleb128 0x5
 316 01b9 03       		.byte	0x3
 317 01ba 00000000 		.4byte	.LANCHOR0
 318 01be 10       		.uleb128 0x10
 319 01bf 01       		.uleb128 0x1
 320 01c0 51       		.byte	0x51
 321 01c1 01       		.uleb128 0x1
 322 01c2 31       		.byte	0x31
 323 01c3 00       		.byte	0
 324 01c4 00       		.byte	0
 325 01c5 13       		.uleb128 0x13
 326 01c6 AF010000 		.4byte	.LASF28
 327 01ca 09       		.byte	0x9
 328 01cb 40       		.byte	0x40
 329 01cc D0000000 		.4byte	0xd0
 330 01d0 13       		.uleb128 0x13
 331 01d1 83000000 		.4byte	.LASF29
 332 01d5 09       		.byte	0x9
 333 01d6 47       		.byte	0x47
 334 01d7 DB000000 		.4byte	0xdb
 335 01db 13       		.uleb128 0x13
 336 01dc 3D020000 		.4byte	.LASF30
 337 01e0 09       		.byte	0x9
 338 01e1 4A       		.byte	0x4a
 339 01e2 D0000000 		.4byte	0xd0
 340 01e6 13       		.uleb128 0x13
 341 01e7 00020000 		.4byte	.LASF31
 342 01eb 0A       		.byte	0xa
 343 01ec 48       		.byte	0x48
 344 01ed E6000000 		.4byte	0xe6
 345 01f1 13       		.uleb128 0x13
 346 01f2 98020000 		.4byte	.LASF32
 347 01f6 0B       		.byte	0xb
 348 01f7 44       		.byte	0x44
 349 01f8 D0000000 		.4byte	0xd0
 350 01fc 14       		.uleb128 0x14
 351 01fd C7010000 		.4byte	.LASF33
 352 0201 0C       		.byte	0xc
 353 0202 1207     		.2byte	0x712
 354 0204 08020000 		.4byte	0x208
 355 0208 15       		.uleb128 0x15
 356 0209 8C000000 		.4byte	0x8c
 357 020d 16       		.uleb128 0x16
 358 020e 1D020000 		.4byte	0x21d
 359 0212 1D020000 		.4byte	0x21d
 360 0216 17       		.uleb128 0x17
 361 0217 B3000000 		.4byte	0xb3
 362 021b 00       		.byte	0
 363 021c 00       		.byte	0
 364 021d 0C       		.uleb128 0xc
 365 021e 45010000 		.4byte	0x145
 366 0222 18       		.uleb128 0x18
 367 0223 A9000000 		.4byte	.LASF34
 368 0227 01       		.byte	0x1
 369 0228 2B       		.byte	0x2b
 370 0229 33020000 		.4byte	0x233
 371 022d 05       		.uleb128 0x5
ARM GAS  C:\Users\bolob\AppData\Local\Temp\ccNXPyM2.s 			page 9


 372 022e 03       		.byte	0x3
 373 022f 00000000 		.4byte	RTE_eventActivationTable_tsk_control
 374 0233 0C       		.uleb128 0xc
 375 0234 0D020000 		.4byte	0x20d
 376 0238 18       		.uleb128 0x18
 377 0239 57000000 		.4byte	.LASF35
 378 023d 01       		.byte	0x1
 379 023e 2E       		.byte	0x2e
 380 023f 50010000 		.4byte	0x150
 381 0243 05       		.uleb128 0x5
 382 0244 03       		.byte	0x3
 383 0245 00000000 		.4byte	RTE_eventActivation_tsk_control_size
 384 0249 19       		.uleb128 0x19
 385 024a 1E000000 		.4byte	.LASF36
 386 024e 1E000000 		.4byte	.LASF36
 387 0252 0D       		.byte	0xd
 388 0253 5901     		.2byte	0x159
 389 0255 19       		.uleb128 0x19
 390 0256 EF020000 		.4byte	.LASF37
 391 025a EF020000 		.4byte	.LASF37
 392 025e 0D       		.byte	0xd
 393 025f 5401     		.2byte	0x154
 394 0261 19       		.uleb128 0x19
 395 0262 E9010000 		.4byte	.LASF38
 396 0266 E9010000 		.4byte	.LASF38
 397 026a 0D       		.byte	0xd
 398 026b 4F01     		.2byte	0x14f
 399 026d 1A       		.uleb128 0x1a
 400 026e 50020000 		.4byte	.LASF39
 401 0272 50020000 		.4byte	.LASF39
 402 0276 08       		.byte	0x8
 403 0277 97       		.byte	0x97
 404 0278 00       		.byte	0
 405              		.section	.debug_abbrev,"",%progbits
 406              	.Ldebug_abbrev0:
 407 0000 01       		.uleb128 0x1
 408 0001 11       		.uleb128 0x11
 409 0002 01       		.byte	0x1
 410 0003 25       		.uleb128 0x25
 411 0004 0E       		.uleb128 0xe
 412 0005 13       		.uleb128 0x13
 413 0006 0B       		.uleb128 0xb
 414 0007 03       		.uleb128 0x3
 415 0008 0E       		.uleb128 0xe
 416 0009 1B       		.uleb128 0x1b
 417 000a 0E       		.uleb128 0xe
 418 000b 55       		.uleb128 0x55
 419 000c 17       		.uleb128 0x17
 420 000d 11       		.uleb128 0x11
 421 000e 01       		.uleb128 0x1
 422 000f 10       		.uleb128 0x10
 423 0010 17       		.uleb128 0x17
 424 0011 00       		.byte	0
 425 0012 00       		.byte	0
 426 0013 02       		.uleb128 0x2
 427 0014 24       		.uleb128 0x24
 428 0015 00       		.byte	0
ARM GAS  C:\Users\bolob\AppData\Local\Temp\ccNXPyM2.s 			page 10


 429 0016 0B       		.uleb128 0xb
 430 0017 0B       		.uleb128 0xb
 431 0018 3E       		.uleb128 0x3e
 432 0019 0B       		.uleb128 0xb
 433 001a 03       		.uleb128 0x3
 434 001b 0E       		.uleb128 0xe
 435 001c 00       		.byte	0
 436 001d 00       		.byte	0
 437 001e 03       		.uleb128 0x3
 438 001f 16       		.uleb128 0x16
 439 0020 00       		.byte	0
 440 0021 03       		.uleb128 0x3
 441 0022 0E       		.uleb128 0xe
 442 0023 3A       		.uleb128 0x3a
 443 0024 0B       		.uleb128 0xb
 444 0025 3B       		.uleb128 0x3b
 445 0026 0B       		.uleb128 0xb
 446 0027 49       		.uleb128 0x49
 447 0028 13       		.uleb128 0x13
 448 0029 00       		.byte	0
 449 002a 00       		.byte	0
 450 002b 04       		.uleb128 0x4
 451 002c 24       		.uleb128 0x24
 452 002d 00       		.byte	0
 453 002e 0B       		.uleb128 0xb
 454 002f 0B       		.uleb128 0xb
 455 0030 3E       		.uleb128 0x3e
 456 0031 0B       		.uleb128 0xb
 457 0032 03       		.uleb128 0x3
 458 0033 08       		.uleb128 0x8
 459 0034 00       		.byte	0
 460 0035 00       		.byte	0
 461 0036 05       		.uleb128 0x5
 462 0037 16       		.uleb128 0x16
 463 0038 00       		.byte	0
 464 0039 03       		.uleb128 0x3
 465 003a 0E       		.uleb128 0xe
 466 003b 3A       		.uleb128 0x3a
 467 003c 0B       		.uleb128 0xb
 468 003d 3B       		.uleb128 0x3b
 469 003e 05       		.uleb128 0x5
 470 003f 49       		.uleb128 0x49
 471 0040 13       		.uleb128 0x13
 472 0041 00       		.byte	0
 473 0042 00       		.byte	0
 474 0043 06       		.uleb128 0x6
 475 0044 0F       		.uleb128 0xf
 476 0045 00       		.byte	0
 477 0046 0B       		.uleb128 0xb
 478 0047 0B       		.uleb128 0xb
 479 0048 49       		.uleb128 0x49
 480 0049 13       		.uleb128 0x13
 481 004a 00       		.byte	0
 482 004b 00       		.byte	0
 483 004c 07       		.uleb128 0x7
 484 004d 15       		.uleb128 0x15
 485 004e 01       		.byte	0x1
ARM GAS  C:\Users\bolob\AppData\Local\Temp\ccNXPyM2.s 			page 11


 486 004f 27       		.uleb128 0x27
 487 0050 19       		.uleb128 0x19
 488 0051 01       		.uleb128 0x1
 489 0052 13       		.uleb128 0x13
 490 0053 00       		.byte	0
 491 0054 00       		.byte	0
 492 0055 08       		.uleb128 0x8
 493 0056 05       		.uleb128 0x5
 494 0057 00       		.byte	0
 495 0058 49       		.uleb128 0x49
 496 0059 13       		.uleb128 0x13
 497 005a 00       		.byte	0
 498 005b 00       		.byte	0
 499 005c 09       		.uleb128 0x9
 500 005d 13       		.uleb128 0x13
 501 005e 01       		.byte	0x1
 502 005f 0B       		.uleb128 0xb
 503 0060 0B       		.uleb128 0xb
 504 0061 3A       		.uleb128 0x3a
 505 0062 0B       		.uleb128 0xb
 506 0063 3B       		.uleb128 0x3b
 507 0064 0B       		.uleb128 0xb
 508 0065 01       		.uleb128 0x1
 509 0066 13       		.uleb128 0x13
 510 0067 00       		.byte	0
 511 0068 00       		.byte	0
 512 0069 0A       		.uleb128 0xa
 513 006a 0D       		.uleb128 0xd
 514 006b 00       		.byte	0
 515 006c 03       		.uleb128 0x3
 516 006d 08       		.uleb128 0x8
 517 006e 3A       		.uleb128 0x3a
 518 006f 0B       		.uleb128 0xb
 519 0070 3B       		.uleb128 0x3b
 520 0071 0B       		.uleb128 0xb
 521 0072 49       		.uleb128 0x49
 522 0073 13       		.uleb128 0x13
 523 0074 38       		.uleb128 0x38
 524 0075 0B       		.uleb128 0xb
 525 0076 00       		.byte	0
 526 0077 00       		.byte	0
 527 0078 0B       		.uleb128 0xb
 528 0079 0D       		.uleb128 0xd
 529 007a 00       		.byte	0
 530 007b 03       		.uleb128 0x3
 531 007c 0E       		.uleb128 0xe
 532 007d 3A       		.uleb128 0x3a
 533 007e 0B       		.uleb128 0xb
 534 007f 3B       		.uleb128 0x3b
 535 0080 0B       		.uleb128 0xb
 536 0081 49       		.uleb128 0x49
 537 0082 13       		.uleb128 0x13
 538 0083 38       		.uleb128 0x38
 539 0084 0B       		.uleb128 0xb
 540 0085 00       		.byte	0
 541 0086 00       		.byte	0
 542 0087 0C       		.uleb128 0xc
ARM GAS  C:\Users\bolob\AppData\Local\Temp\ccNXPyM2.s 			page 12


 543 0088 26       		.uleb128 0x26
 544 0089 00       		.byte	0
 545 008a 49       		.uleb128 0x49
 546 008b 13       		.uleb128 0x13
 547 008c 00       		.byte	0
 548 008d 00       		.byte	0
 549 008e 0D       		.uleb128 0xd
 550 008f 2E       		.uleb128 0x2e
 551 0090 01       		.byte	0x1
 552 0091 3F       		.uleb128 0x3f
 553 0092 19       		.uleb128 0x19
 554 0093 03       		.uleb128 0x3
 555 0094 0E       		.uleb128 0xe
 556 0095 3A       		.uleb128 0x3a
 557 0096 0B       		.uleb128 0xb
 558 0097 3B       		.uleb128 0x3b
 559 0098 0B       		.uleb128 0xb
 560 0099 27       		.uleb128 0x27
 561 009a 19       		.uleb128 0x19
 562 009b 8701     		.uleb128 0x87
 563 009d 19       		.uleb128 0x19
 564 009e 11       		.uleb128 0x11
 565 009f 01       		.uleb128 0x1
 566 00a0 12       		.uleb128 0x12
 567 00a1 06       		.uleb128 0x6
 568 00a2 40       		.uleb128 0x40
 569 00a3 18       		.uleb128 0x18
 570 00a4 9742     		.uleb128 0x2117
 571 00a6 19       		.uleb128 0x19
 572 00a7 01       		.uleb128 0x1
 573 00a8 13       		.uleb128 0x13
 574 00a9 00       		.byte	0
 575 00aa 00       		.byte	0
 576 00ab 0E       		.uleb128 0xe
 577 00ac 34       		.uleb128 0x34
 578 00ad 00       		.byte	0
 579 00ae 03       		.uleb128 0x3
 580 00af 08       		.uleb128 0x8
 581 00b0 3A       		.uleb128 0x3a
 582 00b1 0B       		.uleb128 0xb
 583 00b2 3B       		.uleb128 0x3b
 584 00b3 0B       		.uleb128 0xb
 585 00b4 49       		.uleb128 0x49
 586 00b5 13       		.uleb128 0x13
 587 00b6 02       		.uleb128 0x2
 588 00b7 18       		.uleb128 0x18
 589 00b8 00       		.byte	0
 590 00b9 00       		.byte	0
 591 00ba 0F       		.uleb128 0xf
 592 00bb 898201   		.uleb128 0x4109
 593 00be 01       		.byte	0x1
 594 00bf 11       		.uleb128 0x11
 595 00c0 01       		.uleb128 0x1
 596 00c1 31       		.uleb128 0x31
 597 00c2 13       		.uleb128 0x13
 598 00c3 01       		.uleb128 0x1
 599 00c4 13       		.uleb128 0x13
ARM GAS  C:\Users\bolob\AppData\Local\Temp\ccNXPyM2.s 			page 13


 600 00c5 00       		.byte	0
 601 00c6 00       		.byte	0
 602 00c7 10       		.uleb128 0x10
 603 00c8 8A8201   		.uleb128 0x410a
 604 00cb 00       		.byte	0
 605 00cc 02       		.uleb128 0x2
 606 00cd 18       		.uleb128 0x18
 607 00ce 9142     		.uleb128 0x2111
 608 00d0 18       		.uleb128 0x18
 609 00d1 00       		.byte	0
 610 00d2 00       		.byte	0
 611 00d3 11       		.uleb128 0x11
 612 00d4 898201   		.uleb128 0x4109
 613 00d7 00       		.byte	0
 614 00d8 11       		.uleb128 0x11
 615 00d9 01       		.uleb128 0x1
 616 00da 31       		.uleb128 0x31
 617 00db 13       		.uleb128 0x13
 618 00dc 00       		.byte	0
 619 00dd 00       		.byte	0
 620 00de 12       		.uleb128 0x12
 621 00df 898201   		.uleb128 0x4109
 622 00e2 01       		.byte	0x1
 623 00e3 11       		.uleb128 0x11
 624 00e4 01       		.uleb128 0x1
 625 00e5 31       		.uleb128 0x31
 626 00e6 13       		.uleb128 0x13
 627 00e7 00       		.byte	0
 628 00e8 00       		.byte	0
 629 00e9 13       		.uleb128 0x13
 630 00ea 34       		.uleb128 0x34
 631 00eb 00       		.byte	0
 632 00ec 03       		.uleb128 0x3
 633 00ed 0E       		.uleb128 0xe
 634 00ee 3A       		.uleb128 0x3a
 635 00ef 0B       		.uleb128 0xb
 636 00f0 3B       		.uleb128 0x3b
 637 00f1 0B       		.uleb128 0xb
 638 00f2 49       		.uleb128 0x49
 639 00f3 13       		.uleb128 0x13
 640 00f4 3F       		.uleb128 0x3f
 641 00f5 19       		.uleb128 0x19
 642 00f6 3C       		.uleb128 0x3c
 643 00f7 19       		.uleb128 0x19
 644 00f8 00       		.byte	0
 645 00f9 00       		.byte	0
 646 00fa 14       		.uleb128 0x14
 647 00fb 34       		.uleb128 0x34
 648 00fc 00       		.byte	0
 649 00fd 03       		.uleb128 0x3
 650 00fe 0E       		.uleb128 0xe
 651 00ff 3A       		.uleb128 0x3a
 652 0100 0B       		.uleb128 0xb
 653 0101 3B       		.uleb128 0x3b
 654 0102 05       		.uleb128 0x5
 655 0103 49       		.uleb128 0x49
 656 0104 13       		.uleb128 0x13
ARM GAS  C:\Users\bolob\AppData\Local\Temp\ccNXPyM2.s 			page 14


 657 0105 3F       		.uleb128 0x3f
 658 0106 19       		.uleb128 0x19
 659 0107 3C       		.uleb128 0x3c
 660 0108 19       		.uleb128 0x19
 661 0109 00       		.byte	0
 662 010a 00       		.byte	0
 663 010b 15       		.uleb128 0x15
 664 010c 35       		.uleb128 0x35
 665 010d 00       		.byte	0
 666 010e 49       		.uleb128 0x49
 667 010f 13       		.uleb128 0x13
 668 0110 00       		.byte	0
 669 0111 00       		.byte	0
 670 0112 16       		.uleb128 0x16
 671 0113 01       		.uleb128 0x1
 672 0114 01       		.byte	0x1
 673 0115 49       		.uleb128 0x49
 674 0116 13       		.uleb128 0x13
 675 0117 01       		.uleb128 0x1
 676 0118 13       		.uleb128 0x13
 677 0119 00       		.byte	0
 678 011a 00       		.byte	0
 679 011b 17       		.uleb128 0x17
 680 011c 21       		.uleb128 0x21
 681 011d 00       		.byte	0
 682 011e 49       		.uleb128 0x49
 683 011f 13       		.uleb128 0x13
 684 0120 2F       		.uleb128 0x2f
 685 0121 0B       		.uleb128 0xb
 686 0122 00       		.byte	0
 687 0123 00       		.byte	0
 688 0124 18       		.uleb128 0x18
 689 0125 34       		.uleb128 0x34
 690 0126 00       		.byte	0
 691 0127 03       		.uleb128 0x3
 692 0128 0E       		.uleb128 0xe
 693 0129 3A       		.uleb128 0x3a
 694 012a 0B       		.uleb128 0xb
 695 012b 3B       		.uleb128 0x3b
 696 012c 0B       		.uleb128 0xb
 697 012d 49       		.uleb128 0x49
 698 012e 13       		.uleb128 0x13
 699 012f 3F       		.uleb128 0x3f
 700 0130 19       		.uleb128 0x19
 701 0131 02       		.uleb128 0x2
 702 0132 18       		.uleb128 0x18
 703 0133 00       		.byte	0
 704 0134 00       		.byte	0
 705 0135 19       		.uleb128 0x19
 706 0136 2E       		.uleb128 0x2e
 707 0137 00       		.byte	0
 708 0138 3F       		.uleb128 0x3f
 709 0139 19       		.uleb128 0x19
 710 013a 3C       		.uleb128 0x3c
 711 013b 19       		.uleb128 0x19
 712 013c 6E       		.uleb128 0x6e
 713 013d 0E       		.uleb128 0xe
ARM GAS  C:\Users\bolob\AppData\Local\Temp\ccNXPyM2.s 			page 15


 714 013e 03       		.uleb128 0x3
 715 013f 0E       		.uleb128 0xe
 716 0140 3A       		.uleb128 0x3a
 717 0141 0B       		.uleb128 0xb
 718 0142 3B       		.uleb128 0x3b
 719 0143 05       		.uleb128 0x5
 720 0144 00       		.byte	0
 721 0145 00       		.byte	0
 722 0146 1A       		.uleb128 0x1a
 723 0147 2E       		.uleb128 0x2e
 724 0148 00       		.byte	0
 725 0149 3F       		.uleb128 0x3f
 726 014a 19       		.uleb128 0x19
 727 014b 3C       		.uleb128 0x3c
 728 014c 19       		.uleb128 0x19
 729 014d 6E       		.uleb128 0x6e
 730 014e 0E       		.uleb128 0xe
 731 014f 03       		.uleb128 0x3
 732 0150 0E       		.uleb128 0xe
 733 0151 3A       		.uleb128 0x3a
 734 0152 0B       		.uleb128 0xb
 735 0153 3B       		.uleb128 0x3b
 736 0154 0B       		.uleb128 0xb
 737 0155 00       		.byte	0
 738 0156 00       		.byte	0
 739 0157 00       		.byte	0
 740              		.section	.debug_aranges,"",%progbits
 741 0000 1C000000 		.4byte	0x1c
 742 0004 0200     		.2byte	0x2
 743 0006 00000000 		.4byte	.Ldebug_info0
 744 000a 04       		.byte	0x4
 745 000b 00       		.byte	0
 746 000c 0000     		.2byte	0
 747 000e 0000     		.2byte	0
 748 0010 00000000 		.4byte	.LFB133
 749 0014 2C000000 		.4byte	.LFE133-.LFB133
 750 0018 00000000 		.4byte	0
 751 001c 00000000 		.4byte	0
 752              		.section	.debug_ranges,"",%progbits
 753              	.Ldebug_ranges0:
 754 0000 00000000 		.4byte	.LFB133
 755 0004 2C000000 		.4byte	.LFE133
 756 0008 00000000 		.4byte	0
 757 000c 00000000 		.4byte	0
 758              		.section	.debug_line,"",%progbits
 759              	.Ldebug_line0:
 760 0000 8D020000 		.section	.debug_str,"MS",%progbits,1
 760      02006002 
 760      00000201 
 760      FB0E0D00 
 760      01010101 
 761              	.LASF8:
 762 0000 6C6F6E67 		.ascii	"long long int\000"
 762      206C6F6E 
 762      6720696E 
 762      7400
 763              	.LASF43:
ARM GAS  C:\Users\bolob\AppData\Local\Temp\ccNXPyM2.s 			page 16


 764 000e 46756E63 		.ascii	"Functsk_control\000"
 764      74736B5F 
 764      636F6E74 
 764      726F6C00 
 765              	.LASF36:
 766 001e 45455F6F 		.ascii	"EE_oo_WaitEvent\000"
 766      6F5F5761 
 766      69744576 
 766      656E7400 
 767              	.LASF27:
 768 002e 5254455F 		.ascii	"RTE_eventTable_t\000"
 768      6576656E 
 768      74546162 
 768      6C655F74 
 768      00
 769              	.LASF5:
 770 003f 5F5F696E 		.ascii	"__int32_t\000"
 770      7433325F 
 770      7400
 771              	.LASF23:
 772 0049 4576656E 		.ascii	"EventMaskType\000"
 772      744D6173 
 772      6B547970 
 772      6500
 773              	.LASF35:
 774 0057 5254455F 		.ascii	"RTE_eventActivation_tsk_control_size\000"
 774      6576656E 
 774      74416374 
 774      69766174 
 774      696F6E5F 
 775              	.LASF14:
 776 007c 646F7562 		.ascii	"double\000"
 776      6C6500
 777              	.LASF29:
 778 0083 45455F6F 		.ascii	"EE_oo_IRQ_suspend_status\000"
 778      6F5F4952 
 778      515F7375 
 778      7370656E 
 778      645F7374 
 779              	.LASF22:
 780 009c 45455F54 		.ascii	"EE_TID\000"
 780      494400
 781              	.LASF13:
 782 00a3 666C6F61 		.ascii	"float\000"
 782      7400
 783              	.LASF34:
 784 00a9 5254455F 		.ascii	"RTE_eventActivationTable_tsk_control\000"
 784      6576656E 
 784      74416374 
 784      69766174 
 784      696F6E54 
 785              	.LASF9:
 786 00ce 6C6F6E67 		.ascii	"long long unsigned int\000"
 786      206C6F6E 
 786      6720756E 
 786      7369676E 
 786      65642069 
ARM GAS  C:\Users\bolob\AppData\Local\Temp\ccNXPyM2.s 			page 17


 787              	.LASF1:
 788 00e5 756E7369 		.ascii	"unsigned char\000"
 788      676E6564 
 788      20636861 
 788      7200
 789              	.LASF40:
 790 00f3 474E5520 		.ascii	"GNU C11 5.4.1 20160609 (release) [ARM/embedded-5-br"
 790      43313120 
 790      352E342E 
 790      31203230 
 790      31363036 
 791 0126 616E6368 		.ascii	"anch revision 237715] -mcpu=cortex-m3 -mthumb -g -O"
 791      20726576 
 791      6973696F 
 791      6E203233 
 791      37373135 
 792 0159 67202D66 		.ascii	"g -ffunction-sections -ffat-lto-objects\000"
 792      66756E63 
 792      74696F6E 
 792      2D736563 
 792      74696F6E 
 793              	.LASF18:
 794 0181 45455F49 		.ascii	"EE_INT32\000"
 794      4E543332 
 794      00
 795              	.LASF7:
 796 018a 6C6F6E67 		.ascii	"long unsigned int\000"
 796      20756E73 
 796      69676E65 
 796      6420696E 
 796      7400
 797              	.LASF3:
 798 019c 73686F72 		.ascii	"short unsigned int\000"
 798      7420756E 
 798      7369676E 
 798      65642069 
 798      6E7400
 799              	.LASF28:
 800 01af 45455F6F 		.ascii	"EE_oo_IRQ_disable_count\000"
 800      6F5F4952 
 800      515F6469 
 800      7361626C 
 800      655F636F 
 801              	.LASF33:
 802 01c7 49544D5F 		.ascii	"ITM_RxBuffer\000"
 802      52784275 
 802      66666572 
 802      00
 803              	.LASF4:
 804 01d4 5F5F7569 		.ascii	"__uint16_t\000"
 804      6E743136 
 804      5F7400
 805              	.LASF24:
 806 01df 5254455F 		.ascii	"RTE_event\000"
 806      6576656E 
 806      7400
 807              	.LASF38:
ARM GAS  C:\Users\bolob\AppData\Local\Temp\ccNXPyM2.s 			page 18


 808 01e9 45455F6F 		.ascii	"EE_oo_ClearEvent\000"
 808      6F5F436C 
 808      65617245 
 808      76656E74 
 808      00
 809              	.LASF26:
 810 01fa 6576656E 		.ascii	"event\000"
 810      7400
 811              	.LASF31:
 812 0200 45455F73 		.ascii	"EE_std_endcycle_next_tid\000"
 812      74645F65 
 812      6E646379 
 812      636C655F 
 812      6E657874 
 813              	.LASF10:
 814 0219 756E7369 		.ascii	"unsigned int\000"
 814      676E6564 
 814      20696E74 
 814      00
 815              	.LASF21:
 816 0226 45455F46 		.ascii	"EE_FREG\000"
 816      52454700 
 817              	.LASF19:
 818 022e 45455F55 		.ascii	"EE_UINT32\000"
 818      494E5433 
 818      3200
 819              	.LASF15:
 820 0238 63686172 		.ascii	"char\000"
 820      00
 821              	.LASF30:
 822 023d 45455F41 		.ascii	"EE_ApplicationMode\000"
 822      70706C69 
 822      63617469 
 822      6F6E4D6F 
 822      646500
 823              	.LASF39:
 824 0250 5254455F 		.ascii	"RTE_ProcessEventTable\000"
 824      50726F63 
 824      65737345 
 824      76656E74 
 824      5461626C 
 825              	.LASF12:
 826 0266 696E7433 		.ascii	"int32_t\000"
 826      325F7400 
 827              	.LASF17:
 828 026e 73697A65 		.ascii	"sizetype\000"
 828      74797065 
 828      00
 829              	.LASF41:
 830 0277 736F7572 		.ascii	"source\\asw\\tsk_control.c\000"
 830      63655C61 
 830      73775C74 
 830      736B5F63 
 830      6F6E7472 
 831              	.LASF20:
 832 0290 45455F55 		.ascii	"EE_UREG\000"
 832      52454700 
ARM GAS  C:\Users\bolob\AppData\Local\Temp\ccNXPyM2.s 			page 19


 833              	.LASF32:
 834 0298 45455F49 		.ascii	"EE_IRQ_nesting_level\000"
 834      52515F6E 
 834      65737469 
 834      6E675F6C 
 834      6576656C 
 835              	.LASF2:
 836 02ad 73686F72 		.ascii	"short int\000"
 836      7420696E 
 836      7400
 837              	.LASF11:
 838 02b7 75696E74 		.ascii	"uint16_t\000"
 838      31365F74 
 838      00
 839              	.LASF6:
 840 02c0 6C6F6E67 		.ascii	"long int\000"
 840      20696E74 
 840      00
 841              	.LASF16:
 842 02c9 6C6F6E67 		.ascii	"long double\000"
 842      20646F75 
 842      626C6500 
 843              	.LASF0:
 844 02d5 7369676E 		.ascii	"signed char\000"
 844      65642063 
 844      68617200 
 845              	.LASF25:
 846 02e1 5254455F 		.ascii	"RTE_pRunnable\000"
 846      7052756E 
 846      6E61626C 
 846      6500
 847              	.LASF37:
 848 02ef 45455F6F 		.ascii	"EE_oo_GetEvent\000"
 848      6F5F4765 
 848      74457665 
 848      6E7400
 849              	.LASF42:
 850 02fe 433A5C55 		.ascii	"C:\\Users\\bolob\\Documents\\PSoC Creator\\Clock\\E"
 850      73657273 
 850      5C626F6C 
 850      6F625C44 
 850      6F63756D 
 851 032b 6C656374 		.ascii	"lectronic_Clock.cydsn\000"
 851      726F6E69 
 851      635F436C 
 851      6F636B2E 
 851      63796473 
 852              		.ident	"GCC: (GNU Tools for ARM Embedded Processors) 5.4.1 20160609 (release) [ARM/embedded-5-bran
