ARM GAS  C:\Users\bolob\AppData\Local\Temp\ccW2k9f6.s 			page 1


   1              		.syntax unified
   2              		.cpu cortex-m3
   3              		.fpu softvfp
   4              		.eabi_attribute 20, 1
   5              		.eabi_attribute 21, 1
   6              		.eabi_attribute 23, 3
   7              		.eabi_attribute 24, 1
   8              		.eabi_attribute 25, 1
   9              		.eabi_attribute 26, 1
  10              		.eabi_attribute 30, 1
  11              		.eabi_attribute 34, 1
  12              		.eabi_attribute 18, 4
  13              		.thumb
  14              		.syntax unified
  15              		.file	"tsk_system.c"
  16              		.text
  17              	.Ltext0:
  18              		.cfi_sections	.debug_frame
  19              		.section	.text.Functsk_system,"ax",%progbits
  20              		.align	2
  21              		.global	Functsk_system
  22              		.thumb
  23              		.thumb_func
  24              		.type	Functsk_system, %function
  25              	Functsk_system:
  26              	.LFB110:
  27              		.file 1 "source\\asw\\tsk_system.c"
   1:source\asw/tsk_system.c **** /*
   2:source\asw/tsk_system.c ****  * Filename: tsk_system.c
   3:source\asw/tsk_system.c ****  *
   4:source\asw/tsk_system.c ****  * Author: Autogenerated by H-DA RTE Generator, (c) Prof. Fromm
   5:source\asw/tsk_system.c ****  *
   6:source\asw/tsk_system.c ****  * description: For the age incrementation
   7:source\asw/tsk_system.c ****  * events: 
   8:source\asw/tsk_system.c ****  * mode: Cyclic
   9:source\asw/tsk_system.c ****  * name: tsk_system
  10:source\asw/tsk_system.c ****  * shortname: system
  11:source\asw/tsk_system.c ****  * signalpoolsRO: 
  12:source\asw/tsk_system.c ****  * signalpoolsRW: 
  13:source\asw/tsk_system.c ****  * tickEvent: 0
  14:source\asw/tsk_system.c ****  * timertickperiod: 6
  15:source\asw/tsk_system.c ****  *
  16:source\asw/tsk_system.c ****  */
  17:source\asw/tsk_system.c **** 
  18:source\asw/tsk_system.c **** #include "project.h"
  19:source\asw/tsk_system.c **** #include "global.h"
  20:source\asw/tsk_system.c **** #include "rte.h"
  21:source\asw/tsk_system.c **** #include "rte_types.h"
  22:source\asw/tsk_system.c **** #include "tsk_system.h"
  23:source\asw/tsk_system.c **** 
  24:source\asw/tsk_system.c **** 
  25:source\asw/tsk_system.c **** 
  26:source\asw/tsk_system.c **** /* USER CODE START TSK_SYSTEM_INCLUDE */
  27:source\asw/tsk_system.c **** 
  28:source\asw/tsk_system.c **** /* USER CODE END TSK_SYSTEM_INCLUDE */
  29:source\asw/tsk_system.c **** 
  30:source\asw/tsk_system.c **** 
ARM GAS  C:\Users\bolob\AppData\Local\Temp\ccW2k9f6.s 			page 2


  31:source\asw/tsk_system.c **** 
  32:source\asw/tsk_system.c **** 
  33:source\asw/tsk_system.c **** /* USER CODE START TSK_SYSTEM_USERDEFINITIONS */
  34:source\asw/tsk_system.c **** 
  35:source\asw/tsk_system.c **** /* USER CODE END TSK_SYSTEM_USERDEFINITIONS */
  36:source\asw/tsk_system.c **** 
  37:source\asw/tsk_system.c **** /*******************************************************************************
  38:source\asw/tsk_system.c ****  * Runnable Tables from Activation Engine
  39:source\asw/tsk_system.c ****  *******************************************************************************/
  40:source\asw/tsk_system.c **** 
  41:source\asw/tsk_system.c **** /* Cyclic Table */
  42:source\asw/tsk_system.c **** 
  43:source\asw/tsk_system.c **** const RTE_cyclicTable_t RTE_cyclicActivationTable_tsk_system[] = {
  44:source\asw/tsk_system.c **** };
  45:source\asw/tsk_system.c **** const uint16_t RTE_cyclicActivation_tsk_system_size = sizeof (RTE_cyclicActivationTable_tsk_system)
  46:source\asw/tsk_system.c **** 
  47:source\asw/tsk_system.c **** 
  48:source\asw/tsk_system.c **** /*******************************************************************************
  49:source\asw/tsk_system.c ****  * Task Body
  50:source\asw/tsk_system.c ****  *******************************************************************************/
  51:source\asw/tsk_system.c **** 
  52:source\asw/tsk_system.c **** 
  53:source\asw/tsk_system.c **** /*
  54:source\asw/tsk_system.c ****  * description: For the age incrementation
  55:source\asw/tsk_system.c ****  * events: 
  56:source\asw/tsk_system.c ****  * mode: Cyclic
  57:source\asw/tsk_system.c ****  * name: tsk_system
  58:source\asw/tsk_system.c ****  * shortname: system
  59:source\asw/tsk_system.c ****  * signalpoolsRO: 
  60:source\asw/tsk_system.c ****  * signalpoolsRW: 
  61:source\asw/tsk_system.c ****  * tickEvent: 0
  62:source\asw/tsk_system.c ****  * timertickperiod: 5
  63:source\asw/tsk_system.c ****  */
  64:source\asw/tsk_system.c **** TASK(tsk_system)
  65:source\asw/tsk_system.c **** {
  28              		.loc 1 65 0
  29              		.cfi_startproc
  30              		@ args = 0, pretend = 0, frame = 0
  31              		@ frame_needed = 0, uses_anonymous_args = 0
  32 0000 10B5     		push	{r4, lr}
  33              		.cfi_def_cfa_offset 8
  34              		.cfi_offset 4, -8
  35              		.cfi_offset 14, -4
  66:source\asw/tsk_system.c **** 	/* ticktime of the task */
  67:source\asw/tsk_system.c **** 	static uint32_t ticktime = 0;
  68:source\asw/tsk_system.c **** 
  69:source\asw/tsk_system.c **** 	/* USER CODE START TSK_SYSTEM_TASKBODY_PRE */
  70:source\asw/tsk_system.c **** 
  71:source\asw/tsk_system.c **** 	/* USER CODE END TSK_SYSTEM_TASKBODY_PRE */
  72:source\asw/tsk_system.c ****     
  73:source\asw/tsk_system.c ****     //Process all cyclic runnables which are due
  74:source\asw/tsk_system.c ****     RTE_ProcessCyclicTable(RTE_cyclicActivationTable_tsk_system, RTE_cyclicActivation_tsk_system_si
  36              		.loc 1 74 0
  37 0002 084C     		ldr	r4, .L4
  38 0004 2268     		ldr	r2, [r4]
  39 0006 0021     		movs	r1, #0
  40 0008 0748     		ldr	r0, .L4+4
ARM GAS  C:\Users\bolob\AppData\Local\Temp\ccW2k9f6.s 			page 3


  41 000a FFF7FEFF 		bl	RTE_ProcessCyclicTable
  42              	.LVL0:
  75:source\asw/tsk_system.c **** 	
  76:source\asw/tsk_system.c **** 	/* USER CODE START TSK_SYSTEM_TASKBODY_POST */
  77:source\asw/tsk_system.c **** 
  78:source\asw/tsk_system.c **** 	/* USER CODE END TSK_SYSTEM_TASKBODY_POST */
  79:source\asw/tsk_system.c **** 
  80:source\asw/tsk_system.c **** 	ticktime += 5;
  43              		.loc 1 80 0
  44 000e 2368     		ldr	r3, [r4]
  45 0010 0533     		adds	r3, r3, #5
  46 0012 2360     		str	r3, [r4]
  81:source\asw/tsk_system.c **** 	if (ticktime > 0xFFFFFF00) ticktime = 0;
  47              		.loc 1 81 0
  48 0014 13F5807F 		cmn	r3, #256
  49 0018 01D9     		bls	.L2
  50              		.loc 1 81 0 is_stmt 0 discriminator 1
  51 001a 0022     		movs	r2, #0
  52 001c 2260     		str	r2, [r4]
  53              	.L2:
  82:source\asw/tsk_system.c **** 	
  83:source\asw/tsk_system.c **** 	TerminateTask();
  54              		.loc 1 83 0 is_stmt 1
  55 001e FFF7FEFF 		bl	EE_oo_TerminateTask
  56              	.LVL1:
  57 0022 10BD     		pop	{r4, pc}
  58              	.L5:
  59              		.align	2
  60              	.L4:
  61 0024 00000000 		.word	.LANCHOR0
  62 0028 00000000 		.word	.LANCHOR1
  63              		.cfi_endproc
  64              	.LFE110:
  65              		.size	Functsk_system, .-Functsk_system
  66              		.global	RTE_cyclicActivation_tsk_system_size
  67              		.global	RTE_cyclicActivationTable_tsk_system
  68              		.section	.rodata
  69              		.align	2
  70              		.set	.LANCHOR1,. + 0
  71              		.type	RTE_cyclicActivationTable_tsk_system, %object
  72              		.size	RTE_cyclicActivationTable_tsk_system, 0
  73              	RTE_cyclicActivationTable_tsk_system:
  74              		.type	RTE_cyclicActivation_tsk_system_size, %object
  75              		.size	RTE_cyclicActivation_tsk_system_size, 2
  76              	RTE_cyclicActivation_tsk_system_size:
  77 0000 0000     		.space	2
  78              		.bss
  79              		.align	2
  80              		.set	.LANCHOR0,. + 0
  81              		.type	ticktime.6404, %object
  82              		.size	ticktime.6404, 4
  83              	ticktime.6404:
  84 0000 00000000 		.space	4
  85              		.text
  86              	.Letext0:
  87              		.file 2 "c:\\program files (x86)\\cypress\\psoc creator\\4.4\\psoc creator\\import\\gnu\\arm\\5.4.
  88              		.file 3 "c:\\program files (x86)\\cypress\\psoc creator\\4.4\\psoc creator\\import\\gnu\\arm\\5.4.
ARM GAS  C:\Users\bolob\AppData\Local\Temp\ccW2k9f6.s 			page 4


  89              		.file 4 "Generated_Source\\PSoC5/ErikaOS_1_common_ee_types.inc"
  90              		.file 5 "Generated_Source\\PSoC5/ErikaOS_1_cortex_mx_ee_cpu.inc"
  91              		.file 6 "Generated_Source\\PSoC5/ErikaOS_1_ee_oo_common.inc"
  92              		.file 7 ".\\source\\rte/rte_types.h"
  93              		.file 8 ".\\source\\rte/rte.h"
  94              		.file 9 "Generated_Source\\PSoC5/ErikaOS_1_ee_oo_intfunc.inc"
  95              		.file 10 "Generated_Source\\PSoC5/ErikaOS_1_cortex_mx_ee_context.inc"
  96              		.file 11 "Generated_Source\\PSoC5/ErikaOS_1_common_ee_primitives.inc"
  97              		.file 12 "Generated_Source\\PSoC5/core_cm3.h"
  98              		.file 13 "Generated_Source\\PSoC5/ErikaOS_1_ee_oo_kernel.inc"
  99              		.section	.debug_info,"",%progbits
 100              	.Ldebug_info0:
 101 0000 55020000 		.4byte	0x255
 102 0004 0400     		.2byte	0x4
 103 0006 00000000 		.4byte	.Ldebug_abbrev0
 104 000a 04       		.byte	0x4
 105 000b 01       		.uleb128 0x1
 106 000c 9C000000 		.4byte	.LASF41
 107 0010 0C       		.byte	0xc
 108 0011 7F020000 		.4byte	.LASF42
 109 0015 F6020000 		.4byte	.LASF43
 110 0019 00000000 		.4byte	.Ldebug_ranges0+0
 111 001d 00000000 		.4byte	0
 112 0021 00000000 		.4byte	.Ldebug_line0
 113 0025 02       		.uleb128 0x2
 114 0026 01       		.byte	0x1
 115 0027 06       		.byte	0x6
 116 0028 C8020000 		.4byte	.LASF0
 117 002c 02       		.uleb128 0x2
 118 002d 01       		.byte	0x1
 119 002e 08       		.byte	0x8
 120 002f B9010000 		.4byte	.LASF1
 121 0033 02       		.uleb128 0x2
 122 0034 02       		.byte	0x2
 123 0035 05       		.byte	0x5
 124 0036 97020000 		.4byte	.LASF2
 125 003a 03       		.uleb128 0x3
 126 003b 7D010000 		.4byte	.LASF4
 127 003f 02       		.byte	0x2
 128 0040 2B       		.byte	0x2b
 129 0041 45000000 		.4byte	0x45
 130 0045 02       		.uleb128 0x2
 131 0046 02       		.byte	0x2
 132 0047 07       		.byte	0x7
 133 0048 45010000 		.4byte	.LASF3
 134 004c 03       		.uleb128 0x3
 135 004d 00000000 		.4byte	.LASF5
 136 0051 02       		.byte	0x2
 137 0052 3F       		.byte	0x3f
 138 0053 57000000 		.4byte	0x57
 139 0057 02       		.uleb128 0x2
 140 0058 04       		.byte	0x4
 141 0059 05       		.byte	0x5
 142 005a B3020000 		.4byte	.LASF6
 143 005e 03       		.uleb128 0x3
 144 005f 9C010000 		.4byte	.LASF7
 145 0063 02       		.byte	0x2
ARM GAS  C:\Users\bolob\AppData\Local\Temp\ccW2k9f6.s 			page 5


 146 0064 41       		.byte	0x41
 147 0065 69000000 		.4byte	0x69
 148 0069 02       		.uleb128 0x2
 149 006a 04       		.byte	0x4
 150 006b 07       		.byte	0x7
 151 006c 33010000 		.4byte	.LASF8
 152 0070 02       		.uleb128 0x2
 153 0071 08       		.byte	0x8
 154 0072 05       		.byte	0x5
 155 0073 2A020000 		.4byte	.LASF9
 156 0077 02       		.uleb128 0x2
 157 0078 08       		.byte	0x8
 158 0079 07       		.byte	0x7
 159 007a EF010000 		.4byte	.LASF10
 160 007e 04       		.uleb128 0x4
 161 007f 04       		.byte	0x4
 162 0080 05       		.byte	0x5
 163 0081 696E7400 		.ascii	"int\000"
 164 0085 02       		.uleb128 0x2
 165 0086 04       		.byte	0x4
 166 0087 07       		.byte	0x7
 167 0088 C7010000 		.4byte	.LASF11
 168 008c 03       		.uleb128 0x3
 169 008d A1020000 		.4byte	.LASF12
 170 0091 03       		.byte	0x3
 171 0092 24       		.byte	0x24
 172 0093 3A000000 		.4byte	0x3a
 173 0097 03       		.uleb128 0x3
 174 0098 19020000 		.4byte	.LASF13
 175 009c 03       		.byte	0x3
 176 009d 2C       		.byte	0x2c
 177 009e 4C000000 		.4byte	0x4c
 178 00a2 03       		.uleb128 0x3
 179 00a3 AA020000 		.4byte	.LASF14
 180 00a7 03       		.byte	0x3
 181 00a8 30       		.byte	0x30
 182 00a9 5E000000 		.4byte	0x5e
 183 00ad 02       		.uleb128 0x2
 184 00ae 04       		.byte	0x4
 185 00af 04       		.byte	0x4
 186 00b0 64000000 		.4byte	.LASF15
 187 00b4 02       		.uleb128 0x2
 188 00b5 08       		.byte	0x8
 189 00b6 04       		.byte	0x4
 190 00b7 18000000 		.4byte	.LASF16
 191 00bb 02       		.uleb128 0x2
 192 00bc 01       		.byte	0x1
 193 00bd 08       		.byte	0x8
 194 00be 5D020000 		.4byte	.LASF17
 195 00c2 02       		.uleb128 0x2
 196 00c3 08       		.byte	0x8
 197 00c4 04       		.byte	0x4
 198 00c5 BC020000 		.4byte	.LASF18
 199 00c9 02       		.uleb128 0x2
 200 00ca 04       		.byte	0x4
 201 00cb 07       		.byte	0x7
 202 00cc 21020000 		.4byte	.LASF19
ARM GAS  C:\Users\bolob\AppData\Local\Temp\ccW2k9f6.s 			page 6


 203 00d0 03       		.uleb128 0x3
 204 00d1 2A010000 		.4byte	.LASF20
 205 00d5 04       		.byte	0x4
 206 00d6 53       		.byte	0x53
 207 00d7 7E000000 		.4byte	0x7e
 208 00db 03       		.uleb128 0x3
 209 00dc DC010000 		.4byte	.LASF21
 210 00e0 04       		.byte	0x4
 211 00e1 54       		.byte	0x54
 212 00e2 85000000 		.4byte	0x85
 213 00e6 03       		.uleb128 0x3
 214 00e7 62020000 		.4byte	.LASF22
 215 00eb 05       		.byte	0x5
 216 00ec 4D       		.byte	0x4d
 217 00ed DB000000 		.4byte	0xdb
 218 00f1 03       		.uleb128 0x3
 219 00f2 D4010000 		.4byte	.LASF23
 220 00f6 05       		.byte	0x5
 221 00f7 4F       		.byte	0x4f
 222 00f8 DB000000 		.4byte	0xdb
 223 00fc 03       		.uleb128 0x3
 224 00fd 38000000 		.4byte	.LASF24
 225 0101 05       		.byte	0x5
 226 0102 78       		.byte	0x78
 227 0103 D0000000 		.4byte	0xd0
 228 0107 05       		.uleb128 0x5
 229 0108 0A000000 		.4byte	.LASF25
 230 010c 06       		.byte	0x6
 231 010d 2C02     		.2byte	0x22c
 232 010f E6000000 		.4byte	0xe6
 233 0113 03       		.uleb128 0x3
 234 0114 88010000 		.4byte	.LASF26
 235 0118 07       		.byte	0x7
 236 0119 21       		.byte	0x21
 237 011a 07010000 		.4byte	0x107
 238 011e 03       		.uleb128 0x3
 239 011f D4020000 		.4byte	.LASF27
 240 0123 08       		.byte	0x8
 241 0124 66       		.byte	0x66
 242 0125 29010000 		.4byte	0x129
 243 0129 06       		.uleb128 0x6
 244 012a 04       		.byte	0x4
 245 012b 2F010000 		.4byte	0x12f
 246 012f 07       		.uleb128 0x7
 247 0130 3A010000 		.4byte	0x13a
 248 0134 08       		.uleb128 0x8
 249 0135 13010000 		.4byte	0x113
 250 0139 00       		.byte	0
 251 013a 09       		.uleb128 0x9
 252 013b 08       		.byte	0x8
 253 013c 08       		.byte	0x8
 254 013d 6B       		.byte	0x6b
 255 013e 5B010000 		.4byte	0x15b
 256 0142 0A       		.uleb128 0xa
 257 0143 72756E00 		.ascii	"run\000"
 258 0147 08       		.byte	0x8
 259 0148 6D       		.byte	0x6d
ARM GAS  C:\Users\bolob\AppData\Local\Temp\ccW2k9f6.s 			page 7


 260 0149 1E010000 		.4byte	0x11e
 261 014d 00       		.byte	0
 262 014e 0B       		.uleb128 0xb
 263 014f 83000000 		.4byte	.LASF28
 264 0153 08       		.byte	0x8
 265 0154 6E       		.byte	0x6e
 266 0155 8C000000 		.4byte	0x8c
 267 0159 04       		.byte	0x4
 268 015a 00       		.byte	0
 269 015b 03       		.uleb128 0x3
 270 015c A7010000 		.4byte	.LASF29
 271 0160 08       		.byte	0x8
 272 0161 6F       		.byte	0x6f
 273 0162 3A010000 		.4byte	0x13a
 274 0166 0C       		.uleb128 0xc
 275 0167 8D000000 		.4byte	.LASF44
 276 016b 01       		.byte	0x1
 277 016c 40       		.byte	0x40
 278 016d 00000000 		.4byte	.LFB110
 279 0171 2C000000 		.4byte	.LFE110-.LFB110
 280 0175 01       		.uleb128 0x1
 281 0176 9C       		.byte	0x9c
 282 0177 B2010000 		.4byte	0x1b2
 283 017b 0D       		.uleb128 0xd
 284 017c E6010000 		.4byte	.LASF45
 285 0180 01       		.byte	0x1
 286 0181 43       		.byte	0x43
 287 0182 A2000000 		.4byte	0xa2
 288 0186 05       		.uleb128 0x5
 289 0187 03       		.byte	0x3
 290 0188 00000000 		.4byte	ticktime.6404
 291 018c 0E       		.uleb128 0xe
 292 018d 0E000000 		.4byte	.LVL0
 293 0191 42020000 		.4byte	0x242
 294 0195 A8010000 		.4byte	0x1a8
 295 0199 0F       		.uleb128 0xf
 296 019a 01       		.uleb128 0x1
 297 019b 50       		.byte	0x50
 298 019c 05       		.uleb128 0x5
 299 019d 03       		.byte	0x3
 300 019e 00000000 		.4byte	.LANCHOR1
 301 01a2 0F       		.uleb128 0xf
 302 01a3 01       		.uleb128 0x1
 303 01a4 51       		.byte	0x51
 304 01a5 01       		.uleb128 0x1
 305 01a6 30       		.byte	0x30
 306 01a7 00       		.byte	0
 307 01a8 10       		.uleb128 0x10
 308 01a9 22000000 		.4byte	.LVL1
 309 01ad 4D020000 		.4byte	0x24d
 310 01b1 00       		.byte	0
 311 01b2 11       		.uleb128 0x11
 312 01b3 58010000 		.4byte	.LASF30
 313 01b7 09       		.byte	0x9
 314 01b8 40       		.byte	0x40
 315 01b9 E6000000 		.4byte	0xe6
 316 01bd 11       		.uleb128 0x11
ARM GAS  C:\Users\bolob\AppData\Local\Temp\ccW2k9f6.s 			page 8


 317 01be 1F000000 		.4byte	.LASF31
 318 01c2 09       		.byte	0x9
 319 01c3 47       		.byte	0x47
 320 01c4 F1000000 		.4byte	0xf1
 321 01c8 11       		.uleb128 0x11
 322 01c9 06020000 		.4byte	.LASF32
 323 01cd 09       		.byte	0x9
 324 01ce 4A       		.byte	0x4a
 325 01cf E6000000 		.4byte	0xe6
 326 01d3 11       		.uleb128 0x11
 327 01d4 6A000000 		.4byte	.LASF33
 328 01d8 0A       		.byte	0xa
 329 01d9 48       		.byte	0x48
 330 01da FC000000 		.4byte	0xfc
 331 01de 11       		.uleb128 0x11
 332 01df 6A020000 		.4byte	.LASF34
 333 01e3 0B       		.byte	0xb
 334 01e4 44       		.byte	0x44
 335 01e5 E6000000 		.4byte	0xe6
 336 01e9 12       		.uleb128 0x12
 337 01ea 70010000 		.4byte	.LASF35
 338 01ee 0C       		.byte	0xc
 339 01ef 1207     		.2byte	0x712
 340 01f1 F5010000 		.4byte	0x1f5
 341 01f5 13       		.uleb128 0x13
 342 01f6 97000000 		.4byte	0x97
 343 01fa 14       		.uleb128 0x14
 344 01fb 11020000 		.4byte	0x211
 345 01ff 0A020000 		.4byte	0x20a
 346 0203 15       		.uleb128 0x15
 347 0204 0A020000 		.4byte	0x20a
 348 0208 7F       		.sleb128 -1
 349 0209 00       		.byte	0
 350 020a 02       		.uleb128 0x2
 351 020b 04       		.byte	0x4
 352 020c 05       		.byte	0x5
 353 020d 92010000 		.4byte	.LASF36
 354 0211 16       		.uleb128 0x16
 355 0212 5B010000 		.4byte	0x15b
 356 0216 17       		.uleb128 0x17
 357 0217 3F000000 		.4byte	.LASF37
 358 021b 01       		.byte	0x1
 359 021c 2B       		.byte	0x2b
 360 021d 27020000 		.4byte	0x227
 361 0221 05       		.uleb128 0x5
 362 0222 03       		.byte	0x3
 363 0223 00000000 		.4byte	RTE_cyclicActivationTable_tsk_system
 364 0227 16       		.uleb128 0x16
 365 0228 FA010000 		.4byte	0x1fa
 366 022c 17       		.uleb128 0x17
 367 022d 38020000 		.4byte	.LASF38
 368 0231 01       		.byte	0x1
 369 0232 2D       		.byte	0x2d
 370 0233 3D020000 		.4byte	0x23d
 371 0237 05       		.uleb128 0x5
 372 0238 03       		.byte	0x3
 373 0239 00000000 		.4byte	RTE_cyclicActivation_tsk_system_size
ARM GAS  C:\Users\bolob\AppData\Local\Temp\ccW2k9f6.s 			page 9


 374 023d 16       		.uleb128 0x16
 375 023e 8C000000 		.4byte	0x8c
 376 0242 18       		.uleb128 0x18
 377 0243 39030000 		.4byte	.LASF39
 378 0247 39030000 		.4byte	.LASF39
 379 024b 08       		.byte	0x8
 380 024c 8E       		.byte	0x8e
 381 024d 18       		.uleb128 0x18
 382 024e E2020000 		.4byte	.LASF40
 383 0252 E2020000 		.4byte	.LASF40
 384 0256 0D       		.byte	0xd
 385 0257 9F       		.byte	0x9f
 386 0258 00       		.byte	0
 387              		.section	.debug_abbrev,"",%progbits
 388              	.Ldebug_abbrev0:
 389 0000 01       		.uleb128 0x1
 390 0001 11       		.uleb128 0x11
 391 0002 01       		.byte	0x1
 392 0003 25       		.uleb128 0x25
 393 0004 0E       		.uleb128 0xe
 394 0005 13       		.uleb128 0x13
 395 0006 0B       		.uleb128 0xb
 396 0007 03       		.uleb128 0x3
 397 0008 0E       		.uleb128 0xe
 398 0009 1B       		.uleb128 0x1b
 399 000a 0E       		.uleb128 0xe
 400 000b 55       		.uleb128 0x55
 401 000c 17       		.uleb128 0x17
 402 000d 11       		.uleb128 0x11
 403 000e 01       		.uleb128 0x1
 404 000f 10       		.uleb128 0x10
 405 0010 17       		.uleb128 0x17
 406 0011 00       		.byte	0
 407 0012 00       		.byte	0
 408 0013 02       		.uleb128 0x2
 409 0014 24       		.uleb128 0x24
 410 0015 00       		.byte	0
 411 0016 0B       		.uleb128 0xb
 412 0017 0B       		.uleb128 0xb
 413 0018 3E       		.uleb128 0x3e
 414 0019 0B       		.uleb128 0xb
 415 001a 03       		.uleb128 0x3
 416 001b 0E       		.uleb128 0xe
 417 001c 00       		.byte	0
 418 001d 00       		.byte	0
 419 001e 03       		.uleb128 0x3
 420 001f 16       		.uleb128 0x16
 421 0020 00       		.byte	0
 422 0021 03       		.uleb128 0x3
 423 0022 0E       		.uleb128 0xe
 424 0023 3A       		.uleb128 0x3a
 425 0024 0B       		.uleb128 0xb
 426 0025 3B       		.uleb128 0x3b
 427 0026 0B       		.uleb128 0xb
 428 0027 49       		.uleb128 0x49
 429 0028 13       		.uleb128 0x13
 430 0029 00       		.byte	0
ARM GAS  C:\Users\bolob\AppData\Local\Temp\ccW2k9f6.s 			page 10


 431 002a 00       		.byte	0
 432 002b 04       		.uleb128 0x4
 433 002c 24       		.uleb128 0x24
 434 002d 00       		.byte	0
 435 002e 0B       		.uleb128 0xb
 436 002f 0B       		.uleb128 0xb
 437 0030 3E       		.uleb128 0x3e
 438 0031 0B       		.uleb128 0xb
 439 0032 03       		.uleb128 0x3
 440 0033 08       		.uleb128 0x8
 441 0034 00       		.byte	0
 442 0035 00       		.byte	0
 443 0036 05       		.uleb128 0x5
 444 0037 16       		.uleb128 0x16
 445 0038 00       		.byte	0
 446 0039 03       		.uleb128 0x3
 447 003a 0E       		.uleb128 0xe
 448 003b 3A       		.uleb128 0x3a
 449 003c 0B       		.uleb128 0xb
 450 003d 3B       		.uleb128 0x3b
 451 003e 05       		.uleb128 0x5
 452 003f 49       		.uleb128 0x49
 453 0040 13       		.uleb128 0x13
 454 0041 00       		.byte	0
 455 0042 00       		.byte	0
 456 0043 06       		.uleb128 0x6
 457 0044 0F       		.uleb128 0xf
 458 0045 00       		.byte	0
 459 0046 0B       		.uleb128 0xb
 460 0047 0B       		.uleb128 0xb
 461 0048 49       		.uleb128 0x49
 462 0049 13       		.uleb128 0x13
 463 004a 00       		.byte	0
 464 004b 00       		.byte	0
 465 004c 07       		.uleb128 0x7
 466 004d 15       		.uleb128 0x15
 467 004e 01       		.byte	0x1
 468 004f 27       		.uleb128 0x27
 469 0050 19       		.uleb128 0x19
 470 0051 01       		.uleb128 0x1
 471 0052 13       		.uleb128 0x13
 472 0053 00       		.byte	0
 473 0054 00       		.byte	0
 474 0055 08       		.uleb128 0x8
 475 0056 05       		.uleb128 0x5
 476 0057 00       		.byte	0
 477 0058 49       		.uleb128 0x49
 478 0059 13       		.uleb128 0x13
 479 005a 00       		.byte	0
 480 005b 00       		.byte	0
 481 005c 09       		.uleb128 0x9
 482 005d 13       		.uleb128 0x13
 483 005e 01       		.byte	0x1
 484 005f 0B       		.uleb128 0xb
 485 0060 0B       		.uleb128 0xb
 486 0061 3A       		.uleb128 0x3a
 487 0062 0B       		.uleb128 0xb
ARM GAS  C:\Users\bolob\AppData\Local\Temp\ccW2k9f6.s 			page 11


 488 0063 3B       		.uleb128 0x3b
 489 0064 0B       		.uleb128 0xb
 490 0065 01       		.uleb128 0x1
 491 0066 13       		.uleb128 0x13
 492 0067 00       		.byte	0
 493 0068 00       		.byte	0
 494 0069 0A       		.uleb128 0xa
 495 006a 0D       		.uleb128 0xd
 496 006b 00       		.byte	0
 497 006c 03       		.uleb128 0x3
 498 006d 08       		.uleb128 0x8
 499 006e 3A       		.uleb128 0x3a
 500 006f 0B       		.uleb128 0xb
 501 0070 3B       		.uleb128 0x3b
 502 0071 0B       		.uleb128 0xb
 503 0072 49       		.uleb128 0x49
 504 0073 13       		.uleb128 0x13
 505 0074 38       		.uleb128 0x38
 506 0075 0B       		.uleb128 0xb
 507 0076 00       		.byte	0
 508 0077 00       		.byte	0
 509 0078 0B       		.uleb128 0xb
 510 0079 0D       		.uleb128 0xd
 511 007a 00       		.byte	0
 512 007b 03       		.uleb128 0x3
 513 007c 0E       		.uleb128 0xe
 514 007d 3A       		.uleb128 0x3a
 515 007e 0B       		.uleb128 0xb
 516 007f 3B       		.uleb128 0x3b
 517 0080 0B       		.uleb128 0xb
 518 0081 49       		.uleb128 0x49
 519 0082 13       		.uleb128 0x13
 520 0083 38       		.uleb128 0x38
 521 0084 0B       		.uleb128 0xb
 522 0085 00       		.byte	0
 523 0086 00       		.byte	0
 524 0087 0C       		.uleb128 0xc
 525 0088 2E       		.uleb128 0x2e
 526 0089 01       		.byte	0x1
 527 008a 3F       		.uleb128 0x3f
 528 008b 19       		.uleb128 0x19
 529 008c 03       		.uleb128 0x3
 530 008d 0E       		.uleb128 0xe
 531 008e 3A       		.uleb128 0x3a
 532 008f 0B       		.uleb128 0xb
 533 0090 3B       		.uleb128 0x3b
 534 0091 0B       		.uleb128 0xb
 535 0092 27       		.uleb128 0x27
 536 0093 19       		.uleb128 0x19
 537 0094 11       		.uleb128 0x11
 538 0095 01       		.uleb128 0x1
 539 0096 12       		.uleb128 0x12
 540 0097 06       		.uleb128 0x6
 541 0098 40       		.uleb128 0x40
 542 0099 18       		.uleb128 0x18
 543 009a 9742     		.uleb128 0x2117
 544 009c 19       		.uleb128 0x19
ARM GAS  C:\Users\bolob\AppData\Local\Temp\ccW2k9f6.s 			page 12


 545 009d 01       		.uleb128 0x1
 546 009e 13       		.uleb128 0x13
 547 009f 00       		.byte	0
 548 00a0 00       		.byte	0
 549 00a1 0D       		.uleb128 0xd
 550 00a2 34       		.uleb128 0x34
 551 00a3 00       		.byte	0
 552 00a4 03       		.uleb128 0x3
 553 00a5 0E       		.uleb128 0xe
 554 00a6 3A       		.uleb128 0x3a
 555 00a7 0B       		.uleb128 0xb
 556 00a8 3B       		.uleb128 0x3b
 557 00a9 0B       		.uleb128 0xb
 558 00aa 49       		.uleb128 0x49
 559 00ab 13       		.uleb128 0x13
 560 00ac 02       		.uleb128 0x2
 561 00ad 18       		.uleb128 0x18
 562 00ae 00       		.byte	0
 563 00af 00       		.byte	0
 564 00b0 0E       		.uleb128 0xe
 565 00b1 898201   		.uleb128 0x4109
 566 00b4 01       		.byte	0x1
 567 00b5 11       		.uleb128 0x11
 568 00b6 01       		.uleb128 0x1
 569 00b7 31       		.uleb128 0x31
 570 00b8 13       		.uleb128 0x13
 571 00b9 01       		.uleb128 0x1
 572 00ba 13       		.uleb128 0x13
 573 00bb 00       		.byte	0
 574 00bc 00       		.byte	0
 575 00bd 0F       		.uleb128 0xf
 576 00be 8A8201   		.uleb128 0x410a
 577 00c1 00       		.byte	0
 578 00c2 02       		.uleb128 0x2
 579 00c3 18       		.uleb128 0x18
 580 00c4 9142     		.uleb128 0x2111
 581 00c6 18       		.uleb128 0x18
 582 00c7 00       		.byte	0
 583 00c8 00       		.byte	0
 584 00c9 10       		.uleb128 0x10
 585 00ca 898201   		.uleb128 0x4109
 586 00cd 00       		.byte	0
 587 00ce 11       		.uleb128 0x11
 588 00cf 01       		.uleb128 0x1
 589 00d0 31       		.uleb128 0x31
 590 00d1 13       		.uleb128 0x13
 591 00d2 00       		.byte	0
 592 00d3 00       		.byte	0
 593 00d4 11       		.uleb128 0x11
 594 00d5 34       		.uleb128 0x34
 595 00d6 00       		.byte	0
 596 00d7 03       		.uleb128 0x3
 597 00d8 0E       		.uleb128 0xe
 598 00d9 3A       		.uleb128 0x3a
 599 00da 0B       		.uleb128 0xb
 600 00db 3B       		.uleb128 0x3b
 601 00dc 0B       		.uleb128 0xb
ARM GAS  C:\Users\bolob\AppData\Local\Temp\ccW2k9f6.s 			page 13


 602 00dd 49       		.uleb128 0x49
 603 00de 13       		.uleb128 0x13
 604 00df 3F       		.uleb128 0x3f
 605 00e0 19       		.uleb128 0x19
 606 00e1 3C       		.uleb128 0x3c
 607 00e2 19       		.uleb128 0x19
 608 00e3 00       		.byte	0
 609 00e4 00       		.byte	0
 610 00e5 12       		.uleb128 0x12
 611 00e6 34       		.uleb128 0x34
 612 00e7 00       		.byte	0
 613 00e8 03       		.uleb128 0x3
 614 00e9 0E       		.uleb128 0xe
 615 00ea 3A       		.uleb128 0x3a
 616 00eb 0B       		.uleb128 0xb
 617 00ec 3B       		.uleb128 0x3b
 618 00ed 05       		.uleb128 0x5
 619 00ee 49       		.uleb128 0x49
 620 00ef 13       		.uleb128 0x13
 621 00f0 3F       		.uleb128 0x3f
 622 00f1 19       		.uleb128 0x19
 623 00f2 3C       		.uleb128 0x3c
 624 00f3 19       		.uleb128 0x19
 625 00f4 00       		.byte	0
 626 00f5 00       		.byte	0
 627 00f6 13       		.uleb128 0x13
 628 00f7 35       		.uleb128 0x35
 629 00f8 00       		.byte	0
 630 00f9 49       		.uleb128 0x49
 631 00fa 13       		.uleb128 0x13
 632 00fb 00       		.byte	0
 633 00fc 00       		.byte	0
 634 00fd 14       		.uleb128 0x14
 635 00fe 01       		.uleb128 0x1
 636 00ff 01       		.byte	0x1
 637 0100 49       		.uleb128 0x49
 638 0101 13       		.uleb128 0x13
 639 0102 01       		.uleb128 0x1
 640 0103 13       		.uleb128 0x13
 641 0104 00       		.byte	0
 642 0105 00       		.byte	0
 643 0106 15       		.uleb128 0x15
 644 0107 21       		.uleb128 0x21
 645 0108 00       		.byte	0
 646 0109 49       		.uleb128 0x49
 647 010a 13       		.uleb128 0x13
 648 010b 2F       		.uleb128 0x2f
 649 010c 0D       		.uleb128 0xd
 650 010d 00       		.byte	0
 651 010e 00       		.byte	0
 652 010f 16       		.uleb128 0x16
 653 0110 26       		.uleb128 0x26
 654 0111 00       		.byte	0
 655 0112 49       		.uleb128 0x49
 656 0113 13       		.uleb128 0x13
 657 0114 00       		.byte	0
 658 0115 00       		.byte	0
ARM GAS  C:\Users\bolob\AppData\Local\Temp\ccW2k9f6.s 			page 14


 659 0116 17       		.uleb128 0x17
 660 0117 34       		.uleb128 0x34
 661 0118 00       		.byte	0
 662 0119 03       		.uleb128 0x3
 663 011a 0E       		.uleb128 0xe
 664 011b 3A       		.uleb128 0x3a
 665 011c 0B       		.uleb128 0xb
 666 011d 3B       		.uleb128 0x3b
 667 011e 0B       		.uleb128 0xb
 668 011f 49       		.uleb128 0x49
 669 0120 13       		.uleb128 0x13
 670 0121 3F       		.uleb128 0x3f
 671 0122 19       		.uleb128 0x19
 672 0123 02       		.uleb128 0x2
 673 0124 18       		.uleb128 0x18
 674 0125 00       		.byte	0
 675 0126 00       		.byte	0
 676 0127 18       		.uleb128 0x18
 677 0128 2E       		.uleb128 0x2e
 678 0129 00       		.byte	0
 679 012a 3F       		.uleb128 0x3f
 680 012b 19       		.uleb128 0x19
 681 012c 3C       		.uleb128 0x3c
 682 012d 19       		.uleb128 0x19
 683 012e 6E       		.uleb128 0x6e
 684 012f 0E       		.uleb128 0xe
 685 0130 03       		.uleb128 0x3
 686 0131 0E       		.uleb128 0xe
 687 0132 3A       		.uleb128 0x3a
 688 0133 0B       		.uleb128 0xb
 689 0134 3B       		.uleb128 0x3b
 690 0135 0B       		.uleb128 0xb
 691 0136 00       		.byte	0
 692 0137 00       		.byte	0
 693 0138 00       		.byte	0
 694              		.section	.debug_aranges,"",%progbits
 695 0000 1C000000 		.4byte	0x1c
 696 0004 0200     		.2byte	0x2
 697 0006 00000000 		.4byte	.Ldebug_info0
 698 000a 04       		.byte	0x4
 699 000b 00       		.byte	0
 700 000c 0000     		.2byte	0
 701 000e 0000     		.2byte	0
 702 0010 00000000 		.4byte	.LFB110
 703 0014 2C000000 		.4byte	.LFE110-.LFB110
 704 0018 00000000 		.4byte	0
 705 001c 00000000 		.4byte	0
 706              		.section	.debug_ranges,"",%progbits
 707              	.Ldebug_ranges0:
 708 0000 00000000 		.4byte	.LFB110
 709 0004 2C000000 		.4byte	.LFE110
 710 0008 00000000 		.4byte	0
 711 000c 00000000 		.4byte	0
 712              		.section	.debug_line,"",%progbits
 713              	.Ldebug_line0:
 714 0000 82020000 		.section	.debug_str,"MS",%progbits,1
 714      02005F02 
ARM GAS  C:\Users\bolob\AppData\Local\Temp\ccW2k9f6.s 			page 15


 714      00000201 
 714      FB0E0D00 
 714      01010101 
 715              	.LASF5:
 716 0000 5F5F696E 		.ascii	"__int32_t\000"
 716      7433325F 
 716      7400
 717              	.LASF25:
 718 000a 4576656E 		.ascii	"EventMaskType\000"
 718      744D6173 
 718      6B547970 
 718      6500
 719              	.LASF16:
 720 0018 646F7562 		.ascii	"double\000"
 720      6C6500
 721              	.LASF31:
 722 001f 45455F6F 		.ascii	"EE_oo_IRQ_suspend_status\000"
 722      6F5F4952 
 722      515F7375 
 722      7370656E 
 722      645F7374 
 723              	.LASF24:
 724 0038 45455F54 		.ascii	"EE_TID\000"
 724      494400
 725              	.LASF37:
 726 003f 5254455F 		.ascii	"RTE_cyclicActivationTable_tsk_system\000"
 726      6379636C 
 726      69634163 
 726      74697661 
 726      74696F6E 
 727              	.LASF15:
 728 0064 666C6F61 		.ascii	"float\000"
 728      7400
 729              	.LASF33:
 730 006a 45455F73 		.ascii	"EE_std_endcycle_next_tid\000"
 730      74645F65 
 730      6E646379 
 730      636C655F 
 730      6E657874 
 731              	.LASF28:
 732 0083 6379636C 		.ascii	"cycleTime\000"
 732      6554696D 
 732      6500
 733              	.LASF44:
 734 008d 46756E63 		.ascii	"Functsk_system\000"
 734      74736B5F 
 734      73797374 
 734      656D00
 735              	.LASF41:
 736 009c 474E5520 		.ascii	"GNU C11 5.4.1 20160609 (release) [ARM/embedded-5-br"
 736      43313120 
 736      352E342E 
 736      31203230 
 736      31363036 
 737 00cf 616E6368 		.ascii	"anch revision 237715] -mcpu=cortex-m3 -mthumb -g -O"
 737      20726576 
 737      6973696F 
ARM GAS  C:\Users\bolob\AppData\Local\Temp\ccW2k9f6.s 			page 16


 737      6E203233 
 737      37373135 
 738 0102 67202D66 		.ascii	"g -ffunction-sections -ffat-lto-objects\000"
 738      66756E63 
 738      74696F6E 
 738      2D736563 
 738      74696F6E 
 739              	.LASF20:
 740 012a 45455F49 		.ascii	"EE_INT32\000"
 740      4E543332 
 740      00
 741              	.LASF8:
 742 0133 6C6F6E67 		.ascii	"long unsigned int\000"
 742      20756E73 
 742      69676E65 
 742      6420696E 
 742      7400
 743              	.LASF3:
 744 0145 73686F72 		.ascii	"short unsigned int\000"
 744      7420756E 
 744      7369676E 
 744      65642069 
 744      6E7400
 745              	.LASF30:
 746 0158 45455F6F 		.ascii	"EE_oo_IRQ_disable_count\000"
 746      6F5F4952 
 746      515F6469 
 746      7361626C 
 746      655F636F 
 747              	.LASF35:
 748 0170 49544D5F 		.ascii	"ITM_RxBuffer\000"
 748      52784275 
 748      66666572 
 748      00
 749              	.LASF4:
 750 017d 5F5F7569 		.ascii	"__uint16_t\000"
 750      6E743136 
 750      5F7400
 751              	.LASF26:
 752 0188 5254455F 		.ascii	"RTE_event\000"
 752      6576656E 
 752      7400
 753              	.LASF36:
 754 0192 7373697A 		.ascii	"ssizetype\000"
 754      65747970 
 754      6500
 755              	.LASF7:
 756 019c 5F5F7569 		.ascii	"__uint32_t\000"
 756      6E743332 
 756      5F7400
 757              	.LASF29:
 758 01a7 5254455F 		.ascii	"RTE_cyclicTable_t\000"
 758      6379636C 
 758      69635461 
 758      626C655F 
 758      7400
 759              	.LASF1:
ARM GAS  C:\Users\bolob\AppData\Local\Temp\ccW2k9f6.s 			page 17


 760 01b9 756E7369 		.ascii	"unsigned char\000"
 760      676E6564 
 760      20636861 
 760      7200
 761              	.LASF11:
 762 01c7 756E7369 		.ascii	"unsigned int\000"
 762      676E6564 
 762      20696E74 
 762      00
 763              	.LASF23:
 764 01d4 45455F46 		.ascii	"EE_FREG\000"
 764      52454700 
 765              	.LASF21:
 766 01dc 45455F55 		.ascii	"EE_UINT32\000"
 766      494E5433 
 766      3200
 767              	.LASF45:
 768 01e6 7469636B 		.ascii	"ticktime\000"
 768      74696D65 
 768      00
 769              	.LASF10:
 770 01ef 6C6F6E67 		.ascii	"long long unsigned int\000"
 770      206C6F6E 
 770      6720756E 
 770      7369676E 
 770      65642069 
 771              	.LASF32:
 772 0206 45455F41 		.ascii	"EE_ApplicationMode\000"
 772      70706C69 
 772      63617469 
 772      6F6E4D6F 
 772      646500
 773              	.LASF13:
 774 0219 696E7433 		.ascii	"int32_t\000"
 774      325F7400 
 775              	.LASF19:
 776 0221 73697A65 		.ascii	"sizetype\000"
 776      74797065 
 776      00
 777              	.LASF9:
 778 022a 6C6F6E67 		.ascii	"long long int\000"
 778      206C6F6E 
 778      6720696E 
 778      7400
 779              	.LASF38:
 780 0238 5254455F 		.ascii	"RTE_cyclicActivation_tsk_system_size\000"
 780      6379636C 
 780      69634163 
 780      74697661 
 780      74696F6E 
 781              	.LASF17:
 782 025d 63686172 		.ascii	"char\000"
 782      00
 783              	.LASF22:
 784 0262 45455F55 		.ascii	"EE_UREG\000"
 784      52454700 
 785              	.LASF34:
ARM GAS  C:\Users\bolob\AppData\Local\Temp\ccW2k9f6.s 			page 18


 786 026a 45455F49 		.ascii	"EE_IRQ_nesting_level\000"
 786      52515F6E 
 786      65737469 
 786      6E675F6C 
 786      6576656C 
 787              	.LASF42:
 788 027f 736F7572 		.ascii	"source\\asw\\tsk_system.c\000"
 788      63655C61 
 788      73775C74 
 788      736B5F73 
 788      79737465 
 789              	.LASF2:
 790 0297 73686F72 		.ascii	"short int\000"
 790      7420696E 
 790      7400
 791              	.LASF12:
 792 02a1 75696E74 		.ascii	"uint16_t\000"
 792      31365F74 
 792      00
 793              	.LASF14:
 794 02aa 75696E74 		.ascii	"uint32_t\000"
 794      33325F74 
 794      00
 795              	.LASF6:
 796 02b3 6C6F6E67 		.ascii	"long int\000"
 796      20696E74 
 796      00
 797              	.LASF18:
 798 02bc 6C6F6E67 		.ascii	"long double\000"
 798      20646F75 
 798      626C6500 
 799              	.LASF0:
 800 02c8 7369676E 		.ascii	"signed char\000"
 800      65642063 
 800      68617200 
 801              	.LASF27:
 802 02d4 5254455F 		.ascii	"RTE_pRunnable\000"
 802      7052756E 
 802      6E61626C 
 802      6500
 803              	.LASF40:
 804 02e2 45455F6F 		.ascii	"EE_oo_TerminateTask\000"
 804      6F5F5465 
 804      726D696E 
 804      61746554 
 804      61736B00 
 805              	.LASF43:
 806 02f6 433A5C55 		.ascii	"C:\\Users\\bolob\\Documents\\PSoC Creator\\Clock\\E"
 806      73657273 
 806      5C626F6C 
 806      6F625C44 
 806      6F63756D 
 807 0323 6C656374 		.ascii	"lectronic_Clock.cydsn\000"
 807      726F6E69 
 807      635F436C 
 807      6F636B2E 
 807      63796473 
ARM GAS  C:\Users\bolob\AppData\Local\Temp\ccW2k9f6.s 			page 19


 808              	.LASF39:
 809 0339 5254455F 		.ascii	"RTE_ProcessCyclicTable\000"
 809      50726F63 
 809      65737343 
 809      79636C69 
 809      63546162 
 810              		.ident	"GCC: (GNU Tools for ARM Embedded Processors) 5.4.1 20160609 (release) [ARM/embedded-5-bran
