ARM GAS  C:\Users\bolob\AppData\Local\Temp\ccXMMe09.s 			page 1


   1              		.syntax unified
   2              		.cpu cortex-m3
   3              		.fpu softvfp
   4              		.eabi_attribute 20, 1
   5              		.eabi_attribute 21, 1
   6              		.eabi_attribute 23, 3
   7              		.eabi_attribute 24, 1
   8              		.eabi_attribute 25, 1
   9              		.eabi_attribute 26, 1
  10              		.eabi_attribute 30, 1
  11              		.eabi_attribute 34, 1
  12              		.eabi_attribute 18, 4
  13              		.thumb
  14              		.syntax unified
  15              		.file	"tsk_io.c"
  16              		.text
  17              	.Ltext0:
  18              		.cfi_sections	.debug_frame
  19              		.section	.text.Functsk_io,"ax",%progbits
  20              		.align	2
  21              		.global	Functsk_io
  22              		.thumb
  23              		.thumb_func
  24              		.type	Functsk_io, %function
  25              	Functsk_io:
  26              	.LFB133:
  27              		.file 1 "source\\asw\\tsk_io.c"
   1:source\asw/tsk_io.c **** /*
   2:source\asw/tsk_io.c ****  * Filename: tsk_io.c
   3:source\asw/tsk_io.c ****  *
   4:source\asw/tsk_io.c ****  * Author: Autogenerated by H-DA RTE Generator, (c) Prof. Fromm
   5:source\asw/tsk_io.c ****  *
   6:source\asw/tsk_io.c ****  * description: This task will contain all IO operations, e. g. butons, display, ...
   7:source\asw/tsk_io.c ****  * events: 
   8:source\asw/tsk_io.c ****  * mode: Cyclic
   9:source\asw/tsk_io.c ****  * name: tsk_io
  10:source\asw/tsk_io.c ****  * shortname: io
  11:source\asw/tsk_io.c ****  * signalpoolsRO: sp_common
  12:source\asw/tsk_io.c ****  * signalpoolsRW: sp_common
  13:source\asw/tsk_io.c ****  * tickEvent: 0
  14:source\asw/tsk_io.c ****  * timertickperiod: 1
  15:source\asw/tsk_io.c ****  *
  16:source\asw/tsk_io.c ****  */
  17:source\asw/tsk_io.c **** 
  18:source\asw/tsk_io.c **** #include "project.h"
  19:source\asw/tsk_io.c **** #include "global.h"
  20:source\asw/tsk_io.c **** #include "rte.h"
  21:source\asw/tsk_io.c **** #include "rte_types.h"
  22:source\asw/tsk_io.c **** #include "tsk_io.h"
  23:source\asw/tsk_io.c **** 
  24:source\asw/tsk_io.c **** 
  25:source\asw/tsk_io.c **** 
  26:source\asw/tsk_io.c **** /* USER CODE START TSK_IO_INCLUDE */
  27:source\asw/tsk_io.c **** 
  28:source\asw/tsk_io.c **** /* USER CODE END TSK_IO_INCLUDE */
  29:source\asw/tsk_io.c **** 
  30:source\asw/tsk_io.c **** #include "swc_clock.h"
ARM GAS  C:\Users\bolob\AppData\Local\Temp\ccXMMe09.s 			page 2


  31:source\asw/tsk_io.c **** 
  32:source\asw/tsk_io.c **** 
  33:source\asw/tsk_io.c **** 
  34:source\asw/tsk_io.c **** /* USER CODE START TSK_IO_USERDEFINITIONS */
  35:source\asw/tsk_io.c **** 
  36:source\asw/tsk_io.c **** /* USER CODE END TSK_IO_USERDEFINITIONS */
  37:source\asw/tsk_io.c **** 
  38:source\asw/tsk_io.c **** /*******************************************************************************
  39:source\asw/tsk_io.c ****  * Runnable Tables from Activation Engine
  40:source\asw/tsk_io.c ****  *******************************************************************************/
  41:source\asw/tsk_io.c **** 
  42:source\asw/tsk_io.c **** /* Cyclic Table */
  43:source\asw/tsk_io.c **** 
  44:source\asw/tsk_io.c **** const RTE_cyclicTable_t RTE_cyclicActivationTable_tsk_io[] = {
  45:source\asw/tsk_io.c **** 	{ CLOCK_input_run, 50 },	//Runnable
  46:source\asw/tsk_io.c **** 	{ CLOCK_display_run, 250 },	//TFT display runnable
  47:source\asw/tsk_io.c **** };
  48:source\asw/tsk_io.c **** const uint16_t RTE_cyclicActivation_tsk_io_size = sizeof (RTE_cyclicActivationTable_tsk_io) / sizeo
  49:source\asw/tsk_io.c **** 
  50:source\asw/tsk_io.c **** 
  51:source\asw/tsk_io.c **** /*******************************************************************************
  52:source\asw/tsk_io.c ****  * Task Body
  53:source\asw/tsk_io.c ****  *******************************************************************************/
  54:source\asw/tsk_io.c **** 
  55:source\asw/tsk_io.c **** 
  56:source\asw/tsk_io.c **** /*
  57:source\asw/tsk_io.c ****  * description: This task will contain all IO operations, e. g. butons, display, ...
  58:source\asw/tsk_io.c ****  * events: 
  59:source\asw/tsk_io.c ****  * mode: Cyclic
  60:source\asw/tsk_io.c ****  * name: tsk_io
  61:source\asw/tsk_io.c ****  * shortname: io
  62:source\asw/tsk_io.c ****  * signalpoolsRO: sp_common
  63:source\asw/tsk_io.c ****  * signalpoolsRW: sp_common
  64:source\asw/tsk_io.c ****  * tickEvent: 0
  65:source\asw/tsk_io.c ****  * timertickperiod: 1
  66:source\asw/tsk_io.c ****  */
  67:source\asw/tsk_io.c **** TASK(tsk_io)
  68:source\asw/tsk_io.c **** {
  28              		.loc 1 68 0
  29              		.cfi_startproc
  30              		@ args = 0, pretend = 0, frame = 0
  31              		@ frame_needed = 0, uses_anonymous_args = 0
  32 0000 10B5     		push	{r4, lr}
  33              		.cfi_def_cfa_offset 8
  34              		.cfi_offset 4, -8
  35              		.cfi_offset 14, -4
  69:source\asw/tsk_io.c **** 	/* ticktime of the task */
  70:source\asw/tsk_io.c **** 	static uint32_t ticktime = 0;
  71:source\asw/tsk_io.c **** 
  72:source\asw/tsk_io.c **** 	/* USER CODE START TSK_IO_TASKBODY_PRE */
  73:source\asw/tsk_io.c **** 
  74:source\asw/tsk_io.c **** 	/* USER CODE END TSK_IO_TASKBODY_PRE */
  75:source\asw/tsk_io.c ****     
  76:source\asw/tsk_io.c ****     //Process all cyclic runnables which are due
  77:source\asw/tsk_io.c ****     RTE_ProcessCyclicTable(RTE_cyclicActivationTable_tsk_io, RTE_cyclicActivation_tsk_io_size, tick
  36              		.loc 1 77 0
  37 0002 084C     		ldr	r4, .L4
ARM GAS  C:\Users\bolob\AppData\Local\Temp\ccXMMe09.s 			page 3


  38 0004 2268     		ldr	r2, [r4]
  39 0006 0221     		movs	r1, #2
  40 0008 0748     		ldr	r0, .L4+4
  41 000a FFF7FEFF 		bl	RTE_ProcessCyclicTable
  42              	.LVL0:
  78:source\asw/tsk_io.c **** 	
  79:source\asw/tsk_io.c **** 	/* USER CODE START TSK_IO_TASKBODY_POST */
  80:source\asw/tsk_io.c **** 
  81:source\asw/tsk_io.c **** 	/* USER CODE END TSK_IO_TASKBODY_POST */
  82:source\asw/tsk_io.c **** 
  83:source\asw/tsk_io.c **** 	ticktime += 1;
  43              		.loc 1 83 0
  44 000e 2368     		ldr	r3, [r4]
  45 0010 0133     		adds	r3, r3, #1
  46 0012 2360     		str	r3, [r4]
  84:source\asw/tsk_io.c **** 	if (ticktime > 0xFFFFFF00) ticktime = 0;
  47              		.loc 1 84 0
  48 0014 13F5807F 		cmn	r3, #256
  49 0018 01D9     		bls	.L2
  50              		.loc 1 84 0 is_stmt 0 discriminator 1
  51 001a 0022     		movs	r2, #0
  52 001c 2260     		str	r2, [r4]
  53              	.L2:
  85:source\asw/tsk_io.c **** 	
  86:source\asw/tsk_io.c **** 	TerminateTask();
  54              		.loc 1 86 0 is_stmt 1
  55 001e FFF7FEFF 		bl	EE_oo_TerminateTask
  56              	.LVL1:
  57 0022 10BD     		pop	{r4, pc}
  58              	.L5:
  59              		.align	2
  60              	.L4:
  61 0024 00000000 		.word	.LANCHOR0
  62 0028 00000000 		.word	.LANCHOR1
  63              		.cfi_endproc
  64              	.LFE133:
  65              		.size	Functsk_io, .-Functsk_io
  66              		.global	RTE_cyclicActivation_tsk_io_size
  67              		.global	RTE_cyclicActivationTable_tsk_io
  68              		.section	.rodata
  69              		.align	2
  70              		.set	.LANCHOR1,. + 0
  71              		.type	RTE_cyclicActivationTable_tsk_io, %object
  72              		.size	RTE_cyclicActivationTable_tsk_io, 16
  73              	RTE_cyclicActivationTable_tsk_io:
  74 0000 00000000 		.word	CLOCK_input_run
  75 0004 3200     		.short	50
  76 0006 0000     		.space	2
  77 0008 00000000 		.word	CLOCK_display_run
  78 000c FA00     		.short	250
  79 000e 0000     		.space	2
  80              		.type	RTE_cyclicActivation_tsk_io_size, %object
  81              		.size	RTE_cyclicActivation_tsk_io_size, 2
  82              	RTE_cyclicActivation_tsk_io_size:
  83 0010 0200     		.short	2
  84              		.bss
  85              		.align	2
ARM GAS  C:\Users\bolob\AppData\Local\Temp\ccXMMe09.s 			page 4


  86              		.set	.LANCHOR0,. + 0
  87              		.type	ticktime.7640, %object
  88              		.size	ticktime.7640, 4
  89              	ticktime.7640:
  90 0000 00000000 		.space	4
  91              		.text
  92              	.Letext0:
  93              		.file 2 "c:\\program files (x86)\\cypress\\psoc creator\\4.4\\psoc creator\\import\\gnu\\arm\\5.4.
  94              		.file 3 "c:\\program files (x86)\\cypress\\psoc creator\\4.4\\psoc creator\\import\\gnu\\arm\\5.4.
  95              		.file 4 "Generated_Source\\PSoC5/ErikaOS_1_common_ee_types.inc"
  96              		.file 5 "Generated_Source\\PSoC5/ErikaOS_1_cortex_mx_ee_cpu.inc"
  97              		.file 6 "Generated_Source\\PSoC5/ErikaOS_1_ee_oo_common.inc"
  98              		.file 7 ".\\source\\rte/rte_types.h"
  99              		.file 8 ".\\source\\rte/rte.h"
 100              		.file 9 "Generated_Source\\PSoC5/ErikaOS_1_ee_oo_intfunc.inc"
 101              		.file 10 "Generated_Source\\PSoC5/ErikaOS_1_cortex_mx_ee_context.inc"
 102              		.file 11 "Generated_Source\\PSoC5/ErikaOS_1_common_ee_primitives.inc"
 103              		.file 12 "Generated_Source\\PSoC5/core_cm3.h"
 104              		.file 13 "Generated_Source\\PSoC5/ErikaOS_1_ee_oo_kernel.inc"
 105              		.section	.debug_info,"",%progbits
 106              	.Ldebug_info0:
 107 0000 4E020000 		.4byte	0x24e
 108 0004 0400     		.2byte	0x4
 109 0006 00000000 		.4byte	.Ldebug_abbrev0
 110 000a 04       		.byte	0x4
 111 000b 01       		.uleb128 0x1
 112 000c A4000000 		.4byte	.LASF40
 113 0010 0C       		.byte	0xc
 114 0011 A5010000 		.4byte	.LASF41
 115 0015 D2020000 		.4byte	.LASF42
 116 0019 00000000 		.4byte	.Ldebug_ranges0+0
 117 001d 00000000 		.4byte	0
 118 0021 00000000 		.4byte	.Ldebug_line0
 119 0025 02       		.uleb128 0x2
 120 0026 01       		.byte	0x1
 121 0027 06       		.byte	0x6
 122 0028 A4020000 		.4byte	.LASF0
 123 002c 02       		.uleb128 0x2
 124 002d 01       		.byte	0x1
 125 002e 08       		.byte	0x8
 126 002f 96000000 		.4byte	.LASF1
 127 0033 02       		.uleb128 0x2
 128 0034 02       		.byte	0x2
 129 0035 05       		.byte	0x5
 130 0036 73020000 		.4byte	.LASF2
 131 003a 03       		.uleb128 0x3
 132 003b 85010000 		.4byte	.LASF4
 133 003f 02       		.byte	0x2
 134 0040 2B       		.byte	0x2b
 135 0041 45000000 		.4byte	0x45
 136 0045 02       		.uleb128 0x2
 137 0046 02       		.byte	0x2
 138 0047 07       		.byte	0x7
 139 0048 4D010000 		.4byte	.LASF3
 140 004c 03       		.uleb128 0x3
 141 004d 06000000 		.4byte	.LASF5
 142 0051 02       		.byte	0x2
ARM GAS  C:\Users\bolob\AppData\Local\Temp\ccXMMe09.s 			page 5


 143 0052 3F       		.byte	0x3f
 144 0053 57000000 		.4byte	0x57
 145 0057 02       		.uleb128 0x2
 146 0058 04       		.byte	0x4
 147 0059 05       		.byte	0x5
 148 005a 8F020000 		.4byte	.LASF6
 149 005e 03       		.uleb128 0x3
 150 005f 9A010000 		.4byte	.LASF7
 151 0063 02       		.byte	0x2
 152 0064 41       		.byte	0x41
 153 0065 69000000 		.4byte	0x69
 154 0069 02       		.uleb128 0x2
 155 006a 04       		.byte	0x4
 156 006b 07       		.byte	0x7
 157 006c 3B010000 		.4byte	.LASF8
 158 0070 02       		.uleb128 0x2
 159 0071 08       		.byte	0x8
 160 0072 05       		.byte	0x5
 161 0073 3D020000 		.4byte	.LASF9
 162 0077 02       		.uleb128 0x2
 163 0078 08       		.byte	0x8
 164 0079 07       		.byte	0x7
 165 007a 75000000 		.4byte	.LASF10
 166 007e 04       		.uleb128 0x4
 167 007f 04       		.byte	0x4
 168 0080 05       		.byte	0x5
 169 0081 696E7400 		.ascii	"int\000"
 170 0085 02       		.uleb128 0x2
 171 0086 04       		.byte	0x4
 172 0087 07       		.byte	0x7
 173 0088 CB010000 		.4byte	.LASF11
 174 008c 03       		.uleb128 0x3
 175 008d 7D020000 		.4byte	.LASF12
 176 0091 03       		.byte	0x3
 177 0092 24       		.byte	0x24
 178 0093 3A000000 		.4byte	0x3a
 179 0097 03       		.uleb128 0x3
 180 0098 2C020000 		.4byte	.LASF13
 181 009c 03       		.byte	0x3
 182 009d 2C       		.byte	0x2c
 183 009e 4C000000 		.4byte	0x4c
 184 00a2 03       		.uleb128 0x3
 185 00a3 86020000 		.4byte	.LASF14
 186 00a7 03       		.byte	0x3
 187 00a8 30       		.byte	0x30
 188 00a9 5E000000 		.4byte	0x5e
 189 00ad 02       		.uleb128 0x2
 190 00ae 04       		.byte	0x4
 191 00af 04       		.byte	0x4
 192 00b0 00000000 		.4byte	.LASF15
 193 00b4 02       		.uleb128 0x2
 194 00b5 08       		.byte	0x8
 195 00b6 04       		.byte	0x4
 196 00b7 1E000000 		.4byte	.LASF16
 197 00bb 02       		.uleb128 0x2
 198 00bc 01       		.byte	0x1
 199 00bd 08       		.byte	0x8
ARM GAS  C:\Users\bolob\AppData\Local\Temp\ccXMMe09.s 			page 6


 200 00be F3010000 		.4byte	.LASF17
 201 00c2 02       		.uleb128 0x2
 202 00c3 08       		.byte	0x8
 203 00c4 04       		.byte	0x4
 204 00c5 98020000 		.4byte	.LASF18
 205 00c9 02       		.uleb128 0x2
 206 00ca 04       		.byte	0x4
 207 00cb 07       		.byte	0x7
 208 00cc 34020000 		.4byte	.LASF19
 209 00d0 03       		.uleb128 0x3
 210 00d1 32010000 		.4byte	.LASF20
 211 00d5 04       		.byte	0x4
 212 00d6 53       		.byte	0x53
 213 00d7 7E000000 		.4byte	0x7e
 214 00db 03       		.uleb128 0x3
 215 00dc E0010000 		.4byte	.LASF21
 216 00e0 04       		.byte	0x4
 217 00e1 54       		.byte	0x54
 218 00e2 85000000 		.4byte	0x85
 219 00e6 03       		.uleb128 0x3
 220 00e7 4B020000 		.4byte	.LASF22
 221 00eb 05       		.byte	0x5
 222 00ec 4D       		.byte	0x4d
 223 00ed DB000000 		.4byte	0xdb
 224 00f1 03       		.uleb128 0x3
 225 00f2 D8010000 		.4byte	.LASF23
 226 00f6 05       		.byte	0x5
 227 00f7 4F       		.byte	0x4f
 228 00f8 DB000000 		.4byte	0xdb
 229 00fc 03       		.uleb128 0x3
 230 00fd 3E000000 		.4byte	.LASF24
 231 0101 05       		.byte	0x5
 232 0102 78       		.byte	0x78
 233 0103 D0000000 		.4byte	0xd0
 234 0107 05       		.uleb128 0x5
 235 0108 10000000 		.4byte	.LASF25
 236 010c 06       		.byte	0x6
 237 010d 2C02     		.2byte	0x22c
 238 010f E6000000 		.4byte	0xe6
 239 0113 03       		.uleb128 0x3
 240 0114 90010000 		.4byte	.LASF26
 241 0118 07       		.byte	0x7
 242 0119 21       		.byte	0x21
 243 011a 07010000 		.4byte	0x107
 244 011e 03       		.uleb128 0x3
 245 011f B0020000 		.4byte	.LASF27
 246 0123 08       		.byte	0x8
 247 0124 66       		.byte	0x66
 248 0125 29010000 		.4byte	0x129
 249 0129 06       		.uleb128 0x6
 250 012a 04       		.byte	0x4
 251 012b 2F010000 		.4byte	0x12f
 252 012f 07       		.uleb128 0x7
 253 0130 3A010000 		.4byte	0x13a
 254 0134 08       		.uleb128 0x8
 255 0135 13010000 		.4byte	0x113
 256 0139 00       		.byte	0
ARM GAS  C:\Users\bolob\AppData\Local\Temp\ccXMMe09.s 			page 7


 257 013a 09       		.uleb128 0x9
 258 013b 08       		.byte	0x8
 259 013c 08       		.byte	0x8
 260 013d 6B       		.byte	0x6b
 261 013e 5B010000 		.4byte	0x15b
 262 0142 0A       		.uleb128 0xa
 263 0143 72756E00 		.ascii	"run\000"
 264 0147 08       		.byte	0x8
 265 0148 6D       		.byte	0x6d
 266 0149 1E010000 		.4byte	0x11e
 267 014d 00       		.byte	0
 268 014e 0B       		.uleb128 0xb
 269 014f 8C000000 		.4byte	.LASF28
 270 0153 08       		.byte	0x8
 271 0154 6E       		.byte	0x6e
 272 0155 8C000000 		.4byte	0x8c
 273 0159 04       		.byte	0x4
 274 015a 00       		.byte	0
 275 015b 03       		.uleb128 0x3
 276 015c B9010000 		.4byte	.LASF29
 277 0160 08       		.byte	0x8
 278 0161 6F       		.byte	0x6f
 279 0162 3A010000 		.4byte	0x13a
 280 0166 0C       		.uleb128 0xc
 281 0167 8C000000 		.4byte	0x8c
 282 016b 0D       		.uleb128 0xd
 283 016c 68020000 		.4byte	.LASF43
 284 0170 01       		.byte	0x1
 285 0171 43       		.byte	0x43
 286 0172 00000000 		.4byte	.LFB133
 287 0176 2C000000 		.4byte	.LFE133-.LFB133
 288 017a 01       		.uleb128 0x1
 289 017b 9C       		.byte	0x9c
 290 017c B7010000 		.4byte	0x1b7
 291 0180 0E       		.uleb128 0xe
 292 0181 EA010000 		.4byte	.LASF44
 293 0185 01       		.byte	0x1
 294 0186 46       		.byte	0x46
 295 0187 A2000000 		.4byte	0xa2
 296 018b 05       		.uleb128 0x5
 297 018c 03       		.byte	0x3
 298 018d 00000000 		.4byte	ticktime.7640
 299 0191 0F       		.uleb128 0xf
 300 0192 0E000000 		.4byte	.LVL0
 301 0196 3B020000 		.4byte	0x23b
 302 019a AD010000 		.4byte	0x1ad
 303 019e 10       		.uleb128 0x10
 304 019f 01       		.uleb128 0x1
 305 01a0 50       		.byte	0x50
 306 01a1 05       		.uleb128 0x5
 307 01a2 03       		.byte	0x3
 308 01a3 00000000 		.4byte	.LANCHOR1
 309 01a7 10       		.uleb128 0x10
 310 01a8 01       		.uleb128 0x1
 311 01a9 51       		.byte	0x51
 312 01aa 01       		.uleb128 0x1
 313 01ab 32       		.byte	0x32
ARM GAS  C:\Users\bolob\AppData\Local\Temp\ccXMMe09.s 			page 8


 314 01ac 00       		.byte	0
 315 01ad 11       		.uleb128 0x11
 316 01ae 22000000 		.4byte	.LVL1
 317 01b2 46020000 		.4byte	0x246
 318 01b6 00       		.byte	0
 319 01b7 12       		.uleb128 0x12
 320 01b8 60010000 		.4byte	.LASF30
 321 01bc 09       		.byte	0x9
 322 01bd 40       		.byte	0x40
 323 01be E6000000 		.4byte	0xe6
 324 01c2 12       		.uleb128 0x12
 325 01c3 25000000 		.4byte	.LASF31
 326 01c7 09       		.byte	0x9
 327 01c8 47       		.byte	0x47
 328 01c9 F1000000 		.4byte	0xf1
 329 01cd 12       		.uleb128 0x12
 330 01ce F8010000 		.4byte	.LASF32
 331 01d2 09       		.byte	0x9
 332 01d3 4A       		.byte	0x4a
 333 01d4 E6000000 		.4byte	0xe6
 334 01d8 12       		.uleb128 0x12
 335 01d9 5C000000 		.4byte	.LASF33
 336 01dd 0A       		.byte	0xa
 337 01de 48       		.byte	0x48
 338 01df FC000000 		.4byte	0xfc
 339 01e3 12       		.uleb128 0x12
 340 01e4 53020000 		.4byte	.LASF34
 341 01e8 0B       		.byte	0xb
 342 01e9 44       		.byte	0x44
 343 01ea E6000000 		.4byte	0xe6
 344 01ee 13       		.uleb128 0x13
 345 01ef 78010000 		.4byte	.LASF35
 346 01f3 0C       		.byte	0xc
 347 01f4 1207     		.2byte	0x712
 348 01f6 FA010000 		.4byte	0x1fa
 349 01fa 14       		.uleb128 0x14
 350 01fb 97000000 		.4byte	0x97
 351 01ff 15       		.uleb128 0x15
 352 0200 0F020000 		.4byte	0x20f
 353 0204 0F020000 		.4byte	0x20f
 354 0208 16       		.uleb128 0x16
 355 0209 C9000000 		.4byte	0xc9
 356 020d 01       		.byte	0x1
 357 020e 00       		.byte	0
 358 020f 0C       		.uleb128 0xc
 359 0210 5B010000 		.4byte	0x15b
 360 0214 17       		.uleb128 0x17
 361 0215 15030000 		.4byte	.LASF36
 362 0219 01       		.byte	0x1
 363 021a 2C       		.byte	0x2c
 364 021b 25020000 		.4byte	0x225
 365 021f 05       		.uleb128 0x5
 366 0220 03       		.byte	0x3
 367 0221 00000000 		.4byte	RTE_cyclicActivationTable_tsk_io
 368 0225 0C       		.uleb128 0xc
 369 0226 FF010000 		.4byte	0x1ff
 370 022a 17       		.uleb128 0x17
ARM GAS  C:\Users\bolob\AppData\Local\Temp\ccXMMe09.s 			page 9


 371 022b 0B020000 		.4byte	.LASF37
 372 022f 01       		.byte	0x1
 373 0230 30       		.byte	0x30
 374 0231 66010000 		.4byte	0x166
 375 0235 05       		.uleb128 0x5
 376 0236 03       		.byte	0x3
 377 0237 00000000 		.4byte	RTE_cyclicActivation_tsk_io_size
 378 023b 18       		.uleb128 0x18
 379 023c 45000000 		.4byte	.LASF38
 380 0240 45000000 		.4byte	.LASF38
 381 0244 08       		.byte	0x8
 382 0245 8E       		.byte	0x8e
 383 0246 18       		.uleb128 0x18
 384 0247 BE020000 		.4byte	.LASF39
 385 024b BE020000 		.4byte	.LASF39
 386 024f 0D       		.byte	0xd
 387 0250 9F       		.byte	0x9f
 388 0251 00       		.byte	0
 389              		.section	.debug_abbrev,"",%progbits
 390              	.Ldebug_abbrev0:
 391 0000 01       		.uleb128 0x1
 392 0001 11       		.uleb128 0x11
 393 0002 01       		.byte	0x1
 394 0003 25       		.uleb128 0x25
 395 0004 0E       		.uleb128 0xe
 396 0005 13       		.uleb128 0x13
 397 0006 0B       		.uleb128 0xb
 398 0007 03       		.uleb128 0x3
 399 0008 0E       		.uleb128 0xe
 400 0009 1B       		.uleb128 0x1b
 401 000a 0E       		.uleb128 0xe
 402 000b 55       		.uleb128 0x55
 403 000c 17       		.uleb128 0x17
 404 000d 11       		.uleb128 0x11
 405 000e 01       		.uleb128 0x1
 406 000f 10       		.uleb128 0x10
 407 0010 17       		.uleb128 0x17
 408 0011 00       		.byte	0
 409 0012 00       		.byte	0
 410 0013 02       		.uleb128 0x2
 411 0014 24       		.uleb128 0x24
 412 0015 00       		.byte	0
 413 0016 0B       		.uleb128 0xb
 414 0017 0B       		.uleb128 0xb
 415 0018 3E       		.uleb128 0x3e
 416 0019 0B       		.uleb128 0xb
 417 001a 03       		.uleb128 0x3
 418 001b 0E       		.uleb128 0xe
 419 001c 00       		.byte	0
 420 001d 00       		.byte	0
 421 001e 03       		.uleb128 0x3
 422 001f 16       		.uleb128 0x16
 423 0020 00       		.byte	0
 424 0021 03       		.uleb128 0x3
 425 0022 0E       		.uleb128 0xe
 426 0023 3A       		.uleb128 0x3a
 427 0024 0B       		.uleb128 0xb
ARM GAS  C:\Users\bolob\AppData\Local\Temp\ccXMMe09.s 			page 10


 428 0025 3B       		.uleb128 0x3b
 429 0026 0B       		.uleb128 0xb
 430 0027 49       		.uleb128 0x49
 431 0028 13       		.uleb128 0x13
 432 0029 00       		.byte	0
 433 002a 00       		.byte	0
 434 002b 04       		.uleb128 0x4
 435 002c 24       		.uleb128 0x24
 436 002d 00       		.byte	0
 437 002e 0B       		.uleb128 0xb
 438 002f 0B       		.uleb128 0xb
 439 0030 3E       		.uleb128 0x3e
 440 0031 0B       		.uleb128 0xb
 441 0032 03       		.uleb128 0x3
 442 0033 08       		.uleb128 0x8
 443 0034 00       		.byte	0
 444 0035 00       		.byte	0
 445 0036 05       		.uleb128 0x5
 446 0037 16       		.uleb128 0x16
 447 0038 00       		.byte	0
 448 0039 03       		.uleb128 0x3
 449 003a 0E       		.uleb128 0xe
 450 003b 3A       		.uleb128 0x3a
 451 003c 0B       		.uleb128 0xb
 452 003d 3B       		.uleb128 0x3b
 453 003e 05       		.uleb128 0x5
 454 003f 49       		.uleb128 0x49
 455 0040 13       		.uleb128 0x13
 456 0041 00       		.byte	0
 457 0042 00       		.byte	0
 458 0043 06       		.uleb128 0x6
 459 0044 0F       		.uleb128 0xf
 460 0045 00       		.byte	0
 461 0046 0B       		.uleb128 0xb
 462 0047 0B       		.uleb128 0xb
 463 0048 49       		.uleb128 0x49
 464 0049 13       		.uleb128 0x13
 465 004a 00       		.byte	0
 466 004b 00       		.byte	0
 467 004c 07       		.uleb128 0x7
 468 004d 15       		.uleb128 0x15
 469 004e 01       		.byte	0x1
 470 004f 27       		.uleb128 0x27
 471 0050 19       		.uleb128 0x19
 472 0051 01       		.uleb128 0x1
 473 0052 13       		.uleb128 0x13
 474 0053 00       		.byte	0
 475 0054 00       		.byte	0
 476 0055 08       		.uleb128 0x8
 477 0056 05       		.uleb128 0x5
 478 0057 00       		.byte	0
 479 0058 49       		.uleb128 0x49
 480 0059 13       		.uleb128 0x13
 481 005a 00       		.byte	0
 482 005b 00       		.byte	0
 483 005c 09       		.uleb128 0x9
 484 005d 13       		.uleb128 0x13
ARM GAS  C:\Users\bolob\AppData\Local\Temp\ccXMMe09.s 			page 11


 485 005e 01       		.byte	0x1
 486 005f 0B       		.uleb128 0xb
 487 0060 0B       		.uleb128 0xb
 488 0061 3A       		.uleb128 0x3a
 489 0062 0B       		.uleb128 0xb
 490 0063 3B       		.uleb128 0x3b
 491 0064 0B       		.uleb128 0xb
 492 0065 01       		.uleb128 0x1
 493 0066 13       		.uleb128 0x13
 494 0067 00       		.byte	0
 495 0068 00       		.byte	0
 496 0069 0A       		.uleb128 0xa
 497 006a 0D       		.uleb128 0xd
 498 006b 00       		.byte	0
 499 006c 03       		.uleb128 0x3
 500 006d 08       		.uleb128 0x8
 501 006e 3A       		.uleb128 0x3a
 502 006f 0B       		.uleb128 0xb
 503 0070 3B       		.uleb128 0x3b
 504 0071 0B       		.uleb128 0xb
 505 0072 49       		.uleb128 0x49
 506 0073 13       		.uleb128 0x13
 507 0074 38       		.uleb128 0x38
 508 0075 0B       		.uleb128 0xb
 509 0076 00       		.byte	0
 510 0077 00       		.byte	0
 511 0078 0B       		.uleb128 0xb
 512 0079 0D       		.uleb128 0xd
 513 007a 00       		.byte	0
 514 007b 03       		.uleb128 0x3
 515 007c 0E       		.uleb128 0xe
 516 007d 3A       		.uleb128 0x3a
 517 007e 0B       		.uleb128 0xb
 518 007f 3B       		.uleb128 0x3b
 519 0080 0B       		.uleb128 0xb
 520 0081 49       		.uleb128 0x49
 521 0082 13       		.uleb128 0x13
 522 0083 38       		.uleb128 0x38
 523 0084 0B       		.uleb128 0xb
 524 0085 00       		.byte	0
 525 0086 00       		.byte	0
 526 0087 0C       		.uleb128 0xc
 527 0088 26       		.uleb128 0x26
 528 0089 00       		.byte	0
 529 008a 49       		.uleb128 0x49
 530 008b 13       		.uleb128 0x13
 531 008c 00       		.byte	0
 532 008d 00       		.byte	0
 533 008e 0D       		.uleb128 0xd
 534 008f 2E       		.uleb128 0x2e
 535 0090 01       		.byte	0x1
 536 0091 3F       		.uleb128 0x3f
 537 0092 19       		.uleb128 0x19
 538 0093 03       		.uleb128 0x3
 539 0094 0E       		.uleb128 0xe
 540 0095 3A       		.uleb128 0x3a
 541 0096 0B       		.uleb128 0xb
ARM GAS  C:\Users\bolob\AppData\Local\Temp\ccXMMe09.s 			page 12


 542 0097 3B       		.uleb128 0x3b
 543 0098 0B       		.uleb128 0xb
 544 0099 27       		.uleb128 0x27
 545 009a 19       		.uleb128 0x19
 546 009b 11       		.uleb128 0x11
 547 009c 01       		.uleb128 0x1
 548 009d 12       		.uleb128 0x12
 549 009e 06       		.uleb128 0x6
 550 009f 40       		.uleb128 0x40
 551 00a0 18       		.uleb128 0x18
 552 00a1 9742     		.uleb128 0x2117
 553 00a3 19       		.uleb128 0x19
 554 00a4 01       		.uleb128 0x1
 555 00a5 13       		.uleb128 0x13
 556 00a6 00       		.byte	0
 557 00a7 00       		.byte	0
 558 00a8 0E       		.uleb128 0xe
 559 00a9 34       		.uleb128 0x34
 560 00aa 00       		.byte	0
 561 00ab 03       		.uleb128 0x3
 562 00ac 0E       		.uleb128 0xe
 563 00ad 3A       		.uleb128 0x3a
 564 00ae 0B       		.uleb128 0xb
 565 00af 3B       		.uleb128 0x3b
 566 00b0 0B       		.uleb128 0xb
 567 00b1 49       		.uleb128 0x49
 568 00b2 13       		.uleb128 0x13
 569 00b3 02       		.uleb128 0x2
 570 00b4 18       		.uleb128 0x18
 571 00b5 00       		.byte	0
 572 00b6 00       		.byte	0
 573 00b7 0F       		.uleb128 0xf
 574 00b8 898201   		.uleb128 0x4109
 575 00bb 01       		.byte	0x1
 576 00bc 11       		.uleb128 0x11
 577 00bd 01       		.uleb128 0x1
 578 00be 31       		.uleb128 0x31
 579 00bf 13       		.uleb128 0x13
 580 00c0 01       		.uleb128 0x1
 581 00c1 13       		.uleb128 0x13
 582 00c2 00       		.byte	0
 583 00c3 00       		.byte	0
 584 00c4 10       		.uleb128 0x10
 585 00c5 8A8201   		.uleb128 0x410a
 586 00c8 00       		.byte	0
 587 00c9 02       		.uleb128 0x2
 588 00ca 18       		.uleb128 0x18
 589 00cb 9142     		.uleb128 0x2111
 590 00cd 18       		.uleb128 0x18
 591 00ce 00       		.byte	0
 592 00cf 00       		.byte	0
 593 00d0 11       		.uleb128 0x11
 594 00d1 898201   		.uleb128 0x4109
 595 00d4 00       		.byte	0
 596 00d5 11       		.uleb128 0x11
 597 00d6 01       		.uleb128 0x1
 598 00d7 31       		.uleb128 0x31
ARM GAS  C:\Users\bolob\AppData\Local\Temp\ccXMMe09.s 			page 13


 599 00d8 13       		.uleb128 0x13
 600 00d9 00       		.byte	0
 601 00da 00       		.byte	0
 602 00db 12       		.uleb128 0x12
 603 00dc 34       		.uleb128 0x34
 604 00dd 00       		.byte	0
 605 00de 03       		.uleb128 0x3
 606 00df 0E       		.uleb128 0xe
 607 00e0 3A       		.uleb128 0x3a
 608 00e1 0B       		.uleb128 0xb
 609 00e2 3B       		.uleb128 0x3b
 610 00e3 0B       		.uleb128 0xb
 611 00e4 49       		.uleb128 0x49
 612 00e5 13       		.uleb128 0x13
 613 00e6 3F       		.uleb128 0x3f
 614 00e7 19       		.uleb128 0x19
 615 00e8 3C       		.uleb128 0x3c
 616 00e9 19       		.uleb128 0x19
 617 00ea 00       		.byte	0
 618 00eb 00       		.byte	0
 619 00ec 13       		.uleb128 0x13
 620 00ed 34       		.uleb128 0x34
 621 00ee 00       		.byte	0
 622 00ef 03       		.uleb128 0x3
 623 00f0 0E       		.uleb128 0xe
 624 00f1 3A       		.uleb128 0x3a
 625 00f2 0B       		.uleb128 0xb
 626 00f3 3B       		.uleb128 0x3b
 627 00f4 05       		.uleb128 0x5
 628 00f5 49       		.uleb128 0x49
 629 00f6 13       		.uleb128 0x13
 630 00f7 3F       		.uleb128 0x3f
 631 00f8 19       		.uleb128 0x19
 632 00f9 3C       		.uleb128 0x3c
 633 00fa 19       		.uleb128 0x19
 634 00fb 00       		.byte	0
 635 00fc 00       		.byte	0
 636 00fd 14       		.uleb128 0x14
 637 00fe 35       		.uleb128 0x35
 638 00ff 00       		.byte	0
 639 0100 49       		.uleb128 0x49
 640 0101 13       		.uleb128 0x13
 641 0102 00       		.byte	0
 642 0103 00       		.byte	0
 643 0104 15       		.uleb128 0x15
 644 0105 01       		.uleb128 0x1
 645 0106 01       		.byte	0x1
 646 0107 49       		.uleb128 0x49
 647 0108 13       		.uleb128 0x13
 648 0109 01       		.uleb128 0x1
 649 010a 13       		.uleb128 0x13
 650 010b 00       		.byte	0
 651 010c 00       		.byte	0
 652 010d 16       		.uleb128 0x16
 653 010e 21       		.uleb128 0x21
 654 010f 00       		.byte	0
 655 0110 49       		.uleb128 0x49
ARM GAS  C:\Users\bolob\AppData\Local\Temp\ccXMMe09.s 			page 14


 656 0111 13       		.uleb128 0x13
 657 0112 2F       		.uleb128 0x2f
 658 0113 0B       		.uleb128 0xb
 659 0114 00       		.byte	0
 660 0115 00       		.byte	0
 661 0116 17       		.uleb128 0x17
 662 0117 34       		.uleb128 0x34
 663 0118 00       		.byte	0
 664 0119 03       		.uleb128 0x3
 665 011a 0E       		.uleb128 0xe
 666 011b 3A       		.uleb128 0x3a
 667 011c 0B       		.uleb128 0xb
 668 011d 3B       		.uleb128 0x3b
 669 011e 0B       		.uleb128 0xb
 670 011f 49       		.uleb128 0x49
 671 0120 13       		.uleb128 0x13
 672 0121 3F       		.uleb128 0x3f
 673 0122 19       		.uleb128 0x19
 674 0123 02       		.uleb128 0x2
 675 0124 18       		.uleb128 0x18
 676 0125 00       		.byte	0
 677 0126 00       		.byte	0
 678 0127 18       		.uleb128 0x18
 679 0128 2E       		.uleb128 0x2e
 680 0129 00       		.byte	0
 681 012a 3F       		.uleb128 0x3f
 682 012b 19       		.uleb128 0x19
 683 012c 3C       		.uleb128 0x3c
 684 012d 19       		.uleb128 0x19
 685 012e 6E       		.uleb128 0x6e
 686 012f 0E       		.uleb128 0xe
 687 0130 03       		.uleb128 0x3
 688 0131 0E       		.uleb128 0xe
 689 0132 3A       		.uleb128 0x3a
 690 0133 0B       		.uleb128 0xb
 691 0134 3B       		.uleb128 0x3b
 692 0135 0B       		.uleb128 0xb
 693 0136 00       		.byte	0
 694 0137 00       		.byte	0
 695 0138 00       		.byte	0
 696              		.section	.debug_aranges,"",%progbits
 697 0000 1C000000 		.4byte	0x1c
 698 0004 0200     		.2byte	0x2
 699 0006 00000000 		.4byte	.Ldebug_info0
 700 000a 04       		.byte	0x4
 701 000b 00       		.byte	0
 702 000c 0000     		.2byte	0
 703 000e 0000     		.2byte	0
 704 0010 00000000 		.4byte	.LFB133
 705 0014 2C000000 		.4byte	.LFE133-.LFB133
 706 0018 00000000 		.4byte	0
 707 001c 00000000 		.4byte	0
 708              		.section	.debug_ranges,"",%progbits
 709              	.Ldebug_ranges0:
 710 0000 00000000 		.4byte	.LFB133
 711 0004 2C000000 		.4byte	.LFE133
 712 0008 00000000 		.4byte	0
ARM GAS  C:\Users\bolob\AppData\Local\Temp\ccXMMe09.s 			page 15


 713 000c 00000000 		.4byte	0
 714              		.section	.debug_line,"",%progbits
 715              	.Ldebug_line0:
 716 0000 7E020000 		.section	.debug_str,"MS",%progbits,1
 716      02005B02 
 716      00000201 
 716      FB0E0D00 
 716      01010101 
 717              	.LASF15:
 718 0000 666C6F61 		.ascii	"float\000"
 718      7400
 719              	.LASF5:
 720 0006 5F5F696E 		.ascii	"__int32_t\000"
 720      7433325F 
 720      7400
 721              	.LASF25:
 722 0010 4576656E 		.ascii	"EventMaskType\000"
 722      744D6173 
 722      6B547970 
 722      6500
 723              	.LASF16:
 724 001e 646F7562 		.ascii	"double\000"
 724      6C6500
 725              	.LASF31:
 726 0025 45455F6F 		.ascii	"EE_oo_IRQ_suspend_status\000"
 726      6F5F4952 
 726      515F7375 
 726      7370656E 
 726      645F7374 
 727              	.LASF24:
 728 003e 45455F54 		.ascii	"EE_TID\000"
 728      494400
 729              	.LASF38:
 730 0045 5254455F 		.ascii	"RTE_ProcessCyclicTable\000"
 730      50726F63 
 730      65737343 
 730      79636C69 
 730      63546162 
 731              	.LASF33:
 732 005c 45455F73 		.ascii	"EE_std_endcycle_next_tid\000"
 732      74645F65 
 732      6E646379 
 732      636C655F 
 732      6E657874 
 733              	.LASF10:
 734 0075 6C6F6E67 		.ascii	"long long unsigned int\000"
 734      206C6F6E 
 734      6720756E 
 734      7369676E 
 734      65642069 
 735              	.LASF28:
 736 008c 6379636C 		.ascii	"cycleTime\000"
 736      6554696D 
 736      6500
 737              	.LASF1:
 738 0096 756E7369 		.ascii	"unsigned char\000"
 738      676E6564 
ARM GAS  C:\Users\bolob\AppData\Local\Temp\ccXMMe09.s 			page 16


 738      20636861 
 738      7200
 739              	.LASF40:
 740 00a4 474E5520 		.ascii	"GNU C11 5.4.1 20160609 (release) [ARM/embedded-5-br"
 740      43313120 
 740      352E342E 
 740      31203230 
 740      31363036 
 741 00d7 616E6368 		.ascii	"anch revision 237715] -mcpu=cortex-m3 -mthumb -g -O"
 741      20726576 
 741      6973696F 
 741      6E203233 
 741      37373135 
 742 010a 67202D66 		.ascii	"g -ffunction-sections -ffat-lto-objects\000"
 742      66756E63 
 742      74696F6E 
 742      2D736563 
 742      74696F6E 
 743              	.LASF20:
 744 0132 45455F49 		.ascii	"EE_INT32\000"
 744      4E543332 
 744      00
 745              	.LASF8:
 746 013b 6C6F6E67 		.ascii	"long unsigned int\000"
 746      20756E73 
 746      69676E65 
 746      6420696E 
 746      7400
 747              	.LASF3:
 748 014d 73686F72 		.ascii	"short unsigned int\000"
 748      7420756E 
 748      7369676E 
 748      65642069 
 748      6E7400
 749              	.LASF30:
 750 0160 45455F6F 		.ascii	"EE_oo_IRQ_disable_count\000"
 750      6F5F4952 
 750      515F6469 
 750      7361626C 
 750      655F636F 
 751              	.LASF35:
 752 0178 49544D5F 		.ascii	"ITM_RxBuffer\000"
 752      52784275 
 752      66666572 
 752      00
 753              	.LASF4:
 754 0185 5F5F7569 		.ascii	"__uint16_t\000"
 754      6E743136 
 754      5F7400
 755              	.LASF26:
 756 0190 5254455F 		.ascii	"RTE_event\000"
 756      6576656E 
 756      7400
 757              	.LASF7:
 758 019a 5F5F7569 		.ascii	"__uint32_t\000"
 758      6E743332 
 758      5F7400
ARM GAS  C:\Users\bolob\AppData\Local\Temp\ccXMMe09.s 			page 17


 759              	.LASF41:
 760 01a5 736F7572 		.ascii	"source\\asw\\tsk_io.c\000"
 760      63655C61 
 760      73775C74 
 760      736B5F69 
 760      6F2E6300 
 761              	.LASF29:
 762 01b9 5254455F 		.ascii	"RTE_cyclicTable_t\000"
 762      6379636C 
 762      69635461 
 762      626C655F 
 762      7400
 763              	.LASF11:
 764 01cb 756E7369 		.ascii	"unsigned int\000"
 764      676E6564 
 764      20696E74 
 764      00
 765              	.LASF23:
 766 01d8 45455F46 		.ascii	"EE_FREG\000"
 766      52454700 
 767              	.LASF21:
 768 01e0 45455F55 		.ascii	"EE_UINT32\000"
 768      494E5433 
 768      3200
 769              	.LASF44:
 770 01ea 7469636B 		.ascii	"ticktime\000"
 770      74696D65 
 770      00
 771              	.LASF17:
 772 01f3 63686172 		.ascii	"char\000"
 772      00
 773              	.LASF32:
 774 01f8 45455F41 		.ascii	"EE_ApplicationMode\000"
 774      70706C69 
 774      63617469 
 774      6F6E4D6F 
 774      646500
 775              	.LASF37:
 776 020b 5254455F 		.ascii	"RTE_cyclicActivation_tsk_io_size\000"
 776      6379636C 
 776      69634163 
 776      74697661 
 776      74696F6E 
 777              	.LASF13:
 778 022c 696E7433 		.ascii	"int32_t\000"
 778      325F7400 
 779              	.LASF19:
 780 0234 73697A65 		.ascii	"sizetype\000"
 780      74797065 
 780      00
 781              	.LASF9:
 782 023d 6C6F6E67 		.ascii	"long long int\000"
 782      206C6F6E 
 782      6720696E 
 782      7400
 783              	.LASF22:
 784 024b 45455F55 		.ascii	"EE_UREG\000"
ARM GAS  C:\Users\bolob\AppData\Local\Temp\ccXMMe09.s 			page 18


 784      52454700 
 785              	.LASF34:
 786 0253 45455F49 		.ascii	"EE_IRQ_nesting_level\000"
 786      52515F6E 
 786      65737469 
 786      6E675F6C 
 786      6576656C 
 787              	.LASF43:
 788 0268 46756E63 		.ascii	"Functsk_io\000"
 788      74736B5F 
 788      696F00
 789              	.LASF2:
 790 0273 73686F72 		.ascii	"short int\000"
 790      7420696E 
 790      7400
 791              	.LASF12:
 792 027d 75696E74 		.ascii	"uint16_t\000"
 792      31365F74 
 792      00
 793              	.LASF14:
 794 0286 75696E74 		.ascii	"uint32_t\000"
 794      33325F74 
 794      00
 795              	.LASF6:
 796 028f 6C6F6E67 		.ascii	"long int\000"
 796      20696E74 
 796      00
 797              	.LASF18:
 798 0298 6C6F6E67 		.ascii	"long double\000"
 798      20646F75 
 798      626C6500 
 799              	.LASF0:
 800 02a4 7369676E 		.ascii	"signed char\000"
 800      65642063 
 800      68617200 
 801              	.LASF27:
 802 02b0 5254455F 		.ascii	"RTE_pRunnable\000"
 802      7052756E 
 802      6E61626C 
 802      6500
 803              	.LASF39:
 804 02be 45455F6F 		.ascii	"EE_oo_TerminateTask\000"
 804      6F5F5465 
 804      726D696E 
 804      61746554 
 804      61736B00 
 805              	.LASF42:
 806 02d2 433A5C55 		.ascii	"C:\\Users\\bolob\\Documents\\PSoC Creator\\Clock\\E"
 806      73657273 
 806      5C626F6C 
 806      6F625C44 
 806      6F63756D 
 807 02ff 6C656374 		.ascii	"lectronic_Clock.cydsn\000"
 807      726F6E69 
 807      635F436C 
 807      6F636B2E 
 807      63796473 
ARM GAS  C:\Users\bolob\AppData\Local\Temp\ccXMMe09.s 			page 19


 808              	.LASF36:
 809 0315 5254455F 		.ascii	"RTE_cyclicActivationTable_tsk_io\000"
 809      6379636C 
 809      69634163 
 809      74697661 
 809      74696F6E 
 810              		.ident	"GCC: (GNU Tools for ARM Embedded Processors) 5.4.1 20160609 (release) [ARM/embedded-5-bran
