ARM GAS  C:\Users\bolob\AppData\Local\Temp\ccQVTDBh.s 			page 1


   1              		.syntax unified
   2              		.cpu cortex-m3
   3              		.fpu softvfp
   4              		.eabi_attribute 20, 1
   5              		.eabi_attribute 21, 1
   6              		.eabi_attribute 23, 3
   7              		.eabi_attribute 24, 1
   8              		.eabi_attribute 25, 1
   9              		.eabi_attribute 26, 1
  10              		.eabi_attribute 30, 1
  11              		.eabi_attribute 34, 1
  12              		.eabi_attribute 18, 4
  13              		.thumb
  14              		.syntax unified
  15              		.file	"watchdog.c"
  16              		.text
  17              	.Ltext0:
  18              		.cfi_sections	.debug_frame
  19              		.section	.text.WD_Start,"ax",%progbits
  20              		.align	2
  21              		.global	WD_Start
  22              		.thumb
  23              		.thumb_func
  24              		.type	WD_Start, %function
  25              	WD_Start:
  26              	.LFB110:
  27              		.file 1 "watchdog.c"
   1:watchdog.c    **** /* ========================================
   2:watchdog.c    ****  *
   3:watchdog.c    ****  * Copyright YOUR COMPANY, THE YEAR
   4:watchdog.c    ****  * All Rights Reserved
   5:watchdog.c    ****  * UNPUBLISHED, LICENSED SOFTWARE.
   6:watchdog.c    ****  *
   7:watchdog.c    ****  * CONFIDENTIAL AND PROPRIETARY INFORMATION
   8:watchdog.c    ****  * WHICH IS THE PROPERTY OF your company.
   9:watchdog.c    ****  *
  10:watchdog.c    ****  * ========================================
  11:watchdog.c    **** */
  12:watchdog.c    **** #include "watchdog.h"
  13:watchdog.c    **** 
  14:watchdog.c    **** uint8_t wd_alive_status = 0x00;
  15:watchdog.c    **** 
  16:watchdog.c    **** RC_t WD_Start(WDT_TimeOut_t timeout){
  28              		.loc 1 16 0
  29              		.cfi_startproc
  30              		@ args = 0, pretend = 0, frame = 0
  31              		@ frame_needed = 0, uses_anonymous_args = 0
  32              	.LVL0:
  33 0000 08B5     		push	{r3, lr}
  34              		.cfi_def_cfa_offset 8
  35              		.cfi_offset 3, -8
  36              		.cfi_offset 14, -4
  17:watchdog.c    ****     CyWdtStart(timeout, CYWDT_LPMODE_NOCHANGE);
  37              		.loc 1 17 0
  38 0002 0021     		movs	r1, #0
  39 0004 FFF7FEFF 		bl	CyWdtStart
  40              	.LVL1:
ARM GAS  C:\Users\bolob\AppData\Local\Temp\ccQVTDBh.s 			page 2


  18:watchdog.c    ****     return RC_SUCCESS;
  19:watchdog.c    **** }
  41              		.loc 1 19 0
  42 0008 0020     		movs	r0, #0
  43 000a 08BD     		pop	{r3, pc}
  44              		.cfi_endproc
  45              	.LFE110:
  46              		.size	WD_Start, .-WD_Start
  47              		.section	.text.WD_Trigger,"ax",%progbits
  48              		.align	2
  49              		.global	WD_Trigger
  50              		.thumb
  51              		.thumb_func
  52              		.type	WD_Trigger, %function
  53              	WD_Trigger:
  54              	.LFB111:
  20:watchdog.c    **** 
  21:watchdog.c    **** RC_t WD_Trigger(void)
  22:watchdog.c    **** {
  55              		.loc 1 22 0
  56              		.cfi_startproc
  57              		@ args = 0, pretend = 0, frame = 0
  58              		@ frame_needed = 0, uses_anonymous_args = 0
  59 0000 08B5     		push	{r3, lr}
  60              		.cfi_def_cfa_offset 8
  61              		.cfi_offset 3, -8
  62              		.cfi_offset 14, -4
  23:watchdog.c    ****     CyWdtClear();
  63              		.loc 1 23 0
  64 0002 FFF7FEFF 		bl	CyWdtClear
  65              	.LVL2:
  24:watchdog.c    ****     wd_alive_status &= 0x00;
  66              		.loc 1 24 0
  67 0006 0020     		movs	r0, #0
  68 0008 014B     		ldr	r3, .L5
  69 000a 1870     		strb	r0, [r3]
  25:watchdog.c    ****     return RC_SUCCESS;
  26:watchdog.c    **** }
  70              		.loc 1 26 0
  71 000c 08BD     		pop	{r3, pc}
  72              	.L6:
  73 000e 00BF     		.align	2
  74              	.L5:
  75 0010 00000000 		.word	.LANCHOR0
  76              		.cfi_endproc
  77              	.LFE111:
  78              		.size	WD_Trigger, .-WD_Trigger
  79              		.section	.text.WD_CheckResetBit,"ax",%progbits
  80              		.align	2
  81              		.global	WD_CheckResetBit
  82              		.thumb
  83              		.thumb_func
  84              		.type	WD_CheckResetBit, %function
  85              	WD_CheckResetBit:
  86              	.LFB112:
  27:watchdog.c    **** 
  28:watchdog.c    **** boolean_t WD_CheckResetBit(void)
ARM GAS  C:\Users\bolob\AppData\Local\Temp\ccQVTDBh.s 			page 3


  29:watchdog.c    **** {
  87              		.loc 1 29 0
  88              		.cfi_startproc
  89              		@ args = 0, pretend = 0, frame = 0
  90              		@ frame_needed = 0, uses_anonymous_args = 0
  91              		@ link register save eliminated.
  30:watchdog.c    ****     return CyResetStatus & CY_RESET_WD;
  92              		.loc 1 30 0
  93 0000 024B     		ldr	r3, .L8
  94 0002 1878     		ldrb	r0, [r3]	@ zero_extendqisi2
  31:watchdog.c    **** }
  95              		.loc 1 31 0
  96 0004 00F00800 		and	r0, r0, #8
  97 0008 7047     		bx	lr
  98              	.L9:
  99 000a 00BF     		.align	2
 100              	.L8:
 101 000c 00000000 		.word	CyResetStatus
 102              		.cfi_endproc
 103              	.LFE112:
 104              		.size	WD_CheckResetBit, .-WD_CheckResetBit
 105              		.section	.text.WD_Alive,"ax",%progbits
 106              		.align	2
 107              		.global	WD_Alive
 108              		.thumb
 109              		.thumb_func
 110              		.type	WD_Alive, %function
 111              	WD_Alive:
 112              	.LFB113:
  32:watchdog.c    **** 
  33:watchdog.c    **** RC_t WD_Alive(uint8_t myBitPosition){
 113              		.loc 1 33 0
 114              		.cfi_startproc
 115              		@ args = 0, pretend = 0, frame = 0
 116              		@ frame_needed = 0, uses_anonymous_args = 0
 117              		@ link register save eliminated.
 118              	.LVL3:
  34:watchdog.c    ****     wd_alive_status |= myBitPosition;
 119              		.loc 1 34 0
 120 0000 024A     		ldr	r2, .L11
 121 0002 1378     		ldrb	r3, [r2]	@ zero_extendqisi2
 122 0004 1843     		orrs	r0, r0, r3
 123              	.LVL4:
 124 0006 1070     		strb	r0, [r2]
  35:watchdog.c    ****     return RC_SUCCESS;
  36:watchdog.c    **** }
 125              		.loc 1 36 0
 126 0008 0020     		movs	r0, #0
 127 000a 7047     		bx	lr
 128              	.L12:
 129              		.align	2
 130              	.L11:
 131 000c 00000000 		.word	.LANCHOR0
 132              		.cfi_endproc
 133              	.LFE113:
 134              		.size	WD_Alive, .-WD_Alive
 135              		.global	wd_alive_status
ARM GAS  C:\Users\bolob\AppData\Local\Temp\ccQVTDBh.s 			page 4


 136              		.bss
 137              		.set	.LANCHOR0,. + 0
 138              		.type	wd_alive_status, %object
 139              		.size	wd_alive_status, 1
 140              	wd_alive_status:
 141 0000 00       		.space	1
 142              		.text
 143              	.Letext0:
 144              		.file 2 ".\\source\\bsw/global.h"
 145              		.file 3 "c:\\program files (x86)\\cypress\\psoc creator\\4.4\\psoc creator\\import\\gnu\\arm\\5.4.
 146              		.file 4 "c:\\program files (x86)\\cypress\\psoc creator\\4.4\\psoc creator\\import\\gnu\\arm\\5.4.
 147              		.file 5 "Generated_Source\\PSoC5/cytypes.h"
 148              		.file 6 "Generated_Source\\PSoC5/ErikaOS_1_common_ee_types.inc"
 149              		.file 7 "Generated_Source\\PSoC5/ErikaOS_1_cortex_mx_ee_cpu.inc"
 150              		.file 8 "watchdog.h"
 151              		.file 9 "Generated_Source\\PSoC5/CyLib.h"
 152              		.file 10 "Generated_Source\\PSoC5/ErikaOS_1_ee_oo_intfunc.inc"
 153              		.file 11 "Generated_Source\\PSoC5/ErikaOS_1_cortex_mx_ee_context.inc"
 154              		.file 12 "Generated_Source\\PSoC5/ErikaOS_1_common_ee_primitives.inc"
 155              		.file 13 "Generated_Source\\PSoC5/core_cm3.h"
 156              		.section	.debug_info,"",%progbits
 157              	.Ldebug_info0:
 158 0000 F1020000 		.4byte	0x2f1
 159 0004 0400     		.2byte	0x4
 160 0006 00000000 		.4byte	.Ldebug_abbrev0
 161 000a 04       		.byte	0x4
 162 000b 01       		.uleb128 0x1
 163 000c 00000000 		.4byte	.LASF71
 164 0010 0C       		.byte	0xc
 165 0011 AA040000 		.4byte	.LASF72
 166 0015 29030000 		.4byte	.LASF73
 167 0019 00000000 		.4byte	.Ldebug_ranges0+0
 168 001d 00000000 		.4byte	0
 169 0021 00000000 		.4byte	.Ldebug_line0
 170 0025 02       		.uleb128 0x2
 171 0026 01       		.byte	0x1
 172 0027 06       		.byte	0x6
 173 0028 B0020000 		.4byte	.LASF0
 174 002c 03       		.uleb128 0x3
 175 002d 2F010000 		.4byte	.LASF10
 176 0031 02       		.byte	0x2
 177 0032 91       		.byte	0x91
 178 0033 37000000 		.4byte	0x37
 179 0037 02       		.uleb128 0x2
 180 0038 01       		.byte	0x1
 181 0039 08       		.byte	0x8
 182 003a A2020000 		.4byte	.LASF1
 183 003e 02       		.uleb128 0x2
 184 003f 02       		.byte	0x2
 185 0040 05       		.byte	0x5
 186 0041 C6000000 		.4byte	.LASF2
 187 0045 02       		.uleb128 0x2
 188 0046 02       		.byte	0x2
 189 0047 07       		.byte	0x7
 190 0048 6C030000 		.4byte	.LASF3
 191 004c 02       		.uleb128 0x2
 192 004d 04       		.byte	0x4
ARM GAS  C:\Users\bolob\AppData\Local\Temp\ccQVTDBh.s 			page 5


 193 004e 05       		.byte	0x5
 194 004f 1C020000 		.4byte	.LASF4
 195 0053 02       		.uleb128 0x2
 196 0054 04       		.byte	0x4
 197 0055 07       		.byte	0x7
 198 0056 04040000 		.4byte	.LASF5
 199 005a 02       		.uleb128 0x2
 200 005b 04       		.byte	0x4
 201 005c 04       		.byte	0x4
 202 005d B2010000 		.4byte	.LASF6
 203 0061 02       		.uleb128 0x2
 204 0062 08       		.byte	0x8
 205 0063 04       		.byte	0x4
 206 0064 65040000 		.4byte	.LASF7
 207 0068 02       		.uleb128 0x2
 208 0069 08       		.byte	0x8
 209 006a 05       		.byte	0x5
 210 006b D1010000 		.4byte	.LASF8
 211 006f 02       		.uleb128 0x2
 212 0070 08       		.byte	0x8
 213 0071 07       		.byte	0x7
 214 0072 BC020000 		.4byte	.LASF9
 215 0076 03       		.uleb128 0x3
 216 0077 68020000 		.4byte	.LASF11
 217 007b 02       		.byte	0x2
 218 007c 9C       		.byte	0x9c
 219 007d 37000000 		.4byte	0x37
 220 0081 02       		.uleb128 0x2
 221 0082 01       		.byte	0x1
 222 0083 08       		.byte	0x8
 223 0084 8F030000 		.4byte	.LASF12
 224 0088 04       		.uleb128 0x4
 225 0089 01       		.byte	0x1
 226 008a 25000000 		.4byte	0x25
 227 008e 02       		.byte	0x2
 228 008f CF       		.byte	0xcf
 229 0090 31010000 		.4byte	0x131
 230 0094 05       		.uleb128 0x5
 231 0095 9C000000 		.4byte	.LASF13
 232 0099 00       		.byte	0
 233 009a 06       		.uleb128 0x6
 234 009b 79040000 		.4byte	.LASF14
 235 009f 7F       		.sleb128 -1
 236 00a0 06       		.uleb128 0x6
 237 00a1 EE020000 		.4byte	.LASF15
 238 00a5 7E       		.sleb128 -2
 239 00a6 06       		.uleb128 0x6
 240 00a7 FF000000 		.4byte	.LASF16
 241 00ab 7D       		.sleb128 -3
 242 00ac 06       		.uleb128 0x6
 243 00ad 82040000 		.4byte	.LASF17
 244 00b1 7C       		.sleb128 -4
 245 00b2 06       		.uleb128 0x6
 246 00b3 A3010000 		.4byte	.LASF18
 247 00b7 7B       		.sleb128 -5
 248 00b8 06       		.uleb128 0x6
 249 00b9 D0000000 		.4byte	.LASF19
ARM GAS  C:\Users\bolob\AppData\Local\Temp\ccQVTDBh.s 			page 6


 250 00bd 7A       		.sleb128 -6
 251 00be 06       		.uleb128 0x6
 252 00bf 25020000 		.4byte	.LASF20
 253 00c3 79       		.sleb128 -7
 254 00c4 06       		.uleb128 0x6
 255 00c5 94030000 		.4byte	.LASF21
 256 00c9 78       		.sleb128 -8
 257 00ca 06       		.uleb128 0x6
 258 00cb FC020000 		.4byte	.LASF22
 259 00cf 77       		.sleb128 -9
 260 00d0 06       		.uleb128 0x6
 261 00d1 37020000 		.4byte	.LASF23
 262 00d5 76       		.sleb128 -10
 263 00d6 06       		.uleb128 0x6
 264 00d7 DE040000 		.4byte	.LASF24
 265 00db 75       		.sleb128 -11
 266 00dc 06       		.uleb128 0x6
 267 00dd E0020000 		.4byte	.LASF25
 268 00e1 74       		.sleb128 -12
 269 00e2 06       		.uleb128 0x6
 270 00e3 26040000 		.4byte	.LASF26
 271 00e7 73       		.sleb128 -13
 272 00e8 06       		.uleb128 0x6
 273 00e9 72020000 		.4byte	.LASF27
 274 00ed 72       		.sleb128 -14
 275 00ee 06       		.uleb128 0x6
 276 00ef B2000000 		.4byte	.LASF28
 277 00f3 71       		.sleb128 -15
 278 00f4 06       		.uleb128 0x6
 279 00f5 45020000 		.4byte	.LASF29
 280 00f9 70       		.sleb128 -16
 281 00fa 06       		.uleb128 0x6
 282 00fb BC030000 		.4byte	.LASF30
 283 00ff 6F       		.sleb128 -17
 284 0100 06       		.uleb128 0x6
 285 0101 E1000000 		.4byte	.LASF31
 286 0105 6E       		.sleb128 -18
 287 0106 06       		.uleb128 0x6
 288 0107 F8010000 		.4byte	.LASF32
 289 010b 6D       		.sleb128 -19
 290 010c 06       		.uleb128 0x6
 291 010d D0030000 		.4byte	.LASF33
 292 0111 6C       		.sleb128 -20
 293 0112 06       		.uleb128 0x6
 294 0113 56020000 		.4byte	.LASF34
 295 0117 6B       		.sleb128 -21
 296 0118 06       		.uleb128 0x6
 297 0119 53040000 		.4byte	.LASF35
 298 011d 6A       		.sleb128 -22
 299 011e 06       		.uleb128 0x6
 300 011f 37010000 		.4byte	.LASF36
 301 0123 69       		.sleb128 -23
 302 0124 06       		.uleb128 0x6
 303 0125 0B020000 		.4byte	.LASF37
 304 0129 68       		.sleb128 -24
 305 012a 06       		.uleb128 0x6
 306 012b B8010000 		.4byte	.LASF38
ARM GAS  C:\Users\bolob\AppData\Local\Temp\ccQVTDBh.s 			page 7


 307 012f 67       		.sleb128 -25
 308 0130 00       		.byte	0
 309 0131 03       		.uleb128 0x3
 310 0132 BD040000 		.4byte	.LASF39
 311 0136 02       		.byte	0x2
 312 0137 EA       		.byte	0xea
 313 0138 88000000 		.4byte	0x88
 314 013c 03       		.uleb128 0x3
 315 013d 40040000 		.4byte	.LASF40
 316 0141 03       		.byte	0x3
 317 0142 3F       		.byte	0x3f
 318 0143 4C000000 		.4byte	0x4c
 319 0147 07       		.uleb128 0x7
 320 0148 04       		.byte	0x4
 321 0149 05       		.byte	0x5
 322 014a 696E7400 		.ascii	"int\000"
 323 014e 02       		.uleb128 0x2
 324 014f 04       		.byte	0x4
 325 0150 07       		.byte	0x7
 326 0151 D3020000 		.4byte	.LASF41
 327 0155 03       		.uleb128 0x3
 328 0156 A9030000 		.4byte	.LASF42
 329 015a 04       		.byte	0x4
 330 015b 2C       		.byte	0x2c
 331 015c 3C010000 		.4byte	0x13c
 332 0160 08       		.uleb128 0x8
 333 0161 60010000 		.4byte	.LASF43
 334 0165 05       		.byte	0x5
 335 0166 E801     		.2byte	0x1e8
 336 0168 37000000 		.4byte	0x37
 337 016c 02       		.uleb128 0x2
 338 016d 08       		.byte	0x8
 339 016e 04       		.byte	0x4
 340 016f 96020000 		.4byte	.LASF44
 341 0173 02       		.uleb128 0x2
 342 0174 04       		.byte	0x4
 343 0175 07       		.byte	0x7
 344 0176 F6000000 		.4byte	.LASF45
 345 017a 03       		.uleb128 0x3
 346 017b 12030000 		.4byte	.LASF46
 347 017f 06       		.byte	0x6
 348 0180 53       		.byte	0x53
 349 0181 47010000 		.4byte	0x147
 350 0185 03       		.uleb128 0x3
 351 0186 1E010000 		.4byte	.LASF47
 352 018a 06       		.byte	0x6
 353 018b 54       		.byte	0x54
 354 018c 4E010000 		.4byte	0x14e
 355 0190 03       		.uleb128 0x3
 356 0191 38040000 		.4byte	.LASF48
 357 0195 07       		.byte	0x7
 358 0196 4D       		.byte	0x4d
 359 0197 85010000 		.4byte	0x185
 360 019b 03       		.uleb128 0x3
 361 019c 0D010000 		.4byte	.LASF49
 362 01a0 07       		.byte	0x7
 363 01a1 4F       		.byte	0x4f
ARM GAS  C:\Users\bolob\AppData\Local\Temp\ccQVTDBh.s 			page 8


 364 01a2 85010000 		.4byte	0x185
 365 01a6 03       		.uleb128 0x3
 366 01a7 28010000 		.4byte	.LASF50
 367 01ab 07       		.byte	0x7
 368 01ac 78       		.byte	0x78
 369 01ad 7A010000 		.4byte	0x17a
 370 01b1 04       		.uleb128 0x4
 371 01b2 01       		.byte	0x1
 372 01b3 37000000 		.4byte	0x37
 373 01b7 08       		.byte	0x8
 374 01b8 1B       		.byte	0x1b
 375 01b9 D6010000 		.4byte	0x1d6
 376 01bd 05       		.uleb128 0x5
 377 01be 7F030000 		.4byte	.LASF51
 378 01c2 00       		.byte	0
 379 01c3 05       		.uleb128 0x5
 380 01c4 85020000 		.4byte	.LASF52
 381 01c8 01       		.byte	0x1
 382 01c9 05       		.uleb128 0x5
 383 01ca 4E010000 		.4byte	.LASF53
 384 01ce 02       		.byte	0x2
 385 01cf 05       		.uleb128 0x5
 386 01d0 7B010000 		.4byte	.LASF54
 387 01d4 03       		.byte	0x3
 388 01d5 00       		.byte	0
 389 01d6 03       		.uleb128 0x3
 390 01d7 E3030000 		.4byte	.LASF55
 391 01db 08       		.byte	0x8
 392 01dc 20       		.byte	0x20
 393 01dd B1010000 		.4byte	0x1b1
 394 01e1 09       		.uleb128 0x9
 395 01e2 15010000 		.4byte	.LASF56
 396 01e6 01       		.byte	0x1
 397 01e7 10       		.byte	0x10
 398 01e8 31010000 		.4byte	0x131
 399 01ec 00000000 		.4byte	.LFB110
 400 01f0 0C000000 		.4byte	.LFE110-.LFB110
 401 01f4 01       		.uleb128 0x1
 402 01f5 9C       		.byte	0x9c
 403 01f6 19020000 		.4byte	0x219
 404 01fa 0A       		.uleb128 0xa
 405 01fb B5040000 		.4byte	.LASF59
 406 01ff 01       		.byte	0x1
 407 0200 10       		.byte	0x10
 408 0201 D6010000 		.4byte	0x1d6
 409 0205 00000000 		.4byte	.LLST0
 410 0209 0B       		.uleb128 0xb
 411 020a 08000000 		.4byte	.LVL1
 412 020e DE020000 		.4byte	0x2de
 413 0212 0C       		.uleb128 0xc
 414 0213 01       		.uleb128 0x1
 415 0214 51       		.byte	0x51
 416 0215 01       		.uleb128 0x1
 417 0216 30       		.byte	0x30
 418 0217 00       		.byte	0
 419 0218 00       		.byte	0
 420 0219 09       		.uleb128 0x9
ARM GAS  C:\Users\bolob\AppData\Local\Temp\ccQVTDBh.s 			page 9


 421 021a A7000000 		.4byte	.LASF57
 422 021e 01       		.byte	0x1
 423 021f 15       		.byte	0x15
 424 0220 31010000 		.4byte	0x131
 425 0224 00000000 		.4byte	.LFB111
 426 0228 14000000 		.4byte	.LFE111-.LFB111
 427 022c 01       		.uleb128 0x1
 428 022d 9C       		.byte	0x9c
 429 022e 3C020000 		.4byte	0x23c
 430 0232 0D       		.uleb128 0xd
 431 0233 06000000 		.4byte	.LVL2
 432 0237 E9020000 		.4byte	0x2e9
 433 023b 00       		.byte	0
 434 023c 0E       		.uleb128 0xe
 435 023d C2040000 		.4byte	.LASF74
 436 0241 01       		.byte	0x1
 437 0242 1C       		.byte	0x1c
 438 0243 76000000 		.4byte	0x76
 439 0247 00000000 		.4byte	.LFB112
 440 024b 10000000 		.4byte	.LFE112-.LFB112
 441 024f 01       		.uleb128 0x1
 442 0250 9C       		.byte	0x9c
 443 0251 09       		.uleb128 0x9
 444 0252 4A040000 		.4byte	.LASF58
 445 0256 01       		.byte	0x1
 446 0257 21       		.byte	0x21
 447 0258 31010000 		.4byte	0x131
 448 025c 00000000 		.4byte	.LFB113
 449 0260 10000000 		.4byte	.LFE113-.LFB113
 450 0264 01       		.uleb128 0x1
 451 0265 9C       		.byte	0x9c
 452 0266 7A020000 		.4byte	0x27a
 453 026a 0A       		.uleb128 0xa
 454 026b 8E000000 		.4byte	.LASF60
 455 026f 01       		.byte	0x1
 456 0270 21       		.byte	0x21
 457 0271 2C000000 		.4byte	0x2c
 458 0275 21000000 		.4byte	.LLST1
 459 0279 00       		.byte	0
 460 027a 0F       		.uleb128 0xf
 461 027b 1B030000 		.4byte	.LASF61
 462 027f 09       		.byte	0x9
 463 0280 2C       		.byte	0x2c
 464 0281 60010000 		.4byte	0x160
 465 0285 0F       		.uleb128 0xf
 466 0286 92040000 		.4byte	.LASF62
 467 028a 0A       		.byte	0xa
 468 028b 40       		.byte	0x40
 469 028c 90010000 		.4byte	0x190
 470 0290 0F       		.uleb128 0xf
 471 0291 DF010000 		.4byte	.LASF63
 472 0295 0A       		.byte	0xa
 473 0296 47       		.byte	0x47
 474 0297 9B010000 		.4byte	0x19b
 475 029b 0F       		.uleb128 0xf
 476 029c F1030000 		.4byte	.LASF64
 477 02a0 0A       		.byte	0xa
ARM GAS  C:\Users\bolob\AppData\Local\Temp\ccQVTDBh.s 			page 10


 478 02a1 4A       		.byte	0x4a
 479 02a2 90010000 		.4byte	0x190
 480 02a6 0F       		.uleb128 0xf
 481 02a7 8A010000 		.4byte	.LASF65
 482 02ab 0B       		.byte	0xb
 483 02ac 48       		.byte	0x48
 484 02ad A6010000 		.4byte	0x1a6
 485 02b1 0F       		.uleb128 0xf
 486 02b2 66010000 		.4byte	.LASF66
 487 02b6 0C       		.byte	0xc
 488 02b7 44       		.byte	0x44
 489 02b8 90010000 		.4byte	0x190
 490 02bc 10       		.uleb128 0x10
 491 02bd 6C040000 		.4byte	.LASF67
 492 02c1 0D       		.byte	0xd
 493 02c2 1207     		.2byte	0x712
 494 02c4 C8020000 		.4byte	0x2c8
 495 02c8 11       		.uleb128 0x11
 496 02c9 55010000 		.4byte	0x155
 497 02cd 12       		.uleb128 0x12
 498 02ce 16040000 		.4byte	.LASF68
 499 02d2 01       		.byte	0x1
 500 02d3 0E       		.byte	0xe
 501 02d4 2C000000 		.4byte	0x2c
 502 02d8 05       		.uleb128 0x5
 503 02d9 03       		.byte	0x3
 504 02da 00000000 		.4byte	wd_alive_status
 505 02de 13       		.uleb128 0x13
 506 02df B1030000 		.4byte	.LASF69
 507 02e3 B1030000 		.4byte	.LASF69
 508 02e7 09       		.byte	0x9
 509 02e8 72       		.byte	0x72
 510 02e9 13       		.uleb128 0x13
 511 02ea D3040000 		.4byte	.LASF70
 512 02ee D3040000 		.4byte	.LASF70
 513 02f2 09       		.byte	0x9
 514 02f3 73       		.byte	0x73
 515 02f4 00       		.byte	0
 516              		.section	.debug_abbrev,"",%progbits
 517              	.Ldebug_abbrev0:
 518 0000 01       		.uleb128 0x1
 519 0001 11       		.uleb128 0x11
 520 0002 01       		.byte	0x1
 521 0003 25       		.uleb128 0x25
 522 0004 0E       		.uleb128 0xe
 523 0005 13       		.uleb128 0x13
 524 0006 0B       		.uleb128 0xb
 525 0007 03       		.uleb128 0x3
 526 0008 0E       		.uleb128 0xe
 527 0009 1B       		.uleb128 0x1b
 528 000a 0E       		.uleb128 0xe
 529 000b 55       		.uleb128 0x55
 530 000c 17       		.uleb128 0x17
 531 000d 11       		.uleb128 0x11
 532 000e 01       		.uleb128 0x1
 533 000f 10       		.uleb128 0x10
 534 0010 17       		.uleb128 0x17
ARM GAS  C:\Users\bolob\AppData\Local\Temp\ccQVTDBh.s 			page 11


 535 0011 00       		.byte	0
 536 0012 00       		.byte	0
 537 0013 02       		.uleb128 0x2
 538 0014 24       		.uleb128 0x24
 539 0015 00       		.byte	0
 540 0016 0B       		.uleb128 0xb
 541 0017 0B       		.uleb128 0xb
 542 0018 3E       		.uleb128 0x3e
 543 0019 0B       		.uleb128 0xb
 544 001a 03       		.uleb128 0x3
 545 001b 0E       		.uleb128 0xe
 546 001c 00       		.byte	0
 547 001d 00       		.byte	0
 548 001e 03       		.uleb128 0x3
 549 001f 16       		.uleb128 0x16
 550 0020 00       		.byte	0
 551 0021 03       		.uleb128 0x3
 552 0022 0E       		.uleb128 0xe
 553 0023 3A       		.uleb128 0x3a
 554 0024 0B       		.uleb128 0xb
 555 0025 3B       		.uleb128 0x3b
 556 0026 0B       		.uleb128 0xb
 557 0027 49       		.uleb128 0x49
 558 0028 13       		.uleb128 0x13
 559 0029 00       		.byte	0
 560 002a 00       		.byte	0
 561 002b 04       		.uleb128 0x4
 562 002c 04       		.uleb128 0x4
 563 002d 01       		.byte	0x1
 564 002e 0B       		.uleb128 0xb
 565 002f 0B       		.uleb128 0xb
 566 0030 49       		.uleb128 0x49
 567 0031 13       		.uleb128 0x13
 568 0032 3A       		.uleb128 0x3a
 569 0033 0B       		.uleb128 0xb
 570 0034 3B       		.uleb128 0x3b
 571 0035 0B       		.uleb128 0xb
 572 0036 01       		.uleb128 0x1
 573 0037 13       		.uleb128 0x13
 574 0038 00       		.byte	0
 575 0039 00       		.byte	0
 576 003a 05       		.uleb128 0x5
 577 003b 28       		.uleb128 0x28
 578 003c 00       		.byte	0
 579 003d 03       		.uleb128 0x3
 580 003e 0E       		.uleb128 0xe
 581 003f 1C       		.uleb128 0x1c
 582 0040 0B       		.uleb128 0xb
 583 0041 00       		.byte	0
 584 0042 00       		.byte	0
 585 0043 06       		.uleb128 0x6
 586 0044 28       		.uleb128 0x28
 587 0045 00       		.byte	0
 588 0046 03       		.uleb128 0x3
 589 0047 0E       		.uleb128 0xe
 590 0048 1C       		.uleb128 0x1c
 591 0049 0D       		.uleb128 0xd
ARM GAS  C:\Users\bolob\AppData\Local\Temp\ccQVTDBh.s 			page 12


 592 004a 00       		.byte	0
 593 004b 00       		.byte	0
 594 004c 07       		.uleb128 0x7
 595 004d 24       		.uleb128 0x24
 596 004e 00       		.byte	0
 597 004f 0B       		.uleb128 0xb
 598 0050 0B       		.uleb128 0xb
 599 0051 3E       		.uleb128 0x3e
 600 0052 0B       		.uleb128 0xb
 601 0053 03       		.uleb128 0x3
 602 0054 08       		.uleb128 0x8
 603 0055 00       		.byte	0
 604 0056 00       		.byte	0
 605 0057 08       		.uleb128 0x8
 606 0058 16       		.uleb128 0x16
 607 0059 00       		.byte	0
 608 005a 03       		.uleb128 0x3
 609 005b 0E       		.uleb128 0xe
 610 005c 3A       		.uleb128 0x3a
 611 005d 0B       		.uleb128 0xb
 612 005e 3B       		.uleb128 0x3b
 613 005f 05       		.uleb128 0x5
 614 0060 49       		.uleb128 0x49
 615 0061 13       		.uleb128 0x13
 616 0062 00       		.byte	0
 617 0063 00       		.byte	0
 618 0064 09       		.uleb128 0x9
 619 0065 2E       		.uleb128 0x2e
 620 0066 01       		.byte	0x1
 621 0067 3F       		.uleb128 0x3f
 622 0068 19       		.uleb128 0x19
 623 0069 03       		.uleb128 0x3
 624 006a 0E       		.uleb128 0xe
 625 006b 3A       		.uleb128 0x3a
 626 006c 0B       		.uleb128 0xb
 627 006d 3B       		.uleb128 0x3b
 628 006e 0B       		.uleb128 0xb
 629 006f 27       		.uleb128 0x27
 630 0070 19       		.uleb128 0x19
 631 0071 49       		.uleb128 0x49
 632 0072 13       		.uleb128 0x13
 633 0073 11       		.uleb128 0x11
 634 0074 01       		.uleb128 0x1
 635 0075 12       		.uleb128 0x12
 636 0076 06       		.uleb128 0x6
 637 0077 40       		.uleb128 0x40
 638 0078 18       		.uleb128 0x18
 639 0079 9742     		.uleb128 0x2117
 640 007b 19       		.uleb128 0x19
 641 007c 01       		.uleb128 0x1
 642 007d 13       		.uleb128 0x13
 643 007e 00       		.byte	0
 644 007f 00       		.byte	0
 645 0080 0A       		.uleb128 0xa
 646 0081 05       		.uleb128 0x5
 647 0082 00       		.byte	0
 648 0083 03       		.uleb128 0x3
ARM GAS  C:\Users\bolob\AppData\Local\Temp\ccQVTDBh.s 			page 13


 649 0084 0E       		.uleb128 0xe
 650 0085 3A       		.uleb128 0x3a
 651 0086 0B       		.uleb128 0xb
 652 0087 3B       		.uleb128 0x3b
 653 0088 0B       		.uleb128 0xb
 654 0089 49       		.uleb128 0x49
 655 008a 13       		.uleb128 0x13
 656 008b 02       		.uleb128 0x2
 657 008c 17       		.uleb128 0x17
 658 008d 00       		.byte	0
 659 008e 00       		.byte	0
 660 008f 0B       		.uleb128 0xb
 661 0090 898201   		.uleb128 0x4109
 662 0093 01       		.byte	0x1
 663 0094 11       		.uleb128 0x11
 664 0095 01       		.uleb128 0x1
 665 0096 31       		.uleb128 0x31
 666 0097 13       		.uleb128 0x13
 667 0098 00       		.byte	0
 668 0099 00       		.byte	0
 669 009a 0C       		.uleb128 0xc
 670 009b 8A8201   		.uleb128 0x410a
 671 009e 00       		.byte	0
 672 009f 02       		.uleb128 0x2
 673 00a0 18       		.uleb128 0x18
 674 00a1 9142     		.uleb128 0x2111
 675 00a3 18       		.uleb128 0x18
 676 00a4 00       		.byte	0
 677 00a5 00       		.byte	0
 678 00a6 0D       		.uleb128 0xd
 679 00a7 898201   		.uleb128 0x4109
 680 00aa 00       		.byte	0
 681 00ab 11       		.uleb128 0x11
 682 00ac 01       		.uleb128 0x1
 683 00ad 31       		.uleb128 0x31
 684 00ae 13       		.uleb128 0x13
 685 00af 00       		.byte	0
 686 00b0 00       		.byte	0
 687 00b1 0E       		.uleb128 0xe
 688 00b2 2E       		.uleb128 0x2e
 689 00b3 00       		.byte	0
 690 00b4 3F       		.uleb128 0x3f
 691 00b5 19       		.uleb128 0x19
 692 00b6 03       		.uleb128 0x3
 693 00b7 0E       		.uleb128 0xe
 694 00b8 3A       		.uleb128 0x3a
 695 00b9 0B       		.uleb128 0xb
 696 00ba 3B       		.uleb128 0x3b
 697 00bb 0B       		.uleb128 0xb
 698 00bc 27       		.uleb128 0x27
 699 00bd 19       		.uleb128 0x19
 700 00be 49       		.uleb128 0x49
 701 00bf 13       		.uleb128 0x13
 702 00c0 11       		.uleb128 0x11
 703 00c1 01       		.uleb128 0x1
 704 00c2 12       		.uleb128 0x12
 705 00c3 06       		.uleb128 0x6
ARM GAS  C:\Users\bolob\AppData\Local\Temp\ccQVTDBh.s 			page 14


 706 00c4 40       		.uleb128 0x40
 707 00c5 18       		.uleb128 0x18
 708 00c6 9742     		.uleb128 0x2117
 709 00c8 19       		.uleb128 0x19
 710 00c9 00       		.byte	0
 711 00ca 00       		.byte	0
 712 00cb 0F       		.uleb128 0xf
 713 00cc 34       		.uleb128 0x34
 714 00cd 00       		.byte	0
 715 00ce 03       		.uleb128 0x3
 716 00cf 0E       		.uleb128 0xe
 717 00d0 3A       		.uleb128 0x3a
 718 00d1 0B       		.uleb128 0xb
 719 00d2 3B       		.uleb128 0x3b
 720 00d3 0B       		.uleb128 0xb
 721 00d4 49       		.uleb128 0x49
 722 00d5 13       		.uleb128 0x13
 723 00d6 3F       		.uleb128 0x3f
 724 00d7 19       		.uleb128 0x19
 725 00d8 3C       		.uleb128 0x3c
 726 00d9 19       		.uleb128 0x19
 727 00da 00       		.byte	0
 728 00db 00       		.byte	0
 729 00dc 10       		.uleb128 0x10
 730 00dd 34       		.uleb128 0x34
 731 00de 00       		.byte	0
 732 00df 03       		.uleb128 0x3
 733 00e0 0E       		.uleb128 0xe
 734 00e1 3A       		.uleb128 0x3a
 735 00e2 0B       		.uleb128 0xb
 736 00e3 3B       		.uleb128 0x3b
 737 00e4 05       		.uleb128 0x5
 738 00e5 49       		.uleb128 0x49
 739 00e6 13       		.uleb128 0x13
 740 00e7 3F       		.uleb128 0x3f
 741 00e8 19       		.uleb128 0x19
 742 00e9 3C       		.uleb128 0x3c
 743 00ea 19       		.uleb128 0x19
 744 00eb 00       		.byte	0
 745 00ec 00       		.byte	0
 746 00ed 11       		.uleb128 0x11
 747 00ee 35       		.uleb128 0x35
 748 00ef 00       		.byte	0
 749 00f0 49       		.uleb128 0x49
 750 00f1 13       		.uleb128 0x13
 751 00f2 00       		.byte	0
 752 00f3 00       		.byte	0
 753 00f4 12       		.uleb128 0x12
 754 00f5 34       		.uleb128 0x34
 755 00f6 00       		.byte	0
 756 00f7 03       		.uleb128 0x3
 757 00f8 0E       		.uleb128 0xe
 758 00f9 3A       		.uleb128 0x3a
 759 00fa 0B       		.uleb128 0xb
 760 00fb 3B       		.uleb128 0x3b
 761 00fc 0B       		.uleb128 0xb
 762 00fd 49       		.uleb128 0x49
ARM GAS  C:\Users\bolob\AppData\Local\Temp\ccQVTDBh.s 			page 15


 763 00fe 13       		.uleb128 0x13
 764 00ff 3F       		.uleb128 0x3f
 765 0100 19       		.uleb128 0x19
 766 0101 02       		.uleb128 0x2
 767 0102 18       		.uleb128 0x18
 768 0103 00       		.byte	0
 769 0104 00       		.byte	0
 770 0105 13       		.uleb128 0x13
 771 0106 2E       		.uleb128 0x2e
 772 0107 00       		.byte	0
 773 0108 3F       		.uleb128 0x3f
 774 0109 19       		.uleb128 0x19
 775 010a 3C       		.uleb128 0x3c
 776 010b 19       		.uleb128 0x19
 777 010c 6E       		.uleb128 0x6e
 778 010d 0E       		.uleb128 0xe
 779 010e 03       		.uleb128 0x3
 780 010f 0E       		.uleb128 0xe
 781 0110 3A       		.uleb128 0x3a
 782 0111 0B       		.uleb128 0xb
 783 0112 3B       		.uleb128 0x3b
 784 0113 0B       		.uleb128 0xb
 785 0114 00       		.byte	0
 786 0115 00       		.byte	0
 787 0116 00       		.byte	0
 788              		.section	.debug_loc,"",%progbits
 789              	.Ldebug_loc0:
 790              	.LLST0:
 791 0000 00000000 		.4byte	.LVL0
 792 0004 07000000 		.4byte	.LVL1-1
 793 0008 0100     		.2byte	0x1
 794 000a 50       		.byte	0x50
 795 000b 07000000 		.4byte	.LVL1-1
 796 000f 0C000000 		.4byte	.LFE110
 797 0013 0400     		.2byte	0x4
 798 0015 F3       		.byte	0xf3
 799 0016 01       		.uleb128 0x1
 800 0017 50       		.byte	0x50
 801 0018 9F       		.byte	0x9f
 802 0019 00000000 		.4byte	0
 803 001d 00000000 		.4byte	0
 804              	.LLST1:
 805 0021 00000000 		.4byte	.LVL3
 806 0025 06000000 		.4byte	.LVL4
 807 0029 0100     		.2byte	0x1
 808 002b 50       		.byte	0x50
 809 002c 06000000 		.4byte	.LVL4
 810 0030 10000000 		.4byte	.LFE113
 811 0034 0400     		.2byte	0x4
 812 0036 F3       		.byte	0xf3
 813 0037 01       		.uleb128 0x1
 814 0038 50       		.byte	0x50
 815 0039 9F       		.byte	0x9f
 816 003a 00000000 		.4byte	0
 817 003e 00000000 		.4byte	0
 818              		.section	.debug_aranges,"",%progbits
 819 0000 34000000 		.4byte	0x34
ARM GAS  C:\Users\bolob\AppData\Local\Temp\ccQVTDBh.s 			page 16


 820 0004 0200     		.2byte	0x2
 821 0006 00000000 		.4byte	.Ldebug_info0
 822 000a 04       		.byte	0x4
 823 000b 00       		.byte	0
 824 000c 0000     		.2byte	0
 825 000e 0000     		.2byte	0
 826 0010 00000000 		.4byte	.LFB110
 827 0014 0C000000 		.4byte	.LFE110-.LFB110
 828 0018 00000000 		.4byte	.LFB111
 829 001c 14000000 		.4byte	.LFE111-.LFB111
 830 0020 00000000 		.4byte	.LFB112
 831 0024 10000000 		.4byte	.LFE112-.LFB112
 832 0028 00000000 		.4byte	.LFB113
 833 002c 10000000 		.4byte	.LFE113-.LFB113
 834 0030 00000000 		.4byte	0
 835 0034 00000000 		.4byte	0
 836              		.section	.debug_ranges,"",%progbits
 837              	.Ldebug_ranges0:
 838 0000 00000000 		.4byte	.LFB110
 839 0004 0C000000 		.4byte	.LFE110
 840 0008 00000000 		.4byte	.LFB111
 841 000c 14000000 		.4byte	.LFE111
 842 0010 00000000 		.4byte	.LFB112
 843 0014 10000000 		.4byte	.LFE112
 844 0018 00000000 		.4byte	.LFB113
 845 001c 10000000 		.4byte	.LFE113
 846 0020 00000000 		.4byte	0
 847 0024 00000000 		.4byte	0
 848              		.section	.debug_line,"",%progbits
 849              	.Ldebug_line0:
 850 0000 7B020000 		.section	.debug_str,"MS",%progbits,1
 850      02003002 
 850      00000201 
 850      FB0E0D00 
 850      01010101 
 851              	.LASF71:
 852 0000 474E5520 		.ascii	"GNU C11 5.4.1 20160609 (release) [ARM/embedded-5-br"
 852      43313120 
 852      352E342E 
 852      31203230 
 852      31363036 
 853 0033 616E6368 		.ascii	"anch revision 237715] -mcpu=cortex-m3 -mthumb -g -O"
 853      20726576 
 853      6973696F 
 853      6E203233 
 853      37373135 
 854 0066 67202D66 		.ascii	"g -ffunction-sections -ffat-lto-objects\000"
 854      66756E63 
 854      74696F6E 
 854      2D736563 
 854      74696F6E 
 855              	.LASF60:
 856 008e 6D794269 		.ascii	"myBitPosition\000"
 856      74506F73 
 856      6974696F 
 856      6E00
 857              	.LASF13:
ARM GAS  C:\Users\bolob\AppData\Local\Temp\ccQVTDBh.s 			page 17


 858 009c 52435F53 		.ascii	"RC_SUCCESS\000"
 858      55434345 
 858      535300
 859              	.LASF57:
 860 00a7 57445F54 		.ascii	"WD_Trigger\000"
 860      72696767 
 860      657200
 861              	.LASF28:
 862 00b2 52435F45 		.ascii	"RC_ERROR_WRITE_ONLY\000"
 862      52524F52 
 862      5F575249 
 862      54455F4F 
 862      4E4C5900 
 863              	.LASF2:
 864 00c6 73686F72 		.ascii	"short int\000"
 864      7420696E 
 864      7400
 865              	.LASF19:
 866 00d0 52435F45 		.ascii	"RC_ERROR_OVERRUN\000"
 866      52524F52 
 866      5F4F5645 
 866      5252554E 
 866      00
 867              	.LASF31:
 868 00e1 52435F45 		.ascii	"RC_ERROR_WRITE_FAILS\000"
 868      52524F52 
 868      5F575249 
 868      54455F46 
 868      41494C53 
 869              	.LASF45:
 870 00f6 73697A65 		.ascii	"sizetype\000"
 870      74797065 
 870      00
 871              	.LASF16:
 872 00ff 52435F45 		.ascii	"RC_ERROR_ZERO\000"
 872      52524F52 
 872      5F5A4552 
 872      4F00
 873              	.LASF49:
 874 010d 45455F46 		.ascii	"EE_FREG\000"
 874      52454700 
 875              	.LASF56:
 876 0115 57445F53 		.ascii	"WD_Start\000"
 876      74617274 
 876      00
 877              	.LASF47:
 878 011e 45455F55 		.ascii	"EE_UINT32\000"
 878      494E5433 
 878      3200
 879              	.LASF50:
 880 0128 45455F54 		.ascii	"EE_TID\000"
 880      494400
 881              	.LASF10:
 882 012f 75696E74 		.ascii	"uint8_t\000"
 882      385F7400 
 883              	.LASF36:
 884 0137 52435F45 		.ascii	"RC_ERROR_INVALID_STATE\000"
ARM GAS  C:\Users\bolob\AppData\Local\Temp\ccQVTDBh.s 			page 18


 884      52524F52 
 884      5F494E56 
 884      414C4944 
 884      5F535441 
 885              	.LASF53:
 886 014e 5744545F 		.ascii	"WDT_TIMEOUT_256MS\000"
 886      54494D45 
 886      4F55545F 
 886      3235364D 
 886      5300
 887              	.LASF43:
 888 0160 75696E74 		.ascii	"uint8\000"
 888      3800
 889              	.LASF66:
 890 0166 45455F49 		.ascii	"EE_IRQ_nesting_level\000"
 890      52515F6E 
 890      65737469 
 890      6E675F6C 
 890      6576656C 
 891              	.LASF54:
 892 017b 5744545F 		.ascii	"WDT_TIMEOUT_2S\000"
 892      54494D45 
 892      4F55545F 
 892      325300
 893              	.LASF65:
 894 018a 45455F73 		.ascii	"EE_std_endcycle_next_tid\000"
 894      74645F65 
 894      6E646379 
 894      636C655F 
 894      6E657874 
 895              	.LASF18:
 896 01a3 52435F45 		.ascii	"RC_ERROR_RANGE\000"
 896      52524F52 
 896      5F52414E 
 896      474500
 897              	.LASF6:
 898 01b2 666C6F61 		.ascii	"float\000"
 898      7400
 899              	.LASF38:
 900 01b8 52435F45 		.ascii	"RC_ERROR_NOT_IMPLEMENTED\000"
 900      52524F52 
 900      5F4E4F54 
 900      5F494D50 
 900      4C454D45 
 901              	.LASF8:
 902 01d1 6C6F6E67 		.ascii	"long long int\000"
 902      206C6F6E 
 902      6720696E 
 902      7400
 903              	.LASF63:
 904 01df 45455F6F 		.ascii	"EE_oo_IRQ_suspend_status\000"
 904      6F5F4952 
 904      515F7375 
 904      7370656E 
 904      645F7374 
 905              	.LASF32:
 906 01f8 52435F45 		.ascii	"RC_ERROR_NOT_MATCH\000"
ARM GAS  C:\Users\bolob\AppData\Local\Temp\ccQVTDBh.s 			page 19


 906      52524F52 
 906      5F4E4F54 
 906      5F4D4154 
 906      434800
 907              	.LASF37:
 908 020b 52435F45 		.ascii	"RC_ERROR_UNKNOWN\000"
 908      52524F52 
 908      5F554E4B 
 908      4E4F574E 
 908      00
 909              	.LASF4:
 910 021c 6C6F6E67 		.ascii	"long int\000"
 910      20696E74 
 910      00
 911              	.LASF20:
 912 0225 52435F45 		.ascii	"RC_ERROR_UNDERRUN\000"
 912      52524F52 
 912      5F554E44 
 912      45525255 
 912      4E00
 913              	.LASF23:
 914 0237 52435F45 		.ascii	"RC_ERROR_BUSY\000"
 914      52524F52 
 914      5F425553 
 914      5900
 915              	.LASF29:
 916 0245 52435F45 		.ascii	"RC_ERROR_INVALID\000"
 916      52524F52 
 916      5F494E56 
 916      414C4944 
 916      00
 917              	.LASF34:
 918 0256 52435F45 		.ascii	"RC_ERROR_BAD_DATA\000"
 918      52524F52 
 918      5F424144 
 918      5F444154 
 918      4100
 919              	.LASF11:
 920 0268 626F6F6C 		.ascii	"boolean_t\000"
 920      65616E5F 
 920      7400
 921              	.LASF27:
 922 0272 52435F45 		.ascii	"RC_ERROR_READ_ONLY\000"
 922      52524F52 
 922      5F524541 
 922      445F4F4E 
 922      4C5900
 923              	.LASF52:
 924 0285 5744545F 		.ascii	"WDT_TIMEOUT_32MS\000"
 924      54494D45 
 924      4F55545F 
 924      33324D53 
 924      00
 925              	.LASF44:
 926 0296 6C6F6E67 		.ascii	"long double\000"
 926      20646F75 
 926      626C6500 
ARM GAS  C:\Users\bolob\AppData\Local\Temp\ccQVTDBh.s 			page 20


 927              	.LASF1:
 928 02a2 756E7369 		.ascii	"unsigned char\000"
 928      676E6564 
 928      20636861 
 928      7200
 929              	.LASF0:
 930 02b0 7369676E 		.ascii	"signed char\000"
 930      65642063 
 930      68617200 
 931              	.LASF9:
 932 02bc 6C6F6E67 		.ascii	"long long unsigned int\000"
 932      206C6F6E 
 932      6720756E 
 932      7369676E 
 932      65642069 
 933              	.LASF41:
 934 02d3 756E7369 		.ascii	"unsigned int\000"
 934      676E6564 
 934      20696E74 
 934      00
 935              	.LASF25:
 936 02e0 52435F45 		.ascii	"RC_ERROR_OPEN\000"
 936      52524F52 
 936      5F4F5045 
 936      4E00
 937              	.LASF15:
 938 02ee 52435F45 		.ascii	"RC_ERROR_NULL\000"
 938      52524F52 
 938      5F4E554C 
 938      4C00
 939              	.LASF22:
 940 02fc 52435F45 		.ascii	"RC_ERROR_BUFFER_EMTPY\000"
 940      52524F52 
 940      5F425546 
 940      4645525F 
 940      454D5450 
 941              	.LASF46:
 942 0312 45455F49 		.ascii	"EE_INT32\000"
 942      4E543332 
 942      00
 943              	.LASF61:
 944 031b 43795265 		.ascii	"CyResetStatus\000"
 944      73657453 
 944      74617475 
 944      7300
 945              	.LASF73:
 946 0329 433A5C55 		.ascii	"C:\\Users\\bolob\\Documents\\PSoC Creator\\Clock\\E"
 946      73657273 
 946      5C626F6C 
 946      6F625C44 
 946      6F63756D 
 947 0356 6C656374 		.ascii	"lectronic_Clock.cydsn\000"
 947      726F6E69 
 947      635F436C 
 947      6F636B2E 
 947      63796473 
 948              	.LASF3:
ARM GAS  C:\Users\bolob\AppData\Local\Temp\ccQVTDBh.s 			page 21


 949 036c 73686F72 		.ascii	"short unsigned int\000"
 949      7420756E 
 949      7369676E 
 949      65642069 
 949      6E7400
 950              	.LASF51:
 951 037f 5744545F 		.ascii	"WDT_TIMEOUT_4MS\000"
 951      54494D45 
 951      4F55545F 
 951      344D5300 
 952              	.LASF12:
 953 038f 63686172 		.ascii	"char\000"
 953      00
 954              	.LASF21:
 955 0394 52435F45 		.ascii	"RC_ERROR_BUFFER_FULL\000"
 955      52524F52 
 955      5F425546 
 955      4645525F 
 955      46554C4C 
 956              	.LASF42:
 957 03a9 696E7433 		.ascii	"int32_t\000"
 957      325F7400 
 958              	.LASF69:
 959 03b1 43795764 		.ascii	"CyWdtStart\000"
 959      74537461 
 959      727400
 960              	.LASF30:
 961 03bc 52435F45 		.ascii	"RC_ERROR_READ_FAILS\000"
 961      52524F52 
 961      5F524541 
 961      445F4641 
 961      494C5300 
 962              	.LASF33:
 963 03d0 52435F45 		.ascii	"RC_ERROR_BAD_PARAM\000"
 963      52524F52 
 963      5F424144 
 963      5F504152 
 963      414D00
 964              	.LASF55:
 965 03e3 5744545F 		.ascii	"WDT_TimeOut_t\000"
 965      54696D65 
 965      4F75745F 
 965      7400
 966              	.LASF64:
 967 03f1 45455F41 		.ascii	"EE_ApplicationMode\000"
 967      70706C69 
 967      63617469 
 967      6F6E4D6F 
 967      646500
 968              	.LASF5:
 969 0404 6C6F6E67 		.ascii	"long unsigned int\000"
 969      20756E73 
 969      69676E65 
 969      6420696E 
 969      7400
 970              	.LASF68:
 971 0416 77645F61 		.ascii	"wd_alive_status\000"
ARM GAS  C:\Users\bolob\AppData\Local\Temp\ccQVTDBh.s 			page 22


 971      6C697665 
 971      5F737461 
 971      74757300 
 972              	.LASF26:
 973 0426 52435F45 		.ascii	"RC_ERROR_CHECKSUM\000"
 973      52524F52 
 973      5F434845 
 973      434B5355 
 973      4D00
 974              	.LASF48:
 975 0438 45455F55 		.ascii	"EE_UREG\000"
 975      52454700 
 976              	.LASF40:
 977 0440 5F5F696E 		.ascii	"__int32_t\000"
 977      7433325F 
 977      7400
 978              	.LASF58:
 979 044a 57445F41 		.ascii	"WD_Alive\000"
 979      6C697665 
 979      00
 980              	.LASF35:
 981 0453 52435F45 		.ascii	"RC_ERROR_CANCELED\000"
 981      52524F52 
 981      5F43414E 
 981      43454C45 
 981      4400
 982              	.LASF7:
 983 0465 646F7562 		.ascii	"double\000"
 983      6C6500
 984              	.LASF67:
 985 046c 49544D5F 		.ascii	"ITM_RxBuffer\000"
 985      52784275 
 985      66666572 
 985      00
 986              	.LASF14:
 987 0479 52435F45 		.ascii	"RC_ERROR\000"
 987      52524F52 
 987      00
 988              	.LASF17:
 989 0482 52435F45 		.ascii	"RC_ERROR_MEMORY\000"
 989      52524F52 
 989      5F4D454D 
 989      4F525900 
 990              	.LASF62:
 991 0492 45455F6F 		.ascii	"EE_oo_IRQ_disable_count\000"
 991      6F5F4952 
 991      515F6469 
 991      7361626C 
 991      655F636F 
 992              	.LASF72:
 993 04aa 77617463 		.ascii	"watchdog.c\000"
 993      68646F67 
 993      2E6300
 994              	.LASF59:
 995 04b5 74696D65 		.ascii	"timeout\000"
 995      6F757400 
 996              	.LASF39:
ARM GAS  C:\Users\bolob\AppData\Local\Temp\ccQVTDBh.s 			page 23


 997 04bd 52435F74 		.ascii	"RC_t\000"
 997      00
 998              	.LASF74:
 999 04c2 57445F43 		.ascii	"WD_CheckResetBit\000"
 999      6865636B 
 999      52657365 
 999      74426974 
 999      00
 1000              	.LASF70:
 1001 04d3 43795764 		.ascii	"CyWdtClear\000"
 1001      74436C65 
 1001      617200
 1002              	.LASF24:
 1003 04de 52435F45 		.ascii	"RC_ERROR_TIME_OUT\000"
 1003      52524F52 
 1003      5F54494D 
 1003      455F4F55 
 1003      5400
 1004              		.ident	"GCC: (GNU Tools for ARM Embedded Processors) 5.4.1 20160609 (release) [ARM/embedded-5-bran
